-1 -1
-1 -1
161 162
6215 6215
-1 -1
-1 -1
-1 -1
-1 -1
1385 1385
-1 -1
-1 -1
-1 -1
-1 -1
-1 -1
-1 -1
-1 -1
922 922
-1 -1
-1 -1
-1 -1
-1 -1
-1 -1
-1 -1
-1 -1
-1 -1
1070 1070
-1 -1
5004 5004
-1 -1
-1 -1
-1 -1
8074 8074
6527 6528
-1 -1
-1 -1
-1 -1
1704 1704
-1 -1
-1 -1
1544 1547
5047 5047
-1 -1
-1 -1
-1 -1
7233 7234
1485 1486
7934 7934
-1 -1
-1 -1
-1 -1
-1 -1
6820 6820
3600 3600
952 952
-1 -1
-1 -1
-1 -1
-1 -1
1518 1519
-1 -1
-1 -1
-1 -1
6932 6932
-1 -1
-1 -1
8061 8062
5923 5924
2790 2790
4054 4054
-1 -1
-1 -1
-1 -1
5351 5351
-1 -1
-1 -1
-1 -1
2191 2191
487 487
4659 4659
-1 -1
-1 -1
-1 -1
-1 -1
1882 1882
-1 -1
395 396
-1 -1
7318 7318
-1 -1
-1 -1
-1 -1
-1 -1
-1 -1
6749 6749
-1 -1
-1 -1
-1 -1
-1 -1
-1 -1
3147 3147
2818 2819
2866 2867
-1 -1
-1 -1
-1 -1
2732 2732
-1 -1
-1 -1
-1 -1
-1 -1
-1 -1
-1 -1
-1 -1
-1 -1
-1 -1
-1 -1
1899 1899
-1 -1
-1 -1
-1 -1
-1 -1
-1 -1
-1 -1
-1 -1
-1 -1
-1 -1
2720 2720
-1 -1
5879 5880
-1 -1
7883 7883
-1 -1
-1 -1
4011 4011
-1 -1
3524 3524
-1 -1
-1 -1
-1 -1
-1 -1
-1 -1
-1 -1
-1 -1
6435 6435
1911 1911
-1 -1
-1 -1
-1 -1
5650 5650
2987 2987
-1 -1
-1 -1
-1 -1
-1 -1
-1 -1
-1 -1
4397 4397
-1 -1
1017 1017
-1 -1
5891 5892
-1 -1
-1 -1
5238 5238
-1 -1
-1 -1
-1 -1
-1 -1
-1 -1
7277 7278
-1 -1
-1 -1
-1 -1
-1 -1
-1 -1
-1 -1
-1 -1
2123 2123
-1 -1
5258 5258
-1 -1
-1 -1
-1 -1
5151 5152
-1 -1
-1 -1
-1 -1
-1 -1
-1 -1
5275 5275
-1 -1
3037 3038
-1 -1
-1 -1
4290 4290
-1 -1
2742 2742
7476 7476
-1 -1
-1 -1
330 330
-1 -1
5049 5049
-1 -1
-1 -1
-1 -1
-1 -1
-1 -1
7918 7919
-1 -1
-1 -1
-1 -1
-1 -1
-1 -1
-1 -1
-1 -1
-1 -1
-1 -1
-1 -1
-1 -1
5139 5139
-1 -1
-1 -1
83 83
-1 -1
-1 -1
1494 1494
4851 4854
-1 -1
-1 -1
6402 6403
2740 2740
-1 -1
3963 3963
2444 2444
5656 5656
-1 -1
-1 -1
-1 -1
-1 -1
-1 -1
790 791
-1 -1
5246 5247
-1 -1
-1 -1
399 399
8043 8044
4005 4005
1016 1016
-1 -1
-1 -1
2903 2903
-1 -1
-1 -1
-1 -1
140 140
-1 -1
-1 -1
2339 2340
-1 -1
-1 -1
7985 7985
-1 -1
-1 -1
1619 1619
6981 6981
-1 -1
-1 -1
-1 -1
-1 -1
-1 -1
6400 6400
-1 -1
-1 -1
-1 -1
4628 4630
-1 -1
6490 6490
7085 7085
7257 7257
4848 4848
-1 -1
2553 2553
-1 -1
-1 -1
-1 -1
-1 -1
-1 -1
-1 -1
-1 -1
7531 7533
-1 -1
-1 -1
7405 7405
-1 -1
-1 -1
-1 -1
-1 -1
-1 -1
-1 -1
-1 -1
1381 1381
-1 -1
314 314
-1 -1
7663 7663
-1 -1
6967 6967
-1 -1
7899 7899
499 499
1062 1062
-1 -1
1225 1225
4301 4301
-1 -1
2918 2918
5701 5701
-1 -1
-1 -1
-1 -1
-1 -1
1207 1207
-1 -1
-1 -1
-1 -1
-1 -1
-1 -1
-1 -1
-1 -1
-1 -1
-1 -1
-1 -1
-1 -1
-1 -1
-1 -1
7194 7194
-1 -1
-1 -1
-1 -1
-1 -1
1078 1078
-1 -1
619 619
8006 8006
-1 -1
7970 7971
-1 -1
-1 -1
-1 -1
5048 5048
-1 -1
-1 -1
-1 -1
-1 -1
7084 7084
-1 -1
-1 -1
1529 1530
-1 -1
-1 -1
-1 -1
26 26
87 87
1233 1234
-1 -1
-1 -1
-1 -1
-1 -1
-1 -1
-1 -1
-1 -1
-1 -1
2739 2739
-1 -1
-1 -1
6597 6597
6302 6302
-1 -1
-1 -1
-1 -1
-1 -1
1977 1977
4186 4186
6504 6504
-1 -1
6668 6668
-1 -1
6905 6906
6357 6357
-1 -1
-1 -1
7890 7890
6091 6091
-1 -1
-1 -1
-1 -1
6430 6430
-1 -1
-1 -1
-1 -1
-1 -1
-1 -1
448 448
3745 3746
6411 6411
-1 -1
-1 -1
-1 -1
-1 -1
-1 -1
-1 -1
-1 -1
-1 -1
-1 -1
7600 7600
-1 -1
-1 -1
-1 -1
-1 -1
-1 -1
-1 -1
-1 -1
-1 -1
4488 4489
-1 -1
-1 -1
1589 1589
-1 -1
6480 6480
-1 -1
-1 -1
-1 -1
231 231
6564 6564
-1 -1
-1 -1
-1 -1
-1 -1
-1 -1
8138 8138
-1 -1
8035 8036
5379 5379
1214 1214
-1 -1
7803 7803
-1 -1
4257 4257
-1 -1
580 580
-1 -1
-1 -1
2151 2151
-1 -1
2125 2126
6773 6774
-1 -1
-1 -1
-1 -1
-1 -1
8118 8118
-1 -1
-1 -1
1985 1985
182 182
-1 -1
-1 -1
-1 -1
-1 -1
-1 -1
4078 4078
-1 -1
-1 -1
-1 -1
-1 -1
3035 3035
-1 -1
-1 -1
-1 -1
3367 3367
1097 1097
-1 -1
-1 -1
-1 -1
5507 5507
-1 -1
-1 -1
-1 -1
-1 -1
-1 -1
5295 5295
-1 -1
-1 -1
-1 -1
6585 6585
4943 4943
5606 5606
3285 3285
-1 -1
2010 2011
-1 -1
5270 5270
-1 -1
-1 -1
-1 -1
-1 -1
-1 -1
-1 -1
-1 -1
-1 -1
-1 -1
-1 -1
-1 -1
-1 -1
-1 -1
6874 6874
-1 -1
-1 -1
-1 -1
-1 -1
-1 -1
-1 -1
7480 7480
5733 5733
1373 1373
5562 5562
-1 -1
2550 2550
5885 5885
4272 4272
-1 -1
-1 -1
-1 -1
-1 -1
-1 -1
-1 -1
1438 1438
-1 -1
-1 -1
-1 -1
-1 -1
5090 5090
-1 -1
-1 -1
-1 -1
-1 -1
-1 -1
-1 -1
3739 3739
-1 -1
3883 3883
4387 4387
-1 -1
-1 -1
-1 -1
-1 -1
-1 -1
7842 7842
-1 -1
-1 -1
3537 3537
-1 -1
2084 2084
-1 -1
3649 3650
739 739
-1 -1
7147 7147
-1 -1
-1 -1
-1 -1
-1 -1
4513 4513
-1 -1
-1 -1
-1 -1
-1 -1
3840 3841
-1 -1
-1 -1
-1 -1
4851 4854
6154 6154
7427 7427
-1 -1
5516 5516
5479 5479
-1 -1
-1 -1
803 805
-1 -1
4097 4097
-1 -1
-1 -1
4910 4910
-1 -1
-1 -1
5563 5563
-1 -1
-1 -1
-1 -1
-1 -1
6886 6886
3203 3205
-1 -1
7283 7283
-1 -1
-1 -1
-1 -1
-1 -1
-1 -1
-1 -1
-1 -1
-1 -1
-1 -1
-1 -1
-1 -1
-1 -1
-1 -1
929 930
4616 4616
-1 -1
-1 -1
-1 -1
7041 7041
-1 -1
-1 -1
-1 -1
-1 -1
4143 4145
2404 2404
-1 -1
6055 6055
-1 -1
-1 -1
-1 -1
-1 -1
-1 -1
-1 -1
63 63
-1 -1
4862 4862
-1 -1
-1 -1
-1 -1
-1 -1
1217 1217
-1 -1
-1 -1
-1 -1
-1 -1
-1 -1
699 699
-1 -1
1955 1955
3588 3588
-1 -1
-1 -1
-1 -1
-1 -1
-1 -1
-1 -1
2626 2626
-1 -1
60 60
-1 -1
-1 -1
-1 -1
-1 -1
-1 -1
-1 -1
-1 -1
-1 -1
2157 2158
-1 -1
4431 4431
2945 2945
-1 -1
-1 -1
-1 -1
1442 1442
-1 -1
-1 -1
-1 -1
-1 -1
-1 -1
-1 -1
-1 -1
-1 -1
-1 -1
-1 -1
6867 6867
5876 5877
-1 -1
-1 -1
1360 1361
-1 -1
-1 -1
4076 4076
-1 -1
-1 -1
-1 -1
-1 -1
-1 -1
-1 -1
-1 -1
-1 -1
-1 -1
-1 -1
-1 -1
-1 -1
-1 -1
-1 -1
-1 -1
2155 2155
-1 -1
6508 6508
-1 -1
-1 -1
-1 -1
-1 -1
-1 -1
-1 -1
-1 -1
-1 -1
3239 3239
-1 -1
-1 -1
-1 -1
621 621
-1 -1
-1 -1
-1 -1
-1 -1
-1 -1
3007 3007
-1 -1
-1 -1
-1 -1
6406 6406
3506 3506
-1 -1
-1 -1
-1 -1
-1 -1
-1 -1
-1 -1
-1 -1
-1 -1
5743 5743
-1 -1
-1 -1
4683 4683
-1 -1
-1 -1
-1 -1
4692 4692
-1 -1
-1 -1
-1 -1
-1 -1
-1 -1
6752 6753
5500 5500
8043 8044
-1 -1
-1 -1
-1 -1
-1 -1
3267 3267
-1 -1
-1 -1
-1 -1
-1 -1
-1 -1
-1 -1
-1 -1
-1 -1
2325 2325
6521 6522
-1 -1
-1 -1
5966 5966
4428 4428
-1 -1
-1 -1
-1 -1
-1 -1
6153 6153
5460 5460
1032 1032
-1 -1
2301 2301
-1 -1
165 165
-1 -1
-1 -1
-1 -1
723 723
1741 1741
-1 -1
-1 -1
-1 -1
3499 3499
-1 -1
-1 -1
5314 5314
-1 -1
-1 -1
-1 -1
-1 -1
-1 -1
-1 -1
207 207
6493 6493
-1 -1
-1 -1
-1 -1
7465 7465
-1 -1
-1 -1
-1 -1
-1 -1
1994 1994
5796 5796
5341 5341
-1 -1
2628 2628
-1 -1
-1 -1
7918 7919
-1 -1
104 104
-1 -1
-1 -1
3125 3125
-1 -1
-1 -1
6709 6709
-1 -1
-1 -1
-1 -1
-1 -1
-1 -1
-1 -1
-1 -1
-1 -1
-1 -1
1762 1762
-1 -1
-1 -1
-1 -1
7452 7452
-1 -1
-1 -1
-1 -1
4304 4304
-1 -1
7836 7836
-1 -1
-1 -1
-1 -1
-1 -1
-1 -1
-1 -1
-1 -1
315 315
-1 -1
-1 -1
553 553
1053 1053
-1 -1
5639 5639
2157 2158
1034 1036
1232 1232
-1 -1
-1 -1
-1 -1
-1 -1
-1 -1
7805 7806
-1 -1
-1 -1
-1 -1
5967 5967
-1 -1
97 97
7279 7279
-1 -1
4835 4835
-1 -1
5405 5406
-1 -1
-1 -1
-1 -1
1050 1050
-1 -1
6985 6985
-1 -1
6997 6997
1225 1225
-1 -1
-1 -1
-1 -1
-1 -1
-1 -1
-1 -1
-1 -1
-1 -1
-1 -1
-1 -1
-1 -1
-1 -1
-1 -1
-1 -1
2208 2208
6410 6410
-1 -1
-1 -1
-1 -1
4281 4282
-1 -1
-1 -1
5666 5666
-1 -1
-1 -1
-1 -1
2277 2277
-1 -1
-1 -1
478 478
-1 -1
-1 -1
6337 6338
-1 -1
-1 -1
-1 -1
3400 3400
6938 6938
8020 8020
-1 -1
-1 -1
-1 -1
-1 -1
-1 -1
2503 2503
-1 -1
-1 -1
-1 -1
5123 5123
-1 -1
1979 1980
3996 3996
-1 -1
6622 6622
-1 -1
-1 -1
-1 -1
-1 -1
2032 2032
2641 2641
-1 -1
3310 3311
-1 -1
-1 -1
5194 5195
2746 2746
4725 4725
3717 3717
452 452
-1 -1
8126 8126
-1 -1
4643 4643
-1 -1
-1 -1
-1 -1
-1 -1
3943 3943
3898 3898
-1 -1
-1 -1
3834 3835
5557 5557
506 506
3739 3739
-1 -1
-1 -1
-1 -1
-1 -1
-1 -1
-1 -1
5896 5896
-1 -1
-1 -1
-1 -1
-1 -1
4364 4364
-1 -1
-1 -1
6229 6229
-1 -1
7959 7960
-1 -1
-1 -1
-1 -1
-1 -1
1301 1302
-1 -1
-1 -1
2080 2081
-1 -1
-1 -1
-1 -1
-1 -1
3055 3056
-1 -1
3727 3727
-1 -1
-1 -1
-1 -1
3806 3807
-1 -1
1789 1790
-1 -1
7812 7812
-1 -1
3431 3431
-1 -1
