3879 3879
-1 -1
-1 -1
-1 -1
-1 -1
-1 -1
-1 -1
-1 -1
-1 -1
-1 -1
-1 -1
-1 -1
4350 4350
3122 3122
-1 -1
-1 -1
-1 -1
-1 -1
-1 -1
-1 -1
-1 -1
-1 -1
-1 -1
503 503
-1 -1
-1 -1
-1 -1
-1 -1
-1 -1
4826 4826
-1 -1
-1 -1
2166 2166
-1 -1
4694 4694
914 914
3672 3672
-1 -1
-1 -1
5214 5214
-1 -1
-1 -1
4635 4635
-1 -1
-1 -1
-1 -1
1812 1812
-1 -1
2172 2172
-1 -1
-1 -1
3387 3387
-1 -1
-1 -1
-1 -1
4171 4172
-1 -1
5080 5080
-1 -1
-1 -1
-1 -1
-1 -1
-1 -1
2427 2428
4627 4629
-1 -1
-1 -1
-1 -1
-1 -1
675 675
-1 -1
-1 -1
-1 -1
-1 -1
-1 -1
-1 -1
-1 -1
-1 -1
-1 -1
3896 3897
-1 -1
-1 -1
-1 -1
-1 -1
-1 -1
4185 4185
-1 -1
-1 -1
-1 -1
-1 -1
1064 1064
-1 -1
-1 -1
-1 -1
1262 1262
-1 -1
-1 -1
-1 -1
-1 -1
-1 -1
-1 -1
-1 -1
-1 -1
-1 -1
-1 -1
-1 -1
-1 -1
-1 -1
3471 3471
3929 3929
-1 -1
-1 -1
-1 -1
-1 -1
-1 -1
-1 -1
-1 -1
-1 -1
-1 -1
569 569
-1 -1
-1 -1
-1 -1
-1 -1
-1 -1
3079 3079
-1 -1
-1 -1
-1 -1
-1 -1
-1 -1
4723 4724
-1 -1
2445 2446
-1 -1
2745 2745
3495 3495
5013 5013
-1 -1
1804 1804
-1 -1
-1 -1
-1 -1
-1 -1
-1 -1
-1 -1
-1 -1
-1 -1
-1 -1
-1 -1
-1 -1
-1 -1
-1 -1
1379 1379
-1 -1
-1 -1
-1 -1
-1 -1
-1 -1
-1 -1
975 976
-1 -1
-1 -1
-1 -1
5042 5042
-1 -1
3593 3593
224 225
1211 1211
-1 -1
-1 -1
-1 -1
-1 -1
-1 -1
-1 -1
-1 -1
-1 -1
-1 -1
-1 -1
-1 -1
4674 4675
-1 -1
-1 -1
-1 -1
3054 3054
563 563
-1 -1
-1 -1
-1 -1
3334 3334
-1 -1
-1 -1
4446 4446
-1 -1
-1 -1
-1 -1
1778 1778
-1 -1
-1 -1
-1 -1
1658 1658
-1 -1
-1 -1
-1 -1
1089 1089
-1 -1
3089 3089
-1 -1
-1 -1
-1 -1
-1 -1
-1 -1
-1 -1
-1 -1
-1 -1
-1 -1
-1 -1
358 358
-1 -1
-1 -1
-1 -1
-1 -1
-1 -1
-1 -1
-1 -1
-1 -1
-1 -1
-1 -1
-1 -1
1564 1564
-1 -1
-1 -1
-1 -1
-1 -1
-1 -1
-1 -1
-1 -1
-1 -1
-1 -1
4418 4418
-1 -1
-1 -1
-1 -1
-1 -1
-1 -1
-1 -1
-1 -1
-1 -1
-1 -1
2164 2164
1700 1701
3846 3846
-1 -1
-1 -1
570 571
576 576
2565 2565
-1 -1
-1 -1
-1 -1
-1 -1
-1 -1
-1 -1
4022 4022
-1 -1
1009 1009
-1 -1
-1 -1
-1 -1
3194 3195
-1 -1
-1 -1
2709 2710
-1 -1
-1 -1
-1 -1
-1 -1
-1 -1
2682 2682
2499 2499
-1 -1
-1 -1
-1 -1
-1 -1
2846 2846
-1 -1
4312 4312
-1 -1
-1 -1
1651 1652
-1 -1
-1 -1
-1 -1
404 404
-1 -1
-1 -1
528 528
-1 -1
1168 1168
-1 -1
-1 -1
-1 -1
-1 -1
-1 -1
-1 -1
-1 -1
-1 -1
-1 -1
-1 -1
-1 -1
436 436
-1 -1
-1 -1
-1 -1
-1 -1
-1 -1
-1 -1
2144 2144
-1 -1
-1 -1
-1 -1
634 634
4947 4947
-1 -1
-1 -1
-1 -1
-1 -1
-1 -1
-1 -1
-1 -1
-1 -1
-1 -1
-1 -1
-1 -1
-1 -1
-1 -1
-1 -1
4528 4528
625 625
1930 1930
-1 -1
-1 -1
-1 -1
-1 -1
-1 -1
-1 -1
-1 -1
-1 -1
-1 -1
-1 -1
1688 1688
-1 -1
-1 -1
-1 -1
-1 -1
-1 -1
-1 -1
-1 -1
4849 4849
-1 -1
-1 -1
-1 -1
-1 -1
-1 -1
-1 -1
845 845
-1 -1
-1 -1
4708 4708
4334 4334
-1 -1
-1 -1
-1 -1
-1 -1
-1 -1
1405 1405
4966 4966
-1 -1
-1 -1
-1 -1
1048 1048
-1 -1
1805 1805
-1 -1
-1 -1
-1 -1
-1 -1
-1 -1
-1 -1
2718 2718
2592 2592
3946 3946
1866 1866
-1 -1
-1 -1
161 161
2431 2432
1374 1375
1040 1040
-1 -1
-1 -1
-1 -1
-1 -1
-1 -1
4465 4465
-1 -1
3795 3795
-1 -1
-1 -1
1242 1243
-1 -1
-1 -1
-1 -1
4027 4027
-1 -1
1956 1956
-1 -1
-1 -1
3691 3691
-1 -1
2806 2806
-1 -1
-1 -1
4688 4688
298 298
-1 -1
1456 1456
-1 -1
-1 -1
-1 -1
-1 -1
-1 -1
-1 -1
-1 -1
-1 -1
2395 2395
-1 -1
-1 -1
-1 -1
2327 2328
-1 -1
-1 -1
-1 -1
-1 -1
3176 3176
5254 5254
4183 4184
-1 -1
-1 -1
-1 -1
-1 -1
-1 -1
-1 -1
-1 -1
1623 1623
-1 -1
-1 -1
-1 -1
-1 -1
-1 -1
-1 -1
-1 -1
-1 -1
-1 -1
-1 -1
-1 -1
-1 -1
-1 -1
-1 -1
-1 -1
553 553
-1 -1
-1 -1
3544 3544
-1 -1
1059 1059
-1 -1
4012 4012
-1 -1
-1 -1
-1 -1
-1 -1
-1 -1
-1 -1
-1 -1
-1 -1
-1 -1
4583 4583
-1 -1
-1 -1
-1 -1
534 535
1923 1923
-1 -1
-1 -1
1052 1052
-1 -1
-1 -1
3796 3796
-1 -1
1866 1866
-1 -1
-1 -1
-1 -1
-1 -1
-1 -1
-1 -1
2543 2544
-1 -1
-1 -1
-1 -1
-1 -1
-1 -1
-1 -1
745 745
1108 1108
-1 -1
-1 -1
-1 -1
-1 -1
3738 3738
-1 -1
-1 -1
-1 -1
-1 -1
-1 -1
-1 -1
3559 3559
105 106
-1 -1
-1 -1
-1 -1
-1 -1
-1 -1
-1 -1
-1 -1
-1 -1
-1 -1
4301 4301
-1 -1
-1 -1
-1 -1
-1 -1
5081 5081
-1 -1
-1 -1
1790 1790
-1 -1
-1 -1
-1 -1
-1 -1
1146 1147
-1 -1
4977 4977
-1 -1
3258 3258
-1 -1
-1 -1
-1 -1
-1 -1
3795 3795
-1 -1
1186 1186
-1 -1
-1 -1
-1 -1
-1 -1
-1 -1
558 558
-1 -1
-1 -1
-1 -1
-1 -1
-1 -1
-1 -1
4373 4373
-1 -1
351 351
1746 1746
-1 -1
-1 -1
-1 -1
-1 -1
4066 4066
2670 2670
-1 -1
-1 -1
-1 -1
4007 4007
-1 -1
-1 -1
5014 5014
-1 -1
-1 -1
4233 4233
-1 -1
-1 -1
-1 -1
-1 -1
-1 -1
-1 -1
-1 -1
-1 -1
-1 -1
-1 -1
-1 -1
-1 -1
-1 -1
-1 -1
-1 -1
-1 -1
1613 1613
-1 -1
-1 -1
-1 -1
-1 -1
2631 2631
4304 4304
-1 -1
-1 -1
-1 -1
-1 -1
2794 2794
-1 -1
-1 -1
-1 -1
4888 4888
-1 -1
1181 1181
-1 -1
-1 -1
1674 1674
-1 -1
196 197
-1 -1
3311 3311
968 968
-1 -1
-1 -1
-1 -1
5328 5328
-1 -1
-1 -1
-1 -1
455 455
-1 -1
232 232
1676 1676
-1 -1
-1 -1
-1 -1
-1 -1
-1 -1
-1 -1
929 929
2701 2701
-1 -1
3607 3608
4740 4740
-1 -1
-1 -1
2320 2320
-1 -1
-1 -1
-1 -1
4760 4760
-1 -1
1841 1841
1020 1020
-1 -1
-1 -1
-1 -1
-1 -1
-1 -1
-1 -1
743 743
-1 -1
-1 -1
-1 -1
-1 -1
1102 1102
-1 -1
-1 -1
-1 -1
1639 1639
1355 1355
3823 3823
-1 -1
1357 1357
-1 -1
-1 -1
-1 -1
1705 1705
-1 -1
-1 -1
-1 -1
-1 -1
-1 -1
-1 -1
4512 4512
2395 2395
-1 -1
5330 5330
-1 -1
-1 -1
3824 3824
-1 -1
-1 -1
-1 -1
-1 -1
-1 -1
-1 -1
-1 -1
-1 -1
-1 -1
-1 -1
-1 -1
-1 -1
-1 -1
-1 -1
-1 -1
-1 -1
-1 -1
-1 -1
-1 -1
5111 5111
2986 2987
-1 -1
3238 3238
-1 -1
-1 -1
-1 -1
-1 -1
-1 -1
-1 -1
358 358
-1 -1
-1 -1
-1 -1
-1 -1
-1 -1
-1 -1
3538 3538
-1 -1
-1 -1
-1 -1
-1 -1
-1 -1
-1 -1
-1 -1
-1 -1
-1 -1
-1 -1
1245 1245
-1 -1
-1 -1
-1 -1
-1 -1
-1 -1
1969 1970
5027 5027
-1 -1
3292 3292
-1 -1
-1 -1
4560 4560
-1 -1
-1 -1
-1 -1
-1 -1
-1 -1
-1 -1
-1 -1
-1 -1
2828 2829
-1 -1
1981 1981
3409 3409
-1 -1
-1 -1
-1 -1
-1 -1
-1 -1
2164 2164
-1 -1
-1 -1
-1 -1
3968 3970
-1 -1
-1 -1
-1 -1
-1 -1
-1 -1
103 103
-1 -1
-1 -1
-1 -1
-1 -1
-1 -1
-1 -1
-1 -1
-1 -1
2421 2421
-1 -1
4467 4467
-1 -1
-1 -1
1473 1473
-1 -1
-1 -1
-1 -1
539 539
-1 -1
-1 -1
-1 -1
-1 -1
-1 -1
-1 -1
4340 4340
-1 -1
-1 -1
-1 -1
5262 5262
3812 3812
-1 -1
1520 1520
-1 -1
389 389
-1 -1
4525 4525
-1 -1
550 550
-1 -1
1700 1701
-1 -1
4709 4709
2813 2813
-1 -1
-1 -1
-1 -1
-1 -1
-1 -1
-1 -1
-1 -1
541 541
-1 -1
5192 5192
-1 -1
-1 -1
2536 2537
884 884
-1 -1
-1 -1
-1 -1
4753 4753
-1 -1
-1 -1
-1 -1
-1 -1
-1 -1
-1 -1
5154 5154
-1 -1
4729 4729
-1 -1
2311 2312
1597 1597
-1 -1
-1 -1
-1 -1
3045 3046
-1 -1
2232 2232
-1 -1
-1 -1
872 872
-1 -1
855 855
-1 -1
600 601
-1 -1
-1 -1
1442 1442
4015 4015
-1 -1
-1 -1
-1 -1
-1 -1
-1 -1
-1 -1
-1 -1
-1 -1
-1 -1
-1 -1
578 578
-1 -1
-1 -1
3958 3958
-1 -1
-1 -1
-1 -1
-1 -1
-1 -1
4259 4259
-1 -1
-1 -1
-1 -1
2574 2575
2585 2585
-1 -1
-1 -1
-1 -1
-1 -1
-1 -1
2238 2238
-1 -1
-1 -1
-1 -1
-1 -1
-1 -1
441 441
-1 -1
2753 2753
-1 -1
2617 2617
2384 2384
-1 -1
242 242
-1 -1
2065 2065
660 660
-1 -1
-1 -1
-1 -1
920 920
2523 2523
-1 -1
-1 -1
-1 -1
-1 -1
4704 4704
-1 -1
3577 3577
-1 -1
-1 -1
-1 -1
-1 -1
3783 3783
-1 -1
4419 4419
4844 4844
-1 -1
-1 -1
-1 -1
3445 3445
-1 -1
-1 -1
5151 5151
-1 -1
-1 -1
-1 -1
-1 -1
-1 -1
-1 -1
-1 -1
-1 -1
-1 -1
-1 -1
4840 4840
-1 -1
-1 -1
4009 4009
-1 -1
-1 -1
-1 -1
-1 -1
-1 -1
-1 -1
-1 -1
-1 -1
-1 -1
-1 -1
-1 -1
-1 -1
2554 2555
-1 -1
-1 -1
4138 4138
-1 -1
295 295
-1 -1
-1 -1
-1 -1
3116 3116
886 886
5337 5337
-1 -1
5094 5094
-1 -1
2926 2926
-1 -1
1395 1395
-1 -1
-1 -1
-1 -1
-1 -1
-1 -1
-1 -1
-1 -1
-1 -1
-1 -1
-1 -1
-1 -1
4651 4651
-1 -1
-1 -1
-1 -1
2534 2534
-1 -1
1067 1067
-1 -1
-1 -1
-1 -1
-1 -1
-1 -1
4168 4168
-1 -1
-1 -1
-1 -1
-1 -1
1961 1961
-1 -1
-1 -1
-1 -1
-1 -1
-1 -1
2419 2420
-1 -1
-1 -1
-1 -1
-1 -1
5006 5006
1005 1005
3391 3391
4630 4630
-1 -1
-1 -1
-1 -1
-1 -1
-1 -1
142 143
-1 -1
-1 -1
4998 4998
-1 -1
-1 -1
-1 -1
-1 -1
4346 4346
-1 -1
-1 -1
3183 3183
-1 -1
-1 -1
-1 -1
-1 -1
2504 2504
12 12
226 226
-1 -1
-1 -1
920 920
-1 -1
-1 -1
-1 -1
1956 1956
-1 -1
-1 -1
-1 -1
994 994
-1 -1
-1 -1
-1 -1
-1 -1
-1 -1
-1 -1
-1 -1
-1 -1
-1 -1
-1 -1
-1 -1
-1 -1
-1 -1
3216 3216
-1 -1
-1 -1
-1 -1
-1 -1
-1 -1
-1 -1
-1 -1
-1 -1
4124 4124
1282 1282
-1 -1
-1 -1
-1 -1
-1 -1
-1 -1
-1 -1
4414 4414
4866 4868
-1 -1
-1 -1
-1 -1
-1 -1
2134 2134
-1 -1
5024 5024
-1 -1
-1 -1
-1 -1
-1 -1
-1 -1
-1 -1
-1 -1
-1 -1
-1 -1
5011 5011
-1 -1
-1 -1
1137 1137
-1 -1
-1 -1
5080 5080
-1 -1
-1 -1
-1 -1
-1 -1
-1 -1
-1 -1
-1 -1
-1 -1
-1 -1
-1 -1
-1 -1
-1 -1
1136 1136
-1 -1
2445 2446
-1 -1
-1 -1
-1 -1
-1 -1
-1 -1
-1 -1
-1 -1
-1 -1
4139 4139
-1 -1
-1 -1
4697 4697
-1 -1
2972 2972
-1 -1
-1 -1
-1 -1
-1 -1
-1 -1
2677 2677
4600 4600
-1 -1
-1 -1
-1 -1
-1 -1
-1 -1
-1 -1
-1 -1
3721 3721
1407 1407
1550 1550
-1 -1
153 153
-1 -1
-1 -1
-1 -1
-1 -1
-1 -1
-1 -1
-1 -1
-1 -1
-1 -1
-1 -1
2215 2215
-1 -1
-1 -1
-1 -1
-1 -1
-1 -1
-1 -1
-1 -1
-1 -1
4122 4122
-1 -1
-1 -1
-1 -1
-1 -1
-1 -1
-1 -1
3268 3268
-1 -1
-1 -1
-1 -1
4170 4170
-1 -1
5293 5293
-1 -1
3898 3899
977 977
-1 -1
-1 -1
-1 -1
-1 -1
-1 -1
-1 -1
-1 -1
4491 4491
-1 -1
-1 -1
-1 -1
-1 -1
-1 -1
2485 2485
-1 -1
-1 -1
5239 5239
-1 -1
-1 -1
-1 -1
-1 -1
-1 -1
-1 -1
-1 -1
-1 -1
1269 1269
-1 -1
-1 -1
3449 3449
-1 -1
-1 -1
-1 -1
-1 -1
-1 -1
-1 -1
-1 -1
1743 1743
-1 -1
-1 -1
-1 -1
1637 1637
-1 -1
3434 3434
1518 1518
-1 -1
-1 -1
-1 -1
-1 -1
-1 -1
1102 1102
-1 -1
-1 -1
-1 -1
978 978
-1 -1
-1 -1
-1 -1
-1 -1
3459 3459
-1 -1
-1 -1
-1 -1
-1 -1
1592 1592
-1 -1
-1 -1
-1 -1
-1 -1
-1 -1
-1 -1
3723 3723
-1 -1
-1 -1
-1 -1
-1 -1
-1 -1
-1 -1
-1 -1
516 516
-1 -1
-1 -1
-1 -1
-1 -1
198 198
3709 3709
-1 -1
3941 3941
-1 -1
-1 -1
-1 -1
-1 -1
-1 -1
1539 1540
-1 -1
-1 -1
-1 -1
-1 -1
-1 -1
-1 -1
5183 5183
1901 1901
748 748
-1 -1
1226 1226
-1 -1
4815 4815
-1 -1
-1 -1
-1 -1
-1 -1
-1 -1
-1 -1
-1 -1
3513 3514
-1 -1
-1 -1
-1 -1
-1 -1
2747 2747
-1 -1
3762 3762
-1 -1
1440 1441
-1 -1
-1 -1
55 55
-1 -1
-1 -1
-1 -1
4230 4231
-1 -1
-1 -1
-1 -1
-1 -1
-1 -1
-1 -1
4198 4198
-1 -1
3681 3681
-1 -1
-1 -1
-1 -1
-1 -1
-1 -1
-1 -1
2482 2482
-1 -1
-1 -1
593 593
-1 -1
1162 1162
-1 -1
-1 -1
-1 -1
4958 4958
1961 1961
1416 1416
2593 2593
-1 -1
-1 -1
1029 1029
-1 -1
1467 1468
-1 -1
1543 1543
-1 -1
4891 4892
-1 -1
-1 -1
-1 -1
-1 -1
-1 -1
769 769
-1 -1
-1 -1
-1 -1
-1 -1
1987 1987
-1 -1
-1 -1
-1 -1
-1 -1
-1 -1
-1 -1
-1 -1
3957 3957
-1 -1
-1 -1
-1 -1
-1 -1
1748 1748
-1 -1
1078 1078
-1 -1
1069 1069
-1 -1
-1 -1
5143 5143
-1 -1
5240 5240
-1 -1
2822 2822
4190 4190
-1 -1
1499 1500
-1 -1
-1 -1
-1 -1
-1 -1
-1 -1
-1 -1
-1 -1
-1 -1
5030 5030
-1 -1
-1 -1
2798 2799
-1 -1
-1 -1
-1 -1
-1 -1
-1 -1
-1 -1
-1 -1
-1 -1
-1 -1
-1 -1
-1 -1
3898 3899
4429 4430
1186 1186
3181 3182
-1 -1
-1 -1
158 158
-1 -1
-1 -1
-1 -1
-1 -1
3696 3696
-1 -1
-1 -1
-1 -1
-1 -1
-1 -1
1797 1797
292 292
-1 -1
4293 4293
2197 2197
-1 -1
-1 -1
-1 -1
-1 -1
-1 -1
-1 -1
2255 2255
3006 3006
-1 -1
1676 1676
-1 -1
-1 -1
731 731
-1 -1
4111 4111
-1 -1
-1 -1
-1 -1
-1 -1
-1 -1
-1 -1
-1 -1
-1 -1
-1 -1
-1 -1
-1 -1
-1 -1
-1 -1
-1 -1
-1 -1
-1 -1
-1 -1
-1 -1
-1 -1
-1 -1
-1 -1
1345 1346
1406 1406
-1 -1
-1 -1
-1 -1
3862 3862
3376 3376
-1 -1
172 172
-1 -1
-1 -1
-1 -1
-1 -1
-1 -1
4469 4469
2816 2816
4818 4818
-1 -1
-1 -1
-1 -1
2119 2119
-1 -1
-1 -1
-1 -1
-1 -1
-1 -1
160 160
3766 3766
-1 -1
-1 -1
-1 -1
-1 -1
-1 -1
-1 -1
-1 -1
-1 -1
4596 4596
4246 4246
-1 -1
-1 -1
-1 -1
-1 -1
-1 -1
-1 -1
-1 -1
-1 -1
-1 -1
-1 -1
-1 -1
2305 2305
-1 -1
-1 -1
-1 -1
1487 1487
-1 -1
-1 -1
-1 -1
-1 -1
-1 -1
-1 -1
268 268
-1 -1
-1 -1
-1 -1
-1 -1
-1 -1
-1 -1
-1 -1
-1 -1
-1 -1
-1 -1
3513 3514
-1 -1
-1 -1
-1 -1
-1 -1
-1 -1
-1 -1
-1 -1
-1 -1
738 739
-1 -1
-1 -1
1894 1894
-1 -1
-1 -1
-1 -1
2806 2806
-1 -1
-1 -1
-1 -1
3957 3957
-1 -1
1 2
1119 1119
-1 -1
-1 -1
-1 -1
-1 -1
1976 1976
3348 3348
5098 5098
3768 3768
-1 -1
-1 -1
5132 5132
-1 -1
-1 -1
-1 -1
-1 -1
-1 -1
3114 3114
-1 -1
-1 -1
-1 -1
-1 -1
3281 3282
-1 -1
-1 -1
-1 -1
-1 -1
-1 -1
-1 -1
-1 -1
-1 -1
-1 -1
-1 -1
2975 2976
-1 -1
-1 -1
-1 -1
5313 5313
778 778
-1 -1
2041 2041
3116 3116
-1 -1
-1 -1
-1 -1
5229 5229
4314 4314
2299 2299
-1 -1
-1 -1
-1 -1
4837 4837
-1 -1
-1 -1
3745 3745
-1 -1
-1 -1
1965 1965
4026 4026
-1 -1
5262 5262
3417 3417
-1 -1
783 783
2442 2442
2030 2030
3348 3348
-1 -1
-1 -1
-1 -1
4787 4787
-1 -1
-1 -1
-1 -1
-1 -1
3288 3289
-1 -1
1384 1384
-1 -1
2363 2363
-1 -1
-1 -1
-1 -1
-1 -1
-1 -1
-1 -1
-1 -1
-1 -1
1492 1492
-1 -1
-1 -1
-1 -1
-1 -1
-1 -1
-1 -1
2618 2618
-1 -1
-1 -1
4600 4600
-1 -1
-1 -1
-1 -1
-1 -1
876 876
3895 3895
2751 2751
-1 -1
3631 3632
-1 -1
-1 -1
-1 -1
-1 -1
3160 3160
-1 -1
-1 -1
-1 -1
-1 -1
-1 -1
-1 -1
-1 -1
-1 -1
4853 4853
-1 -1
-1 -1
-1 -1
-1 -1
-1 -1
2271 2271
4504 4504
-1 -1
-1 -1
-1 -1
-1 -1
-1 -1
-1 -1
-1 -1
-1 -1
-1 -1
-1 -1
-1 -1
-1 -1
-1 -1
-1 -1
-1 -1
1576 1576
4362 4362
-1 -1
-1 -1
-1 -1
5203 5203
-1 -1
-1 -1
852 852
-1 -1
-1 -1
-1 -1
-1 -1
-1 -1
2837 2837
4495 4495
-1 -1
4655 4655
-1 -1
-1 -1
-1 -1
3341 3342
-1 -1
1541 1541
-1 -1
-1 -1
-1 -1
-1 -1
-1 -1
4285 4285
2753 2753
-1 -1
1732 1732
-1 -1
-1 -1
1250 1250
-1 -1
1983 1983
-1 -1
-1 -1
-1 -1
-1 -1
5302 5302
-1 -1
-1 -1
-1 -1
-1 -1
-1 -1
-1 -1
-1 -1
4829 4829
-1 -1
-1 -1
-1 -1
-1 -1
-1 -1
-1 -1
-1 -1
-1 -1
345 345
-1 -1
-1 -1
-1 -1
-1 -1
-1 -1
-1 -1
-1 -1
-1 -1
-1 -1
-1 -1
-1 -1
-1 -1
-1 -1
291 291
-1 -1
4921 4921
1197 1197
-1 -1
-1 -1
-1 -1
-1 -1
-1 -1
4475 4475
-1 -1
-1 -1
-1 -1
-1 -1
-1 -1
-1 -1
-1 -1
-1 -1
-1 -1
-1 -1
-1 -1
-1 -1
-1 -1
-1 -1
-1 -1
-1 -1
859 859
-1 -1
-1 -1
-1 -1
-1 -1
-1 -1
-1 -1
4915 4916
-1 -1
-1 -1
69 69
-1 -1
-1 -1
-1 -1
-1 -1
-1 -1
-1 -1
2207 2207
-1 -1
-1 -1
-1 -1
-1 -1
4355 4355
-1 -1
-1 -1
-1 -1
-1 -1
-1 -1
-1 -1
-1 -1
-1 -1
-1 -1
4915 4916
3630 3630
-1 -1
-1 -1
4227 4227
-1 -1
-1 -1
160 160
1084 1084
-1 -1
-1 -1
-1 -1
-1 -1
3501 3502
-1 -1
-1 -1
-1 -1
-1 -1
-1 -1
2236 2236
-1 -1
-1 -1
-1 -1
-1 -1
-1 -1
-1 -1
-1 -1
4207 4207
3775 3775
-1 -1
-1 -1
-1 -1
-1 -1
-1 -1
-1 -1
-1 -1
-1 -1
-1 -1
1969 1970
1268 1268
-1 -1
-1 -1
-1 -1
-1 -1
925 925
-1 -1
-1 -1
-1 -1
-1 -1
-1 -1
-1 -1
-1 -1
-1 -1
-1 -1
-1 -1
-1 -1
3587 3587
-1 -1
3709 3709
-1 -1
-1 -1
-1 -1
-1 -1
-1 -1
-1 -1
-1 -1
-1 -1
-1 -1
-1 -1
-1 -1
-1 -1
1606 1606
-1 -1
-1 -1
-1 -1
4221 4221
-1 -1
-1 -1
-1 -1
3246 3246
-1 -1
-1 -1
-1 -1
-1 -1
-1 -1
-1 -1
-1 -1
-1 -1
3727 3727
-1 -1
-1 -1
-1 -1
-1 -1
-1 -1
-1 -1
1638 1638
5322 5322
-1 -1
2481 2481
4594 4594
-1 -1
-1 -1
1543 1543
-1 -1
3555 3555
350 350
-1 -1
-1 -1
-1 -1
-1 -1
-1 -1
-1 -1
-1 -1
-1 -1
5202 5202
-1 -1
-1 -1
-1 -1
-1 -1
-1 -1
-1 -1
-1 -1
873 873
-1 -1
-1 -1
4122 4122
3813 3813
-1 -1
-1 -1
-1 -1
-1 -1
-1 -1
-1 -1
-1 -1
-1 -1
801 801
-1 -1
784 785
-1 -1
-1 -1
-1 -1
-1 -1
-1 -1
-1 -1
-1 -1
-1 -1
-1 -1
5345 5346
-1 -1
-1 -1
-1 -1
-1 -1
-1 -1
-1 -1
-1 -1
811 811
-1 -1
-1 -1
-1 -1
-1 -1
2584 2584
-1 -1
-1 -1
4413 4413
-1 -1
-1 -1
-1 -1
-1 -1
-1 -1
-1 -1
-1 -1
72 72
-1 -1
-1 -1
-1 -1
-1 -1
1544 1544
-1 -1
1269 1269
-1 -1
-1 -1
4251 4251
-1 -1
-1 -1
-1 -1
-1 -1
-1 -1
-1 -1
-1 -1
-1 -1
3357 3359
-1 -1
-1 -1
-1 -1
4363 4363
-1 -1
-1 -1
-1 -1
-1 -1
-1 -1
-1 -1
-1 -1
-1 -1
-1 -1
-1 -1
-1 -1
-1 -1
-1 -1
2336 2336
-1 -1
1823 1823
-1 -1
554 554
845 845
-1 -1
-1 -1
-1 -1
-1 -1
-1 -1
-1 -1
-1 -1
-1 -1
-1 -1
-1 -1
-1 -1
-1 -1
3241 3241
-1 -1
-1 -1
-1 -1
-1 -1
-1 -1
4622 4622
-1 -1
477 477
5285 5285
998 998
-1 -1
-1 -1
-1 -1
3201 3201
4214 4214
-1 -1
-1 -1
4117 4117
-1 -1
-1 -1
-1 -1
5181 5181
-1 -1
2600 2600
-1 -1
-1 -1
3253 3254
-1 -1
-1 -1
-1 -1
-1 -1
4738 4738
-1 -1
-1 -1
-1 -1
-1 -1
-1 -1
-1 -1
-1 -1
-1 -1
1489 1489
-1 -1
-1 -1
-1 -1
-1 -1
-1 -1
-1 -1
-1 -1
-1 -1
1530 1530
-1 -1
-1 -1
-1 -1
-1 -1
-1 -1
2706 2706
-1 -1
-1 -1
-1 -1
-1 -1
455 455
-1 -1
-1 -1
-1 -1
-1 -1
-1 -1
-1 -1
911 912
-1 -1
1479 1479
-1 -1
-1 -1
-1 -1
-1 -1
3535 3535
-1 -1
-1 -1
-1 -1
-1 -1
-1 -1
-1 -1
1567 1567
-1 -1
3204 3204
-1 -1
-1 -1
-1 -1
4947 4947
-1 -1
36 36
-1 -1
-1 -1
-1 -1
-1 -1
-1 -1
-1 -1
-1 -1
-1 -1
-1 -1
-1 -1
4461 4461
3015 3015
3975 3975
-1 -1
-1 -1
-1 -1
1310 1310
1397 1397
2792 2792
-1 -1
-1 -1
-1 -1
-1 -1
-1 -1
-1 -1
-1 -1
-1 -1
-1 -1
-1 -1
86 86
-1 -1
-1 -1
-1 -1
3876 3876
-1 -1
-1 -1
-1 -1
4899 4899
-1 -1
-1 -1
-1 -1
3419 3419
2232 2232
754 754
2051 2051
-1 -1
-1 -1
-1 -1
-1 -1
-1 -1
1447 1447
-1 -1
3412 3412
-1 -1
2351 2351
-1 -1
-1 -1
-1 -1
-1 -1
-1 -1
-1 -1
-1 -1
-1 -1
-1 -1
-1 -1
-1 -1
-1 -1
3640 3640
-1 -1
-1 -1
-1 -1
-1 -1
-1 -1
737 737
-1 -1
-1 -1
-1 -1
-1 -1
-1 -1
-1 -1
-1 -1
-1 -1
-1 -1
-1 -1
-1 -1
2588 2588
2838 2838
-1 -1
-1 -1
-1 -1
-1 -1
-1 -1
-1 -1
-1 -1
-1 -1
-1 -1
4526 4526
-1 -1
-1 -1
-1 -1
-1 -1
-1 -1
-1 -1
-1 -1
-1 -1
-1 -1
-1 -1
-1 -1
-1 -1
1789 1789
-1 -1
-1 -1
-1 -1
-1 -1
781 781
-1 -1
-1 -1
4948 4948
4739 4739
-1 -1
-1 -1
-1 -1
3849 3849
-1 -1
-1 -1
-1 -1
-1 -1
-1 -1
-1 -1
-1 -1
-1 -1
-1 -1
-1 -1
2438 2438
1723 1725
-1 -1
483 483
-1 -1
-1 -1
-1 -1
4445 4445
-1 -1
-1 -1
-1 -1
-1 -1
-1 -1
-1 -1
-1 -1
68 68
-1 -1
-1 -1
4027 4027
2294 2294
-1 -1
-1 -1
-1 -1
-1 -1
-1 -1
-1 -1
-1 -1
-1 -1
-1 -1
1639 1639
2818 2818
-1 -1
3543 3543
-1 -1
-1 -1
-1 -1
-1 -1
1562 1562
-1 -1
-1 -1
-1 -1
-1 -1
-1 -1
1469 1469
-1 -1
-1 -1
-1 -1
-1 -1
-1 -1
-1 -1
2937 2937
2622 2622
-1 -1
-1 -1
-1 -1
-1 -1
456 456
-1 -1
-1 -1
-1 -1
400 400
-1 -1
-1 -1
-1 -1
-1 -1
-1 -1
3538 3538
-1 -1
2588 2588
3332 3332
-1 -1
-1 -1
1822 1822
-1 -1
-1 -1
-1 -1
-1 -1
-1 -1
-1 -1
-1 -1
2588 2588
-1 -1
4306 4306
-1 -1
3766 3766
282 282
-1 -1
1778 1778
-1 -1
-1 -1
-1 -1
-1 -1
-1 -1
4958 4958
-1 -1
298 298
-1 -1
-1 -1
-1 -1
4914 4914
2931 2931
-1 -1
-1 -1
-1 -1
-1 -1
-1 -1
788 788
-1 -1
-1 -1
-1 -1
-1 -1
-1 -1
-1 -1
-1 -1
-1 -1
-1 -1
-1 -1
-1 -1
-1 -1
-1 -1
2172 2172
-1 -1
3010 3010
-1 -1
-1 -1
568 568
-1 -1
583 584
-1 -1
-1 -1
761 761
5062 5062
-1 -1
-1 -1
3534 3534
-1 -1
-1 -1
-1 -1
-1 -1
-1 -1
-1 -1
-1 -1
-1 -1
4694 4694
-1 -1
-1 -1
-1 -1
-1 -1
-1 -1
-1 -1
-1 -1
-1 -1
-1 -1
-1 -1
-1 -1
-1 -1
-1 -1
-1 -1
-1 -1
-1 -1
-1 -1
-1 -1
1888 1889
-1 -1
-1 -1
-1 -1
-1 -1
2140 2140
-1 -1
-1 -1
-1 -1
-1 -1
-1 -1
-1 -1
-1 -1
-1 -1
3439 3440
-1 -1
-1 -1
3984 3984
-1 -1
-1 -1
-1 -1
5283 5283
-1 -1
-1 -1
-1 -1
-1 -1
1987 1987
-1 -1
3216 3216
-1 -1
-1 -1
-1 -1
-1 -1
-1 -1
-1 -1
-1 -1
4010 4011
-1 -1
-1 -1
-1 -1
-1 -1
-1 -1
-1 -1
-1 -1
-1 -1
-1 -1
-1 -1
-1 -1
-1 -1
-1 -1
-1 -1
-1 -1
-1 -1
-1 -1
-1 -1
-1 -1
-1 -1
-1 -1
-1 -1
-1 -1
-1 -1
-1 -1
-1 -1
-1 -1
-1 -1
-1 -1
165 166
-1 -1
2378 2380
-1 -1
-1 -1
-1 -1
-1 -1
-1 -1
-1 -1
-1 -1
-1 -1
-1 -1
-1 -1
-1 -1
-1 -1
4147 4147
1861 1861
-1 -1
-1 -1
-1 -1
-1 -1
4357 4357
-1 -1
-1 -1
-1 -1
-1 -1
-1 -1
-1 -1
3726 3726
-1 -1
-1 -1
-1 -1
-1 -1
-1 -1
103 103
-1 -1
-1 -1
-1 -1
-1 -1
1428 1428
-1 -1
-1 -1
-1 -1
-1 -1
-1 -1
-1 -1
-1 -1
-1 -1
-1 -1
-1 -1
542 544
-1 -1
-1 -1
457 457
-1 -1
-1 -1
-1 -1
4230 4231
-1 -1
-1 -1
-1 -1
-1 -1
1916 1916
-1 -1
3033 3033
-1 -1
-1 -1
-1 -1
-1 -1
4427 4427
2084 2084
-1 -1
-1 -1
-1 -1
1576 1576
-1 -1
-1 -1
-1 -1
726 726
-1 -1
-1 -1
-1 -1
-1 -1
-1 -1
-1 -1
-1 -1
-1 -1
-1 -1
-1 -1
-1 -1
-1 -1
-1 -1
-1 -1
-1 -1
349 349
-1 -1
-1 -1
-1 -1
3823 3823
-1 -1
-1 -1
-1 -1
2991 2991
-1 -1
-1 -1
178 178
-1 -1
-1 -1
-1 -1
-1 -1
-1 -1
-1 -1
-1 -1
-1 -1
-1 -1
-1 -1
-1 -1
-1 -1
-1 -1
-1 -1
4939 4940
-1 -1
-1 -1
2339 2339
-1 -1
-1 -1
717 717
-1 -1
-1 -1
-1 -1
-1 -1
-1 -1
-1 -1
-1 -1
-1 -1
-1 -1
-1 -1
-1 -1
-1 -1
1089 1089
1953 1953
-1 -1
-1 -1
-1 -1
-1 -1
-1 -1
-1 -1
-1 -1
-1 -1
-1 -1
1894 1894
-1 -1
-1 -1
-1 -1
-1 -1
-1 -1
-1 -1
-1 -1
2780 2781
-1 -1
-1 -1
-1 -1
-1 -1
-1 -1
-1 -1
-1 -1
-1 -1
5246 5246
-1 -1
-1 -1
-1 -1
-1 -1
-1 -1
-1 -1
-1 -1
-1 -1
-1 -1
-1 -1
-1 -1
-1 -1
5026 5026
750 750
257 257
-1 -1
-1 -1
-1 -1
-1 -1
-1 -1
-1 -1
-1 -1
-1 -1
-1 -1
-1 -1
-1 -1
-1 -1
-1 -1
-1 -1
-1 -1
-1 -1
-1 -1
3421 3421
-1 -1
-1 -1
-1 -1
-1 -1
-1 -1
-1 -1
-1 -1
-1 -1
3762 3762
4403 4403
-1 -1
757 758
-1 -1
-1 -1
-1 -1
-1 -1
-1 -1
-1 -1
-1 -1
-1 -1
-1 -1
-1 -1
-1 -1
-1 -1
-1 -1
-1 -1
-1 -1
2147 2147
-1 -1
-1 -1
-1 -1
-1 -1
-1 -1
-1 -1
-1 -1
-1 -1
511 511
-1 -1
3168 3168
-1 -1
-1 -1
-1 -1
-1 -1
2450 2450
-1 -1
-1 -1
-1 -1
-1 -1
-1 -1
-1 -1
-1 -1
1605 1605
-1 -1
-1 -1
1769 1769
-1 -1
3240 3240
-1 -1
-1 -1
-1 -1
-1 -1
-1 -1
1117 1117
-1 -1
-1 -1
-1 -1
-1 -1
-1 -1
-1 -1
-1 -1
-1 -1
-1 -1
-1 -1
-1 -1
-1 -1
-1 -1
-1 -1
-1 -1
1019 1019
2386 2386
2195 2195
-1 -1
4083 4083
-1 -1
-1 -1
3122 3122
-1 -1
3120 3120
-1 -1
4028 4028
-1 -1
418 418
3331 3331
-1 -1
-1 -1
1096 1097
-1 -1
2877 2877
-1 -1
-1 -1
3445 3445
-1 -1
2178 2178
-1 -1
-1 -1
1700 1701
-1 -1
-1 -1
4187 4187
-1 -1
3935 3936
4637 4637
-1 -1
-1 -1
-1 -1
-1 -1
-1 -1
-1 -1
-1 -1
-1 -1
-1 -1
-1 -1
-1 -1
-1 -1
4778 4778
-1 -1
2552 2552
1398 1398
-1 -1
-1 -1
-1 -1
-1 -1
1303 1304
-1 -1
-1 -1
-1 -1
-1 -1
2255 2255
-1 -1
-1 -1
-1 -1
-1 -1
4671 4671
-1 -1
1255 1257
-1 -1
-1 -1
-1 -1
5208 5208
-1 -1
-1 -1
-1 -1
-1 -1
-1 -1
65 65
-1 -1
-1 -1
-1 -1
-1 -1
-1 -1
2089 2089
-1 -1
-1 -1
3935 3936
-1 -1
-1 -1
-1 -1
1164 1164
-1 -1
1470 1470
-1 -1
450 450
3481 3481
-1 -1
-1 -1
4425 4425
-1 -1
-1 -1
-1 -1
-1 -1
-1 -1
3619 3619
-1 -1
-1 -1
-1 -1
-1 -1
-1 -1
802 802
-1 -1
2052 2052
-1 -1
3697 3698
-1 -1
-1 -1
-1 -1
-1 -1
-1 -1
-1 -1
-1 -1
-1 -1
-1 -1
-1 -1
1538 1538
-1 -1
-1 -1
-1 -1
-1 -1
4013 4014
-1 -1
-1 -1
2005 2005
-1 -1
-1 -1
-1 -1
-1 -1
-1 -1
-1 -1
-1 -1
2499 2499
2494 2494
3007 3007
-1 -1
-1 -1
-1 -1
-1 -1
-1 -1
-1 -1
936 936
-1 -1
4964 4964
-1 -1
4090 4090
-1 -1
4611 4611
-1 -1
-1 -1
-1 -1
-1 -1
-1 -1
-1 -1
-1 -1
-1 -1
-1 -1
312 312
-1 -1
112 112
-1 -1
1621 1621
-1 -1
-1 -1
-1 -1
-1 -1
-1 -1
4705 4706
-1 -1
2044 2044
2224 2225
-1 -1
-1 -1
-1 -1
4555 4555
-1 -1
800 800
-1 -1
3524 3525
-1 -1
-1 -1
-1 -1
-1 -1
-1 -1
-1 -1
10 10
-1 -1
2076 2076
1285 1285
-1 -1
1861 1861
-1 -1
3110 3110
-1 -1
-1 -1
-1 -1
-1 -1
-1 -1
-1 -1
3228 3228
-1 -1
966 966
-1 -1
5005 5005
2671 2671
303 303
-1 -1
-1 -1
-1 -1
-1 -1
-1 -1
-1 -1
2792 2792
-1 -1
-1 -1
4997 4997
-1 -1
-1 -1
-1 -1
304 304
-1 -1
3670 3670
-1 -1
-1 -1
1785 1785
4227 4227
-1 -1
-1 -1
2383 2383
3749 3749
-1 -1
-1 -1
-1 -1
-1 -1
-1 -1
-1 -1
-1 -1
-1 -1
38 38
-1 -1
-1 -1
1586 1586
-1 -1
-1 -1
735 735
963 963
-1 -1
-1 -1
-1 -1
-1 -1
-1 -1
-1 -1
-1 -1
-1 -1
1543 1543
5189 5189
-1 -1
-1 -1
4950 4950
-1 -1
3858 3858
-1 -1
1574 1574
-1 -1
-1 -1
5323 5323
-1 -1
-1 -1
-1 -1
1910 1910
-1 -1
-1 -1
-1 -1
-1 -1
349 349
3633 3634
-1 -1
-1 -1
2339 2339
-1 -1
-1 -1
-1 -1
182 183
-1 -1
-1 -1
-1 -1
-1 -1
-1 -1
110 110
-1 -1
-1 -1
3688 3688
4233 4233
-1 -1
-1 -1
-1 -1
-1 -1
5038 5038
-1 -1
-1 -1
-1 -1
880 880
-1 -1
-1 -1
-1 -1
2498 2498
-1 -1
-1 -1
823 824
-1 -1
-1 -1
4476 4476
-1 -1
-1 -1
2606 2606
-1 -1
-1 -1
-1 -1
-1 -1
1053 1053
-1 -1
1925 1925
896 896
-1 -1
-1 -1
-1 -1
-1 -1
-1 -1
-1 -1
-1 -1
-1 -1
-1 -1
2629 2629
-1 -1
-1 -1
1581 1581
-1 -1
-1 -1
-1 -1
-1 -1
5007 5007
-1 -1
-1 -1
-1 -1
-1 -1
-1 -1
-1 -1
-1 -1
-1 -1
-1 -1
-1 -1
-1 -1
-1 -1
-1 -1
2753 2753
-1 -1
-1 -1
-1 -1
-1 -1
-1 -1
-1 -1
4356 4356
-1 -1
-1 -1
-1 -1
1607 1607
-1 -1
-1 -1
4965 4965
-1 -1
-1 -1
-1 -1
914 914
-1 -1
-1 -1
-1 -1
-1 -1
5278 5279
-1 -1
-1 -1
-1 -1
-1 -1
1616 1616
-1 -1
-1 -1
-1 -1
-1 -1
-1 -1
3534 3534
-1 -1
-1 -1
-1 -1
-1 -1
-1 -1
-1 -1
3367 3368
-1 -1
-1 -1
-1 -1
-1 -1
-1 -1
-1 -1
-1 -1
-1 -1
-1 -1
-1 -1
-1 -1
-1 -1
-1 -1
-1 -1
-1 -1
4365 4367
3821 3821
-1 -1
-1 -1
3612 3612
-1 -1
-1 -1
-1 -1
-1 -1
-1 -1
-1 -1
-1 -1
-1 -1
-1 -1
-1 -1
-1 -1
-1 -1
-1 -1
-1 -1
-1 -1
-1 -1
-1 -1
-1 -1
-1 -1
-1 -1
883 883
-1 -1
-1 -1
-1 -1
-1 -1
1853 1853
-1 -1
-1 -1
-1 -1
-1 -1
-1 -1
-1 -1
3450 3450
-1 -1
-1 -1
-1 -1
-1 -1
791 791
-1 -1
-1 -1
2519 2519
-1 -1
-1 -1
-1 -1
-1 -1
-1 -1
-1 -1
-1 -1
-1 -1
-1 -1
-1 -1
-1 -1
-1 -1
188 188
-1 -1
4975 4976
-1 -1
-1 -1
2776 2776
-1 -1
-1 -1
-1 -1
-1 -1
-1 -1
-1 -1
-1 -1
-1 -1
-1 -1
759 759
-1 -1
-1 -1
-1 -1
-1 -1
-1 -1
2461 2461
-1 -1
-1 -1
-1 -1
-1 -1
4701 4701
-1 -1
5338 5338
-1 -1
-1 -1
-1 -1
-1 -1
-1 -1
1713 1713
-1 -1
-1 -1
-1 -1
-1 -1
-1 -1
2000 2000
-1 -1
2294 2294
-1 -1
-1 -1
-1 -1
-1 -1
-1 -1
-1 -1
-1 -1
-1 -1
-1 -1
-1 -1
-1 -1
3994 3994
-1 -1
-1 -1
-1 -1
3806 3807
-1 -1
508 508
-1 -1
-1 -1
-1 -1
3451 3451
-1 -1
-1 -1
-1 -1
-1 -1
-1 -1
-1 -1
-1 -1
-1 -1
1816 1817
-1 -1
-1 -1
-1 -1
-1 -1
-1 -1
-1 -1
1187 1187
-1 -1
-1 -1
-1 -1
-1 -1
-1 -1
-1 -1
-1 -1
-1 -1
-1 -1
4489 4489
-1 -1
2120 2121
2621 2621
-1 -1
-1 -1
1626 1626
-1 -1
-1 -1
-1 -1
1661 1661
-1 -1
131 131
-1 -1
4937 4937
4483 4483
-1 -1
2128 2128
1324 1324
-1 -1
-1 -1
-1 -1
4274 4274
-1 -1
-1 -1
-1 -1
1241 1241
-1 -1
-1 -1
-1 -1
-1 -1
-1 -1
-1 -1
4469 4469
-1 -1
238 238
4131 4131
-1 -1
-1 -1
-1 -1
-1 -1
-1 -1
8 9
4766 4766
3152 3152
-1 -1
-1 -1
-1 -1
-1 -1
-1 -1
-1 -1
-1 -1
2732 2733
-1 -1
-1 -1
-1 -1
-1 -1
-1 -1
-1 -1
-1 -1
-1 -1
-1 -1
-1 -1
-1 -1
3116 3116
1160 1161
-1 -1
2659 2659
-1 -1
-1 -1
-1 -1
2261 2261
1395 1395
2493 2493
-1 -1
-1 -1
-1 -1
-1 -1
-1 -1
-1 -1
-1 -1
-1 -1
-1 -1
-1 -1
2940 2940
-1 -1
-1 -1
-1 -1
3593 3593
-1 -1
3699 3700
2638 2638
-1 -1
4727 4727
-1 -1
-1 -1
-1 -1
-1 -1
-1 -1
-1 -1
-1 -1
-1 -1
4143 4143
-1 -1
-1 -1
-1 -1
-1 -1
4389 4389
1649 1649
-1 -1
-1 -1
-1 -1
3447 3447
-1 -1
-1 -1
-1 -1
-1 -1
-1 -1
-1 -1
-1 -1
-1 -1
-1 -1
-1 -1
-1 -1
3447 3447
4407 4407
-1 -1
4999 4999
-1 -1
-1 -1
-1 -1
-1 -1
-1 -1
1402 1402
-1 -1
-1 -1
2009 2009
4692 4692
3468 3469
3495 3495
4793 4794
-1 -1
-1 -1
-1 -1
-1 -1
-1 -1
-1 -1
-1 -1
-1 -1
-1 -1
-1 -1
-1 -1
-1 -1
-1 -1
-1 -1
-1 -1
5031 5031
-1 -1
-1 -1
-1 -1
4989 4989
-1 -1
338 338
-1 -1
-1 -1
-1 -1
-1 -1
3835 3835
-1 -1
-1 -1
-1 -1
3923 3923
-1 -1
5339 5339
-1 -1
-1 -1
3297 3297
-1 -1
-1 -1
-1 -1
-1 -1
-1 -1
-1 -1
2110 2110
3815 3815
-1 -1
-1 -1
-1 -1
4697 4697
21 21
5170 5170
4873 4873
-1 -1
-1 -1
-1 -1
-1 -1
-1 -1
3937 3938
-1 -1
2655 2655
-1 -1
-1 -1
-1 -1
-1 -1
-1 -1
-1 -1
-1 -1
-1 -1
-1 -1
-1 -1
-1 -1
3354 3354
-1 -1
-1 -1
4599 4599
-1 -1
-1 -1
-1 -1
-1 -1
-1 -1
2956 2956
-1 -1
-1 -1
4951 4951
-1 -1
-1 -1
-1 -1
3526 3526
1463 1464
-1 -1
-1 -1
4836 4836
-1 -1
4030 4032
-1 -1
-1 -1
-1 -1
-1 -1
-1 -1
-1 -1
-1 -1
-1 -1
-1 -1
-1 -1
-1 -1
-1 -1
1005 1005
5065 5065
-1 -1
-1 -1
-1 -1
-1 -1
-1 -1
-1 -1
-1 -1
2434 2434
-1 -1
-1 -1
1268 1268
-1 -1
-1 -1
-1 -1
1469 1469
-1 -1
-1 -1
3705 3705
-1 -1
-1 -1
-1 -1
-1 -1
-1 -1
3009 3009
-1 -1
-1 -1
-1 -1
-1 -1
-1 -1
-1 -1
1691 1691
-1 -1
-1 -1
2804 2804
3590 3590
-1 -1
2060 2060
-1 -1
783 783
-1 -1
548 548
-1 -1
-1 -1
1159 1159
-1 -1
-1 -1
-1 -1
-1 -1
-1 -1
-1 -1
5247 5247
1117 1117
2360 2361
-1 -1
-1 -1
-1 -1
-1 -1
-1 -1
-1 -1
4764 4764
-1 -1
1356 1356
4254 4254
5062 5062
-1 -1
-1 -1
-1 -1
-1 -1
-1 -1
-1 -1
-1 -1
-1 -1
-1 -1
3171 3171
-1 -1
-1 -1
-1 -1
-1 -1
-1 -1
-1 -1
-1 -1
-1 -1
-1 -1
-1 -1
4973 4973
-1 -1
4072 4072
-1 -1
-1 -1
1964 1964
14 14
-1 -1
723 723
-1 -1
4935 4936
3456 3456
3660 3660
-1 -1
-1 -1
-1 -1
-1 -1
-1 -1
-1 -1
-1 -1
2645 2645
4705 4706
-1 -1
4872 4872
-1 -1
-1 -1
-1 -1
-1 -1
-1 -1
-1 -1
-1 -1
-1 -1
-1 -1
-1 -1
-1 -1
-1 -1
-1 -1
-1 -1
-1 -1
-1 -1
-1 -1
-1 -1
-1 -1
-1 -1
-1 -1
-1 -1
-1 -1
-1 -1
-1 -1
4009 4009
-1 -1
-1 -1
631 631
-1 -1
-1 -1
-1 -1
-1 -1
1696 1696
-1 -1
-1 -1
3586 3586
-1 -1
-1 -1
413 413
-1 -1
-1 -1
3503 3504
-1 -1
-1 -1
-1 -1
4752 4752
-1 -1
-1 -1
-1 -1
-1 -1
-1 -1
4345 4345
-1 -1
-1 -1
-1 -1
4661 4661
-1 -1
2693 2694
-1 -1
-1 -1
-1 -1
-1 -1
-1 -1
-1 -1
-1 -1
-1 -1
-1 -1
-1 -1
-1 -1
-1 -1
-1 -1
-1 -1
-1 -1
-1 -1
-1 -1
-1 -1
-1 -1
-1 -1
2224 2225
-1 -1
-1 -1
-1 -1
4216 4216
-1 -1
-1 -1
-1 -1
-1 -1
-1 -1
2469 2469
753 753
-1 -1
-1 -1
-1 -1
-1 -1
-1 -1
-1 -1
-1 -1
-1 -1
-1 -1
-1 -1
-1 -1
-1 -1
-1 -1
-1 -1
-1 -1
-1 -1
1493 1494
-1 -1
1460 1460
-1 -1
-1 -1
3102 3102
2847 2847
4219 4220
-1 -1
-1 -1
-1 -1
-1 -1
3488 3488
-1 -1
-1 -1
-1 -1
1877 1877
1994 1994
-1 -1
-1 -1
-1 -1
-1 -1
-1 -1
-1 -1
4125 4125
4104 4105
-1 -1
-1 -1
-1 -1
-1 -1
-1 -1
-1 -1
-1 -1
-1 -1
1653 1653
-1 -1
-1 -1
1204 1204
-1 -1
-1 -1
-1 -1
-1 -1
-1 -1
-1 -1
-1 -1
4236 4236
-1 -1
-1 -1
-1 -1
-1 -1
-1 -1
1896 1896
-1 -1
-1 -1
-1 -1
-1 -1
-1 -1
1715 1716
-1 -1
-1 -1
-1 -1
-1 -1
-1 -1
-1 -1
-1 -1
-1 -1
-1 -1
61 62
-1 -1
-1 -1
-1 -1
-1 -1
-1 -1
-1 -1
-1 -1
-1 -1
-1 -1
2054 2054
-1 -1
-1 -1
-1 -1
-1 -1
-1 -1
-1 -1
-1 -1
5158 5158
-1 -1
-1 -1
1929 1929
2916 2917
-1 -1
-1 -1
-1 -1
-1 -1
-1 -1
-1 -1
-1 -1
-1 -1
2429 2429
-1 -1
1351 1351
-1 -1
-1 -1
-1 -1
-1 -1
-1 -1
4267 4267
-1 -1
3672 3672
-1 -1
-1 -1
3630 3630
-1 -1
-1 -1
-1 -1
-1 -1
3816 3816
-1 -1
1209 1209
-1 -1
-1 -1
1169 1169
-1 -1
1478 1478
3191 3192
-1 -1
1700 1701
-1 -1
-1 -1
-1 -1
-1 -1
-1 -1
1242 1243
-1 -1
-1 -1
-1 -1
-1 -1
-1 -1
-1 -1
-1 -1
1431 1431
-1 -1
-1 -1
-1 -1
3706 3706
-1 -1
-1 -1
-1 -1
-1 -1
679 680
-1 -1
3713 3713
-1 -1
-1 -1
3929 3929
-1 -1
-1 -1
773 773
-1 -1
-1 -1
-1 -1
1066 1066
2009 2009
-1 -1
-1 -1
-1 -1
-1 -1
-1 -1
-1 -1
-1 -1
-1 -1
-1 -1
-1 -1
-1 -1
-1 -1
-1 -1
-1 -1
-1 -1
-1 -1
4214 4214
-1 -1
4026 4026
1882 1883
492 493
-1 -1
-1 -1
-1 -1
-1 -1
-1 -1
-1 -1
-1 -1
2316 2316
-1 -1
-1 -1
-1 -1
-1 -1
-1 -1
-1 -1
-1 -1
-1 -1
-1 -1
-1 -1
-1 -1
-1 -1
-1 -1
-1 -1
-1 -1
-1 -1
3718 3718
-1 -1
2830 2830
-1 -1
-1 -1
-1 -1
-1 -1
-1 -1
2023 2023
-1 -1
-1 -1
5045 5045
-1 -1
-1 -1
-1 -1
-1 -1
-1 -1
2507 2508
-1 -1
-1 -1
-1 -1
-1 -1
-1 -1
-1 -1
-1 -1
-1 -1
4685 4685
4202 4202
-1 -1
-1 -1
-1 -1
-1 -1
-1 -1
1079 1079
-1 -1
-1 -1
-1 -1
-1 -1
-1 -1
-1 -1
-1 -1
1640 1640
-1 -1
-1 -1
-1 -1
1151 1151
-1 -1
-1 -1
-1 -1
-1 -1
2470 2470
704 704
1299 1299
-1 -1
-1 -1
-1 -1
-1 -1
-1 -1
3884 3884
-1 -1
-1 -1
-1 -1
-1 -1
-1 -1
523 523
-1 -1
-1 -1
-1 -1
-1 -1
-1 -1
2839 2840
-1 -1
-1 -1
-1 -1
-1 -1
3348 3348
4064 4065
632 632
4315 4315
-1 -1
-1 -1
-1 -1
-1 -1
-1 -1
-1 -1
-1 -1
-1 -1
-1 -1
-1 -1
4100 4100
-1 -1
-1 -1
3228 3228
-1 -1
-1 -1
-1 -1
5034 5034
-1 -1
-1 -1
2652 2652
-1 -1
-1 -1
-1 -1
4388 4388
-1 -1
-1 -1
-1 -1
-1 -1
631 631
-1 -1
329 329
-1 -1
-1 -1
-1 -1
994 994
-1 -1
1805 1805
-1 -1
-1 -1
-1 -1
-1 -1
-1 -1
-1 -1
-1 -1
-1 -1
-1 -1
-1 -1
-1 -1
-1 -1
-1 -1
-1 -1
1853 1853
-1 -1
-1 -1
-1 -1
-1 -1
-1 -1
-1 -1
-1 -1
-1 -1
3136 3136
-1 -1
-1 -1
-1 -1
-1 -1
-1 -1
-1 -1
-1 -1
-1 -1
2604 2605
4728 4728
1245 1245
-1 -1
5023 5023
-1 -1
-1 -1
4912 4912
5101 5101
-1 -1
-1 -1
-1 -1
-1 -1
-1 -1
113 114
-1 -1
-1 -1
-1 -1
-1 -1
-1 -1
-1 -1
3107 3107
-1 -1
-1 -1
1070 1070
-1 -1
922 922
-1 -1
2741 2741
1711 1712
-1 -1
1756 1756
-1 -1
2713 2713
-1 -1
-1 -1
-1 -1
-1 -1
5326 5326
-1 -1
-1 -1
-1 -1
3790 3791
4647 4647
-1 -1
3132 3132
-1 -1
-1 -1
-1 -1
-1 -1
-1 -1
-1 -1
-1 -1
-1 -1
-1 -1
2599 2599
-1 -1
-1 -1
-1 -1
-1 -1
-1 -1
-1 -1
3721 3721
634 634
-1 -1
-1 -1
-1 -1
3671 3671
1163 1163
-1 -1
1348 1348
-1 -1
-1 -1
-1 -1
-1 -1
-1 -1
4233 4233
2094 2096
-1 -1
2339 2339
-1 -1
-1 -1
-1 -1
-1 -1
724 724
-1 -1
-1 -1
-1 -1
-1 -1
4744 4744
-1 -1
-1 -1
4427 4427
-1 -1
-1 -1
-1 -1
-1 -1
-1 -1
-1 -1
-1 -1
-1 -1
-1 -1
-1 -1
-1 -1
-1 -1
-1 -1
-1 -1
-1 -1
-1 -1
-1 -1
-1 -1
-1 -1
-1 -1
-1 -1
-1 -1
-1 -1
909 909
-1 -1
4816 4816
1451 1451
-1 -1
-1 -1
-1 -1
-1 -1
-1 -1
-1 -1
-1 -1
-1 -1
264 264
-1 -1
-1 -1
-1 -1
-1 -1
-1 -1
-1 -1
-1 -1
-1 -1
-1 -1
-1 -1
-1 -1
-1 -1
-1 -1
-1 -1
3630 3630
-1 -1
5165 5165
-1 -1
-1 -1
-1 -1
-1 -1
-1 -1
-1 -1
-1 -1
-1 -1
-1 -1
-1 -1
-1 -1
5074 5074
-1 -1
-1 -1
-1 -1
4878 4878
2384 2384
-1 -1
-1 -1
1903 1903
-1 -1
612 612
-1 -1
-1 -1
-1 -1
-1 -1
-1 -1
5225 5225
-1 -1
-1 -1
-1 -1
1456 1456
-1 -1
-1 -1
-1 -1
-1 -1
-1 -1
-1 -1
1595 1595
-1 -1
-1 -1
-1 -1
-1 -1
-1 -1
4395 4395
-1 -1
-1 -1
4376 4376
118 119
4920 4920
-1 -1
-1 -1
-1 -1
-1 -1
-1 -1
2656 2656
-1 -1
-1 -1
-1 -1
-1 -1
-1 -1
-1 -1
-1 -1
3051 3051
-1 -1
-1 -1
-1 -1
-1 -1
-1 -1
-1 -1
-1 -1
-1 -1
-1 -1
-1 -1
-1 -1
-1 -1
-1 -1
1941 1941
-1 -1
-1 -1
-1 -1
2948 2948
188 188
-1 -1
-1 -1
-1 -1
-1 -1
1319 1319
-1 -1
-1 -1
-1 -1
-1 -1
-1 -1
-1 -1
4787 4787
-1 -1
3489 3490
2192 2192
4254 4254
2015 2016
-1 -1
3461 3461
-1 -1
-1 -1
4719 4719
-1 -1
-1 -1
-1 -1
-1 -1
-1 -1
-1 -1
-1 -1
542 544
-1 -1
-1 -1
-1 -1
-1 -1
-1 -1
-1 -1
-1 -1
4201 4201
-1 -1
-1 -1
-1 -1
3946 3946
-1 -1
4824 4825
-1 -1
4164 4164
-1 -1
1172 1172
3825 3825
232 232
-1 -1
874 874
3865 3867
-1 -1
-1 -1
-1 -1
-1 -1
-1 -1
3811 3811
-1 -1
-1 -1
-1 -1
-1 -1
505 506
-1 -1
2737 2737
3652 3653
-1 -1
-1 -1
933 933
-1 -1
-1 -1
-1 -1
-1 -1
-1 -1
-1 -1
-1 -1
-1 -1
-1 -1
-1 -1
-1 -1
-1 -1
-1 -1
-1 -1
-1 -1
1319 1319
-1 -1
-1 -1
-1 -1
-1 -1
-1 -1
-1 -1
-1 -1
-1 -1
-1 -1
-1 -1
4492 4492
-1 -1
-1 -1
-1 -1
-1 -1
-1 -1
-1 -1
-1 -1
-1 -1
-1 -1
-1 -1
-1 -1
3506 3506
3181 3182
-1 -1
442 442
2356 2356
-1 -1
4056 4056
4200 4200
-1 -1
1940 1940
-1 -1
-1 -1
3209 3209
-1 -1
-1 -1
-1 -1
2130 2130
-1 -1
-1 -1
-1 -1
-1 -1
-1 -1
-1 -1
-1 -1
-1 -1
4520 4520
1658 1658
3419 3419
539 539
4655 4655
-1 -1
-1 -1
-1 -1
-1 -1
-1 -1
3695 3695
-1 -1
-1 -1
-1 -1
-1 -1
3926 3926
1445 1445
-1 -1
-1 -1
-1 -1
-1 -1
-1 -1
-1 -1
2183 2183
-1 -1
-1 -1
5057 5057
-1 -1
-1 -1
-1 -1
-1 -1
-1 -1
-1 -1
1165 1165
-1 -1
3703 3703
-1 -1
-1 -1
-1 -1
-1 -1
4710 4710
624 624
-1 -1
-1 -1
-1 -1
-1 -1
-1 -1
46 46
-1 -1
-1 -1
-1 -1
-1 -1
-1 -1
-1 -1
-1 -1
-1 -1
3668 3668
-1 -1
-1 -1
-1 -1
-1 -1
-1 -1
946 946
750 750
-1 -1
4925 4925
-1 -1
-1 -1
-1 -1
-1 -1
-1 -1
-1 -1
4684 4684
-1 -1
1844 1844
5194 5194
-1 -1
-1 -1
-1 -1
-1 -1
2505 2506
4148 4148
2456 2456
-1 -1
-1 -1
3247 3247
-1 -1
-1 -1
-1 -1
-1 -1
-1 -1
-1 -1
-1 -1
415 415
1649 1649
-1 -1
-1 -1
-1 -1
-1 -1
-1 -1
-1 -1
-1 -1
-1 -1
-1 -1
-1 -1
-1 -1
-1 -1
1349 1349
-1 -1
-1 -1
-1 -1
-1 -1
-1 -1
-1 -1
-1 -1
-1 -1
-1 -1
-1 -1
-1 -1
-1 -1
-1 -1
-1 -1
-1 -1
-1 -1
-1 -1
-1 -1
-1 -1
-1 -1
-1 -1
-1 -1
-1 -1
-1 -1
-1 -1
-1 -1
-1 -1
-1 -1
-1 -1
-1 -1
-1 -1
-1 -1
-1 -1
-1 -1
-1 -1
-1 -1
-1 -1
-1 -1
-1 -1
-1 -1
-1 -1
-1 -1
-1 -1
-1 -1
-1 -1
-1 -1
-1 -1
-1 -1
-1 -1
-1 -1
-1 -1
-1 -1
-1 -1
-1 -1
-1 -1
-1 -1
-1 -1
-1 -1
-1 -1
-1 -1
-1 -1
-1 -1
-1 -1
-1 -1
-1 -1
-1 -1
-1 -1
-1 -1
-1 -1
-1 -1
-1 -1
-1 -1
-1 -1
-1 -1
-1 -1
-1 -1
-1 -1
-1 -1
-1 -1
-1 -1
-1 -1
-1 -1
-1 -1
-1 -1
-1 -1
-1 -1
-1 -1
-1 -1
-1 -1
-1 -1
-1 -1
-1 -1
-1 -1
-1 -1
-1 -1
-1 -1
-1 -1
-1 -1
-1 -1
-1 -1
-1 -1
-1 -1
-1 -1
-1 -1
-1 -1
-1 -1
-1 -1
-1 -1
-1 -1
-1 -1
-1 -1
-1 -1
-1 -1
-1 -1
-1 -1
-1 -1
-1 -1
-1 -1
-1 -1
-1 -1
-1 -1
-1 -1
-1 -1
-1 -1
-1 -1
-1 -1
-1 -1
-1 -1
-1 -1
-1 -1
-1 -1
-1 -1
-1 -1
-1 -1
-1 -1
-1 -1
-1 -1
-1 -1
-1 -1
-1 -1
-1 -1
-1 -1
-1 -1
-1 -1
-1 -1
-1 -1
-1 -1
-1 -1
-1 -1
-1 -1
-1 -1
-1 -1
-1 -1
-1 -1
-1 -1
-1 -1
-1 -1
-1 -1
-1 -1
-1 -1
-1 -1
-1 -1
-1 -1
-1 -1
-1 -1
-1 -1
-1 -1
-1 -1
-1 -1
-1 -1
-1 -1
-1 -1
-1 -1
-1 -1
-1 -1
-1 -1
-1 -1
-1 -1
-1 -1
-1 -1
-1 -1
-1 -1
-1 -1
-1 -1
-1 -1
-1 -1
-1 -1
-1 -1
-1 -1
-1 -1
-1 -1
-1 -1
-1 -1
-1 -1
-1 -1
-1 -1
-1 -1
-1 -1
-1 -1
-1 -1
-1 -1
-1 -1
-1 -1
-1 -1
-1 -1
-1 -1
-1 -1
-1 -1
-1 -1
-1 -1
-1 -1
-1 -1
-1 -1
-1 -1
-1 -1
-1 -1
-1 -1
-1 -1
-1 -1
-1 -1
-1 -1
-1 -1
-1 -1
-1 -1
-1 -1
-1 -1
-1 -1
-1 -1
-1 -1
-1 -1
-1 -1
-1 -1
-1 -1
-1 -1
-1 -1
-1 -1
-1 -1
-1 -1
-1 -1
-1 -1
-1 -1
-1 -1
-1 -1
-1 -1
-1 -1
-1 -1
-1 -1
-1 -1
-1 -1
-1 -1
-1 -1
-1 -1
-1 -1
-1 -1
-1 -1
-1 -1
-1 -1
-1 -1
-1 -1
-1 -1
-1 -1
-1 -1
-1 -1
-1 -1
-1 -1
-1 -1
-1 -1
-1 -1
-1 -1
-1 -1
-1 -1
-1 -1
-1 -1
-1 -1
-1 -1
-1 -1
-1 -1
-1 -1
-1 -1
-1 -1
-1 -1
-1 -1
-1 -1
-1 -1
-1 -1
-1 -1
-1 -1
-1 -1
-1 -1
-1 -1
-1 -1
-1 -1
-1 -1
-1 -1
-1 -1
-1 -1
-1 -1
-1 -1
-1 -1
-1 -1
-1 -1
-1 -1
-1 -1
-1 -1
-1 -1
-1 -1
-1 -1
-1 -1
-1 -1
-1 -1
-1 -1
-1 -1
-1 -1
-1 -1
-1 -1
-1 -1
-1 -1
-1 -1
-1 -1
-1 -1
-1 -1
-1 -1
-1 -1
-1 -1
-1 -1
-1 -1
-1 -1
-1 -1
-1 -1
-1 -1
-1 -1
-1 -1
-1 -1
-1 -1
-1 -1
-1 -1
-1 -1
-1 -1
-1 -1
-1 -1
-1 -1
-1 -1
-1 -1
-1 -1
-1 -1
-1 -1
-1 -1
-1 -1
-1 -1
-1 -1
-1 -1
-1 -1
-1 -1
-1 -1
-1 -1
-1 -1
-1 -1
-1 -1
-1 -1
-1 -1
-1 -1
-1 -1
-1 -1
-1 -1
-1 -1
-1 -1
-1 -1
-1 -1
-1 -1
-1 -1
-1 -1
-1 -1
-1 -1
-1 -1
-1 -1
-1 -1
-1 -1
-1 -1
-1 -1
-1 -1
-1 -1
-1 -1
-1 -1
-1 -1
-1 -1
-1 -1
-1 -1
-1 -1
-1 -1
-1 -1
-1 -1
-1 -1
-1 -1
-1 -1
-1 -1
-1 -1
-1 -1
-1 -1
-1 -1
-1 -1
-1 -1
-1 -1
-1 -1
-1 -1
-1 -1
-1 -1
-1 -1
-1 -1
-1 -1
-1 -1
-1 -1
-1 -1
-1 -1
-1 -1
-1 -1
-1 -1
-1 -1
-1 -1
-1 -1
-1 -1
-1 -1
-1 -1
-1 -1
-1 -1
-1 -1
-1 -1
-1 -1
-1 -1
-1 -1
-1 -1
-1 -1
-1 -1
-1 -1
-1 -1
-1 -1
-1 -1
-1 -1
-1 -1
-1 -1
-1 -1
-1 -1
-1 -1
-1 -1
-1 -1
-1 -1
-1 -1
-1 -1
-1 -1
-1 -1
-1 -1
-1 -1
-1 -1
-1 -1
-1 -1
-1 -1
-1 -1
-1 -1
-1 -1
-1 -1
-1 -1
-1 -1
-1 -1
-1 -1
-1 -1
-1 -1
-1 -1
-1 -1
-1 -1
-1 -1
-1 -1
-1 -1
-1 -1
-1 -1
-1 -1
-1 -1
-1 -1
-1 -1
-1 -1
-1 -1
-1 -1
-1 -1
-1 -1
-1 -1
-1 -1
-1 -1
-1 -1
-1 -1
-1 -1
-1 -1
-1 -1
-1 -1
-1 -1
-1 -1
-1 -1
-1 -1
-1 -1
-1 -1
-1 -1
-1 -1
-1 -1
-1 -1
-1 -1
-1 -1
-1 -1
-1 -1
-1 -1
-1 -1
-1 -1
-1 -1
-1 -1
-1 -1
-1 -1
-1 -1
-1 -1
-1 -1
-1 -1
-1 -1
-1 -1
-1 -1
-1 -1
-1 -1
-1 -1
-1 -1
-1 -1
-1 -1
-1 -1
-1 -1
-1 -1
-1 -1
-1 -1
-1 -1
-1 -1
-1 -1
-1 -1
-1 -1
-1 -1
-1 -1
-1 -1
-1 -1
-1 -1
-1 -1
-1 -1
-1 -1
-1 -1
-1 -1
-1 -1
-1 -1
-1 -1
-1 -1
-1 -1
-1 -1
-1 -1
-1 -1
-1 -1
-1 -1
-1 -1
-1 -1
-1 -1
-1 -1
-1 -1
-1 -1
-1 -1
-1 -1
-1 -1
-1 -1
-1 -1
-1 -1
-1 -1
-1 -1
-1 -1
-1 -1
-1 -1
-1 -1
-1 -1
-1 -1
-1 -1
-1 -1
-1 -1
-1 -1
-1 -1
-1 -1
-1 -1
-1 -1
-1 -1
-1 -1
-1 -1
-1 -1
-1 -1
-1 -1
-1 -1
-1 -1
-1 -1
-1 -1
-1 -1
-1 -1
-1 -1
-1 -1
-1 -1
-1 -1
-1 -1
-1 -1
-1 -1
-1 -1
-1 -1
-1 -1
-1 -1
-1 -1
-1 -1
-1 -1
-1 -1
-1 -1
-1 -1
-1 -1
-1 -1
-1 -1
-1 -1
-1 -1
-1 -1
-1 -1
-1 -1
-1 -1
-1 -1
-1 -1
-1 -1
-1 -1
-1 -1
-1 -1
-1 -1
-1 -1
-1 -1
-1 -1
-1 -1
-1 -1
-1 -1
-1 -1
-1 -1
-1 -1
-1 -1
-1 -1
-1 -1
-1 -1
-1 -1
-1 -1
-1 -1
-1 -1
-1 -1
-1 -1
-1 -1
-1 -1
-1 -1
-1 -1
-1 -1
-1 -1
-1 -1
-1 -1
-1 -1
-1 -1
-1 -1
-1 -1
-1 -1
-1 -1
-1 -1
-1 -1
-1 -1
-1 -1
-1 -1
-1 -1
-1 -1
-1 -1
-1 -1
-1 -1
-1 -1
-1 -1
-1 -1
-1 -1
-1 -1
-1 -1
-1 -1
-1 -1
-1 -1
-1 -1
-1 -1
-1 -1
-1 -1
-1 -1
-1 -1
-1 -1
-1 -1
-1 -1
-1 -1
-1 -1
-1 -1
-1 -1
-1 -1
-1 -1
-1 -1
-1 -1
-1 -1
-1 -1
-1 -1
-1 -1
-1 -1
-1 -1
-1 -1
-1 -1
-1 -1
-1 -1
-1 -1
-1 -1
-1 -1
-1 -1
-1 -1
-1 -1
-1 -1
-1 -1
-1 -1
-1 -1
-1 -1
-1 -1
-1 -1
-1 -1
-1 -1
-1 -1
-1 -1
-1 -1
-1 -1
-1 -1
-1 -1
-1 -1
-1 -1
-1 -1
-1 -1
-1 -1
-1 -1
-1 -1
-1 -1
-1 -1
-1 -1
-1 -1
-1 -1
-1 -1
-1 -1
-1 -1
-1 -1
-1 -1
-1 -1
-1 -1
-1 -1
-1 -1
-1 -1
-1 -1
-1 -1
-1 -1
-1 -1
-1 -1
-1 -1
-1 -1
-1 -1
-1 -1
-1 -1
-1 -1
-1 -1
-1 -1
-1 -1
-1 -1
-1 -1
-1 -1
-1 -1
-1 -1
-1 -1
-1 -1
-1 -1
-1 -1
-1 -1
-1 -1
-1 -1
-1 -1
-1 -1
-1 -1
-1 -1
-1 -1
-1 -1
-1 -1
-1 -1
-1 -1
-1 -1
-1 -1
-1 -1
-1 -1
-1 -1
-1 -1
-1 -1
-1 -1
-1 -1
-1 -1
-1 -1
-1 -1
-1 -1
-1 -1
-1 -1
-1 -1
-1 -1
-1 -1
-1 -1
-1 -1
-1 -1
-1 -1
-1 -1
-1 -1
-1 -1
-1 -1
-1 -1
-1 -1
-1 -1
-1 -1
-1 -1
-1 -1
-1 -1
-1 -1
-1 -1
-1 -1
-1 -1
-1 -1
-1 -1
-1 -1
-1 -1
-1 -1
-1 -1
-1 -1
-1 -1
-1 -1
-1 -1
-1 -1
-1 -1
-1 -1
-1 -1
-1 -1
-1 -1
-1 -1
-1 -1
-1 -1
-1 -1
-1 -1
-1 -1
-1 -1
-1 -1
-1 -1
-1 -1
-1 -1
-1 -1
-1 -1
-1 -1
-1 -1
-1 -1
-1 -1
-1 -1
-1 -1
-1 -1
-1 -1
-1 -1
-1 -1
-1 -1
-1 -1
-1 -1
-1 -1
-1 -1
-1 -1
-1 -1
-1 -1
-1 -1
-1 -1
-1 -1
-1 -1
-1 -1
-1 -1
-1 -1
-1 -1
-1 -1
-1 -1
-1 -1
-1 -1
-1 -1
-1 -1
-1 -1
-1 -1
-1 -1
-1 -1
-1 -1
-1 -1
-1 -1
-1 -1
-1 -1
-1 -1
-1 -1
-1 -1
-1 -1
-1 -1
-1 -1
-1 -1
-1 -1
-1 -1
-1 -1
-1 -1
-1 -1
-1 -1
-1 -1
-1 -1
-1 -1
-1 -1
-1 -1
-1 -1
-1 -1
-1 -1
-1 -1
-1 -1
-1 -1
-1 -1
-1 -1
-1 -1
-1 -1
-1 -1
-1 -1
-1 -1
-1 -1
-1 -1
-1 -1
-1 -1
-1 -1
-1 -1
-1 -1
-1 -1
-1 -1
-1 -1
-1 -1
-1 -1
-1 -1
-1 -1
-1 -1
-1 -1
-1 -1
-1 -1
-1 -1
-1 -1
-1 -1
-1 -1
-1 -1
-1 -1
-1 -1
-1 -1
-1 -1
-1 -1
-1 -1
-1 -1
-1 -1
-1 -1
-1 -1
-1 -1
-1 -1
-1 -1
-1 -1
-1 -1
-1 -1
-1 -1
-1 -1
-1 -1
-1 -1
-1 -1
-1 -1
-1 -1
-1 -1
-1 -1
-1 -1
-1 -1
-1 -1
-1 -1
-1 -1
-1 -1
-1 -1
-1 -1
-1 -1
-1 -1
-1 -1
-1 -1
-1 -1
-1 -1
-1 -1
-1 -1
-1 -1
-1 -1
-1 -1
-1 -1
-1 -1
-1 -1
-1 -1
-1 -1
-1 -1
-1 -1
-1 -1
-1 -1
-1 -1
-1 -1
-1 -1
-1 -1
-1 -1
-1 -1
-1 -1
-1 -1
-1 -1
-1 -1
-1 -1
-1 -1
-1 -1
-1 -1
-1 -1
-1 -1
-1 -1
-1 -1
-1 -1
-1 -1
-1 -1
-1 -1
-1 -1
-1 -1
-1 -1
-1 -1
-1 -1
-1 -1
-1 -1
-1 -1
-1 -1
-1 -1
-1 -1
-1 -1
-1 -1
-1 -1
-1 -1
-1 -1
-1 -1
-1 -1
-1 -1
-1 -1
-1 -1
-1 -1
-1 -1
-1 -1
-1 -1
-1 -1
-1 -1
-1 -1
-1 -1
-1 -1
-1 -1
-1 -1
-1 -1
-1 -1
-1 -1
-1 -1
-1 -1
-1 -1
-1 -1
-1 -1
-1 -1
-1 -1
-1 -1
-1 -1
-1 -1
-1 -1
-1 -1
-1 -1
-1 -1
-1 -1
-1 -1
-1 -1
-1 -1
-1 -1
-1 -1
-1 -1
-1 -1
-1 -1
-1 -1
-1 -1
-1 -1
-1 -1
-1 -1
-1 -1
-1 -1
-1 -1
-1 -1
-1 -1
-1 -1
-1 -1
-1 -1
-1 -1
-1 -1
-1 -1
-1 -1
-1 -1
-1 -1
-1 -1
-1 -1
-1 -1
-1 -1
-1 -1
-1 -1
-1 -1
-1 -1
-1 -1
-1 -1
-1 -1
-1 -1
-1 -1
-1 -1
-1 -1
-1 -1
-1 -1
-1 -1
-1 -1
-1 -1
-1 -1
-1 -1
-1 -1
-1 -1
-1 -1
-1 -1
-1 -1
-1 -1
-1 -1
-1 -1
-1 -1
-1 -1
-1 -1
-1 -1
-1 -1
-1 -1
-1 -1
-1 -1
-1 -1
-1 -1
-1 -1
-1 -1
-1 -1
-1 -1
-1 -1
-1 -1
-1 -1
-1 -1
-1 -1
-1 -1
-1 -1
-1 -1
-1 -1
-1 -1
-1 -1
-1 -1
-1 -1
-1 -1
-1 -1
-1 -1
-1 -1
-1 -1
-1 -1
-1 -1
-1 -1
-1 -1
-1 -1
-1 -1
-1 -1
-1 -1
-1 -1
-1 -1
-1 -1
-1 -1
-1 -1
-1 -1
-1 -1
-1 -1
-1 -1
-1 -1
-1 -1
-1 -1
-1 -1
-1 -1
-1 -1
-1 -1
-1 -1
-1 -1
-1 -1
-1 -1
-1 -1
-1 -1
-1 -1
-1 -1
-1 -1
-1 -1
-1 -1
-1 -1
-1 -1
-1 -1
-1 -1
-1 -1
-1 -1
-1 -1
-1 -1
-1 -1
-1 -1
-1 -1
-1 -1
-1 -1
-1 -1
-1 -1
-1 -1
-1 -1
-1 -1
-1 -1
-1 -1
-1 -1
-1 -1
-1 -1
-1 -1
-1 -1
-1 -1
-1 -1
-1 -1
-1 -1
-1 -1
-1 -1
-1 -1
-1 -1
-1 -1
-1 -1
-1 -1
-1 -1
-1 -1
-1 -1
-1 -1
-1 -1
-1 -1
-1 -1
-1 -1
-1 -1
-1 -1
-1 -1
-1 -1
-1 -1
-1 -1
-1 -1
-1 -1
-1 -1
-1 -1
-1 -1
-1 -1
-1 -1
-1 -1
-1 -1
-1 -1
-1 -1
-1 -1
-1 -1
-1 -1
-1 -1
-1 -1
-1 -1
-1 -1
-1 -1
-1 -1
-1 -1
-1 -1
-1 -1
-1 -1
-1 -1
-1 -1
-1 -1
-1 -1
-1 -1
-1 -1
-1 -1
-1 -1
-1 -1
-1 -1
-1 -1
-1 -1
-1 -1
-1 -1
-1 -1
-1 -1
-1 -1
-1 -1
-1 -1
-1 -1
-1 -1
-1 -1
-1 -1
-1 -1
-1 -1
-1 -1
-1 -1
-1 -1
-1 -1
-1 -1
-1 -1
-1 -1
-1 -1
-1 -1
-1 -1
-1 -1
-1 -1
-1 -1
-1 -1
-1 -1
-1 -1
-1 -1
-1 -1
-1 -1
-1 -1
-1 -1
-1 -1
-1 -1
-1 -1
-1 -1
-1 -1
-1 -1
-1 -1
-1 -1
-1 -1
-1 -1
-1 -1
-1 -1
-1 -1
-1 -1
-1 -1
-1 -1
-1 -1
-1 -1
-1 -1
-1 -1
-1 -1
-1 -1
-1 -1
-1 -1
-1 -1
-1 -1
-1 -1
-1 -1
-1 -1
-1 -1
-1 -1
-1 -1
-1 -1
-1 -1
-1 -1
-1 -1
-1 -1
-1 -1
-1 -1
-1 -1
-1 -1
-1 -1
-1 -1
-1 -1
-1 -1
-1 -1
-1 -1
-1 -1
-1 -1
-1 -1
-1 -1
-1 -1
-1 -1
-1 -1
-1 -1
-1 -1
-1 -1
-1 -1
-1 -1
-1 -1
-1 -1
-1 -1
-1 -1
-1 -1
-1 -1
-1 -1
-1 -1
-1 -1
-1 -1
-1 -1
-1 -1
-1 -1
-1 -1
-1 -1
-1 -1
-1 -1
-1 -1
-1 -1
-1 -1
-1 -1
-1 -1
-1 -1
-1 -1
-1 -1
-1 -1
-1 -1
-1 -1
-1 -1
-1 -1
-1 -1
-1 -1
-1 -1
-1 -1
-1 -1
-1 -1
-1 -1
-1 -1
-1 -1
-1 -1
-1 -1
-1 -1
-1 -1
-1 -1
-1 -1
-1 -1
-1 -1
-1 -1
-1 -1
-1 -1
-1 -1
-1 -1
-1 -1
-1 -1
-1 -1
-1 -1
-1 -1
-1 -1
-1 -1
-1 -1
-1 -1
-1 -1
-1 -1
-1 -1
-1 -1
-1 -1
-1 -1
-1 -1
-1 -1
-1 -1
-1 -1
-1 -1
-1 -1
-1 -1
-1 -1
-1 -1
-1 -1
-1 -1
-1 -1
-1 -1
-1 -1
-1 -1
-1 -1
-1 -1
-1 -1
-1 -1
-1 -1
-1 -1
-1 -1
-1 -1
-1 -1
-1 -1
-1 -1
-1 -1
-1 -1
-1 -1
-1 -1
-1 -1
-1 -1
-1 -1
-1 -1
-1 -1
-1 -1
-1 -1
-1 -1
-1 -1
-1 -1
-1 -1
-1 -1
-1 -1
-1 -1
-1 -1
-1 -1
-1 -1
-1 -1
-1 -1
-1 -1
-1 -1
-1 -1
-1 -1
-1 -1
-1 -1
-1 -1
-1 -1
-1 -1
-1 -1
-1 -1
-1 -1
-1 -1
-1 -1
-1 -1
-1 -1
-1 -1
-1 -1
-1 -1
-1 -1
-1 -1
-1 -1
-1 -1
-1 -1
-1 -1
-1 -1
-1 -1
-1 -1
-1 -1
-1 -1
-1 -1
-1 -1
-1 -1
-1 -1
-1 -1
-1 -1
-1 -1
-1 -1
-1 -1
-1 -1
-1 -1
-1 -1
-1 -1
-1 -1
-1 -1
-1 -1
-1 -1
-1 -1
-1 -1
-1 -1
-1 -1
-1 -1
-1 -1
-1 -1
-1 -1
-1 -1
-1 -1
-1 -1
-1 -1
-1 -1
-1 -1
-1 -1
-1 -1
-1 -1
-1 -1
-1 -1
-1 -1
-1 -1
-1 -1
-1 -1
-1 -1
-1 -1
-1 -1
-1 -1
-1 -1
-1 -1
-1 -1
-1 -1
-1 -1
-1 -1
-1 -1
-1 -1
-1 -1
-1 -1
-1 -1
-1 -1
-1 -1
-1 -1
-1 -1
-1 -1
-1 -1
-1 -1
-1 -1
-1 -1
-1 -1
-1 -1
-1 -1
-1 -1
-1 -1
-1 -1
-1 -1
-1 -1
-1 -1
-1 -1
-1 -1
-1 -1
-1 -1
-1 -1
-1 -1
-1 -1
-1 -1
-1 -1
-1 -1
-1 -1
-1 -1
-1 -1
-1 -1
-1 -1
-1 -1
-1 -1
-1 -1
-1 -1
-1 -1
-1 -1
-1 -1
-1 -1
-1 -1
-1 -1
-1 -1
-1 -1
-1 -1
-1 -1
-1 -1
-1 -1
-1 -1
-1 -1
-1 -1
-1 -1
-1 -1
-1 -1
-1 -1
-1 -1
-1 -1
-1 -1
-1 -1
-1 -1
-1 -1
-1 -1
-1 -1
-1 -1
-1 -1
-1 -1
-1 -1
-1 -1
-1 -1
-1 -1
-1 -1
-1 -1
-1 -1
-1 -1
-1 -1
-1 -1
-1 -1
-1 -1
-1 -1
-1 -1
-1 -1
-1 -1
-1 -1
-1 -1
-1 -1
-1 -1
-1 -1
-1 -1
-1 -1
-1 -1
-1 -1
-1 -1
-1 -1
-1 -1
-1 -1
-1 -1
-1 -1
-1 -1
-1 -1
-1 -1
-1 -1
-1 -1
-1 -1
-1 -1
-1 -1
-1 -1
-1 -1
-1 -1
-1 -1
-1 -1
-1 -1
-1 -1
-1 -1
-1 -1
-1 -1
-1 -1
-1 -1
-1 -1
-1 -1
-1 -1
-1 -1
-1 -1
-1 -1
-1 -1
-1 -1
-1 -1
-1 -1
-1 -1
-1 -1
-1 -1
-1 -1
-1 -1
-1 -1
-1 -1
-1 -1
-1 -1
-1 -1
-1 -1
-1 -1
-1 -1
-1 -1
-1 -1
-1 -1
-1 -1
-1 -1
-1 -1
-1 -1
-1 -1
-1 -1
-1 -1
-1 -1
-1 -1
-1 -1
-1 -1
-1 -1
-1 -1
-1 -1
-1 -1
-1 -1
-1 -1
-1 -1
-1 -1
-1 -1
-1 -1
-1 -1
-1 -1
-1 -1
-1 -1
-1 -1
-1 -1
-1 -1
-1 -1
-1 -1
-1 -1
-1 -1
-1 -1
-1 -1
-1 -1
-1 -1
-1 -1
-1 -1
-1 -1
-1 -1
-1 -1
-1 -1
-1 -1
-1 -1
-1 -1
-1 -1
-1 -1
-1 -1
-1 -1
-1 -1
-1 -1
-1 -1
-1 -1
-1 -1
-1 -1
-1 -1
-1 -1
-1 -1
-1 -1
-1 -1
-1 -1
-1 -1
-1 -1
-1 -1
-1 -1
-1 -1
-1 -1
-1 -1
-1 -1
-1 -1
-1 -1
-1 -1
-1 -1
-1 -1
-1 -1
-1 -1
-1 -1
-1 -1
-1 -1
-1 -1
-1 -1
-1 -1
-1 -1
-1 -1
-1 -1
-1 -1
-1 -1
-1 -1
-1 -1
-1 -1
-1 -1
-1 -1
-1 -1
-1 -1
-1 -1
-1 -1
-1 -1
-1 -1
-1 -1
-1 -1
-1 -1
-1 -1
-1 -1
-1 -1
-1 -1
-1 -1
-1 -1
-1 -1
-1 -1
-1 -1
-1 -1
-1 -1
-1 -1
-1 -1
-1 -1
-1 -1
-1 -1
-1 -1
-1 -1
-1 -1
-1 -1
-1 -1
-1 -1
-1 -1
-1 -1
-1 -1
-1 -1
-1 -1
-1 -1
-1 -1
-1 -1
-1 -1
-1 -1
-1 -1
-1 -1
-1 -1
-1 -1
-1 -1
-1 -1
-1 -1
-1 -1
-1 -1
-1 -1
-1 -1
-1 -1
-1 -1
-1 -1
-1 -1
-1 -1
-1 -1
-1 -1
-1 -1
-1 -1
-1 -1
-1 -1
-1 -1
-1 -1
-1 -1
-1 -1
-1 -1
-1 -1
-1 -1
-1 -1
-1 -1
-1 -1
-1 -1
-1 -1
-1 -1
-1 -1
-1 -1
-1 -1
-1 -1
-1 -1
-1 -1
-1 -1
-1 -1
-1 -1
-1 -1
-1 -1
-1 -1
-1 -1
-1 -1
-1 -1
-1 -1
-1 -1
-1 -1
-1 -1
-1 -1
-1 -1
-1 -1
-1 -1
-1 -1
-1 -1
-1 -1
-1 -1
-1 -1
-1 -1
-1 -1
-1 -1
-1 -1
-1 -1
-1 -1
-1 -1
-1 -1
-1 -1
-1 -1
-1 -1
-1 -1
-1 -1
-1 -1
-1 -1
-1 -1
-1 -1
-1 -1
-1 -1
-1 -1
-1 -1
-1 -1
-1 -1
-1 -1
-1 -1
-1 -1
-1 -1
-1 -1
-1 -1
-1 -1
-1 -1
-1 -1
-1 -1
-1 -1
-1 -1
-1 -1
-1 -1
-1 -1
-1 -1
-1 -1
-1 -1
-1 -1
-1 -1
-1 -1
-1 -1
-1 -1
-1 -1
-1 -1
-1 -1
-1 -1
-1 -1
-1 -1
-1 -1
-1 -1
-1 -1
-1 -1
-1 -1
-1 -1
-1 -1
-1 -1
-1 -1
-1 -1
-1 -1
-1 -1
-1 -1
-1 -1
-1 -1
-1 -1
-1 -1
-1 -1
-1 -1
-1 -1
-1 -1
-1 -1
-1 -1
-1 -1
-1 -1
-1 -1
-1 -1
-1 -1
-1 -1
-1 -1
-1 -1
-1 -1
-1 -1
-1 -1
-1 -1
-1 -1
-1 -1
-1 -1
-1 -1
-1 -1
-1 -1
-1 -1
-1 -1
-1 -1
-1 -1
-1 -1
-1 -1
-1 -1
-1 -1
-1 -1
-1 -1
-1 -1
-1 -1
-1 -1
-1 -1
-1 -1
-1 -1
-1 -1
-1 -1
-1 -1
-1 -1
-1 -1
-1 -1
-1 -1
-1 -1
-1 -1
-1 -1
-1 -1
-1 -1
-1 -1
-1 -1
-1 -1
-1 -1
-1 -1
-1 -1
-1 -1
-1 -1
-1 -1
-1 -1
-1 -1
-1 -1
-1 -1
-1 -1
-1 -1
-1 -1
-1 -1
-1 -1
-1 -1
-1 -1
-1 -1
-1 -1
-1 -1
-1 -1
-1 -1
-1 -1
-1 -1
-1 -1
-1 -1
-1 -1
-1 -1
-1 -1
-1 -1
-1 -1
-1 -1
-1 -1
-1 -1
-1 -1
-1 -1
-1 -1
-1 -1
-1 -1
-1 -1
-1 -1
-1 -1
-1 -1
-1 -1
-1 -1
-1 -1
-1 -1
-1 -1
-1 -1
-1 -1
-1 -1
-1 -1
-1 -1
-1 -1
-1 -1
-1 -1
-1 -1
-1 -1
-1 -1
-1 -1
-1 -1
-1 -1
-1 -1
-1 -1
-1 -1
-1 -1
-1 -1
-1 -1
-1 -1
-1 -1
-1 -1
-1 -1
-1 -1
-1 -1
-1 -1
-1 -1
-1 -1
-1 -1
