-1 -1
-1 -1
-1 -1
-1 -1
-1 -1
-1 -1
-1 -1
-1 -1
-1 -1
-1 -1
1086 1086
-1 -1
-1 -1
991 992
-1 -1
-1 -1
-1 -1
-1 -1
-1 -1
2318 2318
-1 -1
640 640
-1 -1
-1 -1
-1 -1
-1 -1
2299 2299
-1 -1
-1 -1
1887 1887
-1 -1
-1 -1
-1 -1
-1 -1
-1 -1
-1 -1
-1 -1
-1 -1
-1 -1
-1 -1
-1 -1
-1 -1
-1 -1
-1 -1
-1 -1
-1 -1
-1 -1
-1 -1
-1 -1
-1 -1
-1 -1
-1 -1
-1 -1
-1 -1
-1 -1
-1 -1
-1 -1
-1 -1
-1 -1
2645 2645
-1 -1
-1 -1
-1 -1
-1 -1
-1 -1
2182 2182
72 72
-1 -1
-1 -1
-1 -1
-1 -1
-1 -1
-1 -1
-1 -1
-1 -1
782 782
2485 2485
-1 -1
-1 -1
1951 1951
-1 -1
-1 -1
-1 -1
-1 -1
-1 -1
-1 -1
-1 -1
-1 -1
-1 -1
2459 2459
-1 -1
878 878
-1 -1
-1 -1
-1 -1
-1 -1
-1 -1
-1 -1
-1 -1
-1 -1
-1 -1
-1 -1
-1 -1
-1 -1
-1 -1
-1 -1
-1 -1
-1 -1
-1 -1
-1 -1
-1 -1
-1 -1
-1 -1
-1 -1
-1 -1
-1 -1
-1 -1
-1 -1
-1 -1
-1 -1
-1 -1
-1 -1
-1 -1
-1 -1
-1 -1
-1 -1
-1 -1
-1 -1
-1 -1
-1 -1
-1 -1
-1 -1
-1 -1
-1 -1
-1 -1
-1 -1
-1 -1
-1 -1
-1 -1
431 431
-1 -1
-1 -1
-1 -1
-1 -1
-1 -1
-1 -1
-1 -1
-1 -1
-1 -1
-1 -1
-1 -1
-1 -1
-1 -1
-1 -1
-1 -1
2342 2342
-1 -1
-1 -1
-1 -1
-1 -1
-1 -1
-1 -1
-1 -1
-1 -1
-1 -1
-1 -1
-1 -1
-1 -1
-1 -1
-1 -1
-1 -1
-1 -1
2191 2191
-1 -1
-1 -1
-1 -1
-1 -1
-1 -1
-1 -1
-1 -1
-1 -1
-1 -1
-1 -1
-1 -1
-1 -1
237 238
-1 -1
-1 -1
-1 -1
-1 -1
-1 -1
-1 -1
-1 -1
-1 -1
-1 -1
-1 -1
-1 -1
-1 -1
-1 -1
-1 -1
-1 -1
529 529
-1 -1
-1 -1
-1 -1
-1 -1
-1 -1
-1 -1
1116 1116
-1 -1
-1 -1
778 778
1742 1742
-1 -1
-1 -1
1475 1475
-1 -1
-1 -1
-1 -1
-1 -1
-1 -1
99 99
-1 -1
-1 -1
-1 -1
2361 2361
-1 -1
-1 -1
-1 -1
-1 -1
-1 -1
224 224
-1 -1
-1 -1
-1 -1
-1 -1
-1 -1
-1 -1
-1 -1
-1 -1
-1 -1
-1 -1
-1 -1
-1 -1
-1 -1
-1 -1
-1 -1
-1 -1
-1 -1
-1 -1
-1 -1
-1 -1
-1 -1
-1 -1
2724 2725
-1 -1
1535 1535
-1 -1
-1 -1
-1 -1
-1 -1
-1 -1
-1 -1
-1 -1
-1 -1
-1 -1
-1 -1
-1 -1
1775 1775
-1 -1
-1 -1
-1 -1
-1 -1
-1 -1
-1 -1
-1 -1
-1 -1
-1 -1
-1 -1
-1 -1
1578 1578
-1 -1
-1 -1
-1 -1
-1 -1
-1 -1
-1 -1
-1 -1
-1 -1
-1 -1
-1 -1
-1 -1
-1 -1
-1 -1
-1 -1
-1 -1
847 847
-1 -1
-1 -1
-1 -1
-1 -1
-1 -1
-1 -1
-1 -1
-1 -1
-1 -1
229 229
-1 -1
-1 -1
-1 -1
-1 -1
-1 -1
-1 -1
-1 -1
-1 -1
-1 -1
-1 -1
-1 -1
-1 -1
-1 -1
399 399
-1 -1
-1 -1
-1 -1
-1 -1
-1 -1
693 693
-1 -1
2253 2253
-1 -1
-1 -1
-1 -1
-1 -1
1750 1750
-1 -1
-1 -1
560 560
-1 -1
-1 -1
-1 -1
-1 -1
-1 -1
-1 -1
-1 -1
-1 -1
-1 -1
-1 -1
850 850
1191 1191
-1 -1
-1 -1
1412 1412
-1 -1
-1 -1
-1 -1
207 207
-1 -1
-1 -1
-1 -1
1423 1423
-1 -1
-1 -1
1996 1997
-1 -1
-1 -1
-1 -1
-1 -1
-1 -1
-1 -1
-1 -1
-1 -1
1923 1923
-1 -1
2187 2187
2687 2687
-1 -1
-1 -1
-1 -1
-1 -1
-1 -1
-1 -1
1482 1482
-1 -1
-1 -1
-1 -1
-1 -1
-1 -1
-1 -1
-1 -1
1231 1231
-1 -1
-1 -1
1149 1149
-1 -1
-1 -1
-1 -1
-1 -1
-1 -1
2250 2250
-1 -1
-1 -1
-1 -1
-1 -1
-1 -1
-1 -1
-1 -1
-1 -1
-1 -1
-1 -1
-1 -1
-1 -1
-1 -1
-1 -1
-1 -1
-1 -1
-1 -1
-1 -1
1118 1118
-1 -1
-1 -1
-1 -1
-1 -1
1507 1507
-1 -1
-1 -1
-1 -1
-1 -1
-1 -1
-1 -1
-1 -1
-1 -1
-1 -1
453 453
-1 -1
-1 -1
-1 -1
-1 -1
-1 -1
-1 -1
-1 -1
-1 -1
1710 1710
-1 -1
-1 -1
-1 -1
-1 -1
-1 -1
-1 -1
-1 -1
2057 2057
-1 -1
-1 -1
2398 2398
-1 -1
-1 -1
-1 -1
-1 -1
-1 -1
-1 -1
-1 -1
-1 -1
-1 -1
-1 -1
-1 -1
-1 -1
-1 -1
-1 -1
-1 -1
-1 -1
1901 1901
-1 -1
-1 -1
-1 -1
-1 -1
-1 -1
-1 -1
2369 2369
-1 -1
1853 1853
-1 -1
-1 -1
-1 -1
2356 2356
-1 -1
-1 -1
-1 -1
737 737
-1 -1
-1 -1
-1 -1
-1 -1
-1 -1
-1 -1
-1 -1
-1 -1
-1 -1
-1 -1
-1 -1
-1 -1
-1 -1
139 139
-1 -1
-1 -1
-1 -1
-1 -1
-1 -1
-1 -1
2015 2015
-1 -1
-1 -1
-1 -1
-1 -1
-1 -1
1058 1058
-1 -1
-1 -1
-1 -1
-1 -1
-1 -1
-1 -1
-1 -1
-1 -1
-1 -1
-1 -1
-1 -1
-1 -1
-1 -1
-1 -1
-1 -1
-1 -1
-1 -1
-1 -1
-1 -1
838 838
-1 -1
-1 -1
-1 -1
-1 -1
-1 -1
-1 -1
-1 -1
-1 -1
-1 -1
-1 -1
709 709
-1 -1
566 566
-1 -1
-1 -1
-1 -1
-1 -1
-1 -1
-1 -1
-1 -1
-1 -1
-1 -1
-1 -1
-1 -1
-1 -1
-1 -1
2403 2403
-1 -1
-1 -1
-1 -1
847 847
-1 -1
-1 -1
-1 -1
-1 -1
-1 -1
-1 -1
-1 -1
-1 -1
-1 -1
-1 -1
-1 -1
644 644
-1 -1
-1 -1
-1 -1
-1 -1
-1 -1
-1 -1
-1 -1
-1 -1
-1 -1
865 865
-1 -1
-1 -1
-1 -1
-1 -1
-1 -1
-1 -1
-1 -1
-1 -1
-1 -1
-1 -1
-1 -1
-1 -1
-1 -1
-1 -1
-1 -1
-1 -1
-1 -1
-1 -1
-1 -1
-1 -1
-1 -1
281 281
-1 -1
876 876
-1 -1
-1 -1
-1 -1
-1 -1
-1 -1
-1 -1
-1 -1
-1 -1
-1 -1
-1 -1
702 702
-1 -1
-1 -1
-1 -1
-1 -1
-1 -1
-1 -1
-1 -1
-1 -1
-1 -1
782 782
-1 -1
-1 -1
-1 -1
-1 -1
-1 -1
-1 -1
-1 -1
-1 -1
-1 -1
-1 -1
-1 -1
-1 -1
-1 -1
1070 1070
-1 -1
-1 -1
-1 -1
-1 -1
-1 -1
-1 -1
-1 -1
-1 -1
-1 -1
-1 -1
-1 -1
-1 -1
-1 -1
-1 -1
-1 -1
-1 -1
-1 -1
-1 -1
-1 -1
-1 -1
-1 -1
2470 2470
-1 -1
-1 -1
-1 -1
-1 -1
-1 -1
-1 -1
2239 2239
-1 -1
-1 -1
-1 -1
-1 -1
2066 2066
-1 -1
1459 1459
-1 -1
-1 -1
-1 -1
-1 -1
-1 -1
-1 -1
-1 -1
-1 -1
-1 -1
-1 -1
-1 -1
-1 -1
-1 -1
-1 -1
-1 -1
-1 -1
-1 -1
-1 -1
-1 -1
-1 -1
-1 -1
-1 -1
-1 -1
1313 1313
-1 -1
1044 1044
-1 -1
1825 1826
-1 -1
-1 -1
-1 -1
-1 -1
-1 -1
-1 -1
-1 -1
-1 -1
-1 -1
-1 -1
2404 2404
-1 -1
-1 -1
-1 -1
-1 -1
-1 -1
-1 -1
-1 -1
710 710
-1 -1
-1 -1
-1 -1
-1 -1
-1 -1
-1 -1
-1 -1
-1 -1
-1 -1
955 955
1403 1403
293 293
-1 -1
-1 -1
-1 -1
-1 -1
-1 -1
-1 -1
-1 -1
-1 -1
-1 -1
-1 -1
-1 -1
-1 -1
-1 -1
-1 -1
-1 -1
-1 -1
-1 -1
-1 -1
-1 -1
-1 -1
-1 -1
-1 -1
-1 -1
-1 -1
-1 -1
-1 -1
-1 -1
-1 -1
-1 -1
-1 -1
-1 -1
-1 -1
-1 -1
-1 -1
-1 -1
-1 -1
2628 2628
-1 -1
-1 -1
-1 -1
220 220
-1 -1
-1 -1
-1 -1
-1 -1
-1 -1
-1 -1
-1 -1
-1 -1
-1 -1
-1 -1
-1 -1
-1 -1
-1 -1
-1 -1
-1 -1
-1 -1
2202 2202
-1 -1
-1 -1
-1 -1
-1 -1
-1 -1
-1 -1
-1 -1
-1 -1
-1 -1
-1 -1
-1 -1
-1 -1
-1 -1
-1 -1
-1 -1
-1 -1
-1 -1
-1 -1
2416 2416
-1 -1
-1 -1
905 905
-1 -1
-1 -1
-1 -1
-1 -1
1435 1435
-1 -1
-1 -1
-1 -1
2663 2663
-1 -1
-1 -1
-1 -1
-1 -1
-1 -1
319 319
-1 -1
-1 -1
465 465
-1 -1
-1 -1
-1 -1
-1 -1
-1 -1
-1 -1
-1 -1
-1 -1
-1 -1
-1 -1
-1 -1
2569 2570
-1 -1
-1 -1
-1 -1
-1 -1
-1 -1
-1 -1
-1 -1
2739 2739
-1 -1
-1 -1
-1 -1
-1 -1
-1 -1
-1 -1
-1 -1
-1 -1
-1 -1
-1 -1
-1 -1
2157 2157
-1 -1
1307 1307
-1 -1
-1 -1
2135 2135
-1 -1
-1 -1
-1 -1
-1 -1
-1 -1
-1 -1
-1 -1
-1 -1
-1 -1
-1 -1
-1 -1
-1 -1
-1 -1
-1 -1
-1 -1
-1 -1
1379 1379
1331 1331
-1 -1
-1 -1
-1 -1
-1 -1
845 845
-1 -1
-1 -1
1516 1516
-1 -1
-1 -1
-1 -1
-1 -1
-1 -1
-1 -1
-1 -1
980 980
-1 -1
-1 -1
-1 -1
-1 -1
-1 -1
-1 -1
-1 -1
-1 -1
-1 -1
-1 -1
897 897
2635 2635
1400 1400
1767 1767
-1 -1
-1 -1
755 755
-1 -1
1801 1801
-1 -1
-1 -1
-1 -1
740 740
-1 -1
-1 -1
-1 -1
-1 -1
2208 2208
-1 -1
-1 -1
-1 -1
-1 -1
-1 -1
-1 -1
-1 -1
-1 -1
-1 -1
-1 -1
2677 2677
-1 -1
837 837
-1 -1
-1 -1
-1 -1
-1 -1
-1 -1
-1 -1
-1 -1
-1 -1
-1 -1
-1 -1
-1 -1
-1 -1
-1 -1
-1 -1
-1 -1
-1 -1
-1 -1
-1 -1
-1 -1
-1 -1
1216 1216
-1 -1
-1 -1
-1 -1
-1 -1
-1 -1
-1 -1
-1 -1
-1 -1
-1 -1
-1 -1
-1 -1
-1 -1
-1 -1
-1 -1
-1 -1
2472 2472
-1 -1
-1 -1
1271 1271
-1 -1
-1 -1
-1 -1
-1 -1
-1 -1
-1 -1
-1 -1
1373 1373
-1 -1
949 949
-1 -1
-1 -1
-1 -1
-1 -1
-1 -1
-1 -1
-1 -1
-1 -1
-1 -1
-1 -1
-1 -1
-1 -1
-1 -1
-1 -1
-1 -1
-1 -1
-1 -1
-1 -1
-1 -1
-1 -1
-1 -1
-1 -1
-1 -1
776 776
-1 -1
-1 -1
-1 -1
-1 -1
-1 -1
-1 -1
-1 -1
-1 -1
-1 -1
-1 -1
-1 -1
-1 -1
-1 -1
-1 -1
1732 1732
-1 -1
-1 -1
1180 1180
-1 -1
-1 -1
-1 -1
-1 -1
-1 -1
-1 -1
-1 -1
1125 1125
-1 -1
-1 -1
-1 -1
1500 1500
-1 -1
-1 -1
199 199
1577 1577
-1 -1
-1 -1
-1 -1
-1 -1
-1 -1
-1 -1
-1 -1
-1 -1
-1 -1
-1 -1
-1 -1
391 391
-1 -1
-1 -1
-1 -1
-1 -1
363 363
2159 2160
-1 -1
-1 -1
-1 -1
2737 2737
-1 -1
-1 -1
-1 -1
-1 -1
-1 -1
1164 1164
-1 -1
-1 -1
-1 -1
-1 -1
-1 -1
-1 -1
760 760
-1 -1
-1 -1
-1 -1
-1 -1
-1 -1
-1 -1
-1 -1
-1 -1
-1 -1
-1 -1
-1 -1
-1 -1
-1 -1
-1 -1
-1 -1
-1 -1
-1 -1
-1 -1
-1 -1
1684 1684
-1 -1
2110 2110
-1 -1
-1 -1
-1 -1
2492 2492
-1 -1
-1 -1
2422 2422
-1 -1
237 238
-1 -1
-1 -1
-1 -1
-1 -1
897 897
1550 1550
-1 -1
-1 -1
-1 -1
-1 -1
-1 -1
994 994
-1 -1
162 163
2317 2317
-1 -1
-1 -1
-1 -1
-1 -1
5 5
-1 -1
2438 2438
-1 -1
-1 -1
-1 -1
-1 -1
-1 -1
-1 -1
-1 -1
-1 -1
-1 -1
-1 -1
-1 -1
-1 -1
-1 -1
-1 -1
1159 1159
-1 -1
-1 -1
-1 -1
-1 -1
-1 -1
-1 -1
-1 -1
-1 -1
-1 -1
-1 -1
-1 -1
-1 -1
-1 -1
-1 -1
609 609
-1 -1
1382 1382
-1 -1
-1 -1
-1 -1
-1 -1
-1 -1
-1 -1
-1 -1
-1 -1
-1 -1
336 336
-1 -1
-1 -1
-1 -1
-1 -1
-1 -1
1092 1092
-1 -1
-1 -1
696 696
-1 -1
-1 -1
1754 1754
-1 -1
-1 -1
-1 -1
-1 -1
1906 1906
-1 -1
-1 -1
-1 -1
-1 -1
-1 -1
-1 -1
-1 -1
-1 -1
-1 -1
-1 -1
-1 -1
-1 -1
-1 -1
-1 -1
-1 -1
-1 -1
-1 -1
-1 -1
-1 -1
340 340
-1 -1
-1 -1
-1 -1
-1 -1
881 881
-1 -1
-1 -1
-1 -1
-1 -1
-1 -1
-1 -1
-1 -1
1471 1471
-1 -1
-1 -1
-1 -1
-1 -1
-1 -1
-1 -1
-1 -1
-1 -1
-1 -1
-1 -1
-1 -1
-1 -1
2099 2099
-1 -1
-1 -1
662 662
-1 -1
-1 -1
-1 -1
-1 -1
-1 -1
-1 -1
-1 -1
-1 -1
141 141
-1 -1
-1 -1
977 977
50 50
-1 -1
-1 -1
2433 2433
-1 -1
1779 1779
-1 -1
-1 -1
-1 -1
-1 -1
417 417
-1 -1
-1 -1
-1 -1
-1 -1
-1 -1
-1 -1
-1 -1
-1 -1
-1 -1
-1 -1
-1 -1
-1 -1
-1 -1
-1 -1
-1 -1
-1 -1
-1 -1
-1 -1
-1 -1
-1 -1
-1 -1
-1 -1
-1 -1
-1 -1
-1 -1
-1 -1
-1 -1
2422 2422
-1 -1
-1 -1
-1 -1
-1 -1
146 146
-1 -1
-1 -1
-1 -1
-1 -1
-1 -1
-1 -1
-1 -1
-1 -1
-1 -1
-1 -1
-1 -1
-1 -1
-1 -1
-1 -1
-1 -1
-1 -1
-1 -1
-1 -1
-1 -1
-1 -1
-1 -1
-1 -1
-1 -1
-1 -1
-1 -1
-1 -1
-1 -1
-1 -1
-1 -1
-1 -1
-1 -1
-1 -1
-1 -1
-1 -1
-1 -1
1146 1146
418 418
-1 -1
-1 -1
-1 -1
-1 -1
-1 -1
-1 -1
-1 -1
-1 -1
-1 -1
1819 1819
-1 -1
-1 -1
-1 -1
-1 -1
-1 -1
-1 -1
-1 -1
2230 2230
-1 -1
-1 -1
-1 -1
-1 -1
-1 -1
-1 -1
1370 1370
-1 -1
-1 -1
-1 -1
1018 1018
-1 -1
-1 -1
-1 -1
-1 -1
-1 -1
-1 -1
-1 -1
-1 -1
2262 2262
-1 -1
-1 -1
-1 -1
2363 2363
-1 -1
-1 -1
-1 -1
-1 -1
-1 -1
-1 -1
-1 -1
-1 -1
-1 -1
-1 -1
536 536
-1 -1
-1 -1
-1 -1
-1 -1
-1 -1
-1 -1
-1 -1
-1 -1
-1 -1
-1 -1
-1 -1
-1 -1
-1 -1
-1 -1
-1 -1
-1 -1
1832 1832
-1 -1
-1 -1
-1 -1
-1 -1
-1 -1
-1 -1
-1 -1
-1 -1
-1 -1
-1 -1
-1 -1
1803 1803
-1 -1
-1 -1
-1 -1
-1 -1
-1 -1
-1 -1
-1 -1
-1 -1
-1 -1
2532 2532
-1 -1
-1 -1
-1 -1
726 726
-1 -1
-1 -1
-1 -1
-1 -1
-1 -1
-1 -1
-1 -1
-1 -1
-1 -1
-1 -1
-1 -1
-1 -1
-1 -1
-1 -1
-1 -1
1587 1587
533 533
-1 -1
-1 -1
-1 -1
1844 1844
-1 -1
-1 -1
-1 -1
-1 -1
-1 -1
-1 -1
2011 2011
-1 -1
-1 -1
-1 -1
-1 -1
-1 -1
-1 -1
-1 -1
-1 -1
-1 -1
-1 -1
-1 -1
-1 -1
-1 -1
-1 -1
-1 -1
-1 -1
-1 -1
-1 -1
-1 -1
175 175
1956 1956
-1 -1
-1 -1
-1 -1
-1 -1
-1 -1
-1 -1
-1 -1
-1 -1
-1 -1
-1 -1
-1 -1
-1 -1
-1 -1
-1 -1
-1 -1
-1 -1
84 84
-1 -1
-1 -1
-1 -1
-1 -1
-1 -1
-1 -1
-1 -1
-1 -1
-1 -1
186 186
-1 -1
-1 -1
-1 -1
-1 -1
-1 -1
-1 -1
-1 -1
-1 -1
-1 -1
-1 -1
-1 -1
-1 -1
-1 -1
-1 -1
-1 -1
-1 -1
-1 -1
-1 -1
-1 -1
-1 -1
-1 -1
-1 -1
-1 -1
1877 1877
-1 -1
-1 -1
-1 -1
-1 -1
-1 -1
-1 -1
-1 -1
-1 -1
-1 -1
-1 -1
1963 1963
-1 -1
-1 -1
-1 -1
-1 -1
-1 -1
-1 -1
-1 -1
-1 -1
-1 -1
-1 -1
-1 -1
-1 -1
1895 1895
-1 -1
-1 -1
1147 1148
1010 1010
1792 1792
-1 -1
-1 -1
-1 -1
-1 -1
-1 -1
-1 -1
-1 -1
-1 -1
-1 -1
-1 -1
-1 -1
-1 -1
299 299
-1 -1
-1 -1
-1 -1
-1 -1
-1 -1
-1 -1
-1 -1
2721 2721
-1 -1
-1 -1
2689 2689
-1 -1
-1 -1
-1 -1
-1 -1
-1 -1
-1 -1
-1 -1
684 684
-1 -1
-1 -1
-1 -1
-1 -1
-1 -1
-1 -1
-1 -1
1410 1410
-1 -1
-1 -1
-1 -1
-1 -1
-1 -1
-1 -1
-1 -1
-1 -1
485 485
-1 -1
-1 -1
17 17
-1 -1
-1 -1
1048 1048
-1 -1
-1 -1
-1 -1
-1 -1
2376 2376
-1 -1
-1 -1
-1 -1
-1 -1
531 531
-1 -1
-1 -1
-1 -1
-1 -1
-1 -1
-1 -1
-1 -1
-1 -1
-1 -1
-1 -1
-1 -1
-1 -1
-1 -1
530 530
-1 -1
-1 -1
-1 -1
-1 -1
-1 -1
-1 -1
-1 -1
-1 -1
-1 -1
1336 1336
-1 -1
-1 -1
-1 -1
-1 -1
-1 -1
-1 -1
-1 -1
-1 -1
-1 -1
-1 -1
-1 -1
-1 -1
-1 -1
-1 -1
-1 -1
-1 -1
-1 -1
-1 -1
1365 1365
-1 -1
-1 -1
-1 -1
-1 -1
2389 2389
-1 -1
-1 -1
-1 -1
-1 -1
-1 -1
-1 -1
-1 -1
-1 -1
-1 -1
-1 -1
-1 -1
-1 -1
-1 -1
-1 -1
85 85
-1 -1
-1 -1
1277 1277
766 766
-1 -1
33 33
-1 -1
-1 -1
-1 -1
2332 2333
2034 2034
-1 -1
-1 -1
-1 -1
1145 1145
2256 2256
-1 -1
-1 -1
-1 -1
-1 -1
-1 -1
167 167
-1 -1
1415 1415
-1 -1
-1 -1
-1 -1
-1 -1
-1 -1
-1 -1
-1 -1
-1 -1
-1 -1
-1 -1
193 193
-1 -1
-1 -1
-1 -1
1613 1613
-1 -1
-1 -1
-1 -1
985 985
-1 -1
-1 -1
2674 2674
125 125
-1 -1
-1 -1
-1 -1
2420 2420
-1 -1
-1 -1
-1 -1
-1 -1
-1 -1
-1 -1
-1 -1
-1 -1
-1 -1
-1 -1
-1 -1
-1 -1
1752 1752
-1 -1
-1 -1
-1 -1
2218 2218
-1 -1
530 530
-1 -1
-1 -1
-1 -1
-1 -1
-1 -1
555 555
-1 -1
-1 -1
-1 -1
-1 -1
-1 -1
-1 -1
1118 1118
-1 -1
982 982
-1 -1
-1 -1
-1 -1
-1 -1
-1 -1
-1 -1
-1 -1
-1 -1
-1 -1
-1 -1
-1 -1
-1 -1
-1 -1
-1 -1
-1 -1
-1 -1
-1 -1
-1 -1
-1 -1
-1 -1
-1 -1
-1 -1
-1 -1
-1 -1
-1 -1
-1 -1
18 18
-1 -1
-1 -1
-1 -1
-1 -1
-1 -1
-1 -1
-1 -1
-1 -1
-1 -1
-1 -1
-1 -1
1047 1047
-1 -1
-1 -1
-1 -1
-1 -1
-1 -1
-1 -1
-1 -1
-1 -1
-1 -1
-1 -1
-1 -1
-1 -1
-1 -1
-1 -1
-1 -1
-1 -1
-1 -1
1319 1319
-1 -1
-1 -1
-1 -1
-1 -1
-1 -1
-1 -1
-1 -1
-1 -1
-1 -1
-1 -1
710 710
-1 -1
-1 -1
-1 -1
-1 -1
-1 -1
-1 -1
-1 -1
-1 -1
-1 -1
-1 -1
-1 -1
-1 -1
-1 -1
-1 -1
-1 -1
-1 -1
-1 -1
-1 -1
-1 -1
-1 -1
-1 -1
-1 -1
-1 -1
-1 -1
-1 -1
-1 -1
-1 -1
-1 -1
-1 -1
-1 -1
-1 -1
-1 -1
-1 -1
-1 -1
-1 -1
-1 -1
-1 -1
-1 -1
-1 -1
-1 -1
1151 1152
-1 -1
-1 -1
-1 -1
-1 -1
-1 -1
-1 -1
-1 -1
-1 -1
-1 -1
-1 -1
-1 -1
-1 -1
-1 -1
-1 -1
-1 -1
-1 -1
-1 -1
-1 -1
-1 -1
-1 -1
-1 -1
686 686
-1 -1
-1 -1
-1 -1
-1 -1
-1 -1
-1 -1
1850 1850
-1 -1
-1 -1
-1 -1
-1 -1
-1 -1
-1 -1
-1 -1
2485 2485
-1 -1
-1 -1
-1 -1
-1 -1
-1 -1
-1 -1
-1 -1
-1 -1
-1 -1
-1 -1
-1 -1
-1 -1
-1 -1
-1 -1
-1 -1
-1 -1
-1 -1
-1 -1
-1 -1
-1 -1
-1 -1
-1 -1
-1 -1
-1 -1
-1 -1
-1 -1
-1 -1
-1 -1
-1 -1
-1 -1
-1 -1
-1 -1
-1 -1
-1 -1
-1 -1
-1 -1
-1 -1
-1 -1
-1 -1
-1 -1
-1 -1
1311 1311
-1 -1
1700 1700
-1 -1
-1 -1
-1 -1
-1 -1
-1 -1
-1 -1
-1 -1
-1 -1
-1 -1
-1 -1
-1 -1
421 421
-1 -1
-1 -1
-1 -1
-1 -1
-1 -1
-1 -1
-1 -1
-1 -1
-1 -1
-1 -1
-1 -1
-1 -1
1114 1114
-1 -1
-1 -1
-1 -1
-1 -1
-1 -1
-1 -1
-1 -1
-1 -1
-1 -1
-1 -1
-1 -1
-1 -1
-1 -1
-1 -1
-1 -1
-1 -1
-1 -1
-1 -1
-1 -1
-1 -1
-1 -1
1105 1105
-1 -1
-1 -1
-1 -1
-1 -1
-1 -1
-1 -1
1787 1787
-1 -1
-1 -1
-1 -1
-1 -1
-1 -1
-1 -1
-1 -1
-1 -1
-1 -1
-1 -1
-1 -1
-1 -1
-1 -1
-1 -1
2153 2154
-1 -1
2230 2230
-1 -1
-1 -1
-1 -1
766 766
-1 -1
-1 -1
-1 -1
-1 -1
-1 -1
-1 -1
-1 -1
-1 -1
-1 -1
-1 -1
-1 -1
-1 -1
-1 -1
-1 -1
1533 1533
-1 -1
-1 -1
-1 -1
-1 -1
-1 -1
-1 -1
-1 -1
-1 -1
-1 -1
-1 -1
-1 -1
-1 -1
-1 -1
-1 -1
-1 -1
-1 -1
-1 -1
-1 -1
-1 -1
-1 -1
338 338
-1 -1
-1 -1
-1 -1
-1 -1
-1 -1
-1 -1
-1 -1
-1 -1
-1 -1
-1 -1
-1 -1
878 878
-1 -1
913 913
-1 -1
-1 -1
-1 -1
-1 -1
-1 -1
2382 2382
-1 -1
-1 -1
-1 -1
-1 -1
-1 -1
774 774
-1 -1
-1 -1
-1 -1
-1 -1
-1 -1
1250 1250
-1 -1
-1 -1
-1 -1
1281 1281
-1 -1
-1 -1
-1 -1
-1 -1
2494 2494
-1 -1
-1 -1
-1 -1
-1 -1
-1 -1
-1 -1
-1 -1
462 462
-1 -1
-1 -1
-1 -1
-1 -1
-1 -1
-1 -1
-1 -1
694 694
-1 -1
-1 -1
-1 -1
-1 -1
859 859
-1 -1
-1 -1
-1 -1
-1 -1
441 441
-1 -1
-1 -1
-1 -1
-1 -1
-1 -1
-1 -1
-1 -1
-1 -1
-1 -1
-1 -1
2696 2696
-1 -1
-1 -1
-1 -1
1092 1092
-1 -1
-1 -1
-1 -1
262 262
-1 -1
-1 -1
-1 -1
-1 -1
-1 -1
-1 -1
-1 -1
-1 -1
-1 -1
-1 -1
-1 -1
-1 -1
-1 -1
-1 -1
-1 -1
-1 -1
-1 -1
-1 -1
-1 -1
-1 -1
1833 1833
-1 -1
1262 1262
-1 -1
-1 -1
-1 -1
-1 -1
-1 -1
-1 -1
372 372
-1 -1
-1 -1
174 174
612 613
-1 -1
-1 -1
-1 -1
-1 -1
-1 -1
-1 -1
-1 -1
-1 -1
-1 -1
-1 -1
-1 -1
-1 -1
-1 -1
-1 -1
2452 2452
-1 -1
-1 -1
-1 -1
-1 -1
1531 1531
-1 -1
-1 -1
-1 -1
-1 -1
-1 -1
-1 -1
-1 -1
-1 -1
-1 -1
-1 -1
-1 -1
-1 -1
-1 -1
-1 -1
79 79
-1 -1
-1 -1
-1 -1
-1 -1
-1 -1
-1 -1
2079 2079
-1 -1
-1 -1
-1 -1
-1 -1
-1 -1
-1 -1
-1 -1
-1 -1
-1 -1
-1 -1
-1 -1
-1 -1
-1 -1
-1 -1
-1 -1
-1 -1
791 791
-1 -1
-1 -1
-1 -1
-1 -1
-1 -1
-1 -1
674 674
-1 -1
-1 -1
-1 -1
849 849
-1 -1
-1 -1
997 997
-1 -1
-1 -1
-1 -1
-1 -1
-1 -1
-1 -1
1404 1404
1636 1637
-1 -1
20 20
-1 -1
-1 -1
-1 -1
-1 -1
-1 -1
-1 -1
-1 -1
-1 -1
-1 -1
-1 -1
-1 -1
-1 -1
-1 -1
-1 -1
-1 -1
-1 -1
-1 -1
-1 -1
-1 -1
-1 -1
-1 -1
-1 -1
-1 -1
-1 -1
-1 -1
-1 -1
2159 2160
2370 2370
-1 -1
1198 1198
-1 -1
1603 1603
-1 -1
-1 -1
-1 -1
-1 -1
-1 -1
-1 -1
-1 -1
-1 -1
-1 -1
-1 -1
-1 -1
-1 -1
-1 -1
-1 -1
-1 -1
-1 -1
-1 -1
-1 -1
-1 -1
-1 -1
-1 -1
73 73
-1 -1
-1 -1
-1 -1
-1 -1
-1 -1
-1 -1
-1 -1
-1 -1
-1 -1
-1 -1
-1 -1
-1 -1
-1 -1
-1 -1
-1 -1
-1 -1
-1 -1
-1 -1
-1 -1
-1 -1
83 83
-1 -1
-1 -1
-1 -1
-1 -1
-1 -1
2259 2259
-1 -1
-1 -1
-1 -1
-1 -1
-1 -1
1787 1787
-1 -1
-1 -1
-1 -1
-1 -1
-1 -1
-1 -1
-1 -1
-1 -1
2446 2446
-1 -1
-1 -1
-1 -1
-1 -1
-1 -1
-1 -1
-1 -1
-1 -1
-1 -1
-1 -1
-1 -1
-1 -1
-1 -1
-1 -1
-1 -1
534 534
-1 -1
-1 -1
-1 -1
-1 -1
-1 -1
-1 -1
-1 -1
-1 -1
-1 -1
-1 -1
-1 -1
1136 1136
-1 -1
-1 -1
-1 -1
-1 -1
-1 -1
-1 -1
-1 -1
-1 -1
-1 -1
2684 2684
-1 -1
-1 -1
-1 -1
-1 -1
2584 2584
2271 2271
-1 -1
-1 -1
2239 2239
-1 -1
-1 -1
-1 -1
-1 -1
-1 -1
-1 -1
-1 -1
-1 -1
-1 -1
1624 1624
-1 -1
-1 -1
-1 -1
-1 -1
-1 -1
-1 -1
85 85
-1 -1
-1 -1
-1 -1
-1 -1
2196 2196
-1 -1
834 834
-1 -1
-1 -1
-1 -1
-1 -1
-1 -1
-1 -1
-1 -1
-1 -1
-1 -1
-1 -1
-1 -1
-1 -1
-1 -1
-1 -1
332 332
2158 2158
-1 -1
-1 -1
-1 -1
2198 2200
-1 -1
-1 -1
338 338
-1 -1
-1 -1
-1 -1
-1 -1
-1 -1
-1 -1
2042 2042
-1 -1
-1 -1
-1 -1
-1 -1
-1 -1
-1 -1
-1 -1
-1 -1
-1 -1
-1 -1
-1 -1
-1 -1
-1 -1
-1 -1
-1 -1
-1 -1
2534 2534
-1 -1
-1 -1
-1 -1
485 485
-1 -1
-1 -1
-1 -1
-1 -1
-1 -1
1676 1676
-1 -1
-1 -1
-1 -1
-1 -1
-1 -1
-1 -1
-1 -1
-1 -1
-1 -1
-1 -1
-1 -1
-1 -1
-1 -1
-1 -1
-1 -1
-1 -1
-1 -1
-1 -1
919 920
1733 1733
-1 -1
-1 -1
-1 -1
-1 -1
-1 -1
1791 1791
-1 -1
2476 2476
-1 -1
-1 -1
134 134
-1 -1
-1 -1
-1 -1
-1 -1
-1 -1
144 144
-1 -1
-1 -1
-1 -1
-1 -1
-1 -1
-1 -1
-1 -1
-1 -1
-1 -1
402 402
-1 -1
2526 2527
-1 -1
-1 -1
-1 -1
1216 1216
-1 -1
-1 -1
-1 -1
-1 -1
-1 -1
-1 -1
-1 -1
-1 -1
-1 -1
-1 -1
-1 -1
-1 -1
-1 -1
-1 -1
-1 -1
-1 -1
-1 -1
5 5
2729 2729
-1 -1
-1 -1
1044 1044
-1 -1
-1 -1
-1 -1
-1 -1
-1 -1
-1 -1
-1 -1
-1 -1
-1 -1
-1 -1
-1 -1
-1 -1
-1 -1
2549 2549
-1 -1
1173 1173
-1 -1
-1 -1
-1 -1
1267 1267
-1 -1
1167 1167
-1 -1
-1 -1
-1 -1
-1 -1
-1 -1
-1 -1
1701 1702
-1 -1
-1 -1
1447 1447
-1 -1
-1 -1
-1 -1
-1 -1
-1 -1
-1 -1
-1 -1
-1 -1
-1 -1
-1 -1
-1 -1
-1 -1
-1 -1
-1 -1
-1 -1
-1 -1
-1 -1
-1 -1
-1 -1
-1 -1
-1 -1
-1 -1
-1 -1
1211 1213
-1 -1
-1 -1
-1 -1
-1 -1
-1 -1
-1 -1
-1 -1
-1 -1
-1 -1
-1 -1
-1 -1
-1 -1
-1 -1
-1 -1
-1 -1
1605 1605
-1 -1
-1 -1
975 975
-1 -1
-1 -1
-1 -1
1473 1473
-1 -1
1355 1355
-1 -1
-1 -1
-1 -1
-1 -1
-1 -1
543 543
1536 1536
-1 -1
-1 -1
-1 -1
1660 1660
-1 -1
-1 -1
-1 -1
-1 -1
-1 -1
-1 -1
2216 2216
-1 -1
-1 -1
-1 -1
1502 1502
-1 -1
-1 -1
-1 -1
-1 -1
-1 -1
-1 -1
-1 -1
-1 -1
-1 -1
-1 -1
-1 -1
-1 -1
-1 -1
-1 -1
-1 -1
-1 -1
-1 -1
-1 -1
-1 -1
-1 -1
-1 -1
-1 -1
-1 -1
-1 -1
-1 -1
1057 1057
-1 -1
-1 -1
-1 -1
-1 -1
-1 -1
-1 -1
-1 -1
-1 -1
478 478
-1 -1
-1 -1
1573 1573
-1 -1
-1 -1
-1 -1
-1 -1
-1 -1
2730 2730
-1 -1
-1 -1
-1 -1
-1 -1
-1 -1
-1 -1
-1 -1
-1 -1
-1 -1
952 952
-1 -1
-1 -1
-1 -1
-1 -1
-1 -1
-1 -1
-1 -1
-1 -1
-1 -1
-1 -1
-1 -1
2482 2482
-1 -1
-1 -1
-1 -1
-1 -1
-1 -1
-1 -1
-1 -1
-1 -1
2653 2653
-1 -1
-1 -1
-1 -1
-1 -1
-1 -1
-1 -1
-1 -1
1539 1539
-1 -1
2580 2580
1741 1741
-1 -1
-1 -1
-1 -1
-1 -1
-1 -1
-1 -1
-1 -1
750 750
-1 -1
-1 -1
248 248
-1 -1
-1 -1
-1 -1
-1 -1
-1 -1
-1 -1
-1 -1
1188 1188
-1 -1
-1 -1
1135 1135
-1 -1
-1 -1
-1 -1
-1 -1
1743 1743
-1 -1
-1 -1
-1 -1
-1 -1
-1 -1
-1 -1
-1 -1
-1 -1
315 315
-1 -1
323 323
-1 -1
-1 -1
-1 -1
-1 -1
-1 -1
-1 -1
-1 -1
-1 -1
-1 -1
-1 -1
-1 -1
-1 -1
-1 -1
-1 -1
-1 -1
-1 -1
-1 -1
-1 -1
-1 -1
-1 -1
-1 -1
-1 -1
-1 -1
-1 -1
-1 -1
-1 -1
-1 -1
-1 -1
-1 -1
-1 -1
-1 -1
322 322
-1 -1
-1 -1
-1 -1
-1 -1
-1 -1
-1 -1
1345 1345
-1 -1
-1 -1
526 526
-1 -1
-1 -1
155 155
255 255
-1 -1
-1 -1
-1 -1
861 861
-1 -1
-1 -1
-1 -1
-1 -1
-1 -1
2590 2590
-1 -1
-1 -1
259 259
-1 -1
-1 -1
-1 -1
-1 -1
-1 -1
-1 -1
-1 -1
-1 -1
-1 -1
-1 -1
1016 1016
1249 1249
-1 -1
-1 -1
-1 -1
-1 -1
-1 -1
-1 -1
-1 -1
-1 -1
-1 -1
-1 -1
-1 -1
-1 -1
-1 -1
-1 -1
-1 -1
-1 -1
-1 -1
-1 -1
-1 -1
-1 -1
-1 -1
-1 -1
-1 -1
-1 -1
-1 -1
-1 -1
-1 -1
-1 -1
2526 2527
-1 -1
-1 -1
-1 -1
-1 -1
-1 -1
-1 -1
-1 -1
-1 -1
-1 -1
959 959
-1 -1
-1 -1
-1 -1
-1 -1
2303 2303
-1 -1
-1 -1
-1 -1
-1 -1
-1 -1
2412 2412
-1 -1
-1 -1
-1 -1
-1 -1
-1 -1
-1 -1
-1 -1
-1 -1
-1 -1
-1 -1
-1 -1
-1 -1
-1 -1
-1 -1
-1 -1
-1 -1
-1 -1
-1 -1
-1 -1
-1 -1
-1 -1
-1 -1
-1 -1
-1 -1
1925 1925
-1 -1
-1 -1
-1 -1
-1 -1
-1 -1
-1 -1
-1 -1
-1 -1
-1 -1
-1 -1
-1 -1
-1 -1
-1 -1
-1 -1
-1 -1
-1 -1
-1 -1
-1 -1
-1 -1
-1 -1
-1 -1
-1 -1
-1 -1
1377 1377
-1 -1
-1 -1
-1 -1
-1 -1
-1 -1
-1 -1
-1 -1
-1 -1
-1 -1
-1 -1
-1 -1
-1 -1
513 514
-1 -1
-1 -1
-1 -1
-1 -1
-1 -1
-1 -1
-1 -1
-1 -1
-1 -1
-1 -1
-1 -1
-1 -1
-1 -1
-1 -1
-1 -1
-1 -1
-1 -1
-1 -1
-1 -1
1226 1226
-1 -1
-1 -1
-1 -1
-1 -1
-1 -1
-1 -1
-1 -1
-1 -1
-1 -1
-1 -1
-1 -1
-1 -1
-1 -1
-1 -1
-1 -1
-1 -1
-1 -1
-1 -1
-1 -1
-1 -1
-1 -1
2708 2708
-1 -1
-1 -1
-1 -1
-1 -1
-1 -1
-1 -1
-1 -1
-1 -1
-1 -1
1099 1099
-1 -1
-1 -1
989 989
769 769
-1 -1
-1 -1
-1 -1
-1 -1
-1 -1
-1 -1
-1 -1
-1 -1
-1 -1
-1 -1
-1 -1
-1 -1
-1 -1
-1 -1
-1 -1
-1 -1
-1 -1
-1 -1
-1 -1
-1 -1
-1 -1
-1 -1
-1 -1
478 478
-1 -1
-1 -1
-1 -1
-1 -1
-1 -1
-1 -1
-1 -1
-1 -1
-1 -1
1028 1028
-1 -1
-1 -1
-1 -1
-1 -1
-1 -1
-1 -1
-1 -1
-1 -1
-1 -1
-1 -1
-1 -1
-1 -1
-1 -1
-1 -1
-1 -1
-1 -1
-1 -1
-1 -1
-1 -1
-1 -1
-1 -1
2198 2200
202 202
-1 -1
-1 -1
-1 -1
1757 1758
-1 -1
-1 -1
453 453
-1 -1
-1 -1
-1 -1
2441 2441
-1 -1
-1 -1
-1 -1
-1 -1
-1 -1
-1 -1
-1 -1
-1 -1
-1 -1
-1 -1
-1 -1
-1 -1
1576 1576
-1 -1
-1 -1
-1 -1
-1 -1
-1 -1
-1 -1
-1 -1
-1 -1
-1 -1
-1 -1
-1 -1
-1 -1
-1 -1
-1 -1
-1 -1
-1 -1
-1 -1
-1 -1
-1 -1
2580 2580
-1 -1
-1 -1
-1 -1
-1 -1
-1 -1
-1 -1
-1 -1
-1 -1
2586 2586
-1 -1
-1 -1
-1 -1
-1 -1
-1 -1
2361 2361
-1 -1
-1 -1
520 520
377 378
-1 -1
-1 -1
-1 -1
-1 -1
-1 -1
-1 -1
-1 -1
-1 -1
-1 -1
-1 -1
-1 -1
2558 2558
-1 -1
-1 -1
-1 -1
-1 -1
-1 -1
-1 -1
878 878
-1 -1
-1 -1
1727 1727
-1 -1
660 660
-1 -1
-1 -1
-1 -1
351 351
-1 -1
-1 -1
2705 2705
2489 2489
-1 -1
-1 -1
2529 2529
2133 2133
-1 -1
-1 -1
-1 -1
-1 -1
-1 -1
-1 -1
-1 -1
-1 -1
-1 -1
-1 -1
-1 -1
-1 -1
-1 -1
-1 -1
-1 -1
-1 -1
-1 -1
-1 -1
-1 -1
-1 -1
-1 -1
-1 -1
-1 -1
-1 -1
-1 -1
-1 -1
2577 2577
-1 -1
-1 -1
-1 -1
-1 -1
2153 2154
-1 -1
-1 -1
-1 -1
-1 -1
-1 -1
-1 -1
-1 -1
-1 -1
-1 -1
-1 -1
-1 -1
2552 2552
-1 -1
-1 -1
-1 -1
-1 -1
-1 -1
-1 -1
2078 2078
-1 -1
-1 -1
2309 2309
-1 -1
-1 -1
-1 -1
-1 -1
-1 -1
-1 -1
-1 -1
-1 -1
-1 -1
-1 -1
539 539
-1 -1
-1 -1
-1 -1
-1 -1
-1 -1
-1 -1
-1 -1
-1 -1
-1 -1
-1 -1
-1 -1
-1 -1
-1 -1
-1 -1
-1 -1
2704 2704
-1 -1
-1 -1
-1 -1
-1 -1
1569 1569
-1 -1
-1 -1
-1 -1
-1 -1
1017 1017
-1 -1
-1 -1
-1 -1
2268 2268
-1 -1
-1 -1
-1 -1
-1 -1
1962 1962
-1 -1
-1 -1
-1 -1
-1 -1
-1 -1
-1 -1
-1 -1
-1 -1
-1 -1
-1 -1
-1 -1
-1 -1
746 746
-1 -1
-1 -1
-1 -1
-1 -1
-1 -1
-1 -1
-1 -1
-1 -1
-1 -1
-1 -1
-1 -1
-1 -1
-1 -1
-1 -1
-1 -1
-1 -1
-1 -1
-1 -1
-1 -1
-1 -1
-1 -1
2655 2655
-1 -1
-1 -1
-1 -1
-1 -1
-1 -1
-1 -1
-1 -1
-1 -1
1696 1697
-1 -1
-1 -1
-1 -1
-1 -1
-1 -1
1928 1928
-1 -1
-1 -1
-1 -1
-1 -1
-1 -1
-1 -1
-1 -1
-1 -1
-1 -1
-1 -1
-1 -1
-1 -1
-1 -1
-1 -1
-1 -1
406 407
1903 1903
-1 -1
1145 1145
1468 1468
-1 -1
-1 -1
-1 -1
-1 -1
-1 -1
661 661
-1 -1
545 545
-1 -1
-1 -1
-1 -1
-1 -1
-1 -1
-1 -1
-1 -1
-1 -1
-1 -1
1350 1350
-1 -1
-1 -1
-1 -1
-1 -1
-1 -1
-1 -1
-1 -1
-1 -1
-1 -1
-1 -1
-1 -1
-1 -1
-1 -1
-1 -1
86 86
-1 -1
-1 -1
2596 2596
-1 -1
390 390
-1 -1
-1 -1
-1 -1
-1 -1
-1 -1
-1 -1
-1 -1
-1 -1
-1 -1
-1 -1
-1 -1
-1 -1
-1 -1
-1 -1
-1 -1
-1 -1
665 665
1394 1394
-1 -1
305 305
-1 -1
-1 -1
-1 -1
1030 1031
-1 -1
-1 -1
-1 -1
-1 -1
-1 -1
-1 -1
-1 -1
-1 -1
-1 -1
-1 -1
-1 -1
-1 -1
-1 -1
-1 -1
-1 -1
-1 -1
-1 -1
-1 -1
-1 -1
-1 -1
-1 -1
-1 -1
-1 -1
-1 -1
-1 -1
-1 -1
-1 -1
156 156
1453 1453
-1 -1
-1 -1
-1 -1
-1 -1
-1 -1
-1 -1
-1 -1
-1 -1
-1 -1
-1 -1
-1 -1
-1 -1
-1 -1
344 344
-1 -1
-1 -1
-1 -1
-1 -1
-1 -1
-1 -1
-1 -1
-1 -1
-1 -1
-1 -1
-1 -1
-1 -1
-1 -1
-1 -1
-1 -1
-1 -1
-1 -1
-1 -1
-1 -1
-1 -1
675 675
-1 -1
-1 -1
-1 -1
1293 1293
-1 -1
-1 -1
-1 -1
-1 -1
-1 -1
-1 -1
-1 -1
624 624
-1 -1
-1 -1
-1 -1
-1 -1
-1 -1
-1 -1
146 146
-1 -1
-1 -1
-1 -1
119 119
310 311
-1 -1
-1 -1
595 596
-1 -1
-1 -1
-1 -1
1817 1817
28 28
-1 -1
-1 -1
-1 -1
-1 -1
-1 -1
-1 -1
-1 -1
-1 -1
-1 -1
-1 -1
-1 -1
-1 -1
-1 -1
-1 -1
-1 -1
-1 -1
-1 -1
-1 -1
-1 -1
-1 -1
-1 -1
-1 -1
-1 -1
-1 -1
-1 -1
464 464
-1 -1
-1 -1
-1 -1
-1 -1
1742 1742
2155 2155
-1 -1
-1 -1
-1 -1
-1 -1
-1 -1
-1 -1
-1 -1
-1 -1
-1 -1
-1 -1
-1 -1
-1 -1
-1 -1
-1 -1
-1 -1
-1 -1
-1 -1
-1 -1
-1 -1
-1 -1
-1 -1
-1 -1
691 691
-1 -1
-1 -1
-1 -1
-1 -1
-1 -1
2732 2732
-1 -1
-1 -1
-1 -1
-1 -1
6 6
-1 -1
-1 -1
-1 -1
-1 -1
-1 -1
-1 -1
-1 -1
-1 -1
-1 -1
-1 -1
-1 -1
-1 -1
-1 -1
-1 -1
-1 -1
-1 -1
-1 -1
-1 -1
-1 -1
697 698
51 51
-1 -1
-1 -1
1570 1570
-1 -1
-1 -1
-1 -1
-1 -1
-1 -1
-1 -1
-1 -1
-1 -1
2323 2323
-1 -1
-1 -1
2654 2654
-1 -1
-1 -1
-1 -1
-1 -1
-1 -1
-1 -1
-1 -1
1399 1399
-1 -1
67 67
-1 -1
-1 -1
-1 -1
-1 -1
-1 -1
-1 -1
-1 -1
2639 2639
-1 -1
-1 -1
2104 2104
-1 -1
-1 -1
-1 -1
-1 -1
-1 -1
983 983
-1 -1
-1 -1
-1 -1
-1 -1
-1 -1
-1 -1
2596 2596
-1 -1
-1 -1
-1 -1
-1 -1
-1 -1
-1 -1
-1 -1
-1 -1
-1 -1
-1 -1
-1 -1
-1 -1
1393 1393
-1 -1
-1 -1
-1 -1
-1 -1
-1 -1
-1 -1
-1 -1
-1 -1
-1 -1
-1 -1
-1 -1
-1 -1
457 457
200 200
-1 -1
-1 -1
-1 -1
-1 -1
-1 -1
1284 1284
609 609
2682 2682
-1 -1
-1 -1
2119 2119
-1 -1
-1 -1
-1 -1
-1 -1
-1 -1
-1 -1
1126 1126
-1 -1
-1 -1
-1 -1
-1 -1
-1 -1
485 485
-1 -1
983 983
983 983
983 983
983 983
983 983
983 983
983 983
983 983
983 983
983 983
983 983
983 983
983 983
983 983
983 983
983 983
983 983
983 983
983 983
983 983
983 983
983 983
983 983
983 983
983 983
983 983
983 983
983 983
983 983
983 983
983 983
983 983
983 983
983 983
983 983
983 983
983 983
983 983
983 983
983 983
983 983
983 983
983 983
983 983
983 983
983 983
983 983
983 983
983 983
983 983
983 983
983 983
983 983
983 983
983 983
983 983
983 983
983 983
983 983
983 983
983 983
983 983
983 983
983 983
983 983
983 983
983 983
983 983
983 983
983 983
983 983
983 983
983 983
983 983
983 983
983 983
983 983
983 983
983 983
983 983
983 983
983 983
983 983
983 983
983 983
983 983
983 983
983 983
983 983
983 983
983 983
983 983
983 983
983 983
983 983
983 983
983 983
983 983
983 983
983 983
983 983
983 983
983 983
983 983
983 983
983 983
983 983
983 983
983 983
983 983
983 983
983 983
983 983
983 983
983 983
983 983
983 983
983 983
983 983
983 983
983 983
983 983
983 983
983 983
983 983
983 983
983 983
983 983
983 983
983 983
983 983
983 983
983 983
983 983
983 983
983 983
983 983
983 983
983 983
983 983
983 983
983 983
983 983
983 983
983 983
983 983
983 983
983 983
983 983
983 983
983 983
983 983
983 983
983 983
983 983
983 983
983 983
983 983
983 983
983 983
983 983
983 983
983 983
983 983
983 983
983 983
983 983
983 983
983 983
983 983
983 983
983 983
983 983
983 983
983 983
983 983
983 983
983 983
983 983
983 983
983 983
983 983
983 983
983 983
983 983
983 983
983 983
983 983
983 983
983 983
983 983
983 983
983 983
983 983
983 983
983 983
983 983
983 983
983 983
983 983
983 983
983 983
983 983
983 983
983 983
983 983
983 983
983 983
983 983
983 983
983 983
983 983
983 983
983 983
983 983
983 983
983 983
983 983
983 983
983 983
983 983
983 983
983 983
983 983
983 983
983 983
983 983
983 983
983 983
983 983
983 983
983 983
983 983
983 983
983 983
983 983
983 983
983 983
983 983
983 983
983 983
983 983
983 983
983 983
983 983
983 983
983 983
983 983
983 983
983 983
983 983
983 983
983 983
983 983
983 983
983 983
983 983
983 983
983 983
983 983
983 983
983 983
983 983
983 983
983 983
983 983
983 983
983 983
983 983
983 983
983 983
983 983
983 983
983 983
983 983
983 983
983 983
983 983
983 983
983 983
983 983
983 983
983 983
983 983
983 983
983 983
983 983
983 983
983 983
983 983
983 983
983 983
983 983
983 983
983 983
983 983
983 983
983 983
983 983
983 983
983 983
983 983
983 983
983 983
983 983
983 983
983 983
983 983
983 983
983 983
983 983
983 983
983 983
983 983
983 983
983 983
983 983
983 983
983 983
983 983
983 983
983 983
983 983
983 983
983 983
983 983
983 983
983 983
983 983
983 983
983 983
983 983
983 983
983 983
983 983
983 983
983 983
983 983
983 983
983 983
983 983
983 983
983 983
983 983
983 983
983 983
983 983
983 983
983 983
983 983
983 983
983 983
983 983
983 983
983 983
983 983
983 983
983 983
983 983
983 983
983 983
983 983
983 983
983 983
983 983
983 983
983 983
983 983
983 983
983 983
983 983
983 983
983 983
983 983
983 983
983 983
983 983
983 983
983 983
983 983
983 983
983 983
983 983
983 983
983 983
983 983
983 983
983 983
983 983
983 983
983 983
983 983
983 983
983 983
983 983
983 983
983 983
983 983
983 983
983 983
983 983
983 983
983 983
983 983
983 983
983 983
983 983
983 983
983 983
983 983
983 983
983 983
983 983
983 983
983 983
983 983
983 983
983 983
983 983
983 983
983 983
983 983
983 983
983 983
983 983
983 983
983 983
983 983
983 983
983 983
983 983
983 983
983 983
983 983
983 983
983 983
983 983
983 983
983 983
983 983
983 983
983 983
983 983
983 983
983 983
983 983
983 983
983 983
983 983
983 983
983 983
983 983
983 983
983 983
983 983
983 983
983 983
983 983
983 983
983 983
983 983
983 983
983 983
983 983
983 983
983 983
983 983
983 983
983 983
983 983
983 983
983 983
983 983
983 983
983 983
983 983
983 983
983 983
983 983
983 983
983 983
983 983
983 983
983 983
983 983
983 983
983 983
983 983
983 983
983 983
983 983
983 983
983 983
983 983
983 983
983 983
983 983
983 983
983 983
983 983
983 983
983 983
983 983
983 983
983 983
983 983
983 983
983 983
983 983
983 983
983 983
983 983
983 983
983 983
983 983
983 983
983 983
983 983
983 983
983 983
983 983
983 983
983 983
983 983
983 983
983 983
983 983
983 983
983 983
983 983
983 983
983 983
983 983
983 983
983 983
983 983
983 983
983 983
983 983
983 983
983 983
983 983
983 983
983 983
983 983
983 983
983 983
983 983
983 983
983 983
983 983
983 983
983 983
983 983
983 983
983 983
983 983
983 983
983 983
983 983
983 983
983 983
983 983
983 983
983 983
983 983
983 983
983 983
983 983
983 983
983 983
983 983
983 983
983 983
983 983
983 983
983 983
983 983
983 983
983 983
983 983
983 983
983 983
983 983
983 983
983 983
983 983
983 983
983 983
983 983
983 983
983 983
983 983
983 983
983 983
983 983
983 983
983 983
983 983
983 983
983 983
983 983
983 983
983 983
983 983
983 983
983 983
983 983
983 983
983 983
983 983
983 983
983 983
983 983
983 983
983 983
983 983
983 983
983 983
983 983
983 983
983 983
983 983
983 983
983 983
983 983
983 983
983 983
983 983
983 983
983 983
983 983
983 983
983 983
983 983
983 983
983 983
983 983
983 983
983 983
983 983
983 983
983 983
983 983
983 983
983 983
983 983
983 983
983 983
983 983
983 983
983 983
983 983
983 983
983 983
983 983
983 983
983 983
983 983
983 983
983 983
983 983
983 983
983 983
983 983
983 983
983 983
983 983
983 983
983 983
983 983
983 983
983 983
983 983
983 983
983 983
983 983
983 983
983 983
983 983
983 983
983 983
983 983
983 983
983 983
983 983
983 983
983 983
983 983
983 983
983 983
983 983
983 983
983 983
983 983
983 983
983 983
983 983
983 983
983 983
983 983
983 983
983 983
983 983
983 983
983 983
983 983
983 983
983 983
983 983
983 983
983 983
983 983
983 983
983 983
983 983
983 983
983 983
983 983
983 983
983 983
983 983
983 983
983 983
983 983
983 983
983 983
983 983
983 983
983 983
983 983
983 983
983 983
983 983
983 983
983 983
983 983
983 983
983 983
983 983
983 983
983 983
983 983
983 983
983 983
983 983
983 983
983 983
983 983
983 983
983 983
983 983
983 983
983 983
983 983
983 983
983 983
983 983
983 983
983 983
983 983
983 983
983 983
983 983
983 983
983 983
983 983
983 983
983 983
983 983
983 983
983 983
983 983
983 983
983 983
983 983
983 983
983 983
983 983
983 983
983 983
983 983
983 983
983 983
983 983
983 983
983 983
983 983
983 983
983 983
983 983
983 983
983 983
983 983
983 983
983 983
983 983
983 983
983 983
983 983
983 983
983 983
983 983
983 983
983 983
983 983
983 983
983 983
983 983
983 983
983 983
983 983
983 983
983 983
983 983
983 983
983 983
983 983
983 983
983 983
983 983
983 983
983 983
983 983
983 983
983 983
983 983
983 983
983 983
983 983
983 983
983 983
983 983
983 983
983 983
983 983
983 983
983 983
983 983
983 983
983 983
983 983
983 983
983 983
983 983
983 983
983 983
983 983
983 983
983 983
983 983
983 983
983 983
983 983
983 983
983 983
983 983
983 983
983 983
983 983
983 983
983 983
983 983
983 983
983 983
983 983
983 983
983 983
983 983
983 983
983 983
983 983
983 983
983 983
983 983
983 983
983 983
983 983
983 983
983 983
983 983
983 983
983 983
983 983
983 983
983 983
983 983
983 983
983 983
983 983
983 983
983 983
983 983
983 983
983 983
983 983
983 983
983 983
983 983
983 983
983 983
983 983
983 983
983 983
983 983
983 983
983 983
983 983
983 983
983 983
983 983
983 983
983 983
983 983
983 983
983 983
983 983
983 983
983 983
983 983
983 983
983 983
983 983
983 983
983 983
983 983
983 983
983 983
983 983
983 983
983 983
983 983
983 983
983 983
983 983
983 983
983 983
983 983
983 983
983 983
983 983
983 983
983 983
983 983
983 983
983 983
983 983
983 983
983 983
983 983
983 983
983 983
983 983
983 983
983 983
983 983
983 983
983 983
983 983
983 983
983 983
983 983
983 983
983 983
983 983
983 983
983 983
983 983
983 983
983 983
983 983
983 983
983 983
983 983
983 983
983 983
983 983
983 983
983 983
983 983
983 983
983 983
983 983
983 983
983 983
983 983
983 983
983 983
983 983
983 983
983 983
983 983
983 983
983 983
983 983
983 983
983 983
983 983
983 983
983 983
983 983
983 983
983 983
983 983
983 983
983 983
983 983
983 983
983 983
983 983
983 983
983 983
983 983
983 983
983 983
983 983
983 983
983 983
983 983
983 983
983 983
983 983
983 983
983 983
983 983
983 983
983 983
983 983
983 983
983 983
983 983
983 983
983 983
983 983
983 983
983 983
983 983
983 983
983 983
983 983
983 983
983 983
983 983
983 983
983 983
983 983
983 983
983 983
983 983
983 983
983 983
983 983
983 983
983 983
983 983
983 983
983 983
983 983
983 983
983 983
983 983
983 983
983 983
983 983
983 983
983 983
983 983
983 983
983 983
983 983
983 983
983 983
983 983
983 983
983 983
983 983
983 983
983 983
983 983
983 983
983 983
983 983
983 983
983 983
983 983
983 983
983 983
983 983
983 983
983 983
983 983
983 983
983 983
983 983
983 983
983 983
983 983
983 983
983 983
983 983
983 983
983 983
983 983
983 983
983 983
983 983
983 983
983 983
983 983
983 983
983 983
983 983
983 983
983 983
983 983
983 983
983 983
983 983
983 983
983 983
983 983
983 983
983 983
983 983
983 983
983 983
983 983
983 983
983 983
983 983
983 983
983 983
983 983
983 983
983 983
983 983
983 983
983 983
983 983
983 983
983 983
983 983
983 983
983 983
983 983
983 983
983 983
983 983
983 983
983 983
983 983
983 983
983 983
983 983
983 983
983 983
983 983
983 983
983 983
983 983
983 983
983 983
983 983
983 983
983 983
983 983
983 983
983 983
983 983
983 983
983 983
983 983
983 983
983 983
983 983
983 983
983 983
983 983
983 983
983 983
983 983
983 983
983 983
983 983
983 983
983 983
983 983
983 983
983 983
983 983
983 983
983 983
983 983
983 983
983 983
983 983
983 983
983 983
983 983
983 983
983 983
983 983
983 983
983 983
983 983
983 983
983 983
983 983
983 983
983 983
983 983
983 983
983 983
983 983
983 983
983 983
983 983
983 983
983 983
983 983
983 983
983 983
983 983
983 983
983 983
983 983
983 983
983 983
983 983
983 983
983 983
983 983
983 983
983 983
983 983
983 983
983 983
983 983
983 983
983 983
983 983
983 983
983 983
983 983
983 983
983 983
983 983
983 983
983 983
983 983
983 983
983 983
983 983
983 983
983 983
983 983
983 983
983 983
983 983
983 983
983 983
983 983
983 983
983 983
983 983
983 983
983 983
983 983
983 983
983 983
983 983
983 983
983 983
983 983
983 983
983 983
983 983
983 983
983 983
983 983
983 983
983 983
983 983
983 983
983 983
983 983
983 983
983 983
983 983
983 983
983 983
983 983
983 983
983 983
983 983
983 983
983 983
983 983
983 983
983 983
983 983
983 983
983 983
983 983
983 983
983 983
983 983
983 983
983 983
983 983
983 983
983 983
983 983
983 983
983 983
983 983
983 983
983 983
983 983
983 983
983 983
983 983
983 983
983 983
983 983
983 983
983 983
983 983
983 983
983 983
983 983
983 983
983 983
983 983
983 983
983 983
983 983
983 983
983 983
983 983
983 983
983 983
983 983
983 983
983 983
983 983
983 983
983 983
983 983
983 983
983 983
983 983
983 983
983 983
983 983
983 983
983 983
983 983
983 983
983 983
983 983
983 983
983 983
983 983
983 983
983 983
983 983
983 983
983 983
983 983
983 983
983 983
983 983
983 983
983 983
983 983
983 983
983 983
983 983
983 983
983 983
983 983
983 983
983 983
983 983
983 983
983 983
983 983
983 983
983 983
983 983
983 983
983 983
983 983
983 983
983 983
983 983
983 983
983 983
983 983
983 983
983 983
983 983
983 983
983 983
983 983
983 983
983 983
983 983
983 983
983 983
983 983
983 983
983 983
983 983
983 983
983 983
983 983
983 983
983 983
983 983
983 983
983 983
983 983
983 983
983 983
983 983
983 983
983 983
983 983
983 983
983 983
983 983
983 983
983 983
983 983
983 983
983 983
983 983
983 983
983 983
983 983
983 983
983 983
983 983
983 983
983 983
983 983
983 983
983 983
983 983
983 983
983 983
983 983
983 983
983 983
983 983
983 983
983 983
983 983
983 983
983 983
983 983
983 983
983 983
983 983
983 983
983 983
983 983
983 983
983 983
983 983
983 983
983 983
983 983
983 983
983 983
983 983
983 983
983 983
983 983
983 983
983 983
983 983
983 983
983 983
983 983
983 983
983 983
983 983
983 983
983 983
983 983
983 983
983 983
983 983
983 983
983 983
983 983
983 983
983 983
983 983
983 983
983 983
983 983
983 983
983 983
983 983
983 983
983 983
983 983
983 983
983 983
983 983
983 983
983 983
983 983
983 983
983 983
983 983
983 983
983 983
983 983
983 983
983 983
983 983
983 983
983 983
983 983
983 983
983 983
983 983
983 983
983 983
983 983
983 983
983 983
983 983
983 983
983 983
983 983
983 983
983 983
983 983
983 983
983 983
983 983
983 983
983 983
983 983
983 983
983 983
983 983
983 983
983 983
983 983
983 983
983 983
983 983
983 983
983 983
983 983
983 983
983 983
983 983
983 983
983 983
983 983
983 983
983 983
983 983
983 983
983 983
983 983
983 983
983 983
983 983
983 983
983 983
983 983
983 983
983 983
983 983
983 983
983 983
983 983
983 983
983 983
983 983
983 983
983 983
983 983
983 983
983 983
983 983
983 983
983 983
983 983
983 983
983 983
983 983
983 983
983 983
983 983
983 983
983 983
983 983
983 983
983 983
983 983
983 983
983 983
983 983
983 983
983 983
983 983
983 983
983 983
983 983
983 983
983 983
983 983
983 983
983 983
983 983
983 983
983 983
983 983
983 983
983 983
983 983
983 983
983 983
983 983
983 983
983 983
983 983
983 983
983 983
983 983
983 983
983 983
983 983
983 983
983 983
983 983
983 983
983 983
983 983
983 983
983 983
983 983
983 983
983 983
983 983
983 983
983 983
983 983
983 983
983 983
983 983
983 983
983 983
983 983
983 983
983 983
983 983
983 983
983 983
983 983
983 983
983 983
983 983
983 983
983 983
983 983
983 983
983 983
983 983
983 983
983 983
983 983
983 983
983 983
983 983
983 983
983 983
983 983
983 983
983 983
983 983
983 983
983 983
983 983
983 983
983 983
983 983
983 983
983 983
983 983
983 983
983 983
983 983
983 983
983 983
983 983
983 983
983 983
983 983
983 983
983 983
983 983
983 983
983 983
983 983
983 983
983 983
983 983
983 983
983 983
983 983
983 983
983 983
983 983
983 983
983 983
983 983
983 983
983 983
983 983
983 983
983 983
983 983
983 983
983 983
983 983
983 983
983 983
983 983
983 983
983 983
983 983
983 983
983 983
983 983
983 983
983 983
983 983
983 983
983 983
983 983
983 983
983 983
983 983
983 983
983 983
983 983
983 983
983 983
983 983
983 983
983 983
983 983
983 983
983 983
983 983
983 983
983 983
983 983
983 983
983 983
983 983
983 983
983 983
983 983
983 983
983 983
983 983
983 983
983 983
983 983
983 983
983 983
983 983
983 983
983 983
983 983
983 983
983 983
983 983
983 983
983 983
983 983
983 983
983 983
983 983
983 983
983 983
983 983
983 983
983 983
983 983
983 983
983 983
983 983
983 983
983 983
983 983
983 983
983 983
983 983
983 983
983 983
983 983
983 983
983 983
983 983
983 983
983 983
983 983
983 983
983 983
983 983
983 983
983 983
983 983
983 983
983 983
983 983
983 983
983 983
983 983
983 983
983 983
983 983
983 983
983 983
983 983
983 983
983 983
983 983
983 983
983 983
983 983
983 983
983 983
983 983
983 983
983 983
983 983
983 983
983 983
983 983
983 983
983 983
983 983
983 983
983 983
983 983
983 983
983 983
983 983
983 983
983 983
983 983
983 983
983 983
983 983
983 983
983 983
983 983
983 983
983 983
983 983
983 983
983 983
983 983
983 983
983 983
983 983
983 983
983 983
983 983
983 983
983 983
983 983
983 983
983 983
983 983
983 983
983 983
983 983
983 983
983 983
983 983
983 983
983 983
983 983
983 983
983 983
983 983
983 983
983 983
983 983
983 983
983 983
983 983
983 983
983 983
983 983
983 983
983 983
983 983
983 983
983 983
983 983
983 983
983 983
983 983
983 983
983 983
983 983
983 983
983 983
983 983
983 983
983 983
983 983
983 983
983 983
983 983
983 983
983 983
983 983
983 983
983 983
983 983
983 983
983 983
983 983
983 983
983 983
983 983
983 983
983 983
983 983
983 983
983 983
983 983
983 983
983 983
983 983
983 983
983 983
983 983
983 983
983 983
983 983
983 983
983 983
983 983
983 983
983 983
983 983
983 983
983 983
983 983
983 983
983 983
983 983
983 983
983 983
983 983
983 983
983 983
983 983
983 983
983 983
983 983
983 983
983 983
983 983
983 983
983 983
983 983
983 983
983 983
983 983
983 983
983 983
983 983
983 983
983 983
983 983
983 983
983 983
983 983
983 983
983 983
983 983
983 983
983 983
983 983
983 983
983 983
983 983
983 983
983 983
983 983
983 983
983 983
983 983
983 983
983 983
983 983
983 983
983 983
983 983
983 983
983 983
983 983
983 983
983 983
983 983
983 983
983 983
983 983
983 983
983 983
983 983
983 983
983 983
983 983
983 983
983 983
983 983
983 983
983 983
983 983
983 983
983 983
983 983
983 983
983 983
983 983
983 983
983 983
983 983
983 983
983 983
983 983
983 983
983 983
983 983
983 983
983 983
983 983
983 983
983 983
983 983
983 983
983 983
983 983
983 983
983 983
983 983
983 983
983 983
983 983
983 983
983 983
983 983
983 983
983 983
983 983
983 983
983 983
983 983
983 983
983 983
983 983
983 983
983 983
983 983
983 983
983 983
983 983
983 983
983 983
983 983
983 983
983 983
983 983
983 983
983 983
983 983
983 983
983 983
983 983
983 983
983 983
983 983
983 983
983 983
983 983
983 983
983 983
983 983
983 983
983 983
983 983
983 983
983 983
983 983
983 983
983 983
983 983
983 983
983 983
983 983
983 983
983 983
983 983
983 983
983 983
983 983
983 983
983 983
983 983
983 983
983 983
983 983
983 983
983 983
983 983
983 983
983 983
983 983
983 983
983 983
983 983
983 983
983 983
983 983
983 983
983 983
983 983
983 983
983 983
983 983
983 983
983 983
983 983
983 983
983 983
983 983
