-1 -1
5916 5917
-1 -1
-1 -1
5623 5623
-1 -1
-1 -1
-1 -1
-1 -1
-1 -1
-1 -1
-1 -1
1107 1107
-1 -1
-1 -1
-1 -1
1533 1536
-1 -1
-1 -1
-1 -1
-1 -1
5092 5092
482 482
-1 -1
-1 -1
-1 -1
2770 2770
-1 -1
-1 -1
-1 -1
2656 2657
-1 -1
-1 -1
-1 -1
1537 1537
-1 -1
-1 -1
3885 3885
4093 4093
-1 -1
-1 -1
2045 2045
-1 -1
-1 -1
-1 -1
-1 -1
2345 2345
-1 -1
-1 -1
6110 6110
-1 -1
-1 -1
2050 2050
5774 5774
-1 -1
4203 4203
4334 4334
-1 -1
-1 -1
-1 -1
-1 -1
4518 4518
-1 -1
-1 -1
3421 3421
-1 -1
-1 -1
3270 3271
51 51
1400 1400
-1 -1
-1 -1
-1 -1
-1 -1
4987 4988
-1 -1
3091 3091
-1 -1
-1 -1
4830 4830
-1 -1
-1 -1
-1 -1
-1 -1
-1 -1
-1 -1
3825 3825
-1 -1
2695 2696
-1 -1
-1 -1
-1 -1
-1 -1
-1 -1
-1 -1
-1 -1
-1 -1
-1 -1
-1 -1
-1 -1
-1 -1
3633 3633
-1 -1
-1 -1
-1 -1
-1 -1
-1 -1
4253 4253
-1 -1
3785 3785
-1 -1
-1 -1
-1 -1
5055 5056
-1 -1
-1 -1
-1 -1
1158 1158
-1 -1
5875 5875
-1 -1
-1 -1
-1 -1
4364 4364
4098 4098
-1 -1
-1 -1
-1 -1
-1 -1
-1 -1
-1 -1
2100 2100
-1 -1
-1 -1
-1 -1
-1 -1
-1 -1
2482 2482
-1 -1
169 169
-1 -1
4838 4838
-1 -1
-1 -1
-1 -1
-1 -1
2155 2155
-1 -1
-1 -1
4278 4278
-1 -1
-1 -1
-1 -1
-1 -1
-1 -1
-1 -1
-1 -1
-1 -1
1711 1712
-1 -1
-1 -1
-1 -1
-1 -1
-1 -1
-1 -1
-1 -1
-1 -1
-1 -1
-1 -1
-1 -1
-1 -1
-1 -1
587 587
-1 -1
771 771
-1 -1
4208 4208
-1 -1
-1 -1
2776 2776
-1 -1
-1 -1
450 450
-1 -1
5665 5665
-1 -1
-1 -1
-1 -1
-1 -1
-1 -1
-1 -1
-1 -1
-1 -1
5101 5101
-1 -1
-1 -1
338 338
-1 -1
3852 3853
-1 -1
-1 -1
-1 -1
-1 -1
2646 2646
3020 3020
-1 -1
-1 -1
-1 -1
-1 -1
-1 -1
-1 -1
-1 -1
631 631
5451 5452
-1 -1
-1 -1
3409 3410
-1 -1
6231 6232
-1 -1
1450 1450
-1 -1
-1 -1
-1 -1
-1 -1
4491 4491
2841 2841
525 525
-1 -1
-1 -1
-1 -1
-1 -1
4041 4041
-1 -1
-1 -1
4525 4525
-1 -1
-1 -1
-1 -1
-1 -1
5881 5881
-1 -1
1097 1097
5049 5049
2530 2530
-1 -1
-1 -1
-1 -1
-1 -1
2688 2688
-1 -1
5585 5585
363 363
-1 -1
-1 -1
1704 1704
-1 -1
-1 -1
-1 -1
-1 -1
-1 -1
-1 -1
5601 5601
-1 -1
5684 5684
-1 -1
-1 -1
-1 -1
-1 -1
-1 -1
-1 -1
-1 -1
2886 2886
-1 -1
-1 -1
-1 -1
-1 -1
-1 -1
-1 -1
-1 -1
4511 4511
-1 -1
-1 -1
5163 5163
-1 -1
-1 -1
102 102
6019 6019
3864 3864
-1 -1
-1 -1
-1 -1
-1 -1
1211 1212
-1 -1
3479 3479
-1 -1
-1 -1
-1 -1
-1 -1
-1 -1
-1 -1
-1 -1
3525 3525
3869 3869
-1 -1
-1 -1
-1 -1
-1 -1
-1 -1
1953 1953
4099 4099
1309 1309
-1 -1
5829 5829
-1 -1
-1 -1
-1 -1
-1 -1
-1 -1
-1 -1
-1 -1
3367 3367
-1 -1
-1 -1
-1 -1
-1 -1
2226 2226
-1 -1
-1 -1
-1 -1
-1 -1
1838 1838
-1 -1
-1 -1
-1 -1
-1 -1
479 479
-1 -1
-1 -1
-1 -1
-1 -1
-1 -1
-1 -1
-1 -1
-1 -1
2741 2741
3442 3442
-1 -1
-1 -1
5607 5607
481 481
4006 4006
-1 -1
-1 -1
-1 -1
-1 -1
-1 -1
-1 -1
4526 4527
-1 -1
-1 -1
-1 -1
-1 -1
4262 4262
-1 -1
3736 3736
-1 -1
619 619
-1 -1
-1 -1
247 247
-1 -1
-1 -1
-1 -1
-1 -1
-1 -1
65 65
-1 -1
-1 -1
4465 4465
-1 -1
-1 -1
-1 -1
-1 -1
-1 -1
-1 -1
-1 -1
4737 4737
-1 -1
-1 -1
5680 5680
-1 -1
1830 1830
-1 -1
3284 3284
-1 -1
4987 4988
-1 -1
1950 1950
-1 -1
-1 -1
5691 5691
-1 -1
-1 -1
-1 -1
-1 -1
-1 -1
5082 5082
-1 -1
-1 -1
-1 -1
5402 5403
-1 -1
-1 -1
-1 -1
-1 -1
3354 3354
2666 2667
-1 -1
-1 -1
-1 -1
-1 -1
-1 -1
-1 -1
-1 -1
-1 -1
5529 5529
-1 -1
-1 -1
-1 -1
3347 3347
-1 -1
-1 -1
4906 4906
5529 5529
-1 -1
-1 -1
2542 2542
-1 -1
-1 -1
-1 -1
-1 -1
3058 3058
1291 1291
-1 -1
-1 -1
-1 -1
-1 -1
-1 -1
-1 -1
-1 -1
-1 -1
2549 2551
-1 -1
-1 -1
972 972
2470 2470
-1 -1
-1 -1
-1 -1
5895 5895
2640 2640
5909 5909
-1 -1
-1 -1
3645 3645
-1 -1
-1 -1
-1 -1
5395 5396
-1 -1
-1 -1
1146 1146
3333 3333
5327 5328
1532 1532
-1 -1
1276 1276
-1 -1
-1 -1
-1 -1
-1 -1
-1 -1
-1 -1
-1 -1
-1 -1
-1 -1
3957 3957
-1 -1
-1 -1
-1 -1
-1 -1
-1 -1
4189 4189
-1 -1
3934 3934
4603 4603
-1 -1
2875 2875
-1 -1
-1 -1
-1 -1
-1 -1
-1 -1
-1 -1
3120 3120
-1 -1
-1 -1
147 147
-1 -1
-1 -1
4715 4715
-1 -1
-1 -1
-1 -1
-1 -1
-1 -1
-1 -1
-1 -1
-1 -1
2421 2421
-1 -1
-1 -1
-1 -1
465 465
-1 -1
-1 -1
-1 -1
-1 -1
6077 6077
1074 1074
-1 -1
-1 -1
2511 2511
1480 1480
-1 -1
-1 -1
-1 -1
-1 -1
-1 -1
-1 -1
-1 -1
-1 -1
1658 1658
-1 -1
2592 2592
-1 -1
-1 -1
1656 1656
-1 -1
-1 -1
-1 -1
-1 -1
-1 -1
-1 -1
-1 -1
-1 -1
-1 -1
-1 -1
2823 2823
-1 -1
-1 -1
-1 -1
-1 -1
-1 -1
-1 -1
-1 -1
-1 -1
-1 -1
3557 3557
28 28
4228 4228
-1 -1
-1 -1
-1 -1
-1 -1
-1 -1
3684 3684
-1 -1
-1 -1
-1 -1
-1 -1
-1 -1
-1 -1
4782 4782
-1 -1
-1 -1
-1 -1
4964 4964
-1 -1
-1 -1
-1 -1
-1 -1
-1 -1
-1 -1
772 773
-1 -1
-1 -1
-1 -1
-1 -1
-1 -1
-1 -1
-1 -1
-1 -1
3215 3215
-1 -1
-1 -1
-1 -1
1841 1842
-1 -1
-1 -1
96 96
-1 -1
1923 1923
5904 5904
4389 4389
-1 -1
-1 -1
-1 -1
1997 1997
-1 -1
-1 -1
-1 -1
5389 5389
-1 -1
-1 -1
-1 -1
-1 -1
-1 -1
2264 2264
-1 -1
-1 -1
-1 -1
3344 3344
-1 -1
-1 -1
-1 -1
-1 -1
-1 -1
-1 -1
-1 -1
3769 3769
1556 1557
-1 -1
-1 -1
4942 4942
368 368
4032 4033
-1 -1
5152 5152
-1 -1
5745 5745
-1 -1
-1 -1
-1 -1
-1 -1
-1 -1
-1 -1
-1 -1
-1 -1
-1 -1
-1 -1
-1 -1
-1 -1
-1 -1
-1 -1
-1 -1
3799 3799
-1 -1
-1 -1
-1 -1
-1 -1
-1 -1
-1 -1
-1 -1
-1 -1
2189 2189
-1 -1
-1 -1
-1 -1
-1 -1
5511 5511
4367 4367
1760 1760
-1 -1
1662 1662
-1 -1
-1 -1
-1 -1
-1 -1
-1 -1
-1 -1
4675 4675
1866 1866
-1 -1
-1 -1
-1 -1
638 638
-1 -1
5054 5054
1927 1927
2641 2642
3368 3369
-1 -1
-1 -1
-1 -1
-1 -1
-1 -1
4813 4814
383 383
-1 -1
-1 -1
-1 -1
-1 -1
-1 -1
-1 -1
-1 -1
-1 -1
1720 1720
-1 -1
1230 1230
-1 -1
-1 -1
5039 5039
1151 1151
-1 -1
-1 -1
183 183
-1 -1
-1 -1
-1 -1
-1 -1
-1 -1
-1 -1
2891 2891
-1 -1
-1 -1
-1 -1
-1 -1
-1 -1
4297 4297
1656 1656
-1 -1
-1 -1
2826 2826
5589 5589
-1 -1
715 715
3530 3530
-1 -1
3785 3785
2777 2778
-1 -1
-1 -1
-1 -1
2989 2989
-1 -1
-1 -1
2296 2297
-1 -1
-1 -1
-1 -1
6092 6092
-1 -1
-1 -1
-1 -1
-1 -1
-1 -1
-1 -1
-1 -1
-1 -1
5101 5101
212 212
-1 -1
5767 5767
-1 -1
3612 3612
-1 -1
889 889
1077 1077
-1 -1
-1 -1
1600 1600
-1 -1
-1 -1
-1 -1
-1 -1
-1 -1
-1 -1
-1 -1
-1 -1
-1 -1
6098 6098
-1 -1
-1 -1
-1 -1
-1 -1
-1 -1
-1 -1
-1 -1
-1 -1
-1 -1
-1 -1
989 989
-1 -1
-1 -1
-1 -1
6080 6080
-1 -1
-1 -1
547 549
-1 -1
5645 5645
-1 -1
-1 -1
2316 2316
1678 1679
-1 -1
4667 4667
-1 -1
-1 -1
-1 -1
4332 4333
-1 -1
14 14
234 234
5260 5260
-1 -1
-1 -1
4869 4869
1764 1764
1109 1109
-1 -1
-1 -1
-1 -1
2374 2374
895 895
-1 -1
-1 -1
-1 -1
-1 -1
-1 -1
-1 -1
-1 -1
-1 -1
-1 -1
4499 4499
-1 -1
-1 -1
521 521
1921 1921
-1 -1
-1 -1
3603 3603
-1 -1
-1 -1
-1 -1
-1 -1
-1 -1
-1 -1
5754 5754
-1 -1
5806 5807
-1 -1
-1 -1
-1 -1
-1 -1
-1 -1
-1 -1
3280 3281
4628 4628
-1 -1
-1 -1
-1 -1
3402 3402
2963 2963
-1 -1
-1 -1
3617 3617
-1 -1
-1 -1
-1 -1
5595 5595
5231 5231
-1 -1
-1 -1
-1 -1
-1 -1
-1 -1
-1 -1
-1 -1
-1 -1
-1 -1
-1 -1
3505 3505
-1 -1
-1 -1
-1 -1
-1 -1
-1 -1
-1 -1
-1 -1
-1 -1
-1 -1
2997 2997
-1 -1
150 151
-1 -1
2743 2743
5003 5003
-1 -1
-1 -1
-1 -1
-1 -1
2740 2740
-1 -1
5583 5583
-1 -1
-1 -1
-1 -1
-1 -1
-1 -1
-1 -1
2623 2623
1014 1015
-1 -1
86 86
-1 -1
-1 -1
-1 -1
-1 -1
-1 -1
-1 -1
802 802
-1 -1
5338 5339
-1 -1
-1 -1
-1 -1
-1 -1
-1 -1
-1 -1
-1 -1
-1 -1
1467 1467
-1 -1
2008 2008
3979 3979
-1 -1
-1 -1
5921 5921
1408 1408
-1 -1
-1 -1
5207 5207
1936 1936
352 354
-1 -1
-1 -1
1539 1539
-1 -1
5510 5510
4241 4242
5707 5707
-1 -1
-1 -1
2467 2468
-1 -1
5790 5790
-1 -1
-1 -1
-1 -1
4755 4755
-1 -1
-1 -1
-1 -1
-1 -1
-1 -1
1112 1112
1485 1485
1677 1677
-1 -1
-1 -1
-1 -1
1491 1491
-1 -1
1078 1079
-1 -1
2710 2710
-1 -1
-1 -1
-1 -1
-1 -1
-1 -1
-1 -1
214 215
2289 2289
3684 3684
6199 6199
4097 4097
-1 -1
-1 -1
5606 5606
1627 1627
2343 2343
-1 -1
-1 -1
-1 -1
-1 -1
5525 5525
2674 2674
-1 -1
-1 -1
-1 -1
-1 -1
4250 4250
-1 -1
-1 -1
-1 -1
-1 -1
-1 -1
1195 1195
2391 2391
-1 -1
-1 -1
-1 -1
-1 -1
3474 3475
141 141
-1 -1
5477 5478
-1 -1
-1 -1
-1 -1
-1 -1
-1 -1
-1 -1
-1 -1
-1 -1
-1 -1
-1 -1
-1 -1
-1 -1
3231 3231
-1 -1
5392 5393
-1 -1
1385 1386
-1 -1
2829 2829
1291 1291
-1 -1
-1 -1
1810 1810
-1 -1
2352 2353
6175 6175
307 307
-1 -1
-1 -1
-1 -1
-1 -1
1388 1388
-1 -1
-1 -1
3493 3493
-1 -1
-1 -1
-1 -1
2819 2819
-1 -1
-1 -1
1881 1881
-1 -1
746 746
-1 -1
-1 -1
1783 1784
-1 -1
-1 -1
3164 3164
-1 -1
-1 -1
-1 -1
-1 -1
-1 -1
-1 -1
4900 4900
-1 -1
1917 1917
-1 -1
4996 4996
-1 -1
-1 -1
-1 -1
503 503
3554 3554
-1 -1
-1 -1
-1 -1
938 938
-1 -1
-1 -1
-1 -1
-1 -1
-1 -1
-1 -1
-1 -1
917 917
1070 1070
3436 3436
6209 6209
3896 3896
-1 -1
4309 4309
-1 -1
4234 4234
-1 -1
-1 -1
-1 -1
-1 -1
-1 -1
-1 -1
-1 -1
-1 -1
-1 -1
-1 -1
-1 -1
-1 -1
-1 -1
-1 -1
3420 3420
4272 4273
4552 4552
-1 -1
2793 2793
-1 -1
1431 1431
-1 -1
125 125
-1 -1
-1 -1
-1 -1
-1 -1
-1 -1
-1 -1
2425 2425
1151 1151
-1 -1
1606 1606
-1 -1
-1 -1
-1 -1
-1 -1
-1 -1
-1 -1
1725 1726
-1 -1
-1 -1
-1 -1
-1 -1
-1 -1
-1 -1
-1 -1
-1 -1
-1 -1
4096 4096
-1 -1
-1 -1
-1 -1
5386 5386
-1 -1
2474 2474
-1 -1
-1 -1
-1 -1
-1 -1
-1 -1
-1 -1
-1 -1
1804 1804
3134 3136
-1 -1
446 446
-1 -1
-1 -1
-1 -1
-1 -1
-1 -1
-1 -1
-1 -1
-1 -1
-1 -1
1127 1127
-1 -1
-1 -1
-1 -1
-1 -1
-1 -1
-1 -1
-1 -1
-1 -1
-1 -1
-1 -1
-1 -1
-1 -1
2880 2880
3460 3460
4440 4441
4201 4201
2269 2270
-1 -1
-1 -1
-1 -1
-1 -1
-1 -1
4897 4897
-1 -1
-1 -1
-1 -1
-1 -1
4939 4939
2424 2424
-1 -1
3745 3745
-1 -1
-1 -1
-1 -1
-1 -1
-1 -1
-1 -1
-1 -1
-1 -1
757 757
-1 -1
-1 -1
-1 -1
424 424
-1 -1
-1 -1
-1 -1
3145 3145
-1 -1
-1 -1
-1 -1
-1 -1
-1 -1
2125 2125
-1 -1
2211 2212
1840 1840
365 365
-1 -1
1683 1683
-1 -1
-1 -1
4898 4898
4685 4685
-1 -1
-1 -1
-1 -1
2945 2945
-1 -1
-1 -1
-1 -1
-1 -1
-1 -1
-1 -1
531 531
-1 -1
-1 -1
-1 -1
-1 -1
-1 -1
-1 -1
-1 -1
-1 -1
-1 -1
-1 -1
-1 -1
-1 -1
-1 -1
2544 2544
-1 -1
-1 -1
-1 -1
5160 5160
-1 -1
-1 -1
-1 -1
-1 -1
4705 4705
-1 -1
6018 6018
-1 -1
1673 1673
-1 -1
-1 -1
6186 6186
-1 -1
-1 -1
-1 -1
-1 -1
681 681
-1 -1
6032 6033
-1 -1
-1 -1
-1 -1
-1 -1
-1 -1
-1 -1
-1 -1
-1 -1
-1 -1
-1 -1
-1 -1
2662 2662
-1 -1
-1 -1
-1 -1
-1 -1
-1 -1
-1 -1
-1 -1
1972 1972
-1 -1
-1 -1
6111 6111
-1 -1
-1 -1
-1 -1
-1 -1
5108 5108
-1 -1
1848 1848
5273 5273
4533 4533
-1 -1
6116 6116
1673 1673
3608 3608
-1 -1
-1 -1
-1 -1
-1 -1
-1 -1
-1 -1
-1 -1
-1 -1
824 824
2020 2020
-1 -1
-1 -1
2162 2163
1021 1022
-1 -1
-1 -1
-1 -1
-1 -1
1453 1453
-1 -1
-1 -1
1709 1709
-1 -1
-1 -1
-1 -1
-1 -1
3372 3372
2480 2480
-1 -1
-1 -1
-1 -1
5416 5416
-1 -1
-1 -1
-1 -1
-1 -1
-1 -1
3179 3179
-1 -1
-1 -1
-1 -1
5745 5745
-1 -1
-1 -1
-1 -1
-1 -1
-1 -1
-1 -1
-1 -1
-1 -1
-1 -1
2489 2490
-1 -1
-1 -1
2338 2338
-1 -1
-1 -1
3641 3642
-1 -1
-1 -1
2340 2340
2981 2982
-1 -1
2743 2743
-1 -1
-1 -1
-1 -1
-1 -1
4701 4701
-1 -1
5133 5133
1879 1879
5084 5084
4630 4630
2464 2464
-1 -1
271 271
-1 -1
-1 -1
6227 6227
5469 5469
-1 -1
-1 -1
3514 3514
2026 2026
-1 -1
-1 -1
-1 -1
4055 4056
-1 -1
-1 -1
1041 1041
5337 5337
4314 4314
-1 -1
2767 2767
-1 -1
4866 4866
-1 -1
-1 -1
-1 -1
-1 -1
-1 -1
4503 4504
-1 -1
890 890
-1 -1
3878 3879
-1 -1
-1 -1
-1 -1
1642 1642
3133 3133
-1 -1
-1 -1
4819 4819
-1 -1
4894 4894
124 124
3059 3060
5126 5127
-1 -1
-1 -1
-1 -1
-1 -1
-1 -1
1757 1757
-1 -1
-1 -1
-1 -1
-1 -1
-1 -1
5643 5643
2110 2110
-1 -1
-1 -1
3484 3484
-1 -1
-1 -1
-1 -1
-1 -1
-1 -1
-1 -1
-1 -1
-1 -1
-1 -1
2716 2716
114 115
-1 -1
-1 -1
3872 3872
-1 -1
-1 -1
-1 -1
-1 -1
-1 -1
-1 -1
-1 -1
-1 -1
-1 -1
-1 -1
-1 -1
-1 -1
-1 -1
-1 -1
3872 3872
6218 6218
-1 -1
-1 -1
-1 -1
-1 -1
-1 -1
4702 4702
-1 -1
4613 4614
-1 -1
4244 4244
-1 -1
-1 -1
-1 -1
-1 -1
-1 -1
-1 -1
5395 5396
-1 -1
-1 -1
-1 -1
-1 -1
-1 -1
-1 -1
34 34
-1 -1
-1 -1
-1 -1
-1 -1
-1 -1
-1 -1
-1 -1
-1 -1
2531 2531
316 317
-1 -1
-1 -1
518 518
-1 -1
-1 -1
2869 2869
-1 -1
-1 -1
-1 -1
717 717
-1 -1
-1 -1
-1 -1
5276 5277
-1 -1
2704 2704
-1 -1
6200 6200
-1 -1
-1 -1
-1 -1
4811 4811
-1 -1
4201 4201
-1 -1
-1 -1
1525 1525
624 624
-1 -1
-1 -1
-1 -1
-1 -1
-1 -1
-1 -1
1625 1625
1073 1073
-1 -1
-1 -1
-1 -1
4713 4713
-1 -1
-1 -1
-1 -1
-1 -1
6069 6069
2745 2745
-1 -1
-1 -1
-1 -1
-1 -1
-1 -1
716 716
-1 -1
-1 -1
4903 4903
6080 6080
-1 -1
3755 3755
-1 -1
-1 -1
-1 -1
4200 4200
-1 -1
-1 -1
3819 3819
-1 -1
-1 -1
1468 1468
-1 -1
-1 -1
5094 5094
3668 3668
3411 3411
5096 5096
-1 -1
-1 -1
-1 -1
1366 1366
-1 -1
4415 4415
-1 -1
-1 -1
-1 -1
-1 -1
-1 -1
5266 5266
-1 -1
-1 -1
-1 -1
2320 2320
-1 -1
-1 -1
-1 -1
-1 -1
1574 1574
2028 2028
2362 2362
-1 -1
-1 -1
-1 -1
-1 -1
-1 -1
-1 -1
1745 1745
-1 -1
-1 -1
-1 -1
-1 -1
-1 -1
-1 -1
3996 3996
-1 -1
-1 -1
-1 -1
-1 -1
-1 -1
-1 -1
4671 4671
-1 -1
1718 1718
-1 -1
-1 -1
-1 -1
-1 -1
-1 -1
-1 -1
2034 2035
-1 -1
-1 -1
1776 1776
-1 -1
-1 -1
-1 -1
-1 -1
-1 -1
3981 3981
-1 -1
-1 -1
155 155
5904 5904
-1 -1
4802 4802
-1 -1
-1 -1
-1 -1
-1 -1
-1 -1
-1 -1
-1 -1
-1 -1
-1 -1
-1 -1
-1 -1
-1 -1
2705 2705
-1 -1
778 778
-1 -1
-1 -1
-1 -1
-1 -1
-1 -1
-1 -1
-1 -1
-1 -1
-1 -1
-1 -1
-1 -1
-1 -1
-1 -1
-1 -1
-1 -1
-1 -1
-1 -1
-1 -1
-1 -1
-1 -1
4310 4311
-1 -1
-1 -1
-1 -1
-1 -1
-1 -1
-1 -1
-1 -1
5764 5764
3888 3889
-1 -1
-1 -1
-1 -1
-1 -1
-1 -1
-1 -1
-1 -1
1063 1063
2388 2388
-1 -1
2044 2044
-1 -1
5615 5615
-1 -1
-1 -1
-1 -1
-1 -1
-1 -1
-1 -1
-1 -1
-1 -1
-1 -1
2837 2837
-1 -1
-1 -1
-1 -1
-1 -1
-1 -1
-1 -1
-1 -1
-1 -1
-1 -1
-1 -1
3975 3975
-1 -1
-1 -1
-1 -1
3318 3318
-1 -1
2415 2415
-1 -1
-1 -1
-1 -1
-1 -1
5307 5307
-1 -1
-1 -1
2951 2951
-1 -1
-1 -1
-1 -1
-1 -1
6201 6201
-1 -1
-1 -1
-1 -1
-1 -1
-1 -1
-1 -1
-1 -1
-1 -1
-1 -1
-1 -1
2041 2041
-1 -1
-1 -1
-1 -1
-1 -1
-1 -1
1213 1213
-1 -1
5243 5244
-1 -1
-1 -1
-1 -1
-1 -1
-1 -1
-1 -1
-1 -1
-1 -1
-1 -1
6078 6078
959 959
-1 -1
-1 -1
-1 -1
3740 3740
-1 -1
3196 3196
480 480
-1 -1
146 146
-1 -1
5138 5138
-1 -1
-1 -1
684 684
-1 -1
2094 2095
-1 -1
-1 -1
-1 -1
-1 -1
-1 -1
-1 -1
-1 -1
-1 -1
-1 -1
2983 2983
-1 -1
-1 -1
-1 -1
-1 -1
-1 -1
1861 1861
-1 -1
2275 2276
-1 -1
3816 3816
-1 -1
-1 -1
2068 2068
5805 5805
-1 -1
-1 -1
-1 -1
-1 -1
-1 -1
-1 -1
-1 -1
-1 -1
-1 -1
-1 -1
-1 -1
4358 4358
-1 -1
-1 -1
-1 -1
-1 -1
-1 -1
-1 -1
-1 -1
-1 -1
660 661
-1 -1
-1 -1
5763 5763
-1 -1
-1 -1
-1 -1
-1 -1
950 950
5021 5021
-1 -1
-1 -1
-1 -1
4826 4827
-1 -1
3449 3449
-1 -1
-1 -1
-1 -1
3670 3670
-1 -1
1029 1029
4286 4286
2355 2355
4035 4035
-1 -1
-1 -1
-1 -1
-1 -1
-1 -1
-1 -1
6098 6098
-1 -1
-1 -1
-1 -1
-1 -1
-1 -1
-1 -1
4346 4346
-1 -1
2426 2426
-1 -1
-1 -1
-1 -1
4312 4312
-1 -1
-1 -1
-1 -1
-1 -1
4324 4324
-1 -1
-1 -1
-1 -1
2836 2836
-1 -1
-1 -1
-1 -1
-1 -1
3901 3901
4845 4847
-1 -1
15 15
-1 -1
-1 -1
-1 -1
2272 2272
-1 -1
-1 -1
-1 -1
-1 -1
-1 -1
-1 -1
3187 3187
-1 -1
-1 -1
4566 4567
-1 -1
-1 -1
-1 -1
-1 -1
-1 -1
-1 -1
-1 -1
-1 -1
2833 2833
-1 -1
3527 3527
-1 -1
-1 -1
-1 -1
-1 -1
-1 -1
-1 -1
-1 -1
-1 -1
3708 3708
-1 -1
-1 -1
-1 -1
506 506
-1 -1
-1 -1
-1 -1
-1 -1
5351 5351
-1 -1
-1 -1
-1 -1
-1 -1
-1 -1
-1 -1
-1 -1
805 805
-1 -1
5230 5230
-1 -1
297 297
-1 -1
-1 -1
-1 -1
-1 -1
-1 -1
2006 2006
-1 -1
953 953
-1 -1
-1 -1
-1 -1
750 750
3874 3875
-1 -1
-1 -1
-1 -1
2285 2285
2575 2575
-1 -1
-1 -1
-1 -1
-1 -1
1525 1525
-1 -1
4174 4174
-1 -1
-1 -1
1228 1228
-1 -1
-1 -1
-1 -1
-1 -1
4641 4641
5234 5234
-1 -1
-1 -1
640 640
-1 -1
-1 -1
563 563
-1 -1
-1 -1
480 480
-1 -1
4648 4648
-1 -1
-1 -1
-1 -1
-1 -1
5936 5936
-1 -1
4369 4369
-1 -1
-1 -1
3970 3970
-1 -1
-1 -1
-1 -1
-1 -1
-1 -1
-1 -1
1448 1448
-1 -1
-1 -1
-1 -1
-1 -1
1299 1300
-1 -1
3955 3955
-1 -1
-1 -1
-1 -1
2834 2834
-1 -1
-1 -1
1108 1108
-1 -1
4867 4867
237 237
-1 -1
-1 -1
-1 -1
-1 -1
-1 -1
-1 -1
-1 -1
-1 -1
-1 -1
-1 -1
-1 -1
4972 4972
-1 -1
2501 2501
3243 3244
-1 -1
-1 -1
-1 -1
-1 -1
3712 3712
-1 -1
-1 -1
-1 -1
6212 6212
-1 -1
-1 -1
-1 -1
-1 -1
2033 2033
-1 -1
-1 -1
-1 -1
-1 -1
-1 -1
853 853
-1 -1
-1 -1
2323 2323
2966 2966
1070 1070
5955 5955
-1 -1
-1 -1
-1 -1
-1 -1
-1 -1
-1 -1
-1 -1
4921 4921
-1 -1
2259 2259
-1 -1
-1 -1
3228 3228
4713 4713
-1 -1
-1 -1
3631 3631
-1 -1
-1 -1
-1 -1
-1 -1
6246 6246
-1 -1
5287 5287
-1 -1
1050 1051
-1 -1
-1 -1
-1 -1
-1 -1
-1 -1
-1 -1
1527 1527
-1 -1
-1 -1
370 370
-1 -1
-1 -1
-1 -1
-1 -1
-1 -1
1406 1406
5120 5120
1504 1504
-1 -1
-1 -1
-1 -1
-1 -1
-1 -1
535 535
-1 -1
-1 -1
-1 -1
-1 -1
-1 -1
2080 2080
5737 5737
-1 -1
4445 4445
-1 -1
778 778
-1 -1
3999 4000
-1 -1
932 932
2554 2554
-1 -1
-1 -1
-1 -1
-1 -1
-1 -1
-1 -1
-1 -1
-1 -1
-1 -1
-1 -1
-1 -1
-1 -1
-1 -1
-1 -1
-1 -1
1932 1933
19 19
-1 -1
-1 -1
-1 -1
2235 2235
306 306
-1 -1
-1 -1
-1 -1
-1 -1
3431 3431
-1 -1
-1 -1
-1 -1
-1 -1
-1 -1
-1 -1
5209 5210
-1 -1
-1 -1
-1 -1
-1 -1
805 805
-1 -1
-1 -1
18 18
-1 -1
-1 -1
-1 -1
-1 -1
4721 4721
-1 -1
-1 -1
-1 -1
2194 2194
-1 -1
-1 -1
2038 2038
-1 -1
-1 -1
-1 -1
5406 5407
757 757
1900 1900
-1 -1
-1 -1
6120 6120
-1 -1
4973 4973
-1 -1
-1 -1
-1 -1
4954 4954
-1 -1
-1 -1
-1 -1
-1 -1
-1 -1
904 904
5093 5093
-1 -1
-1 -1
-1 -1
1434 1434
-1 -1
-1 -1
-1 -1
-1 -1
-1 -1
-1 -1
-1 -1
3464 3464
-1 -1
-1 -1
4308 4308
-1 -1
1306 1306
-1 -1
-1 -1
-1 -1
3850 3850
-1 -1
-1 -1
-1 -1
-1 -1
-1 -1
-1 -1
-1 -1
1473 1473
-1 -1
-1 -1
-1 -1
-1 -1
-1 -1
-1 -1
-1 -1
-1 -1
-1 -1
-1 -1
-1 -1
-1 -1
-1 -1
-1 -1
3694 3694
4709 4709
3852 3853
-1 -1
5226 5226
-1 -1
4334 4334
-1 -1
222 222
57 57
-1 -1
-1 -1
-1 -1
6065 6065
-1 -1
-1 -1
4653 4653
-1 -1
3791 3791
-1 -1
-1 -1
50 50
-1 -1
2302 2302
-1 -1
-1 -1
-1 -1
2544 2544
4373 4373
-1 -1
-1 -1
6006 6008
-1 -1
-1 -1
3817 3817
-1 -1
2745 2745
-1 -1
-1 -1
-1 -1
-1 -1
-1 -1
3357 3357
-1 -1
-1 -1
-1 -1
4743 4743
-1 -1
-1 -1
-1 -1
-1 -1
-1 -1
-1 -1
-1 -1
-1 -1
4738 4738
-1 -1
-1 -1
-1 -1
-1 -1
-1 -1
3820 3821
-1 -1
-1 -1
5589 5589
1273 1273
859 859
-1 -1
-1 -1
-1 -1
-1 -1
-1 -1
-1 -1
-1 -1
-1 -1
-1 -1
4875 4876
-1 -1
-1 -1
-1 -1
-1 -1
-1 -1
-1 -1
2886 2886
-1 -1
-1 -1
5199 5199
-1 -1
-1 -1
-1 -1
2072 2072
248 248
-1 -1
2434 2435
-1 -1
-1 -1
-1 -1
-1 -1
-1 -1
696 696
2130 2130
-1 -1
162 162
-1 -1
-1 -1
217 218
5644 5644
-1 -1
-1 -1
57 57
-1 -1
-1 -1
415 416
-1 -1
5000 5000
-1 -1
-1 -1
-1 -1
-1 -1
-1 -1
-1 -1
-1 -1
-1 -1
-1 -1
-1 -1
4890 4890
105 105
-1 -1
-1 -1
-1 -1
4870 4870
2400 2400
-1 -1
2948 2950
-1 -1
-1 -1
-1 -1
-1 -1
-1 -1
-1 -1
-1 -1
-1 -1
-1 -1
-1 -1
-1 -1
-1 -1
-1 -1
380 380
-1 -1
4637 4637
3239 3240
142 142
-1 -1
4057 4057
3947 3949
5584 5584
-1 -1
-1 -1
-1 -1
-1 -1
-1 -1
-1 -1
-1 -1
-1 -1
5512 5513
-1 -1
5732 5732
-1 -1
-1 -1
-1 -1
-1 -1
6243 6243
-1 -1
4572 4572
413 413
-1 -1
-1 -1
-1 -1
2107 2107
-1 -1
-1 -1
2804 2806
4724 4724
-1 -1
822 823
-1 -1
-1 -1
3007 3007
-1 -1
524 524
-1 -1
-1 -1
-1 -1
3941 3941
-1 -1
-1 -1
1096 1096
-1 -1
-1 -1
-1 -1
-1 -1
4488 4489
-1 -1
-1 -1
-1 -1
-1 -1
-1 -1
-1 -1
-1 -1
5010 5010
-1 -1
4268 4268
-1 -1
-1 -1
-1 -1
-1 -1
-1 -1
1585 1585
-1 -1
-1 -1
-1 -1
-1 -1
-1 -1
-1 -1
-1 -1
-1 -1
2684 2684
-1 -1
-1 -1
-1 -1
-1 -1
-1 -1
-1 -1
-1 -1
-1 -1
3040 3040
3001 3001
-1 -1
-1 -1
-1 -1
-1 -1
-1 -1
-1 -1
-1 -1
3099 3099
149 149
-1 -1
-1 -1
-1 -1
-1 -1
-1 -1
-1 -1
4440 4441
-1 -1
1449 1449
3411 3411
2306 2306
-1 -1
-1 -1
-1 -1
-1 -1
-1 -1
-1 -1
-1 -1
-1 -1
-1 -1
-1 -1
-1 -1
-1 -1
-1 -1
1883 1883
-1 -1
-1 -1
3184 3185
-1 -1
-1 -1
-1 -1
5028 5028
-1 -1
-1 -1
-1 -1
-1 -1
-1 -1
-1 -1
-1 -1
-1 -1
109 109
456 456
-1 -1
-1 -1
-1 -1
3672 3672
-1 -1
-1 -1
-1 -1
-1 -1
-1 -1
-1 -1
-1 -1
4722 4722
-1 -1
-1 -1
-1 -1
-1 -1
-1 -1
-1 -1
-1 -1
1879 1879
-1 -1
-1 -1
-1 -1
-1 -1
-1 -1
4539 4539
-1 -1
-1 -1
-1 -1
-1 -1
-1 -1
-1 -1
2597 2597
-1 -1
6201 6201
-1 -1
-1 -1
-1 -1
-1 -1
-1 -1
4165 4166
-1 -1
-1 -1
-1 -1
-1 -1
-1 -1
-1 -1
-1 -1
-1 -1
265 265
-1 -1
-1 -1
-1 -1
198 199
-1 -1
-1 -1
3399 3399
1250 1250
-1 -1
-1 -1
-1 -1
593 594
-1 -1
-1 -1
3093 3093
-1 -1
-1 -1
-1 -1
-1 -1
-1 -1
-1 -1
-1 -1
-1 -1
-1 -1
-1 -1
-1 -1
-1 -1
6173 6173
-1 -1
1030 1030
2724 2724
-1 -1
-1 -1
-1 -1
-1 -1
5926 5926
-1 -1
2112 2112
-1 -1
-1 -1
-1 -1
-1 -1
-1 -1
4483 4483
-1 -1
-1 -1
-1 -1
-1 -1
1772 1772
3862 3862
-1 -1
-1 -1
5072 5073
-1 -1
2158 2158
-1 -1
4185 4185
4336 4336
4947 4947
-1 -1
-1 -1
-1 -1
-1 -1
-1 -1
-1 -1
1673 1673
-1 -1
450 450
-1 -1
-1 -1
-1 -1
-1 -1
-1 -1
1348 1349
-1 -1
-1 -1
-1 -1
-1 -1
4337 4338
-1 -1
-1 -1
-1 -1
-1 -1
-1 -1
-1 -1
-1 -1
1169 1169
-1 -1
-1 -1
-1 -1
5720 5720
-1 -1
-1 -1
-1 -1
-1 -1
-1 -1
-1 -1
-1 -1
-1 -1
-1 -1
-1 -1
-1 -1
-1 -1
802 802
2824 2824
-1 -1
-1 -1
-1 -1
2625 2625
-1 -1
-1 -1
3535 3535
3605 3605
-1 -1
-1 -1
3644 3644
-1 -1
2459 2461
813 813
-1 -1
-1 -1
153 153
-1 -1
-1 -1
5826 5826
-1 -1
-1 -1
-1 -1
825 826
4707 4707
5742 5743
-1 -1
1569 1569
-1 -1
-1 -1
-1 -1
-1 -1
54 54
-1 -1
-1 -1
-1 -1
4690 4690
2611 2611
1818 1818
-1 -1
24 24
-1 -1
-1 -1
-1 -1
4348 4348
-1 -1
-1 -1
-1 -1
-1 -1
-1 -1
-1 -1
-1 -1
-1 -1
-1 -1
-1 -1
-1 -1
-1 -1
-1 -1
-1 -1
-1 -1
-1 -1
-1 -1
-1 -1
2 2
726 727
-1 -1
-1 -1
-1 -1
-1 -1
-1 -1
-1 -1
-1 -1
3926 3926
-1 -1
359 359
-1 -1
-1 -1
5963 5963
-1 -1
-1 -1
-1 -1
-1 -1
-1 -1
-1 -1
-1 -1
-1 -1
4726 4727
393 394
-1 -1
2651 2651
-1 -1
-1 -1
-1 -1
-1 -1
-1 -1
-1 -1
-1 -1
-1 -1
-1 -1
-1 -1
-1 -1
2351 2351
-1 -1
-1 -1
-1 -1
1764 1764
-1 -1
1496 1496
-1 -1
1480 1480
-1 -1
-1 -1
-1 -1
5570 5570
1713 1713
-1 -1
1205 1205
-1 -1
4653 4653
-1 -1
-1 -1
-1 -1
-1 -1
-1 -1
1036 1036
-1 -1
-1 -1
-1 -1
-1 -1
2414 2414
955 955
-1 -1
-1 -1
855 855
-1 -1
-1 -1
5168 5168
-1 -1
-1 -1
96 96
768 768
4483 4483
-1 -1
-1 -1
-1 -1
4375 4375
-1 -1
-1 -1
-1 -1
2680 2680
-1 -1
-1 -1
-1 -1
-1 -1
-1 -1
-1 -1
-1 -1
-1 -1
3212 3212
-1 -1
-1 -1
-1 -1
-1 -1
4058 4058
1298 1298
2487 2487
689 689
5128 5128
-1 -1
3740 3740
-1 -1
-1 -1
6240 6240
3872 3872
-1 -1
611 611
-1 -1
1316 1316
2123 2123
-1 -1
-1 -1
1829 1829
-1 -1
2877 2878
-1 -1
-1 -1
-1 -1
-1 -1
-1 -1
-1 -1
-1 -1
-1 -1
-1 -1
3389 3389
-1 -1
1296 1296
-1 -1
879 879
-1 -1
-1 -1
57 57
2781 2781
4503 4504
-1 -1
-1 -1
-1 -1
553 553
-1 -1
-1 -1
-1 -1
-1 -1
-1 -1
-1 -1
-1 -1
1578 1578
-1 -1
-1 -1
-1 -1
-1 -1
-1 -1
5700 5700
-1 -1
-1 -1
5905 5905
-1 -1
-1 -1
-1 -1
-1 -1
2621 2621
-1 -1
-1 -1
-1 -1
-1 -1
150 151
-1 -1
-1 -1
-1 -1
-1 -1
-1 -1
-1 -1
4844 4844
-1 -1
3121 3121
3253 3253
-1 -1
-1 -1
-1 -1
-1 -1
-1 -1
-1 -1
-1 -1
-1 -1
-1 -1
3707 3707
-1 -1
-1 -1
2279 2279
-1 -1
-1 -1
-1 -1
2295 2295
-1 -1
-1 -1
3684 3684
4440 4441
-1 -1
-1 -1
-1 -1
-1 -1
2695 2696
-1 -1
-1 -1
-1 -1
1661 1661
1372 1372
3146 3146
-1 -1
-1 -1
2492 2492
-1 -1
4238 4238
265 265
-1 -1
-1 -1
-1 -1
-1 -1
3461 3462
-1 -1
-1 -1
814 814
5898 5898
-1 -1
-1 -1
-1 -1
-1 -1
-1 -1
-1 -1
-1 -1
-1 -1
3279 3279
-1 -1
-1 -1
4044 4044
5194 5194
-1 -1
-1 -1
-1 -1
-1 -1
-1 -1
-1 -1
-1 -1
-1 -1
-1 -1
-1 -1
-1 -1
-1 -1
-1 -1
936 936
-1 -1
-1 -1
483 483
-1 -1
3535 3535
-1 -1
-1 -1
-1 -1
-1 -1
-1 -1
-1 -1
-1 -1
3680 3680
5124 5124
5106 5107
-1 -1
2175 2175
4743 4743
-1 -1
-1 -1
-1 -1
-1 -1
3676 3677
-1 -1
-1 -1
-1 -1
378 378
-1 -1
5098 5098
-1 -1
-1 -1
3878 3879
4745 4745
-1 -1
-1 -1
-1 -1
3683 3683
-1 -1
2364 2364
-1 -1
-1 -1
-1 -1
-1 -1
-1 -1
-1 -1
-1 -1
-1 -1
-1 -1
-1 -1
-1 -1
-1 -1
1666 1667
-1 -1
4503 4504
-1 -1
-1 -1
-1 -1
-1 -1
-1 -1
-1 -1
6108 6108
-1 -1
-1 -1
-1 -1
-1 -1
5868 5869
-1 -1
-1 -1
-1 -1
-1 -1
-1 -1
1809 1809
-1 -1
167 167
2987 2988
-1 -1
-1 -1
-1 -1
-1 -1
-1 -1
-1 -1
-1 -1
4409 4409
-1 -1
-1 -1
-1 -1
4317 4318
2044 2044
4397 4397
6123 6123
-1 -1
-1 -1
-1 -1
3671 3671
-1 -1
-1 -1
-1 -1
4359 4359
-1 -1
34 34
-1 -1
-1 -1
-1 -1
2244 2244
1763 1763
-1 -1
-1 -1
-1 -1
-1 -1
-1 -1
-1 -1
-1 -1
-1 -1
-1 -1
-1 -1
-1 -1
-1 -1
-1 -1
-1 -1
-1 -1
-1 -1
-1 -1
-1 -1
-1 -1
-1 -1
-1 -1
775 777
-1 -1
-1 -1
-1 -1
-1 -1
-1 -1
-1 -1
1967 1967
-1 -1
-1 -1
-1 -1
-1 -1
1963 1963
-1 -1
-1 -1
3348 3348
-1 -1
3682 3682
2367 2367
456 456
-1 -1
-1 -1
-1 -1
3209 3209
5087 5087
-1 -1
-1 -1
-1 -1
1281 1281
-1 -1
-1 -1
-1 -1
-1 -1
4812 4812
-1 -1
-1 -1
-1 -1
4383 4384
-1 -1
-1 -1
3347 3347
-1 -1
-1 -1
708 709
-1 -1
-1 -1
-1 -1
-1 -1
-1 -1
29 29
1719 1719
1465 1465
-1 -1
-1 -1
-1 -1
-1 -1
-1 -1
-1 -1
-1 -1
3325 3325
3492 3492
910 910
4831 4831
-1 -1
-1 -1
2265 2265
-1 -1
-1 -1
-1 -1
-1 -1
912 912
-1 -1
-1 -1
-1 -1
-1 -1
2654 2654
-1 -1
911 911
-1 -1
-1 -1
-1 -1
-1 -1
-1 -1
791 791
-1 -1
5679 5679
-1 -1
-1 -1
-1 -1
-1 -1
-1 -1
-1 -1
3527 3527
5940 5941
-1 -1
-1 -1
-1 -1
-1 -1
-1 -1
-1 -1
-1 -1
4850 4851
-1 -1
1166 1167
-1 -1
3560 3560
2955 2955
5960 5960
-1 -1
5145 5145
-1 -1
-1 -1
801 801
61 61
-1 -1
-1 -1
5783 5784
-1 -1
-1 -1
-1 -1
2092 2092
-1 -1
-1 -1
-1 -1
-1 -1
-1 -1
-1 -1
-1 -1
5862 5862
-1 -1
-1 -1
5952 5952
-1 -1
-1 -1
-1 -1
4070 4070
1528 1528
-1 -1
-1 -1
-1 -1
5990 5990
4816 4816
-1 -1
-1 -1
-1 -1
-1 -1
965 965
-1 -1
-1 -1
-1 -1
-1 -1
-1 -1
1502 1502
1410 1410
-1 -1
-1 -1
-1 -1
-1 -1
-1 -1
-1 -1
-1 -1
-1 -1
3933 3933
-1 -1
-1 -1
-1 -1
-1 -1
1775 1775
479 479
4413 4413
-1 -1
-1 -1
-1 -1
-1 -1
5205 5205
-1 -1
-1 -1
-1 -1
89 90
-1 -1
-1 -1
-1 -1
-1 -1
1711 1712
-1 -1
-1 -1
-1 -1
-1 -1
-1 -1
-1 -1
3399 3399
-1 -1
-1 -1
-1 -1
-1 -1
-1 -1
-1 -1
-1 -1
-1 -1
5316 5316
-1 -1
-1 -1
-1 -1
-1 -1
-1 -1
-1 -1
-1 -1
-1 -1
-1 -1
-1 -1
-1 -1
-1 -1
-1 -1
-1 -1
-1 -1
-1 -1
-1 -1
-1 -1
-1 -1
-1 -1
-1 -1
-1 -1
-1 -1
-1 -1
5643 5643
-1 -1
-1 -1
259 259
-1 -1
5034 5034
-1 -1
-1 -1
-1 -1
-1 -1
-1 -1
-1 -1
-1 -1
285 285
2698 2698
4071 4072
3770 3770
2386 2387
-1 -1
1872 1873
-1 -1
-1 -1
-1 -1
1687 1688
-1 -1
-1 -1
4045 4045
3703 3703
-1 -1
-1 -1
-1 -1
2411 2411
-1 -1
-1 -1
-1 -1
-1 -1
-1 -1
-1 -1
-1 -1
4145 4145
-1 -1
6219 6219
-1 -1
2366 2366
-1 -1
1428 1428
-1 -1
5190 5190
-1 -1
-1 -1
5424 5424
-1 -1
-1 -1
-1 -1
-1 -1
-1 -1
-1 -1
2546 2546
-1 -1
-1 -1
-1 -1
-1 -1
71 71
2157 2157
-1 -1
-1 -1
-1 -1
-1 -1
-1 -1
-1 -1
-1 -1
-1 -1
-1 -1
-1 -1
-1 -1
-1 -1
-1 -1
-1 -1
-1 -1
4723 4723
-1 -1
-1 -1
126 126
-1 -1
-1 -1
-1 -1
-1 -1
1060 1060
-1 -1
-1 -1
-1 -1
-1 -1
-1 -1
-1 -1
-1 -1
-1 -1
1932 1933
-1 -1
-1 -1
4956 4956
438 438
-1 -1
-1 -1
899 899
-1 -1
-1 -1
-1 -1
-1 -1
-1 -1
-1 -1
-1 -1
-1 -1
4995 4995
3417 3417
-1 -1
-1 -1
3110 3110
-1 -1
436 436
-1 -1
5443 5444
-1 -1
5515 5515
-1 -1
-1 -1
-1 -1
3972 3973
-1 -1
-1 -1
-1 -1
2510 2510
-1 -1
-1 -1
-1 -1
-1 -1
842 842
-1 -1
-1 -1
-1 -1
2147 2147
-1 -1
-1 -1
-1 -1
4191 4192
-1 -1
-1 -1
-1 -1
-1 -1
-1 -1
-1 -1
-1 -1
-1 -1
-1 -1
-1 -1
-1 -1
-1 -1
-1 -1
4325 4325
2520 2520
-1 -1
-1 -1
-1 -1
-1 -1
-1 -1
1097 1097
-1 -1
-1 -1
-1 -1
-1 -1
-1 -1
3965 3965
1554 1554
-1 -1
-1 -1
828 829
-1 -1
-1 -1
-1 -1
3102 3104
-1 -1
-1 -1
-1 -1
-1 -1
-1 -1
-1 -1
-1 -1
-1 -1
-1 -1
-1 -1
-1 -1
-1 -1
2005 2005
-1 -1
-1 -1
-1 -1
-1 -1
-1 -1
-1 -1
-1 -1
6223 6223
-1 -1
-1 -1
-1 -1
-1 -1
-1 -1
-1 -1
-1 -1
3165 3165
-1 -1
-1 -1
-1 -1
-1 -1
204 204
2337 2337
2134 2134
-1 -1
-1 -1
2045 2045
-1 -1
846 847
-1 -1
-1 -1
-1 -1
-1 -1
-1 -1
-1 -1
-1 -1
-1 -1
-1 -1
-1 -1
-1 -1
-1 -1
4649 4649
-1 -1
-1 -1
-1 -1
-1 -1
-1 -1
-1 -1
-1 -1
-1 -1
1830 1830
465 465
-1 -1
-1 -1
-1 -1
3647 3647
-1 -1
-1 -1
1034 1035
-1 -1
4169 4170
5987 5987
-1 -1
-1 -1
-1 -1
-1 -1
3099 3099
-1 -1
-1 -1
931 931
1866 1866
-1 -1
-1 -1
-1 -1
-1 -1
-1 -1
143 143
-1 -1
-1 -1
-1 -1
-1 -1
5015 5016
3221 3221
-1 -1
2981 2982
546 546
-1 -1
-1 -1
-1 -1
-1 -1
-1 -1
-1 -1
2298 2298
1730 1730
-1 -1
-1 -1
-1 -1
-1 -1
3634 3634
-1 -1
-1 -1
3680 3680
-1 -1
-1 -1
-1 -1
-1 -1
-1 -1
1001 1001
-1 -1
-1 -1
-1 -1
1894 1894
4520 4520
-1 -1
-1 -1
-1 -1
-1 -1
-1 -1
-1 -1
3892 3892
-1 -1
-1 -1
-1 -1
6237 6237
-1 -1
-1 -1
-1 -1
-1 -1
-1 -1
-1 -1
-1 -1
1232 1232
-1 -1
1407 1407
-1 -1
-1 -1
-1 -1
-1 -1
-1 -1
-1 -1
-1 -1
1279 1279
-1 -1
-1 -1
-1 -1
-1 -1
2391 2391
-1 -1
-1 -1
-1 -1
762 762
-1 -1
-1 -1
4491 4491
5095 5095
-1 -1
-1 -1
-1 -1
-1 -1
3662 3662
-1 -1
-1 -1
1601 1601
-1 -1
4724 4724
-1 -1
-1 -1
-1 -1
-1 -1
573 574
-1 -1
-1 -1
-1 -1
-1 -1
-1 -1
-1 -1
2555 2555
-1 -1
-1 -1
-1 -1
-1 -1
2737 2737
3704 3704
1288 1288
5405 5405
-1 -1
5522 5522
6118 6118
-1 -1
-1 -1
-1 -1
6021 6021
-1 -1
5827 5828
-1 -1
3197 3197
-1 -1
-1 -1
-1 -1
-1 -1
-1 -1
-1 -1
-1 -1
2165 2165
-1 -1
-1 -1
-1 -1
-1 -1
-1 -1
1204 1204
-1 -1
-1 -1
1882 1882
-1 -1
-1 -1
-1 -1
-1 -1
2899 2899
-1 -1
-1 -1
-1 -1
-1 -1
1005 1005
-1 -1
1262 1262
-1 -1
-1 -1
-1 -1
-1 -1
1938 1938
4615 4617
5200 5200
-1 -1
-1 -1
-1 -1
-1 -1
4487 4487
-1 -1
3428 3428
-1 -1
-1 -1
2600 2600
-1 -1
-1 -1
-1 -1
2446 2446
-1 -1
-1 -1
-1 -1
-1 -1
-1 -1
-1 -1
-1 -1
3370 3370
-1 -1
-1 -1
-1 -1
-1 -1
-1 -1
2621 2621
-1 -1
-1 -1
-1 -1
36 37
-1 -1
-1 -1
4437 4437
-1 -1
-1 -1
-1 -1
2980 2980
1105 1105
-1 -1
-1 -1
-1 -1
5860 5860
3557 3557
-1 -1
-1 -1
-1 -1
-1 -1
172 172
4904 4904
1467 1467
-1 -1
-1 -1
2045 2045
-1 -1
277 277
1809 1809
-1 -1
-1 -1
-1 -1
3707 3707
5289 5289
-1 -1
-1 -1
4518 4518
-1 -1
-1 -1
-1 -1
1432 1433
-1 -1
1385 1386
-1 -1
-1 -1
-1 -1
5594 5594
3937 3937
-1 -1
-1 -1
-1 -1
1834 1834
-1 -1
-1 -1
-1 -1
-1 -1
-1 -1
-1 -1
-1 -1
-1 -1
-1 -1
368 368
-1 -1
1972 1972
-1 -1
2701 2701
-1 -1
-1 -1
-1 -1
-1 -1
-1 -1
-1 -1
-1 -1
-1 -1
-1 -1
14 14
-1 -1
-1 -1
5905 5905
1420 1420
-1 -1
-1 -1
78 78
-1 -1
-1 -1
-1 -1
-1 -1
-1 -1
-1 -1
-1 -1
-1 -1
-1 -1
-1 -1
-1 -1
-1 -1
-1 -1
-1 -1
-1 -1
-1 -1
-1 -1
-1 -1
-1 -1
-1 -1
-1 -1
769 769
-1 -1
-1 -1
-1 -1
-1 -1
3297 3298
1721 1721
-1 -1
-1 -1
-1 -1
-1 -1
-1 -1
4062 4063
3550 3550
-1 -1
-1 -1
-1 -1
-1 -1
-1 -1
-1 -1
3813 3813
-1 -1
4416 4416
-1 -1
-1 -1
5885 5885
1173 1173
418 418
3291 3291
-1 -1
-1 -1
-1 -1
-1 -1
5308 5308
238 238
261 261
-1 -1
-1 -1
761 761
-1 -1
-1 -1
4952 4952
-1 -1
-1 -1
2079 2079
-1 -1
-1 -1
-1 -1
477 477
-1 -1
-1 -1
-1 -1
-1 -1
-1 -1
-1 -1
-1 -1
5085 5086
-1 -1
-1 -1
-1 -1
-1 -1
-1 -1
-1 -1
-1 -1
-1 -1
1242 1242
-1 -1
-1 -1
-1 -1
-1 -1
671 672
3154 3154
595 596
-1 -1
3714 3714
3896 3896
-1 -1
-1 -1
-1 -1
3570 3570
6006 6008
1887 1888
-1 -1
-1 -1
-1 -1
4204 4204
3940 3940
-1 -1
-1 -1
4137 4137
-1 -1
-1 -1
5482 5482
-1 -1
5138 5138
-1 -1
-1 -1
-1 -1
-1 -1
-1 -1
-1 -1
-1 -1
-1 -1
-1 -1
-1 -1
-1 -1
-1 -1
-1 -1
6223 6223
-1 -1
3566 3566
-1 -1
-1 -1
-1 -1
-1 -1
-1 -1
-1 -1
-1 -1
-1 -1
-1 -1
-1 -1
-1 -1
-1 -1
-1 -1
3145 3145
-1 -1
1078 1079
-1 -1
-1 -1
-1 -1
-1 -1
490 490
-1 -1
-1 -1
-1 -1
2398 2398
1791 1791
-1 -1
1496 1496
3881 3882
-1 -1
-1 -1
2025 2025
-1 -1
-1 -1
-1 -1
-1 -1
-1 -1
-1 -1
-1 -1
-1 -1
-1 -1
-1 -1
-1 -1
-1 -1
4931 4933
3188 3189
-1 -1
-1 -1
357 357
-1 -1
-1 -1
-1 -1
-1 -1
-1 -1
-1 -1
-1 -1
-1 -1
-1 -1
-1 -1
-1 -1
2814 2814
6205 6205
-1 -1
-1 -1
-1 -1
-1 -1
-1 -1
-1 -1
-1 -1
-1 -1
-1 -1
-1 -1
-1 -1
-1 -1
-1 -1
-1 -1
-1 -1
5406 5407
272 272
-1 -1
-1 -1
-1 -1
-1 -1
-1 -1
-1 -1
-1 -1
-1 -1
5196 5196
3195 3195
-1 -1
1740 1740
-1 -1
-1 -1
-1 -1
29 29
-1 -1
-1 -1
2654 2654
-1 -1
822 823
-1 -1
-1 -1
-1 -1
-1 -1
1394 1394
-1 -1
-1 -1
778 778
4918 4919
-1 -1
-1 -1
-1 -1
-1 -1
-1 -1
-1 -1
-1 -1
-1 -1
-1 -1
-1 -1
-1 -1
3155 3155
1644 1644
-1 -1
1001 1001
-1 -1
-1 -1
-1 -1
-1 -1
-1 -1
-1 -1
-1 -1
-1 -1
-1 -1
-1 -1
-1 -1
3775 3775
-1 -1
-1 -1
-1 -1
-1 -1
-1 -1
-1 -1
-1 -1
-1 -1
-1 -1
-1 -1
-1 -1
160 160
-1 -1
856 856
-1 -1
-1 -1
640 640
-1 -1
-1 -1
-1 -1
-1 -1
4873 4873
-1 -1
-1 -1
3113 3113
1401 1402
-1 -1
5586 5586
-1 -1
-1 -1
2251 2251
-1 -1
-1 -1
-1 -1
-1 -1
-1 -1
-1 -1
-1 -1
-1 -1
-1 -1
-1 -1
1112 1112
1831 1832
-1 -1
-1 -1
-1 -1
-1 -1
-1 -1
-1 -1
-1 -1
-1 -1
-1 -1
-1 -1
-1 -1
-1 -1
-1 -1
-1 -1
2086 2086
-1 -1
-1 -1
3533 3533
5700 5700
4263 4263
-1 -1
-1 -1
-1 -1
358 358
-1 -1
-1 -1
-1 -1
-1 -1
1352 1352
-1 -1
-1 -1
828 829
-1 -1
-1 -1
6117 6117
-1 -1
4968 4968
1620 1621
-1 -1
-1 -1
-1 -1
680 680
-1 -1
-1 -1
-1 -1
5214 5214
-1 -1
-1 -1
-1 -1
583 583
-1 -1
2330 2330
-1 -1
5861 5861
663 663
-1 -1
-1 -1
-1 -1
-1 -1
1407 1407
4407 4407
2830 2830
-1 -1
2267 2267
-1 -1
-1 -1
-1 -1
1362 1362
4975 4975
-1 -1
-1 -1
-1 -1
-1 -1
-1 -1
-1 -1
-1 -1
1657 1657
4408 4408
3729 3729
5416 5416
3525 3525
-1 -1
-1 -1
1149 1150
-1 -1
-1 -1
-1 -1
211 211
-1 -1
2096 2096
5685 5686
4627 4627
4403 4403
-1 -1
-1 -1
-1 -1
3270 3271
4678 4678
-1 -1
-1 -1
-1 -1
-1 -1
-1 -1
-1 -1
-1 -1
-1 -1
-1 -1
54 54
-1 -1
-1 -1
-1 -1
4866 4866
-1 -1
5700 5700
-1 -1
910 910
2943 2943
-1 -1
6169 6170
-1 -1
-1 -1
3519 3519
-1 -1
-1 -1
-1 -1
1657 1657
-1 -1
-1 -1
-1 -1
-1 -1
-1 -1
-1 -1
-1 -1
3593 3593
-1 -1
-1 -1
-1 -1
270 270
891 891
-1 -1
-1 -1
-1 -1
-1 -1
-1 -1
3034 3035
2898 2898
2932 2933
1563 1563
-1 -1
-1 -1
-1 -1
4216 4216
5123 5123
-1 -1
4720 4720
5256 5256
236 236
3097 3097
671 672
-1 -1
-1 -1
-1 -1
-1 -1
-1 -1
-1 -1
-1 -1
-1 -1
-1 -1
-1 -1
-1 -1
-1 -1
-1 -1
-1 -1
-1 -1
-1 -1
-1 -1
-1 -1
-1 -1
4243 4243
-1 -1
2069 2070
3137 3137
5078 5078
-1 -1
561 561
-1 -1
-1 -1
-1 -1
-1 -1
-1 -1
-1 -1
5900 5900
-1 -1
-1 -1
-1 -1
-1 -1
-1 -1
-1 -1
3974 3974
-1 -1
-1 -1
-1 -1
1624 1624
6075 6075
1113 1115
-1 -1
-1 -1
-1 -1
1000 1000
-1 -1
-1 -1
6031 6031
-1 -1
-1 -1
-1 -1
-1 -1
-1 -1
-1 -1
1768 1768
5901 5901
-1 -1
3112 3112
-1 -1
-1 -1
3466 3466
2555 2555
-1 -1
6023 6024
-1 -1
-1 -1
-1 -1
-1 -1
3377 3377
-1 -1
-1 -1
-1 -1
1746 1746
-1 -1
-1 -1
-1 -1
-1 -1
-1 -1
4019 4019
-1 -1
3709 3709
3760 3760
873 873
-1 -1
1603 1603
-1 -1
2103 2103
-1 -1
-1 -1
5564 5565
-1 -1
2424 2424
-1 -1
-1 -1
-1 -1
-1 -1
-1 -1
-1 -1
-1 -1
6043 6043
871 871
-1 -1
-1 -1
-1 -1
-1 -1
-1 -1
163 163
3982 3982
-1 -1
-1 -1
-1 -1
4700 4700
-1 -1
-1 -1
-1 -1
-1 -1
4331 4331
-1 -1
-1 -1
-1 -1
-1 -1
-1 -1
-1 -1
-1 -1
-1 -1
1298 1298
-1 -1
-1 -1
6089 6089
-1 -1
5896 5896
-1 -1
3353 3353
-1 -1
5782 5782
-1 -1
-1 -1
-1 -1
-1 -1
-1 -1
2632 2632
-1 -1
-1 -1
-1 -1
-1 -1
-1 -1
-1 -1
-1 -1
-1 -1
-1 -1
296 296
-1 -1
-1 -1
-1 -1
-1 -1
-1 -1
-1 -1
-1 -1
-1 -1
-1 -1
-1 -1
-1 -1
-1 -1
5003 5003
-1 -1
-1 -1
-1 -1
-1 -1
-1 -1
-1 -1
5689 5689
-1 -1
5193 5193
-1 -1
-1 -1
-1 -1
-1 -1
2107 2107
-1 -1
3190 3190
-1 -1
-1 -1
994 994
4035 4035
-1 -1
-1 -1
-1 -1
4735 4735
5033 5033
-1 -1
-1 -1
-1 -1
-1 -1
-1 -1
5397 5398
4921 4921
-1 -1
-1 -1
-1 -1
-1 -1
432 432
-1 -1
3802 3802
-1 -1
-1 -1
-1 -1
-1 -1
-1 -1
-1 -1
4947 4947
5577 5577
-1 -1
1029 1029
-1 -1
-1 -1
5326 5326
-1 -1
-1 -1
-1 -1
-1 -1
-1 -1
-1 -1
-1 -1
-1 -1
-1 -1
-1 -1
-1 -1
-1 -1
-1 -1
-1 -1
-1 -1
-1 -1
-1 -1
-1 -1
-1 -1
-1 -1
-1 -1
2421 2421
-1 -1
-1 -1
2296 2297
-1 -1
2076 2076
-1 -1
6004 6005
-1 -1
-1 -1
-1 -1
-1 -1
-1 -1
-1 -1
-1 -1
-1 -1
-1 -1
-1 -1
2515 2516
-1 -1
5864 5864
5193 5193
-1 -1
-1 -1
5456 5456
3945 3945
5774 5774
183 183
2226 2226
-1 -1
5802 5802
-1 -1
-1 -1
3824 3824
-1 -1
-1 -1
-1 -1
-1 -1
-1 -1
-1 -1
-1 -1
-1 -1
6140 6140
-1 -1
-1 -1
-1 -1
-1 -1
334 335
-1 -1
5051 5052
-1 -1
-1 -1
-1 -1
-1 -1
774 774
3114 3114
-1 -1
-1 -1
5142 5142
-1 -1
6001 6001
-1 -1
-1 -1
-1 -1
-1 -1
-1 -1
-1 -1
-1 -1
-1 -1
-1 -1
-1 -1
-1 -1
5773 5773
5308 5308
-1 -1
-1 -1
-1 -1
-1 -1
-1 -1
-1 -1
-1 -1
-1 -1
5695 5695
-1 -1
4594 4594
-1 -1
-1 -1
-1 -1
1344 1344
-1 -1
80 80
-1 -1
-1 -1
-1 -1
-1 -1
-1 -1
57 57
-1 -1
-1 -1
-1 -1
-1 -1
5601 5601
5980 5980
-1 -1
-1 -1
1162 1162
-1 -1
-1 -1
-1 -1
-1 -1
-1 -1
-1 -1
-1 -1
-1 -1
4156 4156
4889 4889
-1 -1
-1 -1
-1 -1
-1 -1
-1 -1
-1 -1
1110 1110
1694 1694
-1 -1
-1 -1
-1 -1
5356 5357
17 17
-1 -1
-1 -1
2150 2150
-1 -1
-1 -1
-1 -1
-1 -1
4434 4434
4731 4731
2266 2266
-1 -1
462 462
-1 -1
2661 2661
4090 4090
-1 -1
-1 -1
-1 -1
-1 -1
-1 -1
-1 -1
-1 -1
3953 3953
-1 -1
1734 1734
-1 -1
4641 4641
-1 -1
-1 -1
2532 2532
-1 -1
-1 -1
-1 -1
-1 -1
-1 -1
5010 5010
-1 -1
-1 -1
-1 -1
3596 3596
-1 -1
5732 5732
-1 -1
-1 -1
6072 6072
-1 -1
-1 -1
-1 -1
-1 -1
-1 -1
-1 -1
-1 -1
-1 -1
-1 -1
-1 -1
-1 -1
-1 -1
-1 -1
4775 4775
-1 -1
-1 -1
5256 5256
-1 -1
-1 -1
-1 -1
-1 -1
-1 -1
-1 -1
-1 -1
-1 -1
-1 -1
-1 -1
-1 -1
-1 -1
-1 -1
-1 -1
-1 -1
-1 -1
-1 -1
-1 -1
-1 -1
-1 -1
-1 -1
1484 1484
-1 -1
-1 -1
5827 5828
2189 2189
2737 2737
1034 1035
-1 -1
-1 -1
-1 -1
1138 1138
-1 -1
-1 -1
-1 -1
-1 -1
4813 4814
3678 3678
-1 -1
-1 -1
-1 -1
-1 -1
-1 -1
-1 -1
2505 2505
-1 -1
-1 -1
1263 1263
-1 -1
5858 5858
3822 3822
-1 -1
1113 1115
-1 -1
-1 -1
-1 -1
-1 -1
-1 -1
3418 3418
5192 5192
-1 -1
-1 -1
-1 -1
-1 -1
3094 3094
-1 -1
-1 -1
-1 -1
5068 5068
-1 -1
-1 -1
453 453
-1 -1
-1 -1
-1 -1
-1 -1
-1 -1
-1 -1
-1 -1
-1 -1
-1 -1
1620 1621
-1 -1
-1 -1
5117 5117
-1 -1
-1 -1
-1 -1
-1 -1
5049 5049
-1 -1
6114 6114
-1 -1
-1 -1
2239 2239
4043 4043
-1 -1
-1 -1
2291 2291
-1 -1
-1 -1
-1 -1
-1 -1
4001 4001
-1 -1
-1 -1
4953 4953
-1 -1
-1 -1
4251 4251
5498 5499
-1 -1
1308 1308
-1 -1
1333 1333
-1 -1
-1 -1
-1 -1
-1 -1
-1 -1
-1 -1
5559 5559
-1 -1
-1 -1
-1 -1
-1 -1
-1 -1
-1 -1
5567 5567
-1 -1
4127 4128
-1 -1
-1 -1
2609 2609
-1 -1
-1 -1
-1 -1
-1 -1
-1 -1
-1 -1
-1 -1
3241 3242
4787 4787
-1 -1
-1 -1
4897 4897
158 158
3656 3656
-1 -1
-1 -1
-1 -1
-1 -1
4340 4340
-1 -1
-1 -1
-1 -1
3093 3093
-1 -1
843 843
-1 -1
-1 -1
5203 5203
3390 3391
5474 5474
-1 -1
1364 1364
-1 -1
-1 -1
3254 3254
-1 -1
-1 -1
-1 -1
-1 -1
3676 3677
-1 -1
-1 -1
-1 -1
4939 4939
-1 -1
-1 -1
-1 -1
-1 -1
-1 -1
-1 -1
-1 -1
-1 -1
-1 -1
-1 -1
-1 -1
-1 -1
-1 -1
-1 -1
-1 -1
-1 -1
-1 -1
6240 6240
-1 -1
1580 1581
-1 -1
-1 -1
-1 -1
-1 -1
-1 -1
-1 -1
6120 6120
-1 -1
-1 -1
-1 -1
-1 -1
-1 -1
-1 -1
-1 -1
-1 -1
-1 -1
-1 -1
-1 -1
-1 -1
1972 1972
1168 1168
-1 -1
-1 -1
-1 -1
1460 1460
-1 -1
-1 -1
4269 4269
-1 -1
316 317
-1 -1
4077 4077
2124 2124
-1 -1
-1 -1
-1 -1
-1 -1
-1 -1
1026 1027
-1 -1
3958 3958
-1 -1
-1 -1
5390 5391
-1 -1
4392 4393
-1 -1
-1 -1
-1 -1
-1 -1
-1 -1
2412 2412
-1 -1
-1 -1
-1 -1
-1 -1
-1 -1
3685 3687
-1 -1
-1 -1
3474 3475
-1 -1
2041 2041
-1 -1
-1 -1
1900 1900
-1 -1
-1 -1
-1 -1
-1 -1
5814 5814
-1 -1
3520 3521
-1 -1
-1 -1
-1 -1
-1 -1
-1 -1
-1 -1
-1 -1
-1 -1
-1 -1
2600 2600
-1 -1
-1 -1
-1 -1
-1 -1
5881 5881
4167 4168
-1 -1
1108 1108
-1 -1
2695 2696
-1 -1
616 616
-1 -1
1932 1933
-1 -1
4531 4531
-1 -1
-1 -1
-1 -1
2729 2729
-1 -1
-1 -1
-1 -1
1084 1084
-1 -1
-1 -1
4 4
-1 -1
-1 -1
-1 -1
-1 -1
4017 4017
3874 3875
-1 -1
-1 -1
-1 -1
-1 -1
-1 -1
-1 -1
-1 -1
-1 -1
-1 -1
-1 -1
-1 -1
-1 -1
300 300
-1 -1
-1 -1
-1 -1
-1 -1
-1 -1
-1 -1
-1 -1
-1 -1
-1 -1
-1 -1
-1 -1
4816 4816
-1 -1
1529 1529
-1 -1
-1 -1
-1 -1
-1 -1
-1 -1
-1 -1
-1 -1
-1 -1
-1 -1
-1 -1
-1 -1
-1 -1
-1 -1
-1 -1
-1 -1
-1 -1
-1 -1
-1 -1
-1 -1
2087 2087
2291 2291
-1 -1
-1 -1
4684 4684
-1 -1
-1 -1
-1 -1
-1 -1
-1 -1
3784 3784
-1 -1
2610 2610
-1 -1
2603 2604
-1 -1
-1 -1
-1 -1
1559 1559
-1 -1
3157 3157
-1 -1
-1 -1
-1 -1
-1 -1
4649 4649
6119 6119
5905 5905
-1 -1
-1 -1
-1 -1
-1 -1
-1 -1
4456 4456
-1 -1
-1 -1
-1 -1
-1 -1
3690 3690
-1 -1
-1 -1
-1 -1
-1 -1
-1 -1
-1 -1
-1 -1
-1 -1
-1 -1
234 234
-1 -1
-1 -1
-1 -1
1357 1357
-1 -1
-1 -1
-1 -1
208 208
-1 -1
-1 -1
2585 2585
2857 2858
-1 -1
-1 -1
-1 -1
-1 -1
-1 -1
-1 -1
-1 -1
-1 -1
4175 4175
-1 -1
5533 5533
-1 -1
2464 2464
3212 3212
-1 -1
-1 -1
1571 1571
5953 5953
5387 5388
2810 2810
-1 -1
-1 -1
4375 4375
1495 1495
-1 -1
2328 2328
-1 -1
-1 -1
1690 1690
-1 -1
-1 -1
440 440
-1 -1
2392 2392
-1 -1
3499 3500
638 638
-1 -1
-1 -1
-1 -1
-1 -1
-1 -1
-1 -1
-1 -1
-1 -1
-1 -1
-1 -1
-1 -1
-1 -1
-1 -1
-1 -1
-1 -1
-1 -1
3413 3413
-1 -1
-1 -1
-1 -1
-1 -1
4518 4518
-1 -1
-1 -1
-1 -1
-1 -1
5713 5713
-1 -1
-1 -1
-1 -1
-1 -1
-1 -1
-1 -1
-1 -1
-1 -1
-1 -1
-1 -1
-1 -1
-1 -1
-1 -1
-1 -1
849 849
-1 -1
-1 -1
-1 -1
3766 3766
-1 -1
-1 -1
-1 -1
998 998
6049 6050
-1 -1
-1 -1
-1 -1
2703 2703
5679 5679
5289 5289
3517 3517
2172 2172
-1 -1
-1 -1
-1 -1
3282 3282
-1 -1
-1 -1
3094 3094
-1 -1
-1 -1
-1 -1
-1 -1
4196 4196
-1 -1
6230 6230
-1 -1
-1 -1
-1 -1
-1 -1
-1 -1
-1 -1
3769 3769
-1 -1
-1 -1
-1 -1
-1 -1
-1 -1
-1 -1
-1 -1
2336 2336
-1 -1
-1 -1
-1 -1
-1 -1
-1 -1
-1 -1
4064 4064
-1 -1
-1 -1
-1 -1
-1 -1
-1 -1
-1 -1
-1 -1
-1 -1
4008 4009
-1 -1
367 367
-1 -1
-1 -1
-1 -1
-1 -1
-1 -1
-1 -1
-1 -1
-1 -1
-1 -1
-1 -1
-1 -1
-1 -1
5758 5758
-1 -1
-1 -1
-1 -1
-1 -1
-1 -1
4756 4757
-1 -1
-1 -1
-1 -1
-1 -1
5908 5908
-1 -1
-1 -1
-1 -1
-1 -1
3620 3621
478 478
-1 -1
-1 -1
-1 -1
2057 2057
2036 2037
4069 4069
-1 -1
-1 -1
1151 1151
-1 -1
-1 -1
-1 -1
-1 -1
6093 6094
-1 -1
-1 -1
2472 2472
-1 -1
-1 -1
-1 -1
919 919
3213 3213
2360 2360
4804 4804
-1 -1
-1 -1
-1 -1
-1 -1
-1 -1
-1 -1
-1 -1
1496 1496
-1 -1
-1 -1
-1 -1
-1 -1
5122 5122
-1 -1
-1 -1
-1 -1
-1 -1
-1 -1
-1 -1
-1 -1
-1 -1
5382 5382
-1 -1
-1 -1
5960 5960
-1 -1
-1 -1
3896 3896
4571 4571
-1 -1
-1 -1
-1 -1
-1 -1
5008 5009
-1 -1
-1 -1
-1 -1
-1 -1
1144 1144
538 538
-1 -1
5187 5187
-1 -1
-1 -1
-1 -1
-1 -1
-1 -1
252 252
6249 6249
-1 -1
-1 -1
-1 -1
-1 -1
5588 5588
422 422
-1 -1
3170 3170
5187 5187
-1 -1
-1 -1
2002 2002
-1 -1
-1 -1
-1 -1
-1 -1
-1 -1
-1 -1
1758 1758
-1 -1
-1 -1
-1 -1
-1 -1
4263 4263
-1 -1
-1 -1
1550 1550
-1 -1
-1 -1
-1 -1
-1 -1
-1 -1
-1 -1
-1 -1
-1 -1
-1 -1
158 158
-1 -1
-1 -1
-1 -1
-1 -1
-1 -1
-1 -1
-1 -1
-1 -1
-1 -1
-1 -1
-1 -1
87 88
-1 -1
2539 2539
5369 5369
-1 -1
-1 -1
-1 -1
-1 -1
-1 -1
110 110
-1 -1
-1 -1
5998 5998
-1 -1
6228 6228
-1 -1
1552 1552
2890 2890
-1 -1
6023 6024
4471 4471
-1 -1
-1 -1
-1 -1
893 893
4193 4193
3781 3781
-1 -1
3302 3302
-1 -1
-1 -1
-1 -1
-1 -1
2761 2763
-1 -1
-1 -1
-1 -1
-1 -1
-1 -1
-1 -1
-1 -1
-1 -1
-1 -1
1369 1369
2609 2609
-1 -1
-1 -1
-1 -1
-1 -1
1403 1403
2029 2029
-1 -1
-1 -1
4458 4459
-1 -1
-1 -1
2636 2636
-1 -1
-1 -1
-1 -1
-1 -1
-1 -1
-1 -1
2813 2813
-1 -1
-1 -1
-1 -1
-1 -1
-1 -1
-1 -1
-1 -1
-1 -1
-1 -1
-1 -1
-1 -1
-1 -1
-1 -1
-1 -1
3210 3211
-1 -1
-1 -1
1245 1245
-1 -1
-1 -1
-1 -1
4093 4093
-1 -1
-1 -1
-1 -1
-1 -1
3891 3891
-1 -1
-1 -1
-1 -1
-1 -1
-1 -1
-1 -1
-1 -1
-1 -1
-1 -1
-1 -1
-1 -1
-1 -1
-1 -1
-1 -1
-1 -1
4289 4289
-1 -1
-1 -1
3301 3301
293 294
-1 -1
-1 -1
-1 -1
-1 -1
5585 5585
3394 3394
-1 -1
-1 -1
-1 -1
4929 4930
-1 -1
1785 1785
4765 4765
547 549
-1 -1
1600 1600
-1 -1
-1 -1
1243 1243
6188 6188
-1 -1
-1 -1
-1 -1
-1 -1
-1 -1
-1 -1
1204 1204
-1 -1
4202 4202
5504 5504
-1 -1
-1 -1
-1 -1
-1 -1
-1 -1
-1 -1
2656 2657
-1 -1
-1 -1
5544 5544
-1 -1
-1 -1
-1 -1
-1 -1
-1 -1
-1 -1
5521 5521
-1 -1
2064 2064
3643 3643
-1 -1
-1 -1
2243 2243
-1 -1
-1 -1
1759 1759
5079 5079
5670 5671
-1 -1
-1 -1
2306 2306
-1 -1
-1 -1
-1 -1
1235 1235
-1 -1
-1 -1
-1 -1
-1 -1
-1 -1
-1 -1
5216 5216
3254 3254
-1 -1
5080 5080
-1 -1
-1 -1
65 65
-1 -1
-1 -1
-1 -1
-1 -1
-1 -1
349 350
-1 -1
-1 -1
-1 -1
-1 -1
2804 2806
-1 -1
-1 -1
5806 5807
-1 -1
-1 -1
5557 5557
-1 -1
-1 -1
3304 3304
-1 -1
2632 2632
-1 -1
-1 -1
-1 -1
-1 -1
-1 -1
-1 -1
-1 -1
3667 3667
-1 -1
1301 1301
-1 -1
4482 4482
-1 -1
-1 -1
3214 3214
-1 -1
5840 5841
1553 1553
-1 -1
5898 5898
4282 4282
-1 -1
723 723
-1 -1
-1 -1
-1 -1
-1 -1
-1 -1
-1 -1
173 173
-1 -1
-1 -1
-1 -1
-1 -1
-1 -1
5798 5799
-1 -1
-1 -1
-1 -1
-1 -1
-1 -1
78 78
-1 -1
-1 -1
-1 -1
-1 -1
-1 -1
-1 -1
5363 5363
3680 3680
413 413
-1 -1
-1 -1
-1 -1
5515 5515
-1 -1
-1 -1
4445 4445
-1 -1
-1 -1
3766 3766
-1 -1
275 275
-1 -1
-1 -1
3229 3229
-1 -1
-1 -1
-1 -1
-1 -1
-1 -1
284 284
1179 1179
-1 -1
-1 -1
-1 -1
1776 1776
-1 -1
648 648
-1 -1
5600 5600
-1 -1
-1 -1
-1 -1
-1 -1
-1 -1
-1 -1
533 533
-1 -1
-1 -1
-1 -1
-1 -1
-1 -1
-1 -1
-1 -1
1097 1097
-1 -1
-1 -1
-1 -1
-1 -1
-1 -1
-1 -1
-1 -1
-1 -1
-1 -1
4834 4835
-1 -1
2077 2077
5245 5245
-1 -1
-1 -1
-1 -1
-1 -1
-1 -1
-1 -1
-1 -1
-1 -1
2234 2234
-1 -1
3309 3310
-1 -1
-1 -1
-1 -1
-1 -1
2122 2122
-1 -1
-1 -1
2168 2168
-1 -1
4261 4261
-1 -1
5329 5330
-1 -1
-1 -1
5916 5917
-1 -1
3761 3761
1026 1027
-1 -1
-1 -1
-1 -1
-1 -1
1644 1644
438 438
-1 -1
-1 -1
-1 -1
2172 2172
-1 -1
-1 -1
-1 -1
-1 -1
-1 -1
-1 -1
-1 -1
-1 -1
-1 -1
3018 3018
-1 -1
2080 2080
-1 -1
-1 -1
-1 -1
-1 -1
-1 -1
-1 -1
-1 -1
2943 2943
-1 -1
-1 -1
-1 -1
3525 3525
-1 -1
4518 4518
1637 1638
-1 -1
-1 -1
-1 -1
1952 1952
-1 -1
4415 4415
-1 -1
4278 4278
-1 -1
-1 -1
-1 -1
-1 -1
-1 -1
-1 -1
-1 -1
999 999
-1 -1
-1 -1
-1 -1
741 741
-1 -1
-1 -1
1439 1439
-1 -1
-1 -1
2751 2751
-1 -1
3037 3038
-1 -1
-1 -1
775 777
-1 -1
1343 1343
-1 -1
-1 -1
-1 -1
-1 -1
-1 -1
-1 -1
-1 -1
-1 -1
-1 -1
-1 -1
3008 3008
5689 5689
-1 -1
-1 -1
-1 -1
4006 4006
-1 -1
-1 -1
-1 -1
59 59
-1 -1
-1 -1
-1 -1
4317 4318
306 306
-1 -1
-1 -1
-1 -1
-1 -1
-1 -1
-1 -1
-1 -1
-1 -1
-1 -1
-1 -1
-1 -1
-1 -1
-1 -1
-1 -1
-1 -1
-1 -1
-1 -1
-1 -1
-1 -1
-1 -1
-1 -1
-1 -1
-1 -1
-1 -1
-1 -1
-1 -1
-1 -1
-1 -1
-1 -1
-1 -1
-1 -1
-1 -1
-1 -1
-1 -1
-1 -1
-1 -1
-1 -1
-1 -1
-1 -1
-1 -1
-1 -1
-1 -1
-1 -1
-1 -1
-1 -1
-1 -1
-1 -1
-1 -1
-1 -1
-1 -1
-1 -1
-1 -1
-1 -1
-1 -1
-1 -1
-1 -1
-1 -1
-1 -1
-1 -1
-1 -1
-1 -1
-1 -1
-1 -1
-1 -1
-1 -1
-1 -1
-1 -1
-1 -1
-1 -1
-1 -1
-1 -1
-1 -1
-1 -1
-1 -1
-1 -1
-1 -1
-1 -1
-1 -1
-1 -1
-1 -1
-1 -1
-1 -1
-1 -1
-1 -1
-1 -1
-1 -1
-1 -1
-1 -1
-1 -1
-1 -1
-1 -1
-1 -1
-1 -1
-1 -1
-1 -1
-1 -1
-1 -1
-1 -1
-1 -1
-1 -1
-1 -1
-1 -1
-1 -1
-1 -1
-1 -1
-1 -1
-1 -1
-1 -1
-1 -1
-1 -1
-1 -1
-1 -1
-1 -1
-1 -1
-1 -1
-1 -1
-1 -1
-1 -1
-1 -1
-1 -1
-1 -1
-1 -1
-1 -1
-1 -1
-1 -1
-1 -1
-1 -1
-1 -1
-1 -1
-1 -1
-1 -1
-1 -1
-1 -1
-1 -1
-1 -1
-1 -1
-1 -1
-1 -1
-1 -1
-1 -1
-1 -1
-1 -1
-1 -1
-1 -1
-1 -1
-1 -1
-1 -1
-1 -1
-1 -1
-1 -1
-1 -1
-1 -1
-1 -1
-1 -1
-1 -1
-1 -1
-1 -1
-1 -1
-1 -1
-1 -1
-1 -1
-1 -1
-1 -1
-1 -1
-1 -1
-1 -1
-1 -1
-1 -1
-1 -1
-1 -1
-1 -1
-1 -1
-1 -1
-1 -1
-1 -1
-1 -1
-1 -1
-1 -1
-1 -1
-1 -1
-1 -1
-1 -1
-1 -1
-1 -1
-1 -1
-1 -1
-1 -1
-1 -1
-1 -1
-1 -1
-1 -1
-1 -1
-1 -1
-1 -1
-1 -1
-1 -1
-1 -1
-1 -1
-1 -1
-1 -1
-1 -1
-1 -1
-1 -1
-1 -1
-1 -1
-1 -1
-1 -1
-1 -1
-1 -1
-1 -1
-1 -1
-1 -1
-1 -1
-1 -1
-1 -1
-1 -1
-1 -1
-1 -1
-1 -1
-1 -1
-1 -1
-1 -1
-1 -1
-1 -1
-1 -1
-1 -1
-1 -1
-1 -1
-1 -1
-1 -1
-1 -1
-1 -1
-1 -1
-1 -1
-1 -1
-1 -1
-1 -1
-1 -1
-1 -1
-1 -1
-1 -1
-1 -1
-1 -1
-1 -1
-1 -1
-1 -1
-1 -1
-1 -1
-1 -1
-1 -1
-1 -1
-1 -1
-1 -1
-1 -1
-1 -1
-1 -1
-1 -1
-1 -1
-1 -1
-1 -1
-1 -1
-1 -1
-1 -1
-1 -1
-1 -1
-1 -1
-1 -1
-1 -1
-1 -1
-1 -1
-1 -1
-1 -1
-1 -1
-1 -1
-1 -1
-1 -1
-1 -1
-1 -1
-1 -1
-1 -1
-1 -1
-1 -1
-1 -1
-1 -1
-1 -1
-1 -1
-1 -1
-1 -1
-1 -1
-1 -1
-1 -1
-1 -1
-1 -1
-1 -1
-1 -1
-1 -1
-1 -1
-1 -1
-1 -1
-1 -1
-1 -1
-1 -1
-1 -1
-1 -1
-1 -1
-1 -1
-1 -1
-1 -1
-1 -1
-1 -1
-1 -1
-1 -1
-1 -1
-1 -1
-1 -1
-1 -1
-1 -1
-1 -1
-1 -1
-1 -1
-1 -1
-1 -1
-1 -1
-1 -1
-1 -1
-1 -1
-1 -1
-1 -1
-1 -1
-1 -1
-1 -1
-1 -1
-1 -1
-1 -1
-1 -1
-1 -1
-1 -1
-1 -1
-1 -1
-1 -1
-1 -1
-1 -1
-1 -1
-1 -1
-1 -1
-1 -1
-1 -1
-1 -1
-1 -1
-1 -1
-1 -1
-1 -1
-1 -1
-1 -1
-1 -1
-1 -1
-1 -1
-1 -1
-1 -1
-1 -1
-1 -1
-1 -1
-1 -1
-1 -1
-1 -1
-1 -1
-1 -1
-1 -1
-1 -1
-1 -1
-1 -1
-1 -1
-1 -1
-1 -1
-1 -1
-1 -1
-1 -1
-1 -1
-1 -1
-1 -1
-1 -1
-1 -1
-1 -1
-1 -1
-1 -1
-1 -1
-1 -1
-1 -1
-1 -1
-1 -1
-1 -1
-1 -1
-1 -1
-1 -1
-1 -1
-1 -1
-1 -1
-1 -1
-1 -1
-1 -1
-1 -1
-1 -1
-1 -1
-1 -1
-1 -1
-1 -1
-1 -1
-1 -1
-1 -1
-1 -1
-1 -1
-1 -1
-1 -1
-1 -1
-1 -1
-1 -1
-1 -1
-1 -1
-1 -1
-1 -1
-1 -1
-1 -1
-1 -1
-1 -1
-1 -1
-1 -1
-1 -1
-1 -1
-1 -1
-1 -1
-1 -1
-1 -1
-1 -1
-1 -1
-1 -1
-1 -1
-1 -1
-1 -1
-1 -1
-1 -1
-1 -1
-1 -1
-1 -1
-1 -1
-1 -1
-1 -1
-1 -1
-1 -1
-1 -1
-1 -1
-1 -1
-1 -1
-1 -1
-1 -1
-1 -1
-1 -1
-1 -1
-1 -1
-1 -1
-1 -1
-1 -1
-1 -1
-1 -1
-1 -1
-1 -1
-1 -1
-1 -1
-1 -1
-1 -1
-1 -1
-1 -1
-1 -1
-1 -1
-1 -1
-1 -1
-1 -1
-1 -1
-1 -1
-1 -1
-1 -1
-1 -1
-1 -1
-1 -1
-1 -1
-1 -1
-1 -1
-1 -1
-1 -1
-1 -1
-1 -1
-1 -1
-1 -1
-1 -1
-1 -1
-1 -1
-1 -1
-1 -1
-1 -1
-1 -1
-1 -1
-1 -1
-1 -1
-1 -1
-1 -1
-1 -1
-1 -1
-1 -1
-1 -1
-1 -1
-1 -1
-1 -1
-1 -1
-1 -1
-1 -1
-1 -1
-1 -1
-1 -1
-1 -1
-1 -1
-1 -1
-1 -1
-1 -1
-1 -1
-1 -1
-1 -1
-1 -1
-1 -1
-1 -1
-1 -1
-1 -1
-1 -1
-1 -1
-1 -1
-1 -1
-1 -1
-1 -1
-1 -1
-1 -1
-1 -1
-1 -1
-1 -1
-1 -1
-1 -1
-1 -1
-1 -1
-1 -1
-1 -1
-1 -1
-1 -1
-1 -1
-1 -1
-1 -1
-1 -1
-1 -1
-1 -1
-1 -1
-1 -1
-1 -1
-1 -1
-1 -1
-1 -1
-1 -1
-1 -1
-1 -1
-1 -1
-1 -1
-1 -1
-1 -1
-1 -1
-1 -1
-1 -1
-1 -1
-1 -1
-1 -1
-1 -1
-1 -1
-1 -1
-1 -1
-1 -1
-1 -1
-1 -1
-1 -1
-1 -1
-1 -1
-1 -1
-1 -1
-1 -1
-1 -1
-1 -1
-1 -1
-1 -1
-1 -1
-1 -1
-1 -1
-1 -1
-1 -1
-1 -1
-1 -1
-1 -1
-1 -1
-1 -1
-1 -1
-1 -1
-1 -1
-1 -1
-1 -1
-1 -1
-1 -1
-1 -1
-1 -1
-1 -1
-1 -1
-1 -1
-1 -1
-1 -1
-1 -1
-1 -1
-1 -1
-1 -1
-1 -1
-1 -1
-1 -1
-1 -1
-1 -1
-1 -1
-1 -1
-1 -1
-1 -1
-1 -1
-1 -1
-1 -1
-1 -1
-1 -1
-1 -1
-1 -1
-1 -1
-1 -1
-1 -1
-1 -1
-1 -1
-1 -1
-1 -1
-1 -1
-1 -1
-1 -1
-1 -1
-1 -1
-1 -1
-1 -1
-1 -1
-1 -1
-1 -1
-1 -1
-1 -1
-1 -1
-1 -1
-1 -1
-1 -1
-1 -1
-1 -1
-1 -1
-1 -1
-1 -1
-1 -1
-1 -1
-1 -1
-1 -1
-1 -1
-1 -1
-1 -1
-1 -1
-1 -1
-1 -1
-1 -1
-1 -1
-1 -1
-1 -1
-1 -1
-1 -1
-1 -1
-1 -1
-1 -1
-1 -1
-1 -1
-1 -1
-1 -1
-1 -1
-1 -1
-1 -1
-1 -1
-1 -1
-1 -1
-1 -1
-1 -1
-1 -1
-1 -1
-1 -1
-1 -1
-1 -1
-1 -1
-1 -1
-1 -1
-1 -1
-1 -1
-1 -1
-1 -1
-1 -1
-1 -1
-1 -1
-1 -1
-1 -1
-1 -1
-1 -1
-1 -1
-1 -1
-1 -1
-1 -1
-1 -1
-1 -1
-1 -1
-1 -1
-1 -1
-1 -1
-1 -1
-1 -1
-1 -1
-1 -1
-1 -1
-1 -1
-1 -1
-1 -1
-1 -1
-1 -1
-1 -1
-1 -1
-1 -1
-1 -1
-1 -1
-1 -1
-1 -1
-1 -1
-1 -1
-1 -1
-1 -1
-1 -1
-1 -1
-1 -1
-1 -1
-1 -1
-1 -1
-1 -1
-1 -1
-1 -1
-1 -1
-1 -1
-1 -1
-1 -1
-1 -1
-1 -1
-1 -1
-1 -1
-1 -1
-1 -1
-1 -1
-1 -1
-1 -1
-1 -1
-1 -1
-1 -1
-1 -1
-1 -1
-1 -1
-1 -1
-1 -1
-1 -1
-1 -1
-1 -1
-1 -1
-1 -1
-1 -1
-1 -1
-1 -1
-1 -1
-1 -1
-1 -1
-1 -1
-1 -1
-1 -1
-1 -1
-1 -1
-1 -1
-1 -1
-1 -1
-1 -1
-1 -1
-1 -1
-1 -1
-1 -1
-1 -1
-1 -1
-1 -1
-1 -1
-1 -1
-1 -1
-1 -1
-1 -1
-1 -1
-1 -1
-1 -1
-1 -1
-1 -1
-1 -1
-1 -1
-1 -1
-1 -1
-1 -1
-1 -1
-1 -1
-1 -1
-1 -1
-1 -1
-1 -1
-1 -1
-1 -1
-1 -1
-1 -1
-1 -1
-1 -1
-1 -1
-1 -1
-1 -1
-1 -1
-1 -1
-1 -1
-1 -1
-1 -1
-1 -1
-1 -1
-1 -1
-1 -1
-1 -1
-1 -1
-1 -1
-1 -1
-1 -1
-1 -1
-1 -1
-1 -1
-1 -1
-1 -1
-1 -1
-1 -1
-1 -1
-1 -1
-1 -1
-1 -1
-1 -1
-1 -1
-1 -1
-1 -1
-1 -1
-1 -1
-1 -1
-1 -1
-1 -1
-1 -1
-1 -1
-1 -1
-1 -1
-1 -1
-1 -1
-1 -1
-1 -1
-1 -1
-1 -1
-1 -1
-1 -1
-1 -1
-1 -1
-1 -1
-1 -1
-1 -1
-1 -1
-1 -1
-1 -1
-1 -1
-1 -1
-1 -1
-1 -1
-1 -1
-1 -1
-1 -1
-1 -1
-1 -1
-1 -1
-1 -1
-1 -1
-1 -1
-1 -1
-1 -1
-1 -1
-1 -1
-1 -1
-1 -1
-1 -1
-1 -1
-1 -1
-1 -1
-1 -1
-1 -1
-1 -1
-1 -1
-1 -1
-1 -1
-1 -1
-1 -1
-1 -1
-1 -1
-1 -1
-1 -1
-1 -1
-1 -1
-1 -1
-1 -1
-1 -1
-1 -1
-1 -1
-1 -1
-1 -1
-1 -1
-1 -1
-1 -1
-1 -1
-1 -1
-1 -1
-1 -1
-1 -1
-1 -1
-1 -1
-1 -1
-1 -1
-1 -1
-1 -1
-1 -1
-1 -1
-1 -1
-1 -1
-1 -1
-1 -1
-1 -1
-1 -1
-1 -1
-1 -1
-1 -1
-1 -1
-1 -1
-1 -1
-1 -1
-1 -1
-1 -1
-1 -1
-1 -1
-1 -1
-1 -1
-1 -1
-1 -1
-1 -1
-1 -1
-1 -1
-1 -1
-1 -1
-1 -1
-1 -1
-1 -1
-1 -1
-1 -1
-1 -1
-1 -1
-1 -1
-1 -1
-1 -1
-1 -1
-1 -1
-1 -1
-1 -1
-1 -1
-1 -1
-1 -1
-1 -1
-1 -1
-1 -1
-1 -1
-1 -1
-1 -1
-1 -1
-1 -1
-1 -1
-1 -1
-1 -1
-1 -1
-1 -1
-1 -1
-1 -1
-1 -1
-1 -1
-1 -1
-1 -1
-1 -1
-1 -1
-1 -1
-1 -1
-1 -1
-1 -1
-1 -1
-1 -1
-1 -1
-1 -1
-1 -1
-1 -1
-1 -1
-1 -1
-1 -1
-1 -1
-1 -1
-1 -1
-1 -1
-1 -1
-1 -1
-1 -1
-1 -1
-1 -1
-1 -1
-1 -1
-1 -1
-1 -1
-1 -1
-1 -1
-1 -1
-1 -1
-1 -1
-1 -1
-1 -1
-1 -1
-1 -1
-1 -1
-1 -1
-1 -1
-1 -1
-1 -1
-1 -1
-1 -1
-1 -1
-1 -1
-1 -1
-1 -1
-1 -1
-1 -1
-1 -1
-1 -1
-1 -1
-1 -1
-1 -1
-1 -1
-1 -1
-1 -1
-1 -1
-1 -1
-1 -1
-1 -1
-1 -1
-1 -1
-1 -1
-1 -1
-1 -1
-1 -1
-1 -1
-1 -1
-1 -1
-1 -1
-1 -1
-1 -1
-1 -1
-1 -1
-1 -1
-1 -1
-1 -1
-1 -1
-1 -1
-1 -1
-1 -1
-1 -1
-1 -1
-1 -1
-1 -1
-1 -1
-1 -1
-1 -1
-1 -1
-1 -1
-1 -1
-1 -1
-1 -1
-1 -1
-1 -1
-1 -1
-1 -1
-1 -1
-1 -1
-1 -1
-1 -1
-1 -1
-1 -1
-1 -1
-1 -1
-1 -1
-1 -1
-1 -1
-1 -1
-1 -1
-1 -1
-1 -1
-1 -1
-1 -1
-1 -1
-1 -1
-1 -1
-1 -1
-1 -1
-1 -1
-1 -1
-1 -1
-1 -1
-1 -1
-1 -1
-1 -1
-1 -1
-1 -1
-1 -1
-1 -1
-1 -1
-1 -1
-1 -1
-1 -1
-1 -1
-1 -1
-1 -1
-1 -1
-1 -1
-1 -1
-1 -1
-1 -1
-1 -1
-1 -1
-1 -1
-1 -1
-1 -1
-1 -1
-1 -1
-1 -1
-1 -1
-1 -1
-1 -1
-1 -1
-1 -1
-1 -1
-1 -1
-1 -1
-1 -1
-1 -1
-1 -1
-1 -1
-1 -1
-1 -1
-1 -1
-1 -1
-1 -1
-1 -1
-1 -1
-1 -1
-1 -1
-1 -1
-1 -1
-1 -1
-1 -1
-1 -1
-1 -1
-1 -1
-1 -1
-1 -1
-1 -1
-1 -1
-1 -1
-1 -1
-1 -1
-1 -1
-1 -1
-1 -1
-1 -1
-1 -1
-1 -1
-1 -1
-1 -1
-1 -1
-1 -1
-1 -1
-1 -1
-1 -1
-1 -1
-1 -1
-1 -1
-1 -1
-1 -1
-1 -1
-1 -1
-1 -1
-1 -1
-1 -1
-1 -1
-1 -1
-1 -1
-1 -1
-1 -1
-1 -1
-1 -1
-1 -1
-1 -1
-1 -1
-1 -1
-1 -1
-1 -1
-1 -1
-1 -1
-1 -1
-1 -1
-1 -1
-1 -1
-1 -1
-1 -1
-1 -1
-1 -1
-1 -1
-1 -1
-1 -1
-1 -1
-1 -1
-1 -1
-1 -1
-1 -1
-1 -1
-1 -1
-1 -1
-1 -1
-1 -1
-1 -1
-1 -1
-1 -1
-1 -1
-1 -1
-1 -1
-1 -1
-1 -1
-1 -1
-1 -1
-1 -1
-1 -1
-1 -1
-1 -1
-1 -1
-1 -1
-1 -1
-1 -1
-1 -1
-1 -1
-1 -1
-1 -1
-1 -1
-1 -1
-1 -1
-1 -1
-1 -1
-1 -1
-1 -1
-1 -1
-1 -1
-1 -1
-1 -1
-1 -1
-1 -1
-1 -1
-1 -1
-1 -1
-1 -1
-1 -1
-1 -1
-1 -1
-1 -1
-1 -1
-1 -1
-1 -1
-1 -1
-1 -1
-1 -1
-1 -1
-1 -1
-1 -1
-1 -1
-1 -1
-1 -1
-1 -1
-1 -1
-1 -1
-1 -1
-1 -1
-1 -1
-1 -1
-1 -1
-1 -1
-1 -1
-1 -1
-1 -1
-1 -1
-1 -1
-1 -1
-1 -1
-1 -1
-1 -1
-1 -1
-1 -1
-1 -1
-1 -1
-1 -1
-1 -1
-1 -1
-1 -1
-1 -1
-1 -1
-1 -1
-1 -1
-1 -1
-1 -1
-1 -1
-1 -1
-1 -1
-1 -1
-1 -1
-1 -1
-1 -1
-1 -1
-1 -1
-1 -1
-1 -1
-1 -1
-1 -1
-1 -1
-1 -1
-1 -1
-1 -1
-1 -1
-1 -1
-1 -1
-1 -1
-1 -1
-1 -1
-1 -1
-1 -1
-1 -1
-1 -1
-1 -1
-1 -1
-1 -1
-1 -1
-1 -1
-1 -1
-1 -1
-1 -1
-1 -1
-1 -1
-1 -1
-1 -1
-1 -1
-1 -1
-1 -1
-1 -1
-1 -1
-1 -1
-1 -1
-1 -1
-1 -1
-1 -1
-1 -1
-1 -1
-1 -1
-1 -1
-1 -1
-1 -1
-1 -1
-1 -1
-1 -1
-1 -1
-1 -1
-1 -1
-1 -1
-1 -1
-1 -1
-1 -1
-1 -1
-1 -1
-1 -1
-1 -1
-1 -1
-1 -1
-1 -1
-1 -1
-1 -1
-1 -1
-1 -1
-1 -1
-1 -1
-1 -1
-1 -1
-1 -1
-1 -1
-1 -1
-1 -1
-1 -1
-1 -1
-1 -1
-1 -1
-1 -1
-1 -1
-1 -1
-1 -1
-1 -1
-1 -1
-1 -1
-1 -1
-1 -1
-1 -1
-1 -1
-1 -1
-1 -1
-1 -1
-1 -1
-1 -1
-1 -1
-1 -1
-1 -1
-1 -1
-1 -1
-1 -1
-1 -1
-1 -1
-1 -1
-1 -1
-1 -1
-1 -1
-1 -1
-1 -1
-1 -1
-1 -1
-1 -1
-1 -1
-1 -1
-1 -1
-1 -1
-1 -1
-1 -1
-1 -1
-1 -1
-1 -1
-1 -1
-1 -1
-1 -1
-1 -1
-1 -1
-1 -1
-1 -1
-1 -1
-1 -1
-1 -1
-1 -1
-1 -1
-1 -1
-1 -1
-1 -1
-1 -1
-1 -1
-1 -1
-1 -1
-1 -1
-1 -1
-1 -1
-1 -1
-1 -1
-1 -1
-1 -1
-1 -1
-1 -1
-1 -1
-1 -1
-1 -1
-1 -1
-1 -1
-1 -1
-1 -1
-1 -1
-1 -1
-1 -1
-1 -1
-1 -1
-1 -1
-1 -1
-1 -1
-1 -1
-1 -1
-1 -1
-1 -1
-1 -1
-1 -1
-1 -1
-1 -1
-1 -1
-1 -1
-1 -1
-1 -1
-1 -1
-1 -1
-1 -1
-1 -1
-1 -1
-1 -1
-1 -1
-1 -1
-1 -1
-1 -1
-1 -1
-1 -1
-1 -1
-1 -1
-1 -1
-1 -1
-1 -1
-1 -1
-1 -1
-1 -1
-1 -1
-1 -1
-1 -1
-1 -1
-1 -1
-1 -1
-1 -1
-1 -1
-1 -1
-1 -1
-1 -1
-1 -1
-1 -1
-1 -1
-1 -1
-1 -1
-1 -1
-1 -1
-1 -1
-1 -1
-1 -1
-1 -1
-1 -1
-1 -1
-1 -1
-1 -1
-1 -1
-1 -1
-1 -1
-1 -1
-1 -1
-1 -1
-1 -1
-1 -1
-1 -1
-1 -1
-1 -1
-1 -1
-1 -1
-1 -1
-1 -1
-1 -1
-1 -1
-1 -1
-1 -1
-1 -1
-1 -1
-1 -1
-1 -1
-1 -1
-1 -1
-1 -1
-1 -1
-1 -1
-1 -1
-1 -1
-1 -1
-1 -1
-1 -1
-1 -1
-1 -1
-1 -1
-1 -1
-1 -1
-1 -1
-1 -1
-1 -1
-1 -1
-1 -1
-1 -1
-1 -1
-1 -1
-1 -1
-1 -1
-1 -1
-1 -1
-1 -1
-1 -1
-1 -1
-1 -1
-1 -1
-1 -1
-1 -1
-1 -1
-1 -1
-1 -1
-1 -1
-1 -1
-1 -1
-1 -1
-1 -1
-1 -1
-1 -1
-1 -1
-1 -1
-1 -1
-1 -1
-1 -1
-1 -1
-1 -1
-1 -1
-1 -1
-1 -1
-1 -1
-1 -1
-1 -1
-1 -1
-1 -1
-1 -1
-1 -1
-1 -1
-1 -1
-1 -1
-1 -1
-1 -1
-1 -1
-1 -1
-1 -1
-1 -1
-1 -1
-1 -1
-1 -1
-1 -1
-1 -1
-1 -1
-1 -1
-1 -1
-1 -1
-1 -1
-1 -1
-1 -1
-1 -1
-1 -1
-1 -1
-1 -1
-1 -1
-1 -1
-1 -1
-1 -1
-1 -1
-1 -1
-1 -1
-1 -1
-1 -1
-1 -1
-1 -1
-1 -1
-1 -1
-1 -1
-1 -1
-1 -1
-1 -1
-1 -1
-1 -1
-1 -1
-1 -1
-1 -1
-1 -1
-1 -1
-1 -1
-1 -1
-1 -1
-1 -1
-1 -1
-1 -1
-1 -1
-1 -1
-1 -1
-1 -1
-1 -1
-1 -1
-1 -1
-1 -1
-1 -1
-1 -1
-1 -1
-1 -1
-1 -1
-1 -1
-1 -1
-1 -1
-1 -1
-1 -1
-1 -1
-1 -1
-1 -1
-1 -1
-1 -1
-1 -1
-1 -1
-1 -1
-1 -1
-1 -1
-1 -1
-1 -1
-1 -1
-1 -1
-1 -1
-1 -1
-1 -1
-1 -1
-1 -1
-1 -1
-1 -1
-1 -1
-1 -1
-1 -1
-1 -1
-1 -1
-1 -1
-1 -1
-1 -1
-1 -1
-1 -1
-1 -1
-1 -1
-1 -1
-1 -1
-1 -1
-1 -1
-1 -1
-1 -1
-1 -1
-1 -1
-1 -1
-1 -1
-1 -1
-1 -1
-1 -1
-1 -1
-1 -1
-1 -1
-1 -1
-1 -1
-1 -1
-1 -1
-1 -1
-1 -1
-1 -1
-1 -1
-1 -1
-1 -1
-1 -1
-1 -1
-1 -1
-1 -1
-1 -1
-1 -1
-1 -1
-1 -1
-1 -1
-1 -1
-1 -1
-1 -1
-1 -1
-1 -1
-1 -1
-1 -1
-1 -1
-1 -1
-1 -1
-1 -1
-1 -1
-1 -1
-1 -1
-1 -1
-1 -1
-1 -1
-1 -1
-1 -1
-1 -1
-1 -1
-1 -1
-1 -1
-1 -1
-1 -1
-1 -1
-1 -1
-1 -1
-1 -1
-1 -1
-1 -1
-1 -1
-1 -1
-1 -1
-1 -1
-1 -1
-1 -1
-1 -1
-1 -1
-1 -1
-1 -1
-1 -1
-1 -1
-1 -1
-1 -1
-1 -1
-1 -1
-1 -1
-1 -1
-1 -1
-1 -1
-1 -1
-1 -1
-1 -1
-1 -1
-1 -1
-1 -1
-1 -1
-1 -1
-1 -1
-1 -1
-1 -1
-1 -1
-1 -1
-1 -1
-1 -1
-1 -1
-1 -1
-1 -1
-1 -1
-1 -1
-1 -1
-1 -1
-1 -1
-1 -1
-1 -1
-1 -1
-1 -1
-1 -1
-1 -1
-1 -1
-1 -1
-1 -1
-1 -1
-1 -1
-1 -1
-1 -1
-1 -1
-1 -1
-1 -1
-1 -1
-1 -1
-1 -1
-1 -1
-1 -1
-1 -1
-1 -1
-1 -1
-1 -1
-1 -1
-1 -1
-1 -1
-1 -1
-1 -1
-1 -1
-1 -1
-1 -1
-1 -1
-1 -1
-1 -1
-1 -1
-1 -1
-1 -1
-1 -1
-1 -1
-1 -1
-1 -1
-1 -1
-1 -1
-1 -1
-1 -1
-1 -1
-1 -1
-1 -1
-1 -1
-1 -1
-1 -1
-1 -1
-1 -1
-1 -1
-1 -1
-1 -1
-1 -1
-1 -1
-1 -1
-1 -1
-1 -1
-1 -1
-1 -1
-1 -1
-1 -1
-1 -1
-1 -1
-1 -1
-1 -1
-1 -1
-1 -1
-1 -1
-1 -1
-1 -1
-1 -1
-1 -1
-1 -1
-1 -1
-1 -1
-1 -1
-1 -1
-1 -1
-1 -1
-1 -1
-1 -1
-1 -1
-1 -1
-1 -1
-1 -1
-1 -1
-1 -1
-1 -1
-1 -1
-1 -1
-1 -1
-1 -1
-1 -1
-1 -1
-1 -1
-1 -1
-1 -1
-1 -1
-1 -1
-1 -1
-1 -1
-1 -1
-1 -1
-1 -1
-1 -1
-1 -1
-1 -1
-1 -1
-1 -1
-1 -1
-1 -1
-1 -1
-1 -1
-1 -1
-1 -1
-1 -1
-1 -1
-1 -1
-1 -1
-1 -1
-1 -1
-1 -1
-1 -1
-1 -1
-1 -1
-1 -1
-1 -1
-1 -1
-1 -1
-1 -1
-1 -1
-1 -1
-1 -1
-1 -1
-1 -1
-1 -1
-1 -1
-1 -1
-1 -1
-1 -1
-1 -1
-1 -1
-1 -1
-1 -1
-1 -1
-1 -1
-1 -1
-1 -1
-1 -1
-1 -1
-1 -1
-1 -1
-1 -1
-1 -1
-1 -1
-1 -1
-1 -1
-1 -1
-1 -1
-1 -1
-1 -1
-1 -1
-1 -1
-1 -1
-1 -1
-1 -1
-1 -1
-1 -1
-1 -1
-1 -1
-1 -1
-1 -1
-1 -1
-1 -1
-1 -1
-1 -1
-1 -1
-1 -1
-1 -1
-1 -1
-1 -1
-1 -1
-1 -1
-1 -1
-1 -1
-1 -1
-1 -1
-1 -1
-1 -1
-1 -1
-1 -1
-1 -1
-1 -1
-1 -1
-1 -1
-1 -1
-1 -1
-1 -1
-1 -1
-1 -1
-1 -1
-1 -1
-1 -1
-1 -1
-1 -1
-1 -1
-1 -1
-1 -1
-1 -1
-1 -1
-1 -1
-1 -1
-1 -1
-1 -1
-1 -1
-1 -1
-1 -1
-1 -1
-1 -1
-1 -1
-1 -1
-1 -1
-1 -1
-1 -1
-1 -1
-1 -1
-1 -1
-1 -1
-1 -1
-1 -1
-1 -1
-1 -1
-1 -1
-1 -1
-1 -1
-1 -1
-1 -1
-1 -1
-1 -1
-1 -1
-1 -1
-1 -1
-1 -1
-1 -1
-1 -1
-1 -1
-1 -1
-1 -1
-1 -1
-1 -1
-1 -1
-1 -1
-1 -1
-1 -1
-1 -1
-1 -1
-1 -1
-1 -1
-1 -1
-1 -1
-1 -1
-1 -1
-1 -1
-1 -1
-1 -1
-1 -1
-1 -1
-1 -1
-1 -1
-1 -1
-1 -1
