-1 -1
-1 -1
-1 -1
-1 -1
-1 -1
-1 -1
-1 -1
559 559
2324 2324
-1 -1
-1 -1
-1 -1
-1 -1
772 772
-1 -1
3949 3949
4028 4028
422 422
-1 -1
-1 -1
-1 -1
3652 3652
-1 -1
3525 3525
2914 2914
-1 -1
-1 -1
466 466
-1 -1
-1 -1
-1 -1
-1 -1
-1 -1
-1 -1
-1 -1
2994 2994
-1 -1
-1 -1
-1 -1
-1 -1
-1 -1
1397 1397
-1 -1
-1 -1
-1 -1
368 368
-1 -1
3580 3580
-1 -1
-1 -1
1949 1949
-1 -1
2431 2431
-1 -1
-1 -1
-1 -1
-1 -1
-1 -1
-1 -1
1775 1776
-1 -1
1429 1429
-1 -1
-1 -1
-1 -1
-1 -1
-1 -1
-1 -1
508 508
1710 1710
-1 -1
4553 4553
1603 1603
-1 -1
-1 -1
-1 -1
3310 3310
-1 -1
-1 -1
-1 -1
-1 -1
3915 3915
-1 -1
-1 -1
-1 -1
-1 -1
-1 -1
-1 -1
-1 -1
3271 3271
-1 -1
-1 -1
-1 -1
-1 -1
-1 -1
-1 -1
-1 -1
-1 -1
-1 -1
-1 -1
-1 -1
-1 -1
-1 -1
-1 -1
-1 -1
-1 -1
-1 -1
-1 -1
-1 -1
-1 -1
3382 3382
652 653
-1 -1
-1 -1
-1 -1
-1 -1
-1 -1
-1 -1
-1 -1
-1 -1
92 92
-1 -1
540 540
-1 -1
-1 -1
-1 -1
-1 -1
-1 -1
-1 -1
-1 -1
-1 -1
-1 -1
-1 -1
972 972
-1 -1
-1 -1
4349 4349
-1 -1
-1 -1
-1 -1
447 447
-1 -1
-1 -1
-1 -1
-1 -1
-1 -1
-1 -1
-1 -1
-1 -1
-1 -1
1513 1513
-1 -1
-1 -1
-1 -1
-1 -1
-1 -1
-1 -1
-1 -1
-1 -1
-1 -1
1151 1152
5024 5024
-1 -1
-1 -1
-1 -1
-1 -1
1391 1391
-1 -1
2035 2035
-1 -1
153 153
4737 4738
-1 -1
-1 -1
255 255
-1 -1
-1 -1
-1 -1
-1 -1
-1 -1
-1 -1
-1 -1
-1 -1
-1 -1
-1 -1
-1 -1
-1 -1
1002 1002
-1 -1
-1 -1
-1 -1
-1 -1
-1 -1
-1 -1
-1 -1
-1 -1
-1 -1
2319 2319
-1 -1
-1 -1
-1 -1
-1 -1
-1 -1
-1 -1
-1 -1
-1 -1
1376 1377
-1 -1
-1 -1
-1 -1
-1 -1
-1 -1
3983 3983
-1 -1
2513 2513
-1 -1
-1 -1
-1 -1
-1 -1
-1 -1
-1 -1
-1 -1
-1 -1
-1 -1
-1 -1
-1 -1
-1 -1
-1 -1
-1 -1
-1 -1
-1 -1
-1 -1
-1 -1
-1 -1
-1 -1
-1 -1
4340 4340
-1 -1
4368 4368
-1 -1
-1 -1
-1 -1
-1 -1
-1 -1
1742 1742
3893 3893
-1 -1
-1 -1
-1 -1
-1 -1
2368 2368
-1 -1
-1 -1
-1 -1
-1 -1
-1 -1
-1 -1
-1 -1
-1 -1
-1 -1
-1 -1
-1 -1
-1 -1
-1 -1
-1 -1
4482 4482
-1 -1
-1 -1
203 204
-1 -1
-1 -1
-1 -1
-1 -1
-1 -1
664 664
-1 -1
3827 3827
-1 -1
-1 -1
-1 -1
-1 -1
-1 -1
-1 -1
-1 -1
-1 -1
-1 -1
-1 -1
-1 -1
-1 -1
-1 -1
-1 -1
-1 -1
-1 -1
5010 5010
28 28
-1 -1
-1 -1
-1 -1
-1 -1
3431 3431
-1 -1
-1 -1
-1 -1
-1 -1
641 641
-1 -1
4260 4260
-1 -1
-1 -1
1870 1870
-1 -1
-1 -1
-1 -1
3651 3651
-1 -1
-1 -1
891 893
-1 -1
-1 -1
-1 -1
-1 -1
-1 -1
-1 -1
-1 -1
-1 -1
3400 3400
-1 -1
-1 -1
3452 3452
-1 -1
-1 -1
-1 -1
3079 3079
-1 -1
-1 -1
3443 3443
3253 3254
-1 -1
-1 -1
-1 -1
-1 -1
-1 -1
-1 -1
-1 -1
-1 -1
-1 -1
-1 -1
-1 -1
-1 -1
3781 3781
-1 -1
-1 -1
835 835
-1 -1
-1 -1
-1 -1
-1 -1
4539 4539
-1 -1
3075 3075
-1 -1
-1 -1
-1 -1
-1 -1
-1 -1
-1 -1
-1 -1
1397 1397
-1 -1
75 75
37 37
-1 -1
-1 -1
-1 -1
-1 -1
-1 -1
-1 -1
-1 -1
-1 -1
-1 -1
3119 3119
4724 4724
-1 -1
-1 -1
-1 -1
-1 -1
-1 -1
-1 -1
-1 -1
-1 -1
1572 1572
-1 -1
-1 -1
-1 -1
-1 -1
-1 -1
-1 -1
-1 -1
-1 -1
-1 -1
3681 3681
-1 -1
-1 -1
-1 -1
-1 -1
-1 -1
-1 -1
-1 -1
-1 -1
4329 4329
-1 -1
-1 -1
903 903
-1 -1
1364 1364
-1 -1
-1 -1
-1 -1
-1 -1
-1 -1
3403 3403
-1 -1
-1 -1
-1 -1
-1 -1
-1 -1
-1 -1
-1 -1
1856 1857
4933 4933
-1 -1
-1 -1
-1 -1
-1 -1
-1 -1
4059 4059
-1 -1
3330 3331
-1 -1
-1 -1
-1 -1
4621 4621
-1 -1
-1 -1
1952 1952
-1 -1
4202 4202
-1 -1
-1 -1
-1 -1
-1 -1
-1 -1
821 821
4225 4225
-1 -1
5002 5003
-1 -1
-1 -1
-1 -1
2295 2295
-1 -1
-1 -1
3239 3239
-1 -1
-1 -1
-1 -1
-1 -1
-1 -1
-1 -1
-1 -1
-1 -1
-1 -1
-1 -1
-1 -1
1193 1193
-1 -1
-1 -1
-1 -1
4842 4842
-1 -1
2271 2271
-1 -1
-1 -1
-1 -1
-1 -1
-1 -1
-1 -1
-1 -1
-1 -1
3823 3823
-1 -1
-1 -1
-1 -1
-1 -1
-1 -1
-1 -1
-1 -1
-1 -1
-1 -1
-1 -1
-1 -1
2182 2182
419 419
-1 -1
-1 -1
-1 -1
3334 3335
-1 -1
-1 -1
167 167
-1 -1
-1 -1
-1 -1
695 695
-1 -1
-1 -1
-1 -1
-1 -1
-1 -1
-1 -1
-1 -1
-1 -1
2750 2750
-1 -1
-1 -1
-1 -1
-1 -1
-1 -1
-1 -1
-1 -1
644 645
-1 -1
4788 4788
-1 -1
-1 -1
-1 -1
-1 -1
-1 -1
-1 -1
-1 -1
-1 -1
3289 3289
-1 -1
-1 -1
-1 -1
-1 -1
-1 -1
4612 4613
3433 3433
-1 -1
-1 -1
4018 4018
-1 -1
-1 -1
395 395
-1 -1
3409 3409
-1 -1
-1 -1
-1 -1
-1 -1
-1 -1
-1 -1
-1 -1
-1 -1
4268 4268
-1 -1
-1 -1
-1 -1
-1 -1
3950 3951
-1 -1
-1 -1
-1 -1
-1 -1
-1 -1
1993 1993
-1 -1
792 792
-1 -1
-1 -1
-1 -1
-1 -1
-1 -1
-1 -1
-1 -1
-1 -1
3420 3420
-1 -1
-1 -1
5033 5033
-1 -1
-1 -1
-1 -1
-1 -1
2520 2520
-1 -1
2731 2731
2938 2938
-1 -1
-1 -1
-1 -1
2399 2399
1721 1721
-1 -1
-1 -1
-1 -1
-1 -1
2075 2075
-1 -1
-1 -1
-1 -1
-1 -1
-1 -1
-1 -1
-1 -1
-1 -1
1247 1247
-1 -1
-1 -1
-1 -1
-1 -1
-1 -1
-1 -1
-1 -1
-1 -1
-1 -1
-1 -1
1624 1624
-1 -1
-1 -1
-1 -1
-1 -1
-1 -1
-1 -1
995 995
-1 -1
-1 -1
-1 -1
-1 -1
-1 -1
-1 -1
1700 1700
-1 -1
2229 2229
-1 -1
-1 -1
2687 2687
-1 -1
1298 1298
1693 1693
3191 3191
-1 -1
1847 1847
844 844
-1 -1
1073 1074
3291 3291
4227 4227
2087 2087
-1 -1
-1 -1
-1 -1
-1 -1
-1 -1
265 266
-1 -1
-1 -1
-1 -1
-1 -1
-1 -1
-1 -1
-1 -1
-1 -1
-1 -1
-1 -1
-1 -1
-1 -1
-1 -1
-1 -1
2766 2766
-1 -1
-1 -1
-1 -1
-1 -1
-1 -1
-1 -1
2253 2253
1401 1402
-1 -1
-1 -1
-1 -1
-1 -1
-1 -1
-1 -1
-1 -1
-1 -1
-1 -1
-1 -1
-1 -1
3678 3679
2319 2319
1874 1874
-1 -1
-1 -1
-1 -1
-1 -1
-1 -1
-1 -1
-1 -1
-1 -1
-1 -1
-1 -1
-1 -1
4626 4626
-1 -1
-1 -1
1183 1183
-1 -1
-1 -1
252 252
-1 -1
-1 -1
-1 -1
-1 -1
-1 -1
-1 -1
-1 -1
-1 -1
-1 -1
-1 -1
-1 -1
-1 -1
1006 1006
-1 -1
-1 -1
-1 -1
-1 -1
-1 -1
-1 -1
-1 -1
-1 -1
-1 -1
-1 -1
4523 4523
-1 -1
-1 -1
-1 -1
-1 -1
-1 -1
-1 -1
-1 -1
4215 4215
-1 -1
-1 -1
1998 1998
-1 -1
2018 2018
-1 -1
-1 -1
-1 -1
-1 -1
-1 -1
-1 -1
4940 4940
1561 1561
-1 -1
-1 -1
-1 -1
-1 -1
4037 4037
-1 -1
1672 1672
3433 3433
4839 4839
1821 1821
-1 -1
-1 -1
-1 -1
-1 -1
-1 -1
-1 -1
55 55
3737 3738
-1 -1
-1 -1
-1 -1
335 335
-1 -1
-1 -1
-1 -1
280 280
-1 -1
-1 -1
-1 -1
-1 -1
-1 -1
-1 -1
-1 -1
-1 -1
-1 -1
-1 -1
-1 -1
-1 -1
-1 -1
-1 -1
833 833
-1 -1
3883 3883
3693 3693
-1 -1
-1 -1
-1 -1
1836 1837
3733 3733
-1 -1
3826 3826
-1 -1
1516 1516
-1 -1
-1 -1
-1 -1
-1 -1
1788 1788
-1 -1
-1 -1
-1 -1
-1 -1
-1 -1
-1 -1
345 345
5022 5022
-1 -1
-1 -1
-1 -1
354 354
233 233
93 93
-1 -1
-1 -1
-1 -1
-1 -1
898 898
-1 -1
-1 -1
-1 -1
-1 -1
-1 -1
-1 -1
-1 -1
-1 -1
-1 -1
-1 -1
-1 -1
-1 -1
-1 -1
1702 1702
2726 2726
-1 -1
-1 -1
-1 -1
-1 -1
-1 -1
-1 -1
2981 2981
3007 3007
-1 -1
-1 -1
-1 -1
3745 3745
-1 -1
-1 -1
-1 -1
-1 -1
2667 2667
-1 -1
763 763
-1 -1
2068 2068
-1 -1
-1 -1
-1 -1
4135 4135
-1 -1
-1 -1
-1 -1
-1 -1
-1 -1
-1 -1
-1 -1
-1 -1
-1 -1
-1 -1
-1 -1
-1 -1
-1 -1
-1 -1
-1 -1
3546 3546
3644 3644
-1 -1
-1 -1
-1 -1
4664 4664
-1 -1
-1 -1
-1 -1
-1 -1
-1 -1
-1 -1
-1 -1
-1 -1
1516 1516
-1 -1
1979 1979
113 113
-1 -1
-1 -1
-1 -1
-1 -1
2472 2472
-1 -1
-1 -1
-1 -1
1373 1373
-1 -1
-1 -1
-1 -1
5030 5031
-1 -1
-1 -1
-1 -1
-1 -1
-1 -1
3552 3553
-1 -1
3227 3228
-1 -1
-1 -1
-1 -1
-1 -1
-1 -1
-1 -1
-1 -1
-1 -1
-1 -1
4942 4942
-1 -1
-1 -1
4504 4504
-1 -1
-1 -1
-1 -1
-1 -1
-1 -1
-1 -1
-1 -1
-1 -1
-1 -1
-1 -1
-1 -1
-1 -1
-1 -1
-1 -1
-1 -1
-1 -1
-1 -1
-1 -1
-1 -1
2550 2550
-1 -1
-1 -1
-1 -1
2729 2729
-1 -1
-1 -1
2494 2494
-1 -1
-1 -1
3440 3440
-1 -1
-1 -1
-1 -1
-1 -1
-1 -1
4662 4662
-1 -1
-1 -1
-1 -1
-1 -1
-1 -1
1839 1839
-1 -1
-1 -1
-1 -1
-1 -1
-1 -1
1339 1339
-1 -1
1651 1651
-1 -1
-1 -1
2624 2624
-1 -1
-1 -1
1605 1605
-1 -1
-1 -1
-1 -1
-1 -1
-1 -1
-1 -1
3212 3212
-1 -1
-1 -1
-1 -1
-1 -1
-1 -1
-1 -1
-1 -1
-1 -1
-1 -1
-1 -1
-1 -1
-1 -1
-1 -1
4791 4791
-1 -1
2761 2761
-1 -1
-1 -1
-1 -1
-1 -1
-1 -1
-1 -1
-1 -1
3640 3640
4712 4712
-1 -1
285 286
-1 -1
2979 2979
1124 1124
-1 -1
-1 -1
-1 -1
-1 -1
-1 -1
16 16
4368 4368
-1 -1
-1 -1
-1 -1
-1 -1
-1 -1
2389 2392
-1 -1
678 678
756 756
-1 -1
-1 -1
4500 4500
-1 -1
3484 3484
-1 -1
-1 -1
-1 -1
-1 -1
-1 -1
-1 -1
1913 1913
4842 4842
-1 -1
-1 -1
-1 -1
-1 -1
-1 -1
-1 -1
-1 -1
-1 -1
-1 -1
3790 3790
-1 -1
-1 -1
-1 -1
2363 2363
357 358
-1 -1
2119 2120
-1 -1
-1 -1
-1 -1
-1 -1
-1 -1
-1 -1
2207 2207
-1 -1
-1 -1
-1 -1
-1 -1
-1 -1
-1 -1
-1 -1
-1 -1
-1 -1
-1 -1
-1 -1
-1 -1
-1 -1
-1 -1
-1 -1
-1 -1
-1 -1
-1 -1
-1 -1
2903 2903
-1 -1
813 813
-1 -1
3453 3453
-1 -1
-1 -1
376 376
-1 -1
-1 -1
2941 2941
-1 -1
-1 -1
3579 3579
-1 -1
5039 5039
-1 -1
-1 -1
-1 -1
-1 -1
-1 -1
-1 -1
-1 -1
-1 -1
4444 4444
-1 -1
-1 -1
-1 -1
-1 -1
-1 -1
-1 -1
-1 -1
1030 1030
-1 -1
101 101
-1 -1
-1 -1
-1 -1
-1 -1
66 67
-1 -1
-1 -1
-1 -1
-1 -1
-1 -1
-1 -1
-1 -1
-1 -1
-1 -1
-1 -1
-1 -1
2092 2093
-1 -1
-1 -1
-1 -1
-1 -1
-1 -1
-1 -1
-1 -1
398 398
-1 -1
-1 -1
-1 -1
-1 -1
-1 -1
-1 -1
-1 -1
4967 4967
-1 -1
-1 -1
-1 -1
-1 -1
-1 -1
-1 -1
-1 -1
-1 -1
-1 -1
-1 -1
2784 2785
-1 -1
-1 -1
-1 -1
-1 -1
-1 -1
2337 2337
-1 -1
4314 4314
-1 -1
-1 -1
-1 -1
-1 -1
3088 3089
-1 -1
-1 -1
-1 -1
-1 -1
-1 -1
-1 -1
-1 -1
-1 -1
-1 -1
-1 -1
-1 -1
-1 -1
-1 -1
-1 -1
-1 -1
-1 -1
-1 -1
-1 -1
3163 3163
-1 -1
-1 -1
-1 -1
-1 -1
-1 -1
-1 -1
-1 -1
-1 -1
-1 -1
-1 -1
-1 -1
-1 -1
-1 -1
-1 -1
562 562
4428 4428
-1 -1
3255 3255
-1 -1
-1 -1
-1 -1
3777 3777
-1 -1
-1 -1
-1 -1
-1 -1
4153 4153
-1 -1
-1 -1
-1 -1
-1 -1
-1 -1
-1 -1
-1 -1
-1 -1
-1 -1
-1 -1
3924 3924
982 982
3125 3125
4212 4212
-1 -1
-1 -1
-1 -1
-1 -1
-1 -1
-1 -1
-1 -1
-1 -1
-1 -1
-1 -1
-1 -1
-1 -1
1779 1780
-1 -1
-1 -1
-1 -1
1884 1884
-1 -1
-1 -1
-1 -1
-1 -1
-1 -1
-1 -1
-1 -1
1370 1370
1198 1199
4494 4494
4707 4707
-1 -1
2647 2647
-1 -1
-1 -1
-1 -1
-1 -1
-1 -1
-1 -1
-1 -1
-1 -1
-1 -1
-1 -1
-1 -1
3222 3222
-1 -1
-1 -1
-1 -1
1485 1485
-1 -1
-1 -1
-1 -1
-1 -1
-1 -1
-1 -1
-1 -1
-1 -1
-1 -1
-1 -1
-1 -1
-1 -1
-1 -1
-1 -1
-1 -1
-1 -1
4452 4452
-1 -1
-1 -1
-1 -1
-1 -1
-1 -1
3369 3370
-1 -1
-1 -1
-1 -1
-1 -1
-1 -1
-1 -1
-1 -1
-1 -1
-1 -1
1085 1085
2552 2552
-1 -1
-1 -1
-1 -1
-1 -1
-1 -1
-1 -1
-1 -1
-1 -1
4240 4240
-1 -1
-1 -1
-1 -1
-1 -1
-1 -1
-1 -1
-1 -1
2448 2448
-1 -1
-1 -1
-1 -1
-1 -1
4750 4750
-1 -1
3308 3308
-1 -1
4689 4689
-1 -1
-1 -1
-1 -1
-1 -1
-1 -1
2147 2147
1548 1548
-1 -1
-1 -1
-1 -1
-1 -1
-1 -1
1213 1213
-1 -1
-1 -1
-1 -1
-1 -1
-1 -1
2269 2269
-1 -1
-1 -1
-1 -1
-1 -1
-1 -1
-1 -1
3910 3910
3191 3191
-1 -1
-1 -1
-1 -1
-1 -1
-1 -1
-1 -1
-1 -1
3421 3421
-1 -1
-1 -1
3806 3806
-1 -1
-1 -1
-1 -1
-1 -1
-1 -1
-1 -1
-1 -1
-1 -1
-1 -1
-1 -1
-1 -1
-1 -1
-1 -1
-1 -1
-1 -1
-1 -1
-1 -1
4890 4890
-1 -1
-1 -1
-1 -1
-1 -1
3645 3645
-1 -1
-1 -1
3229 3230
-1 -1
-1 -1
-1 -1
5005 5005
-1 -1
-1 -1
-1 -1
-1 -1
4292 4292
-1 -1
-1 -1
-1 -1
-1 -1
-1 -1
-1 -1
-1 -1
3240 3241
-1 -1
-1 -1
4179 4179
200 200
4769 4770
-1 -1
-1 -1
-1 -1
885 885
-1 -1
-1 -1
-1 -1
-1 -1
-1 -1
-1 -1
-1 -1
4667 4668
-1 -1
-1 -1
1753 1753
-1 -1
-1 -1
-1 -1
-1 -1
3826 3826
-1 -1
-1 -1
-1 -1
-1 -1
-1 -1
-1 -1
-1 -1
-1 -1
-1 -1
4043 4043
2270 2270
149 149
-1 -1
-1 -1
-1 -1
-1 -1
-1 -1
4204 4204
-1 -1
-1 -1
-1 -1
756 756
-1 -1
1512 1512
4309 4310
-1 -1
-1 -1
-1 -1
862 862
2959 2959
-1 -1
4573 4574
2529 2529
-1 -1
-1 -1
-1 -1
-1 -1
-1 -1
1277 1277
-1 -1
-1 -1
-1 -1
-1 -1
1475 1475
2981 2981
4864 4865
-1 -1
-1 -1
1409 1409
-1 -1
-1 -1
857 857
-1 -1
-1 -1
-1 -1
-1 -1
-1 -1
-1 -1
-1 -1
-1 -1
-1 -1
-1 -1
-1 -1
4463 4463
-1 -1
-1 -1
-1 -1
4260 4260
4087 4087
-1 -1
-1 -1
4386 4386
-1 -1
-1 -1
-1 -1
-1 -1
-1 -1
-1 -1
2184 2185
4642 4642
-1 -1
-1 -1
-1 -1
-1 -1
1553 1554
-1 -1
-1 -1
-1 -1
4026 4026
-1 -1
-1 -1
-1 -1
-1 -1
-1 -1
3021 3021
-1 -1
1270 1270
-1 -1
2067 2067
-1 -1
-1 -1
-1 -1
-1 -1
-1 -1
-1 -1
-1 -1
3168 3168
2509 2509
1739 1739
-1 -1
-1 -1
-1 -1
-1 -1
-1 -1
-1 -1
-1 -1
-1 -1
1249 1250
-1 -1
-1 -1
339 339
-1 -1
-1 -1
-1 -1
2222 2222
1596 1596
-1 -1
-1 -1
-1 -1
-1 -1
-1 -1
-1 -1
-1 -1
-1 -1
-1 -1
-1 -1
2740 2740
-1 -1
-1 -1
-1 -1
865 865
-1 -1
-1 -1
-1 -1
-1 -1
1642 1642
-1 -1
-1 -1
-1 -1
-1 -1
-1 -1
-1 -1
-1 -1
-1 -1
-1 -1
-1 -1
-1 -1
-1 -1
-1 -1
-1 -1
-1 -1
-1 -1
-1 -1
-1 -1
-1 -1
-1 -1
-1 -1
-1 -1
-1 -1
-1 -1
-1 -1
-1 -1
-1 -1
-1 -1
4255 4255
-1 -1
-1 -1
-1 -1
-1 -1
1273 1273
4548 4548
1149 1150
-1 -1
-1 -1
-1 -1
-1 -1
-1 -1
-1 -1
-1 -1
2004 2004
4884 4884
3533 3533
-1 -1
-1 -1
-1 -1
-1 -1
-1 -1
-1 -1
-1 -1
-1 -1
-1 -1
-1 -1
-1 -1
1440 1440
-1 -1
-1 -1
-1 -1
-1 -1
382 382
-1 -1
-1 -1
-1 -1
-1 -1
-1 -1
602 602
-1 -1
-1 -1
-1 -1
-1 -1
-1 -1
884 884
3062 3062
-1 -1
4633 4633
-1 -1
-1 -1
-1 -1
-1 -1
-1 -1
-1 -1
-1 -1
-1 -1
-1 -1
-1 -1
-1 -1
-1 -1
1531 1531
-1 -1
-1 -1
-1 -1
2448 2448
389 389
-1 -1
-1 -1
4875 4875
-1 -1
-1 -1
1813 1813
-1 -1
-1 -1
-1 -1
-1 -1
-1 -1
-1 -1
16 16
4594 4594
4170 4170
2805 2805
-1 -1
-1 -1
-1 -1
-1 -1
-1 -1
-1 -1
-1 -1
-1 -1
-1 -1
-1 -1
-1 -1
-1 -1
-1 -1
-1 -1
-1 -1
-1 -1
-1 -1
649 649
-1 -1
-1 -1
-1 -1
-1 -1
-1 -1
-1 -1
1621 1621
-1 -1
-1 -1
-1 -1
-1 -1
1887 1887
-1 -1
-1 -1
-1 -1
-1 -1
-1 -1
4421 4421
-1 -1
-1 -1
-1 -1
-1 -1
-1 -1
-1 -1
-1 -1
-1 -1
4768 4768
2948 2948
2530 2530
-1 -1
1096 1096
-1 -1
3276 3276
-1 -1
-1 -1
-1 -1
-1 -1
-1 -1
-1 -1
-1 -1
4811 4811
-1 -1
945 945
-1 -1
-1 -1
-1 -1
-1 -1
-1 -1
-1 -1
-1 -1
3481 3481
-1 -1
-1 -1
-1 -1
-1 -1
-1 -1
-1 -1
3296 3297
-1 -1
-1 -1
4128 4128
-1 -1
-1 -1
-1 -1
-1 -1
-1 -1
-1 -1
2868 2869
-1 -1
-1 -1
-1 -1
4639 4639
-1 -1
3848 3848
-1 -1
-1 -1
2975 2977
4775 4775
-1 -1
-1 -1
-1 -1
-1 -1
-1 -1
-1 -1
4495 4495
3729 3729
-1 -1
2936 2936
3638 3638
-1 -1
-1 -1
310 310
-1 -1
-1 -1
4537 4537
-1 -1
-1 -1
4390 4390
777 777
-1 -1
3248 3248
1636 1636
57 57
-1 -1
612 613
-1 -1
-1 -1
-1 -1
-1 -1
-1 -1
-1 -1
517 517
-1 -1
-1 -1
3648 3648
-1 -1
-1 -1
-1 -1
-1 -1
-1 -1
869 869
-1 -1
3415 3415
2373 2373
-1 -1
-1 -1
-1 -1
1262 1262
4544 4544
503 503
-1 -1
1749 1749
2155 2155
-1 -1
-1 -1
-1 -1
-1 -1
-1 -1
-1 -1
4322 4322
1367 1367
-1 -1
-1 -1
-1 -1
-1 -1
-1 -1
-1 -1
-1 -1
-1 -1
-1 -1
-1 -1
-1 -1
-1 -1
-1 -1
-1 -1
-1 -1
-1 -1
-1 -1
-1 -1
-1 -1
-1 -1
4560 4560
-1 -1
-1 -1
-1 -1
-1 -1
-1 -1
1062 1062
4915 4915
1581 1581
-1 -1
-1 -1
-1 -1
19 19
-1 -1
-1 -1
-1 -1
-1 -1
-1 -1
-1 -1
4923 4923
2969 2969
-1 -1
-1 -1
2588 2588
-1 -1
-1 -1
-1 -1
-1 -1
1348 1348
-1 -1
-1 -1
3890 3890
-1 -1
-1 -1
-1 -1
-1 -1
-1 -1
-1 -1
4938 4938
-1 -1
-1 -1
-1 -1
-1 -1
-1 -1
-1 -1
-1 -1
-1 -1
-1 -1
-1 -1
-1 -1
-1 -1
-1 -1
-1 -1
-1 -1
-1 -1
-1 -1
-1 -1
-1 -1
134 135
-1 -1
-1 -1
110 110
1820 1820
-1 -1
570 570
-1 -1
-1 -1
-1 -1
-1 -1
-1 -1
-1 -1
-1 -1
1752 1752
-1 -1
-1 -1
-1 -1
3847 3847
178 178
-1 -1
-1 -1
-1 -1
359 359
-1 -1
1576 1576
-1 -1
-1 -1
-1 -1
-1 -1
-1 -1
-1 -1
2232 2233
-1 -1
-1 -1
-1 -1
-1 -1
-1 -1
-1 -1
-1 -1
-1 -1
-1 -1
-1 -1
-1 -1
-1 -1
-1 -1
3401 3401
-1 -1
-1 -1
-1 -1
-1 -1
2944 2944
-1 -1
-1 -1
-1 -1
-1 -1
4156 4156
1117 1118
-1 -1
-1 -1
-1 -1
-1 -1
-1 -1
-1 -1
-1 -1
-1 -1
1249 1250
-1 -1
4070 4070
-1 -1
-1 -1
-1 -1
-1 -1
3539 3540
-1 -1
-1 -1
4795 4795
-1 -1
-1 -1
1813 1813
-1 -1
-1 -1
1900 1900
-1 -1
-1 -1
-1 -1
-1 -1
-1 -1
-1 -1
4205 4205
-1 -1
-1 -1
-1 -1
-1 -1
-1 -1
-1 -1
1618 1618
-1 -1
-1 -1
-1 -1
-1 -1
-1 -1
-1 -1
-1 -1
-1 -1
-1 -1
-1 -1
-1 -1
-1 -1
-1 -1
-1 -1
2270 2270
-1 -1
-1 -1
-1 -1
-1 -1
3425 3425
-1 -1
-1 -1
-1 -1
1777 1777
-1 -1
-1 -1
-1 -1
-1 -1
-1 -1
-1 -1
-1 -1
-1 -1
-1 -1
-1 -1
-1 -1
-1 -1
-1 -1
4420 4420
3277 3277
-1 -1
3064 3064
-1 -1
-1 -1
-1 -1
4937 4937
-1 -1
-1 -1
-1 -1
-1 -1
1365 1365
-1 -1
-1 -1
-1 -1
-1 -1
-1 -1
-1 -1
-1 -1
-1 -1
-1 -1
-1 -1
-1 -1
873 873
-1 -1
-1 -1
-1 -1
4790 4790
-1 -1
4795 4795
-1 -1
-1 -1
-1 -1
3848 3848
1283 1283
2067 2067
-1 -1
-1 -1
-1 -1
-1 -1
-1 -1
-1 -1
-1 -1
-1 -1
-1 -1
-1 -1
-1 -1
-1 -1
4598 4598
-1 -1
-1 -1
-1 -1
-1 -1
-1 -1
5033 5033
2015 2015
-1 -1
-1 -1
-1 -1
2765 2765
-1 -1
-1 -1
-1 -1
-1 -1
905 905
1846 1846
2208 2208
-1 -1
4208 4208
-1 -1
3332 3333
-1 -1
-1 -1
2465 2465
1033 1033
-1 -1
3145 3145
-1 -1
3340 3340
-1 -1
3046 3047
695 695
-1 -1
-1 -1
-1 -1
564 564
2195 2196
166 166
-1 -1
-1 -1
-1 -1
-1 -1
-1 -1
-1 -1
-1 -1
-1 -1
-1 -1
953 953
-1 -1
-1 -1
-1 -1
-1 -1
-1 -1
64 64
-1 -1
526 526
579 579
-1 -1
-1 -1
-1 -1
-1 -1
4292 4292
-1 -1
-1 -1
-1 -1
-1 -1
-1 -1
-1 -1
-1 -1
-1 -1
-1 -1
-1 -1
-1 -1
-1 -1
1121 1121
-1 -1
-1 -1
-1 -1
-1 -1
3878 3878
-1 -1
2971 2971
-1 -1
4991 4991
-1 -1
-1 -1
-1 -1
-1 -1
-1 -1
-1 -1
-1 -1
-1 -1
-1 -1
-1 -1
-1 -1
-1 -1
4912 4912
-1 -1
-1 -1
-1 -1
-1 -1
-1 -1
-1 -1
-1 -1
2060 2060
-1 -1
-1 -1
3872 3872
3363 3363
-1 -1
-1 -1
-1 -1
-1 -1
-1 -1
-1 -1
-1 -1
-1 -1
-1 -1
-1 -1
-1 -1
4178 4178
-1 -1
-1 -1
-1 -1
-1 -1
-1 -1
-1 -1
-1 -1
-1 -1
-1 -1
-1 -1
3133 3133
-1 -1
1178 1178
509 509
908 908
-1 -1
-1 -1
4860 4860
4209 4209
-1 -1
-1 -1
-1 -1
-1 -1
-1 -1
2913 2913
3272 3273
-1 -1
-1 -1
-1 -1
1304 1304
-1 -1
2741 2741
-1 -1
23 23
-1 -1
-1 -1
1798 1798
3403 3403
-1 -1
-1 -1
-1 -1
1624 1624
-1 -1
-1 -1
-1 -1
-1 -1
-1 -1
4163 4163
1251 1251
-1 -1
3506 3506
-1 -1
-1 -1
3548 3548
2399 2399
-1 -1
-1 -1
-1 -1
3112 3112
-1 -1
-1 -1
-1 -1
4114 4114
-1 -1
832 832
-1 -1
4623 4623
2505 2505
3878 3878
1238 1239
-1 -1
-1 -1
-1 -1
2708 2710
-1 -1
-1 -1
-1 -1
2238 2238
-1 -1
-1 -1
-1 -1
-1 -1
-1 -1
-1 -1
-1 -1
-1 -1
-1 -1
-1 -1
-1 -1
-1 -1
-1 -1
3995 3995
-1 -1
4803 4803
2278 2278
-1 -1
-1 -1
-1 -1
-1 -1
1277 1277
299 299
1162 1162
-1 -1
-1 -1
-1 -1
-1 -1
2887 2887
-1 -1
-1 -1
-1 -1
-1 -1
-1 -1
-1 -1
-1 -1
-1 -1
57 57
-1 -1
-1 -1
-1 -1
3361 3361
-1 -1
-1 -1
-1 -1
-1 -1
-1 -1
-1 -1
-1 -1
-1 -1
4709 4709
-1 -1
3588 3588
-1 -1
-1 -1
-1 -1
-1 -1
4279 4279
-1 -1
1134 1134
4077 4079
-1 -1
-1 -1
-1 -1
-1 -1
1650 1650
-1 -1
2661 2662
-1 -1
206 206
2209 2209
-1 -1
-1 -1
-1 -1
-1 -1
4816 4816
-1 -1
1572 1572
-1 -1
-1 -1
-1 -1
-1 -1
-1 -1
-1 -1
-1 -1
-1 -1
-1 -1
-1 -1
-1 -1
-1 -1
-1 -1
675 676
-1 -1
-1 -1
-1 -1
4575 4575
-1 -1
-1 -1
-1 -1
710 710
1056 1056
-1 -1
-1 -1
1247 1247
-1 -1
-1 -1
-1 -1
-1 -1
-1 -1
-1 -1
-1 -1
-1 -1
-1 -1
1921 1921
3988 3988
-1 -1
-1 -1
-1 -1
-1 -1
-1 -1
-1 -1
-1 -1
-1 -1
-1 -1
2303 2303
-1 -1
-1 -1
1514 1514
-1 -1
-1 -1
-1 -1
-1 -1
-1 -1
-1 -1
-1 -1
-1 -1
-1 -1
-1 -1
-1 -1
2896 2896
-1 -1
-1 -1
-1 -1
-1 -1
1297 1297
-1 -1
86 86
-1 -1
-1 -1
906 906
3371 3371
-1 -1
1951 1951
-1 -1
-1 -1
-1 -1
-1 -1
-1 -1
2372 2372
-1 -1
-1 -1
-1 -1
-1 -1
-1 -1
-1 -1
-1 -1
4312 4312
-1 -1
-1 -1
-1 -1
-1 -1
1647 1648
2942 2942
-1 -1
-1 -1
-1 -1
-1 -1
-1 -1
-1 -1
3274 3274
-1 -1
-1 -1
-1 -1
-1 -1
-1 -1
2650 2651
5000 5000
4205 4205
-1 -1
-1 -1
-1 -1
-1 -1
-1 -1
2928 2928
-1 -1
-1 -1
3577 3577
-1 -1
-1 -1
-1 -1
3676 3676
-1 -1
-1 -1
1356 1356
643 643
2351 2351
-1 -1
-1 -1
2534 2535
-1 -1
-1 -1
-1 -1
-1 -1
-1 -1
1739 1739
-1 -1
-1 -1
-1 -1
-1 -1
-1 -1
-1 -1
-1 -1
-1 -1
4031 4031
-1 -1
-1 -1
-1 -1
-1 -1
-1 -1
-1 -1
-1 -1
-1 -1
-1 -1
-1 -1
-1 -1
-1 -1
-1 -1
1912 1912
-1 -1
-1 -1
-1 -1
-1 -1
-1 -1
-1 -1
-1 -1
381 381
-1 -1
-1 -1
2570 2571
-1 -1
-1 -1
-1 -1
-1 -1
-1 -1
2059 2059
-1 -1
-1 -1
3535 3535
-1 -1
-1 -1
-1 -1
-1 -1
-1 -1
-1 -1
-1 -1
1704 1704
3427 3427
380 380
-1 -1
-1 -1
-1 -1
-1 -1
-1 -1
-1 -1
-1 -1
-1 -1
-1 -1
-1 -1
-1 -1
-1 -1
-1 -1
-1 -1
-1 -1
-1 -1
976 976
-1 -1
1038 1039
-1 -1
573 573
-1 -1
3149 3150
-1 -1
-1 -1
-1 -1
-1 -1
-1 -1
-1 -1
-1 -1
-1 -1
-1 -1
-1 -1
-1 -1
-1 -1
-1 -1
1311 1311
-1 -1
-1 -1
-1 -1
4856 4856
950 950
-1 -1
-1 -1
-1 -1
-1 -1
-1 -1
-1 -1
-1 -1
1530 1530
-1 -1
-1 -1
-1 -1
-1 -1
49 49
110 110
-1 -1
17 17
-1 -1
4119 4119
-1 -1
-1 -1
-1 -1
-1 -1
-1 -1
-1 -1
-1 -1
-1 -1
-1 -1
4071 4071
2029 2029
2847 2847
-1 -1
3284 3284
-1 -1
-1 -1
-1 -1
-1 -1
-1 -1
3240 3241
3586 3586
-1 -1
-1 -1
-1 -1
-1 -1
-1 -1
801 801
-1 -1
-1 -1
-1 -1
-1 -1
-1 -1
-1 -1
-1 -1
-1 -1
-1 -1
-1 -1
2616 2616
4253 4254
-1 -1
-1 -1
200 200
-1 -1
-1 -1
-1 -1
-1 -1
-1 -1
265 266
-1 -1
-1 -1
-1 -1
-1 -1
4007 4009
-1 -1
-1 -1
-1 -1
-1 -1
4685 4685
-1 -1
-1 -1
-1 -1
-1 -1
452 452
2305 2305
-1 -1
2811 2811
-1 -1
-1 -1
-1 -1
2037 2037
2184 2185
4837 4837
-1 -1
-1 -1
4915 4915
-1 -1
-1 -1
-1 -1
-1 -1
-1 -1
3076 3077
4182 4182
-1 -1
-1 -1
3366 3367
-1 -1
-1 -1
4590 4590
3393 3393
-1 -1
-1 -1
1180 1180
-1 -1
-1 -1
-1 -1
-1 -1
4863 4863
-1 -1
-1 -1
-1 -1
-1 -1
-1 -1
2849 2849
728 728
-1 -1
-1 -1
-1 -1
2083 2083
-1 -1
-1 -1
-1 -1
-1 -1
-1 -1
-1 -1
-1 -1
-1 -1
-1 -1
-1 -1
-1 -1
-1 -1
2847 2847
-1 -1
1500 1500
-1 -1
-1 -1
-1 -1
-1 -1
-1 -1
-1 -1
-1 -1
-1 -1
-1 -1
1871 1871
-1 -1
-1 -1
-1 -1
2143 2145
-1 -1
-1 -1
-1 -1
-1 -1
-1 -1
-1 -1
-1 -1
-1 -1
-1 -1
-1 -1
-1 -1
-1 -1
-1 -1
1927 1927
-1 -1
-1 -1
-1 -1
-1 -1
-1 -1
-1 -1
-1 -1
-1 -1
-1 -1
-1 -1
-1 -1
-1 -1
3911 3911
-1 -1
-1 -1
-1 -1
-1 -1
-1 -1
-1 -1
-1 -1
916 916
-1 -1
-1 -1
-1 -1
-1 -1
-1 -1
2363 2363
2820 2820
-1 -1
3868 3868
-1 -1
-1 -1
-1 -1
-1 -1
-1 -1
-1 -1
1342 1342
-1 -1
-1 -1
-1 -1
4846 4846
-1 -1
-1 -1
-1 -1
-1 -1
-1 -1
-1 -1
-1 -1
-1 -1
-1 -1
-1 -1
4495 4495
-1 -1
-1 -1
-1 -1
-1 -1
-1 -1
-1 -1
-1 -1
-1 -1
3138 3138
-1 -1
-1 -1
3628 3628
378 378
-1 -1
4939 4939
-1 -1
-1 -1
-1 -1
-1 -1
-1 -1
-1 -1
4367 4367
-1 -1
3971 3971
-1 -1
-1 -1
-1 -1
-1 -1
-1 -1
-1 -1
-1 -1
-1 -1
-1 -1
-1 -1
668 669
933 933
13 13
-1 -1
4245 4245
1307 1307
-1 -1
1305 1305
-1 -1
-1 -1
1895 1895
-1 -1
-1 -1
-1 -1
-1 -1
-1 -1
-1 -1
-1 -1
-1 -1
-1 -1
-1 -1
754 754
2554 2554
-1 -1
-1 -1
-1 -1
-1 -1
-1 -1
-1 -1
-1 -1
5016 5016
3317 3317
-1 -1
-1 -1
-1 -1
-1 -1
4496 4496
-1 -1
3414 3414
-1 -1
-1 -1
-1 -1
52 52
3221 3221
-1 -1
-1 -1
-1 -1
-1 -1
-1 -1
-1 -1
-1 -1
-1 -1
-1 -1
-1 -1
-1 -1
-1 -1
-1 -1
-1 -1
-1 -1
2280 2280
-1 -1
-1 -1
-1 -1
-1 -1
-1 -1
490 490
-1 -1
-1 -1
3187 3187
605 605
-1 -1
-1 -1
-1 -1
-1 -1
-1 -1
3332 3333
-1 -1
-1 -1
4652 4653
-1 -1
3681 3681
-1 -1
-1 -1
4812 4812
1486 1486
642 642
-1 -1
2792 2792
-1 -1
-1 -1
-1 -1
-1 -1
-1 -1
2495 2495
-1 -1
-1 -1
2886 2886
4676 4676
-1 -1
-1 -1
-1 -1
-1 -1
-1 -1
-1 -1
315 316
-1 -1
-1 -1
-1 -1
3627 3627
-1 -1
-1 -1
-1 -1
-1 -1
-1 -1
-1 -1
4281 4281
2473 2473
-1 -1
-1 -1
-1 -1
-1 -1
-1 -1
-1 -1
-1 -1
-1 -1
-1 -1
-1 -1
127 127
2287 2287
-1 -1
-1 -1
-1 -1
-1 -1
4486 4486
-1 -1
3646 3646
-1 -1
-1 -1
-1 -1
3980 3980
1877 1877
-1 -1
-1 -1
-1 -1
3588 3588
-1 -1
-1 -1
-1 -1
1419 1419
-1 -1
3182 3182
-1 -1
-1 -1
-1 -1
526 526
-1 -1
-1 -1
-1 -1
4652 4653
-1 -1
-1 -1
3435 3435
-1 -1
-1 -1
-1 -1
-1 -1
1850 1850
-1 -1
-1 -1
1905 1905
-1 -1
-1 -1
-1 -1
2949 2949
-1 -1
3327 3327
-1 -1
1322 1322
-1 -1
3171 3171
-1 -1
-1 -1
-1 -1
-1 -1
3551 3551
3242 3242
-1 -1
-1 -1
-1 -1
-1 -1
-1 -1
-1 -1
-1 -1
-1 -1
-1 -1
2045 2045
-1 -1
-1 -1
-1 -1
-1 -1
-1 -1
-1 -1
-1 -1
-1 -1
1016 1016
-1 -1
4032 4032
-1 -1
-1 -1
-1 -1
2741 2741
1460 1460
3321 3322
557 557
336 336
-1 -1
-1 -1
1294 1294
-1 -1
-1 -1
-1 -1
-1 -1
1488 1489
-1 -1
-1 -1
-1 -1
-1 -1
-1 -1
-1 -1
3574 3575
-1 -1
-1 -1
-1 -1
-1 -1
1530 1530
-1 -1
-1 -1
802 802
2456 2456
-1 -1
-1 -1
-1 -1
-1 -1
-1 -1
-1 -1
-1 -1
156 157
-1 -1
-1 -1
-1 -1
-1 -1
-1 -1
-1 -1
-1 -1
-1 -1
-1 -1
1781 1783
-1 -1
-1 -1
-1 -1
4808 4809
-1 -1
-1 -1
-1 -1
-1 -1
-1 -1
3483 3483
3303 3303
-1 -1
-1 -1
-1 -1
-1 -1
-1 -1
-1 -1
-1 -1
1128 1128
695 695
-1 -1
95 95
-1 -1
-1 -1
-1 -1
1901 1901
-1 -1
-1 -1
-1 -1
-1 -1
-1 -1
-1 -1
-1 -1
2927 2927
-1 -1
-1 -1
3971 3971
3084 3084
4178 4178
4922 4922
-1 -1
-1 -1
-1 -1
-1 -1
-1 -1
-1 -1
-1 -1
-1 -1
-1 -1
-1 -1
-1 -1
-1 -1
-1 -1
-1 -1
1743 1743
-1 -1
-1 -1
30 30
-1 -1
-1 -1
-1 -1
-1 -1
-1 -1
-1 -1
-1 -1
-1 -1
-1 -1
-1 -1
4820 4820
3222 3222
785 785
-1 -1
-1 -1
-1 -1
-1 -1
-1 -1
4667 4668
-1 -1
70 70
-1 -1
-1 -1
-1 -1
-1 -1
3507 3508
-1 -1
-1 -1
-1 -1
-1 -1
4119 4119
-1 -1
2369 2369
-1 -1
-1 -1
1353 1353
1265 1265
-1 -1
-1 -1
-1 -1
-1 -1
-1 -1
-1 -1
-1 -1
2117 2117
-1 -1
-1 -1
-1 -1
-1 -1
-1 -1
-1 -1
-1 -1
-1 -1
-1 -1
-1 -1
3942 3943
-1 -1
365 365
74 74
-1 -1
-1 -1
-1 -1
-1 -1
4762 4762
5021 5021
1706 1706
5049 5049
4635 4636
-1 -1
-1 -1
2497 2497
-1 -1
4224 4224
2076 2078
-1 -1
-1 -1
-1 -1
3932 3932
-1 -1
-1 -1
-1 -1
2720 2720
-1 -1
-1 -1
4270 4271
-1 -1
-1 -1
477 477
3781 3781
-1 -1
-1 -1
-1 -1
-1 -1
-1 -1
-1 -1
-1 -1
-1 -1
-1 -1
-1 -1
-1 -1
-1 -1
-1 -1
-1 -1
-1 -1
222 222
-1 -1
2442 2442
-1 -1
256 256
1986 1987
4358 4358
-1 -1
-1 -1
-1 -1
-1 -1
1573 1573
-1 -1
772 772
-1 -1
-1 -1
-1 -1
-1 -1
2068 2068
-1 -1
-1 -1
-1 -1
4387 4389
-1 -1
-1 -1
3972 3973
-1 -1
-1 -1
-1 -1
-1 -1
-1 -1
-1 -1
4713 4713
3450 3450
-1 -1
2604 2604
-1 -1
1558 1558
-1 -1
-1 -1
-1 -1
-1 -1
-1 -1
3872 3872
-1 -1
-1 -1
-1 -1
-1 -1
-1 -1
-1 -1
-1 -1
-1 -1
-1 -1
-1 -1
4237 4237
-1 -1
-1 -1
-1 -1
-1 -1
-1 -1
411 412
985 985
-1 -1
-1 -1
-1 -1
-1 -1
-1 -1
-1 -1
-1 -1
-1 -1
-1 -1
2966 2966
-1 -1
-1 -1
-1 -1
-1 -1
-1 -1
-1 -1
-1 -1
4212 4212
-1 -1
-1 -1
1694 1694
-1 -1
1068 1068
-1 -1
-1 -1
977 977
-1 -1
-1 -1
-1 -1
-1 -1
-1 -1
5020 5020
-1 -1
-1 -1
-1 -1
-1 -1
-1 -1
-1 -1
-1 -1
-1 -1
-1 -1
-1 -1
-1 -1
-1 -1
928 928
-1 -1
-1 -1
1823 1824
-1 -1
-1 -1
-1 -1
3832 3832
-1 -1
-1 -1
3576 3576
4022 4023
-1 -1
1535 1535
-1 -1
-1 -1
3556 3556
-1 -1
-1 -1
4743 4744
-1 -1
2289 2289
4970 4970
-1 -1
-1 -1
-1 -1
-1 -1
-1 -1
3419 3419
-1 -1
-1 -1
2411 2411
-1 -1
3721 3721
682 682
-1 -1
-1 -1
-1 -1
-1 -1
-1 -1
-1 -1
-1 -1
-1 -1
-1 -1
452 452
2602 2602
-1 -1
-1 -1
-1 -1
3674 3674
433 433
-1 -1
-1 -1
-1 -1
-1 -1
-1 -1
-1 -1
-1 -1
-1 -1
3686 3686
-1 -1
1980 1981
-1 -1
-1 -1
863 863
-1 -1
-1 -1
-1 -1
1960 1960
-1 -1
-1 -1
-1 -1
-1 -1
2382 2383
-1 -1
-1 -1
-1 -1
-1 -1
-1 -1
-1 -1
2092 2093
-1 -1
3675 3675
-1 -1
484 485
-1 -1
-1 -1
-1 -1
-1 -1
-1 -1
-1 -1
-1 -1
-1 -1
-1 -1
-1 -1
-1 -1
-1 -1
-1 -1
-1 -1
-1 -1
-1 -1
-1 -1
-1 -1
-1 -1
2135 2135
-1 -1
-1 -1
-1 -1
3639 3639
1460 1460
-1 -1
-1 -1
2945 2945
-1 -1
-1 -1
2828 2828
-1 -1
-1 -1
-1 -1
-1 -1
-1 -1
-1 -1
-1 -1
-1 -1
-1 -1
-1 -1
-1 -1
-1 -1
4320 4320
-1 -1
-1 -1
-1 -1
-1 -1
3029 3029
-1 -1
-1 -1
3043 3043
-1 -1
-1 -1
-1 -1
-1 -1
-1 -1
-1 -1
3706 3706
-1 -1
-1 -1
-1 -1
-1 -1
-1 -1
-1 -1
-1 -1
-1 -1
-1 -1
4215 4215
41 41
-1 -1
-1 -1
1441 1441
-1 -1
-1 -1
-1 -1
-1 -1
64 64
-1 -1
-1 -1
-1 -1
134 135
-1 -1
-1 -1
-1 -1
-1 -1
-1 -1
-1 -1
-1 -1
-1 -1
-1 -1
-1 -1
-1 -1
-1 -1
-1 -1
-1 -1
2633 2635
-1 -1
-1 -1
-1 -1
-1 -1
-1 -1
-1 -1
-1 -1
-1 -1
-1 -1
-1 -1
-1 -1
-1 -1
-1 -1
4990 4990
-1 -1
-1 -1
3350 3350
-1 -1
-1 -1
-1 -1
-1 -1
-1 -1
-1 -1
-1 -1
-1 -1
-1 -1
-1 -1
196 196
-1 -1
-1 -1
-1 -1
2452 2452
-1 -1
-1 -1
2849 2849
-1 -1
2941 2941
-1 -1
-1 -1
-1 -1
-1 -1
-1 -1
-1 -1
222 222
-1 -1
-1 -1
-1 -1
-1 -1
-1 -1
-1 -1
-1 -1
-1 -1
-1 -1
-1 -1
-1 -1
-1 -1
-1 -1
-1 -1
-1 -1
-1 -1
-1 -1
-1 -1
-1 -1
-1 -1
2420 2420
-1 -1
287 287
-1 -1
-1 -1
-1 -1
357 358
-1 -1
-1 -1
-1 -1
-1 -1
-1 -1
-1 -1
-1 -1
60 60
-1 -1
-1 -1
-1 -1
-1 -1
-1 -1
1528 1528
-1 -1
2400 2400
-1 -1
-1 -1
-1 -1
-1 -1
-1 -1
-1 -1
714 714
-1 -1
-1 -1
-1 -1
-1 -1
-1 -1
263 263
1833 1833
-1 -1
-1 -1
-1 -1
-1 -1
-1 -1
-1 -1
-1 -1
-1 -1
-1 -1
-1 -1
-1 -1
-1 -1
-1 -1
3972 3973
-1 -1
-1 -1
-1 -1
-1 -1
-1 -1
-1 -1
-1 -1
-1 -1
-1 -1
-1 -1
-1 -1
-1 -1
-1 -1
-1 -1
-1 -1
-1 -1
152 152
-1 -1
3108 3108
-1 -1
-1 -1
-1 -1
-1 -1
-1 -1
-1 -1
-1 -1
-1 -1
-1 -1
4126 4126
-1 -1
-1 -1
-1 -1
-1 -1
-1 -1
-1 -1
-1 -1
-1 -1
-1 -1
-1 -1
-1 -1
-1 -1
2413 2413
-1 -1
-1 -1
2407 2407
-1 -1
-1 -1
1372 1372
2254 2254
-1 -1
-1 -1
-1 -1
-1 -1
-1 -1
2227 2227
-1 -1
-1 -1
-1 -1
-1 -1
1176 1176
-1 -1
-1 -1
-1 -1
-1 -1
-1 -1
-1 -1
-1 -1
-1 -1
-1 -1
-1 -1
-1 -1
-1 -1
1858 1859
-1 -1
1700 1700
438 438
4788 4788
-1 -1
-1 -1
4608 4608
-1 -1
3876 3876
-1 -1
-1 -1
-1 -1
-1 -1
-1 -1
-1 -1
-1 -1
-1 -1
2949 2949
-1 -1
-1 -1
-1 -1
-1 -1
-1 -1
-1 -1
-1 -1
878 878
-1 -1
-1 -1
-1 -1
-1 -1
-1 -1
-1 -1
-1 -1
-1 -1
-1 -1
-1 -1
-1 -1
-1 -1
-1 -1
-1 -1
1100 1100
-1 -1
-1 -1
-1 -1
-1 -1
4895 4895
-1 -1
-1 -1
-1 -1
-1 -1
-1 -1
-1 -1
-1 -1
-1 -1
-1 -1
-1 -1
-1 -1
-1 -1
1403 1403
-1 -1
1513 1513
-1 -1
3261 3261
-1 -1
2238 2238
331 331
3119 3119
-1 -1
-1 -1
-1 -1
-1 -1
-1 -1
-1 -1
4407 4407
-1 -1
-1 -1
-1 -1
-1 -1
-1 -1
841 841
2302 2302
2493 2493
3220 3220
-1 -1
1884 1884
-1 -1
-1 -1
-1 -1
189 189
-1 -1
-1 -1
-1 -1
-1 -1
-1 -1
-1 -1
-1 -1
-1 -1
-1 -1
-1 -1
-1 -1
-1 -1
-1 -1
-1 -1
4921 4921
-1 -1
-1 -1
-1 -1
-1 -1
-1 -1
-1 -1
-1 -1
-1 -1
-1 -1
-1 -1
-1 -1
-1 -1
-1 -1
-1 -1
614 614
-1 -1
-1 -1
-1 -1
-1 -1
5044 5044
-1 -1
-1 -1
-1 -1
-1 -1
-1 -1
-1 -1
-1 -1
-1 -1
-1 -1
3187 3187
-1 -1
-1 -1
-1 -1
-1 -1
-1 -1
-1 -1
-1 -1
-1 -1
-1 -1
-1 -1
-1 -1
2418 2418
-1 -1
-1 -1
-1 -1
-1 -1
-1 -1
2876 2877
-1 -1
-1 -1
-1 -1
-1 -1
-1 -1
-1 -1
-1 -1
-1 -1
2060 2060
-1 -1
1896 1896
4901 4901
4504 4504
-1 -1
-1 -1
-1 -1
2722 2722
-1 -1
-1 -1
-1 -1
-1 -1
-1 -1
-1 -1
-1 -1
-1 -1
-1 -1
-1 -1
-1 -1
472 472
-1 -1
-1 -1
-1 -1
-1 -1
-1 -1
2906 2906
-1 -1
-1 -1
-1 -1
3393 3393
-1 -1
942 942
-1 -1
-1 -1
-1 -1
-1 -1
3446 3446
-1 -1
-1 -1
-1 -1
-1 -1
381 381
-1 -1
66 67
1565 1565
-1 -1
2403 2403
-1 -1
-1 -1
-1 -1
-1 -1
-1 -1
-1 -1
-1 -1
-1 -1
-1 -1
-1 -1
2000 2000
-1 -1
-1 -1
1630 1630
-1 -1
-1 -1
-1 -1
-1 -1
-1 -1
2957 2958
-1 -1
-1 -1
-1 -1
-1 -1
-1 -1
4945 4945
-1 -1
1814 1814
-1 -1
-1 -1
4500 4500
-1 -1
-1 -1
-1 -1
-1 -1
-1 -1
-1 -1
-1 -1
-1 -1
-1 -1
823 824
-1 -1
-1 -1
-1 -1
-1 -1
-1 -1
-1 -1
-1 -1
-1 -1
4304 4305
-1 -1
-1 -1
-1 -1
-1 -1
2280 2280
2728 2728
1543 1543
-1 -1
-1 -1
-1 -1
-1 -1
4610 4610
-1 -1
-1 -1
-1 -1
1813 1813
1717 1717
-1 -1
-1 -1
-1 -1
-1 -1
-1 -1
-1 -1
153 153
-1 -1
-1 -1
-1 -1
-1 -1
2994 2994
-1 -1
472 472
2878 2878
-1 -1
-1 -1
-1 -1
3562 3562
-1 -1
2598 2599
-1 -1
1920 1920
-1 -1
2380 2380
-1 -1
-1 -1
-1 -1
-1 -1
1341 1341
-1 -1
-1 -1
1797 1797
2525 2525
-1 -1
4044 4044
-1 -1
4528 4529
-1 -1
-1 -1
-1 -1
2423 2424
-1 -1
-1 -1
3184 3184
-1 -1
-1 -1
-1 -1
-1 -1
-1 -1
-1 -1
2528 2528
-1 -1
-1 -1
-1 -1
2407 2407
-1 -1
180 180
4961 4962
-1 -1
-1 -1
-1 -1
-1 -1
-1 -1
-1 -1
3026 3026
-1 -1
-1 -1
-1 -1
-1 -1
-1 -1
-1 -1
2188 2188
-1 -1
-1 -1
-1 -1
4145 4145
-1 -1
4129 4129
4667 4668
2598 2599
-1 -1
-1 -1
-1 -1
4394 4394
-1 -1
-1 -1
3647 3647
-1 -1
-1 -1
-1 -1
-1 -1
-1 -1
-1 -1
411 412
-1 -1
2789 2790
-1 -1
-1 -1
539 539
-1 -1
-1 -1
-1 -1
-1 -1
-1 -1
-1 -1
-1 -1
-1 -1
-1 -1
-1 -1
-1 -1
-1 -1
4179 4179
-1 -1
-1 -1
-1 -1
-1 -1
-1 -1
2751 2751
-1 -1
4116 4116
-1 -1
-1 -1
-1 -1
-1 -1
-1 -1
-1 -1
-1 -1
-1 -1
-1 -1
-1 -1
-1 -1
-1 -1
3843 3843
-1 -1
2902 2902
-1 -1
-1 -1
850 850
-1 -1
-1 -1
818 818
-1 -1
-1 -1
-1 -1
-1 -1
-1 -1
-1 -1
-1 -1
-1 -1
-1 -1
-1 -1
4392 4392
-1 -1
-1 -1
-1 -1
2639 2639
-1 -1
-1 -1
2779 2779
-1 -1
4450 4450
-1 -1
-1 -1
-1 -1
-1 -1
65 65
-1 -1
-1 -1
-1 -1
-1 -1
963 963
-1 -1
2338 2338
-1 -1
-1 -1
-1 -1
-1 -1
-1 -1
-1 -1
-1 -1
-1 -1
4887 4887
-1 -1
1809 1809
-1 -1
894 894
-1 -1
-1 -1
-1 -1
-1 -1
-1 -1
-1 -1
-1 -1
-1 -1
-1 -1
-1 -1
-1 -1
-1 -1
-1 -1
-1 -1
-1 -1
-1 -1
-1 -1
-1 -1
-1 -1
-1 -1
-1 -1
-1 -1
-1 -1
-1 -1
-1 -1
-1 -1
-1 -1
-1 -1
500 500
-1 -1
419 419
754 754
-1 -1
-1 -1
-1 -1
-1 -1
-1 -1
-1 -1
-1 -1
-1 -1
-1 -1
-1 -1
-1 -1
-1 -1
-1 -1
-1 -1
-1 -1
-1 -1
-1 -1
-1 -1
-1 -1
-1 -1
2481 2481
-1 -1
-1 -1
-1 -1
-1 -1
-1 -1
-1 -1
-1 -1
-1 -1
-1 -1
4114 4114
-1 -1
-1 -1
-1 -1
-1 -1
-1 -1
152 152
-1 -1
-1 -1
-1 -1
-1 -1
-1 -1
-1 -1
3849 3849
-1 -1
-1 -1
4782 4782
-1 -1
-1 -1
-1 -1
-1 -1
-1 -1
-1 -1
-1 -1
-1 -1
-1 -1
1233 1233
-1 -1
-1 -1
-1 -1
-1 -1
-1 -1
-1 -1
-1 -1
2664 2665
-1 -1
-1 -1
-1 -1
-1 -1
-1 -1
-1 -1
-1 -1
-1 -1
-1 -1
33 34
-1 -1
-1 -1
-1 -1
2936 2936
-1 -1
-1 -1
-1 -1
-1 -1
-1 -1
-1 -1
-1 -1
2640 2640
-1 -1
-1 -1
-1 -1
3829 3829
-1 -1
-1 -1
-1 -1
63 63
-1 -1
-1 -1
2931 2931
4180 4180
-1 -1
-1 -1
-1 -1
3953 3953
-1 -1
-1 -1
-1 -1
-1 -1
-1 -1
4410 4410
-1 -1
-1 -1
-1 -1
-1 -1
-1 -1
-1 -1
-1 -1
4016 4016
-1 -1
-1 -1
-1 -1
-1 -1
-1 -1
-1 -1
3140 3140
-1 -1
-1 -1
-1 -1
-1 -1
-1 -1
-1 -1
703 703
-1 -1
-1 -1
-1 -1
2459 2459
2521 2522
-1 -1
1779 1780
-1 -1
-1 -1
-1 -1
-1 -1
179 179
-1 -1
-1 -1
-1 -1
3782 3782
-1 -1
3456 3456
-1 -1
-1 -1
-1 -1
970 970
-1 -1
-1 -1
4473 4473
795 795
-1 -1
1907 1907
-1 -1
-1 -1
-1 -1
250 250
4839 4839
3452 3452
-1 -1
-1 -1
-1 -1
2854 2854
-1 -1
-1 -1
-1 -1
-1 -1
-1 -1
-1 -1
4718 4719
-1 -1
61 62
-1 -1
1694 1694
-1 -1
-1 -1
-1 -1
-1 -1
-1 -1
1285 1285
2821 2825
-1 -1
96 97
-1 -1
1507 1507
-1 -1
4552 4552
-1 -1
-1 -1
226 227
-1 -1
-1 -1
-1 -1
2893 2893
-1 -1
1986 1987
-1 -1
-1 -1
-1 -1
-1 -1
-1 -1
-1 -1
-1 -1
-1 -1
-1 -1
-1 -1
-1 -1
1304 1304
-1 -1
-1 -1
-1 -1
-1 -1
-1 -1
-1 -1
-1 -1
-1 -1
-1 -1
-1 -1
-1 -1
1452 1452
-1 -1
-1 -1
-1 -1
-1 -1
2901 2901
-1 -1
1744 1744
-1 -1
4373 4373
-1 -1
-1 -1
1404 1405
-1 -1
-1 -1
-1 -1
840 840
328 329
-1 -1
56 56
-1 -1
-1 -1
-1 -1
467 467
-1 -1
-1 -1
-1 -1
4181 4181
-1 -1
3272 3273
-1 -1
-1 -1
-1 -1
3383 3383
-1 -1
-1 -1
-1 -1
-1 -1
-1 -1
-1 -1
3349 3349
-1 -1
-1 -1
-1 -1
-1 -1
-1 -1
-1 -1
-1 -1
-1 -1
381 381
-1 -1
937 937
-1 -1
-1 -1
-1 -1
-1 -1
3938 3938
-1 -1
-1 -1
-1 -1
-1 -1
-1 -1
-1 -1
-1 -1
-1 -1
-1 -1
-1 -1
-1 -1
-1 -1
1450 1450
-1 -1
-1 -1
-1 -1
-1 -1
1336 1336
-1 -1
-1 -1
-1 -1
-1 -1
-1 -1
1905 1905
-1 -1
-1 -1
-1 -1
-1 -1
-1 -1
-1 -1
-1 -1
2868 2869
4848 4848
4677 4677
-1 -1
3745 3745
-1 -1
-1 -1
-1 -1
-1 -1
-1 -1
-1 -1
-1 -1
4464 4464
986 986
-1 -1
-1 -1
-1 -1
-1 -1
-1 -1
-1 -1
-1 -1
817 817
-1 -1
-1 -1
-1 -1
-1 -1
4200 4200
-1 -1
-1 -1
4896 4896
2721 2721
-1 -1
841 841
3598 3598
-1 -1
-1 -1
-1 -1
4003 4003
-1 -1
-1 -1
-1 -1
-1 -1
3124 3124
-1 -1
-1 -1
-1 -1
-1 -1
-1 -1
-1 -1
1765 1765
-1 -1
-1 -1
-1 -1
-1 -1
-1 -1
-1 -1
-1 -1
-1 -1
-1 -1
-1 -1
-1 -1
-1 -1
3887 3888
-1 -1
3103 3103
-1 -1
-1 -1
-1 -1
-1 -1
-1 -1
-1 -1
3879 3879
4059 4059
-1 -1
3340 3340
-1 -1
-1 -1
-1 -1
-1 -1
-1 -1
-1 -1
-1 -1
938 938
-1 -1
-1 -1
-1 -1
1803 1803
-1 -1
-1 -1
-1 -1
-1 -1
-1 -1
-1 -1
-1 -1
-1 -1
-1 -1
-1 -1
-1 -1
-1 -1
4794 4794
-1 -1
-1 -1
494 494
4243 4243
-1 -1
3822 3822
99 99
-1 -1
-1 -1
-1 -1
-1 -1
-1 -1
-1 -1
-1 -1
-1 -1
-1 -1
-1 -1
4838 4838
-1 -1
306 306
-1 -1
-1 -1
-1 -1
-1 -1
972 972
3864 3864
-1 -1
-1 -1
4188 4188
-1 -1
-1 -1
-1 -1
-1 -1
-1 -1
-1 -1
-1 -1
-1 -1
-1 -1
-1 -1
1817 1817
-1 -1
-1 -1
-1 -1
1870 1870
4241 4241
2762 2762
-1 -1
-1 -1
2148 2148
-1 -1
-1 -1
-1 -1
-1 -1
-1 -1
-1 -1
-1 -1
2087 2087
-1 -1
-1 -1
-1 -1
-1 -1
-1 -1
-1 -1
-1 -1
-1 -1
-1 -1
-1 -1
4854 4855
-1 -1
-1 -1
2251 2251
-1 -1
-1 -1
-1 -1
-1 -1
895 895
-1 -1
-1 -1
4934 4934
-1 -1
-1 -1
-1 -1
-1 -1
-1 -1
-1 -1
1785 1785
-1 -1
-1 -1
-1 -1
1637 1637
-1 -1
-1 -1
922 922
-1 -1
4550 4550
-1 -1
-1 -1
-1 -1
-1 -1
-1 -1
-1 -1
4537 4537
-1 -1
-1 -1
-1 -1
-1 -1
-1 -1
-1 -1
-1 -1
-1 -1
-1 -1
-1 -1
-1 -1
-1 -1
-1 -1
3527 3528
-1 -1
-1 -1
-1 -1
-1 -1
-1 -1
-1 -1
-1 -1
-1 -1
-1 -1
-1 -1
-1 -1
2802 2802
-1 -1
-1 -1
-1 -1
-1 -1
-1 -1
-1 -1
-1 -1
-1 -1
469 469
-1 -1
-1 -1
-1 -1
11 11
-1 -1
-1 -1
-1 -1
-1 -1
-1 -1
-1 -1
3813 3813
-1 -1
-1 -1
-1 -1
-1 -1
-1 -1
3544 3544
-1 -1
-1 -1
-1 -1
-1 -1
2503 2504
-1 -1
-1 -1
-1 -1
-1 -1
708 708
-1 -1
-1 -1
-1 -1
4882 4883
-1 -1
-1 -1
4220 4220
-1 -1
189 189
3840 3840
-1 -1
-1 -1
-1 -1
-1 -1
-1 -1
-1 -1
4367 4367
-1 -1
-1 -1
2725 2725
-1 -1
4203 4203
-1 -1
-1 -1
-1 -1
-1 -1
319 319
-1 -1
-1 -1
-1 -1
-1 -1
-1 -1
3443 3443
1325 1325
-1 -1
3737 3738
-1 -1
3081 3081
-1 -1
1979 1979
-1 -1
-1 -1
4548 4548
2239 2240
-1 -1
3747 3747
-1 -1
-1 -1
-1 -1
-1 -1
-1 -1
2771 2771
1122 1122
-1 -1
-1 -1
-1 -1
-1 -1
-1 -1
-1 -1
3854 3854
-1 -1
3633 3633
-1 -1
-1 -1
-1 -1
-1 -1
1961 1961
-1 -1
-1 -1
-1 -1
-1 -1
2616 2616
-1 -1
-1 -1
1069 1069
-1 -1
-1 -1
716 716
1278 1278
-1 -1
-1 -1
-1 -1
1005 1005
-1 -1
-1 -1
4189 4189
-1 -1
66 67
-1 -1
-1 -1
-1 -1
-1 -1
3055 3055
-1 -1
1000 1000
-1 -1
2924 2924
-1 -1
-1 -1
-1 -1
4786 4786
2749 2749
-1 -1
-1 -1
-1 -1
-1 -1
3497 3497
-1 -1
2084 2084
879 880
-1 -1
-1 -1
-1 -1
-1 -1
-1 -1
2206 2206
-1 -1
-1 -1
-1 -1
-1 -1
-1 -1
-1 -1
-1 -1
-1 -1
-1 -1
-1 -1
-1 -1
-1 -1
1931 1931
-1 -1
-1 -1
-1 -1
-1 -1
-1 -1
-1 -1
-1 -1
-1 -1
2803 2803
-1 -1
-1 -1
3619 3619
-1 -1
3253 3254
-1 -1
-1 -1
4275 4275
-1 -1
-1 -1
-1 -1
-1 -1
-1 -1
-1 -1
-1 -1
-1 -1
-1 -1
-1 -1
2657 2657
-1 -1
-1 -1
-1 -1
-1 -1
-1 -1
-1 -1
-1 -1
-1 -1
4631 4631
-1 -1
-1 -1
-1 -1
-1 -1
3351 3351
-1 -1
-1 -1
3031 3031
-1 -1
-1 -1
-1 -1
-1 -1
-1 -1
-1 -1
-1 -1
-1 -1
-1 -1
-1 -1
-1 -1
-1 -1
-1 -1
-1 -1
-1 -1
-1 -1
1681 1681
-1 -1
-1 -1
-1 -1
-1 -1
-1 -1
-1 -1
-1 -1
-1 -1
-1 -1
-1 -1
2249 2249
-1 -1
3716 3716
4231 4231
-1 -1
-1 -1
-1 -1
-1 -1
3363 3363
-1 -1
-1 -1
-1 -1
-1 -1
2202 2202
-1 -1
-1 -1
-1 -1
1256 1256
-1 -1
-1 -1
1541 1541
-1 -1
-1 -1
3240 3241
-1 -1
2087 2087
-1 -1
-1 -1
-1 -1
-1 -1
-1 -1
-1 -1
-1 -1
-1 -1
3532 3532
-1 -1
-1 -1
-1 -1
4821 4821
-1 -1
4092 4092
4536 4536
-1 -1
-1 -1
-1 -1
-1 -1
-1 -1
3811 3811
3863 3863
391 391
174 174
2438 2438
-1 -1
1696 1696
-1 -1
-1 -1
-1 -1
-1 -1
-1 -1
-1 -1
-1 -1
-1 -1
1341 1341
-1 -1
-1 -1
-1 -1
-1 -1
-1 -1
4335 4335
-1 -1
470 470
985 985
-1 -1
-1 -1
3372 3372
-1 -1
-1 -1
-1 -1
2510 2510
959 959
25 25
-1 -1
-1 -1
-1 -1
-1 -1
-1 -1
-1 -1
-1 -1
-1 -1
-1 -1
-1 -1
1530 1530
-1 -1
-1 -1
-1 -1
-1 -1
-1 -1
5044 5044
-1 -1
-1 -1
-1 -1
-1 -1
-1 -1
-1 -1
-1 -1
-1 -1
-1 -1
877 877
-1 -1
-1 -1
-1 -1
-1 -1
-1 -1
-1 -1
-1 -1
-1 -1
899 899
-1 -1
4351 4351
-1 -1
-1 -1
-1 -1
-1 -1
-1 -1
-1 -1
-1 -1
-1 -1
-1 -1
-1 -1
-1 -1
-1 -1
-1 -1
-1 -1
-1 -1
-1 -1
-1 -1
2603 2603
4330 4330
3266 3266
4594 4594
-1 -1
-1 -1
-1 -1
-1 -1
-1 -1
-1 -1
659 659
-1 -1
-1 -1
-1 -1
-1 -1
-1 -1
3098 3098
-1 -1
4907 4907
-1 -1
2937 2937
-1 -1
-1 -1
-1 -1
-1 -1
29 29
-1 -1
-1 -1
-1 -1
-1 -1
-1 -1
1993 1993
-1 -1
-1 -1
115 115
-1 -1
-1 -1
-1 -1
3343 3344
-1 -1
-1 -1
-1 -1
-1 -1
1917 1917
-1 -1
-1 -1
-1 -1
-1 -1
-1 -1
-1 -1
-1 -1
-1 -1
-1 -1
-1 -1
-1 -1
3682 3682
-1 -1
-1 -1
-1 -1
-1 -1
-1 -1
-1 -1
-1 -1
2119 2120
-1 -1
-1 -1
-1 -1
-1 -1
-1 -1
-1 -1
-1 -1
-1 -1
592 592
-1 -1
-1 -1
-1 -1
-1 -1
-1 -1
-1 -1
-1 -1
-1 -1
154 154
-1 -1
-1 -1
957 958
-1 -1
-1 -1
3171 3171
-1 -1
-1 -1
-1 -1
-1 -1
1418 1418
-1 -1
-1 -1
3393 3393
-1 -1
-1 -1
2523 2523
-1 -1
-1 -1
-1 -1
-1 -1
-1 -1
-1 -1
-1 -1
-1 -1
-1 -1
-1 -1
-1 -1
-1 -1
58 59
1386 1387
4899 4899
-1 -1
-1 -1
-1 -1
-1 -1
-1 -1
854 854
3638 3638
-1 -1
-1 -1
-1 -1
3016 3016
-1 -1
-1 -1
-1 -1
-1 -1
24 24
-1 -1
-1 -1
-1 -1
-1 -1
-1 -1
-1 -1
-1 -1
-1 -1
-1 -1
-1 -1
-1 -1
-1 -1
-1 -1
-1 -1
-1 -1
-1 -1
-1 -1
-1 -1
-1 -1
-1 -1
-1 -1
-1 -1
-1 -1
-1 -1
-1 -1
-1 -1
-1 -1
4531 4531
-1 -1
2898 2898
-1 -1
-1 -1
-1 -1
-1 -1
-1 -1
-1 -1
3827 3827
-1 -1
-1 -1
-1 -1
-1 -1
1544 1544
-1 -1
-1 -1
532 532
-1 -1
-1 -1
-1 -1
-1 -1
-1 -1
-1 -1
-1 -1
716 716
-1 -1
2481 2481
-1 -1
-1 -1
1368 1368
-1 -1
-1 -1
-1 -1
101 101
-1 -1
-1 -1
-1 -1
-1 -1
478 478
-1 -1
-1 -1
-1 -1
-1 -1
2638 2638
-1 -1
-1 -1
-1 -1
-1 -1
-1 -1
-1 -1
-1 -1
-1 -1
788 789
-1 -1
-1 -1
-1 -1
-1 -1
-1 -1
-1 -1
-1 -1
-1 -1
3 3
3111 3111
-1 -1
-1 -1
3203 3203
-1 -1
-1 -1
-1 -1
-1 -1
1570 1570
-1 -1
-1 -1
-1 -1
-1 -1
1065 1066
3914 3914
-1 -1
-1 -1
-1 -1
-1 -1
4336 4336
2749 2749
1984 1984
-1 -1
-1 -1
-1 -1
4197 4197
-1 -1
-1 -1
-1 -1
-1 -1
-1 -1
-1 -1
-1 -1
-1 -1
-1 -1
-1 -1
-1 -1
-1 -1
-1 -1
4915 4915
-1 -1
-1 -1
-1 -1
1806 1806
-1 -1
-1 -1
1540 1540
1279 1279
-1 -1
-1 -1
-1 -1
-1 -1
-1 -1
-1 -1
-1 -1
-1 -1
-1 -1
-1 -1
-1 -1
-1 -1
-1 -1
-1 -1
-1 -1
939 939
-1 -1
-1 -1
3132 3132
-1 -1
-1 -1
-1 -1
-1 -1
-1 -1
1548 1548
3593 3593
-1 -1
3022 3022
-1 -1
-1 -1
-1 -1
-1 -1
3555 3555
-1 -1
1753 1753
-1 -1
-1 -1
3414 3414
-1 -1
-1 -1
-1 -1
-1 -1
-1 -1
2579 2579
-1 -1
-1 -1
-1 -1
-1 -1
4638 4638
-1 -1
-1 -1
4277 4277
-1 -1
-1 -1
-1 -1
1705 1705
-1 -1
3713 3713
849 849
-1 -1
-1 -1
-1 -1
-1 -1
2406 2406
120 120
-1 -1
-1 -1
2094 2096
-1 -1
2650 2651
-1 -1
1023 1023
-1 -1
-1 -1
2042 2042
-1 -1
-1 -1
-1 -1
-1 -1
-1 -1
850 850
-1 -1
1960 1960
4500 4500
-1 -1
-1 -1
-1 -1
-1 -1
-1 -1
-1 -1
-1 -1
2021 2021
-1 -1
-1 -1
-1 -1
-1 -1
-1 -1
-1 -1
-1 -1
-1 -1
1540 1540
-1 -1
-1 -1
-1 -1
2340 2340
-1 -1
-1 -1
-1 -1
-1 -1
-1 -1
-1 -1
1470 1470
-1 -1
-1 -1
-1 -1
-1 -1
2913 2913
-1 -1
-1 -1
2555 2555
-1 -1
-1 -1
-1 -1
-1 -1
-1 -1
-1 -1
-1 -1
-1 -1
3825 3825
-1 -1
-1 -1
-1 -1
-1 -1
-1 -1
-1 -1
-1 -1
-1 -1
-1 -1
2226 2226
5044 5044
-1 -1
-1 -1
-1 -1
-1 -1
3160 3160
-1 -1
-1 -1
2480 2480
1497 1497
-1 -1
-1 -1
-1 -1
-1 -1
-1 -1
-1 -1
-1 -1
-1 -1
-1 -1
-1 -1
2468 2468
-1 -1
-1 -1
-1 -1
-1 -1
3729 3729
-1 -1
2640 2640
-1 -1
-1 -1
1836 1837
-1 -1
1211 1212
-1 -1
-1 -1
-1 -1
-1 -1
-1 -1
-1 -1
-1 -1
-1 -1
-1 -1
-1 -1
-1 -1
4166 4166
-1 -1
380 380
-1 -1
-1 -1
-1 -1
-1 -1
-1 -1
2472 2472
-1 -1
5016 5016
-1 -1
-1 -1
-1 -1
-1 -1
-1 -1
-1 -1
3731 3731
2100 2100
4748 4748
-1 -1
-1 -1
1305 1305
-1 -1
-1 -1
-1 -1
-1 -1
-1 -1
-1 -1
-1 -1
-1 -1
-1 -1
259 259
2527 2527
-1 -1
-1 -1
-1 -1
-1 -1
-1 -1
-1 -1
-1 -1
-1 -1
-1 -1
-1 -1
4787 4787
-1 -1
-1 -1
-1 -1
-1 -1
1555 1555
601 601
1428 1428
-1 -1
-1 -1
-1 -1
1738 1738
-1 -1
3270 3270
-1 -1
-1 -1
-1 -1
2473 2473
3654 3654
-1 -1
-1 -1
-1 -1
-1 -1
2035 2035
-1 -1
-1 -1
-1 -1
-1 -1
-1 -1
-1 -1
-1 -1
2239 2240
-1 -1
-1 -1
2526 2526
-1 -1
-1 -1
-1 -1
-1 -1
-1 -1
-1 -1
822 822
-1 -1
-1 -1
-1 -1
-1 -1
-1 -1
2019 2020
-1 -1
-1 -1
-1 -1
-1 -1
-1 -1
-1 -1
-1 -1
1128 1128
1299 1299
-1 -1
-1 -1
-1 -1
4150 4150
-1 -1
-1 -1
4062 4063
-1 -1
4689 4689
-1 -1
-1 -1
-1 -1
-1 -1
-1 -1
-1 -1
-1 -1
-1 -1
1266 1266
-1 -1
-1 -1
2439 2439
1012 1012
-1 -1
-1 -1
-1 -1
-1 -1
-1 -1
-1 -1
-1 -1
-1 -1
-1 -1
-1 -1
-1 -1
3880 3880
-1 -1
-1 -1
-1 -1
2703 2703
-1 -1
-1 -1
-1 -1
-1 -1
-1 -1
-1 -1
-1 -1
-1 -1
-1 -1
-1 -1
-1 -1
4545 4545
-1 -1
-1 -1
-1 -1
-1 -1
-1 -1
832 832
628 628
-1 -1
3036 3036
-1 -1
-1 -1
196 196
-1 -1
-1 -1
-1 -1
3550 3550
-1 -1
-1 -1
-1 -1
-1 -1
-1 -1
4374 4374
5033 5033
-1 -1
2433 2433
2968 2968
-1 -1
-1 -1
-1 -1
1428 1428
-1 -1
-1 -1
4880 4880
-1 -1
272 273
-1 -1
510 510
2837 2837
-1 -1
1178 1178
-1 -1
-1 -1
-1 -1
-1 -1
-1 -1
-1 -1
-1 -1
-1 -1
-1 -1
-1 -1
-1 -1
-1 -1
-1 -1
1367 1367
-1 -1
-1 -1
-1 -1
-1 -1
-1 -1
-1 -1
-1 -1
3201 3201
1649 1649
-1 -1
-1 -1
-1 -1
-1 -1
-1 -1
-1 -1
-1 -1
2928 2928
-1 -1
747 747
-1 -1
2950 2950
-1 -1
-1 -1
-1 -1
1388 1388
-1 -1
-1 -1
4312 4312
-1 -1
3862 3862
-1 -1
-1 -1
-1 -1
-1 -1
-1 -1
-1 -1
-1 -1
-1 -1
2368 2368
1292 1292
2674 2674
-1 -1
-1 -1
-1 -1
-1 -1
-1 -1
-1 -1
-1 -1
2713 2713
-1 -1
-1 -1
-1 -1
-1 -1
-1 -1
-1 -1
1440 1440
4102 4103
-1 -1
-1 -1
-1 -1
-1 -1
-1 -1
-1 -1
4262 4263
-1 -1
-1 -1
-1 -1
-1 -1
-1 -1
-1 -1
-1 -1
-1 -1
1897 1897
-1 -1
-1 -1
-1 -1
-1 -1
-1 -1
-1 -1
-1 -1
4150 4150
-1 -1
2373 2373
-1 -1
1171 1172
-1 -1
3856 3857
4201 4201
-1 -1
-1 -1
-1 -1
-1 -1
-1 -1
1771 1771
-1 -1
-1 -1
2421 2421
-1 -1
-1 -1
4228 4228
-1 -1
-1 -1
-1 -1
-1 -1
4819 4819
-1 -1
-1 -1
-1 -1
-1 -1
-1 -1
-1 -1
1924 1924
-1 -1
-1 -1
-1 -1
-1 -1
-1 -1
-1 -1
-1 -1
-1 -1
-1 -1
3332 3333
-1 -1
-1 -1
-1 -1
-1 -1
-1 -1
-1 -1
-1 -1
-1 -1
3226 3226
-1 -1
-1 -1
-1 -1
-1 -1
-1 -1
3102 3102
-1 -1
-1 -1
1617 1617
4500 4500
-1 -1
-1 -1
-1 -1
-1 -1
-1 -1
-1 -1
-1 -1
-1 -1
-1 -1
-1 -1
-1 -1
5000 5000
-1 -1
-1 -1
-1 -1
-1 -1
-1 -1
1708 1708
-1 -1
-1 -1
-1 -1
2101 2101
-1 -1
-1 -1
1137 1137
-1 -1
-1 -1
-1 -1
868 868
4581 4581
-1 -1
-1 -1
-1 -1
-1 -1
-1 -1
-1 -1
-1 -1
2455 2455
-1 -1
1893 1893
-1 -1
-1 -1
-1 -1
-1 -1
-1 -1
-1 -1
-1 -1
2673 2673
-1 -1
-1 -1
-1 -1
1814 1814
-1 -1
-1 -1
3485 3485
-1 -1
-1 -1
-1 -1
-1 -1
-1 -1
-1 -1
-1 -1
-1 -1
-1 -1
-1 -1
1978 1978
2543 2543
-1 -1
-1 -1
-1 -1
-1 -1
-1 -1
1571 1571
4837 4837
-1 -1
-1 -1
1854 1854
-1 -1
-1 -1
518 518
-1 -1
2836 2836
4420 4420
-1 -1
-1 -1
-1 -1
109 109
-1 -1
2298 2300
-1 -1
-1 -1
-1 -1
-1 -1
-1 -1
-1 -1
-1 -1
-1 -1
-1 -1
-1 -1
4516 4516
-1 -1
-1 -1
-1 -1
-1 -1
-1 -1
1960 1960
-1 -1
-1 -1
-1 -1
-1 -1
-1 -1
-1 -1
2944 2944
-1 -1
-1 -1
-1 -1
-1 -1
-1 -1
-1 -1
-1 -1
3352 3352
-1 -1
-1 -1
-1 -1
-1 -1
-1 -1
2026 2026
3143 3143
577 577
4278 4278
-1 -1
-1 -1
-1 -1
-1 -1
1816 1816
3125 3125
4747 4747
4093 4093
-1 -1
-1 -1
-1 -1
219 219
-1 -1
-1 -1
-1 -1
-1 -1
-1 -1
3401 3401
-1 -1
-1 -1
-1 -1
-1 -1
2195 2196
610 610
-1 -1
-1 -1
-1 -1
-1 -1
-1 -1
-1 -1
3566 3566
2640 2640
-1 -1
2273 2273
-1 -1
1367 1367
-1 -1
-1 -1
-1 -1
2058 2058
-1 -1
-1 -1
551 551
-1 -1
-1 -1
-1 -1
-1 -1
1421 1421
-1 -1
-1 -1
-1 -1
-1 -1
-1 -1
-1 -1
-1 -1
2888 2888
-1 -1
-1 -1
-1 -1
-1 -1
-1 -1
-1 -1
-1 -1
-1 -1
-1 -1
-1 -1
758 758
-1 -1
-1 -1
3852 3852
4160 4160
-1 -1
3443 3443
-1 -1
-1 -1
-1 -1
-1 -1
-1 -1
-1 -1
-1 -1
4054 4054
-1 -1
-1 -1
-1 -1
-1 -1
-1 -1
10 10
-1 -1
-1 -1
-1 -1
-1 -1
-1 -1
2285 2285
-1 -1
-1 -1
-1 -1
-1 -1
3407 3407
-1 -1
-1 -1
-1 -1
-1 -1
-1 -1
-1 -1
-1 -1
-1 -1
-1 -1
2950 2950
-1 -1
3752 3752
-1 -1
-1 -1
4619 4619
-1 -1
-1 -1
-1 -1
-1 -1
-1 -1
-1 -1
-1 -1
451 451
-1 -1
-1 -1
-1 -1
-1 -1
-1 -1
-1 -1
-1 -1
-1 -1
-1 -1
-1 -1
-1 -1
-1 -1
-1 -1
456 456
4757 4757
-1 -1
2201 2201
-1 -1
1337 1337
795 795
-1 -1
-1 -1
-1 -1
-1 -1
-1 -1
-1 -1
-1 -1
-1 -1
-1 -1
-1 -1
-1 -1
-1 -1
-1 -1
-1 -1
-1 -1
-1 -1
-1 -1
-1 -1
1308 1308
4432 4432
-1 -1
-1 -1
-1 -1
-1 -1
-1 -1
-1 -1
-1 -1
-1 -1
-1 -1
-1 -1
-1 -1
2215 2215
-1 -1
-1 -1
-1 -1
-1 -1
-1 -1
-1 -1
4049 4049
1668 1668
-1 -1
101 101
-1 -1
-1 -1
-1 -1
38 38
3506 3506
4308 4308
-1 -1
-1 -1
-1 -1
-1 -1
3988 3988
-1 -1
-1 -1
-1 -1
-1 -1
1863 1863
-1 -1
-1 -1
2474 2474
1475 1475
-1 -1
482 483
-1 -1
-1 -1
-1 -1
-1 -1
-1 -1
-1 -1
310 310
-1 -1
-1 -1
-1 -1
-1 -1
-1 -1
-1 -1
-1 -1
-1 -1
-1 -1
-1 -1
-1 -1
-1 -1
-1 -1
-1 -1
-1 -1
-1 -1
-1 -1
-1 -1
-1 -1
-1 -1
-1 -1
-1 -1
-1 -1
4834 4834
-1 -1
592 592
-1 -1
-1 -1
2084 2084
-1 -1
-1 -1
-1 -1
-1 -1
1211 1212
2495 2495
-1 -1
-1 -1
-1 -1
-1 -1
-1 -1
-1 -1
-1 -1
-1 -1
-1 -1
967 967
-1 -1
-1 -1
-1 -1
-1 -1
-1 -1
1486 1486
-1 -1
-1 -1
3974 3974
-1 -1
-1 -1
-1 -1
-1 -1
2516 2516
-1 -1
-1 -1
-1 -1
-1 -1
4831 4831
-1 -1
-1 -1
362 362
-1 -1
-1 -1
800 800
4957 4957
-1 -1
2180 2181
-1 -1
-1 -1
-1 -1
627 627
-1 -1
-1 -1
-1 -1
-1 -1
-1 -1
-1 -1
-1 -1
-1 -1
-1 -1
-1 -1
-1 -1
2913 2913
-1 -1
-1 -1
-1 -1
-1 -1
-1 -1
-1 -1
2278 2278
-1 -1
4612 4613
504 504
-1 -1
-1 -1
-1 -1
-1 -1
1332 1332
1253 1253
-1 -1
-1 -1
-1 -1
456 456
-1 -1
-1 -1
-1 -1
-1 -1
-1 -1
-1 -1
-1 -1
-1 -1
-1 -1
-1 -1
-1 -1
-1 -1
-1 -1
-1 -1
-1 -1
-1 -1
-1 -1
-1 -1
-1 -1
-1 -1
-1 -1
-1 -1
-1 -1
-1 -1
-1 -1
-1 -1
-1 -1
-1 -1
-1 -1
-1 -1
-1 -1
-1 -1
-1 -1
-1 -1
-1 -1
-1 -1
-1 -1
-1 -1
-1 -1
-1 -1
-1 -1
-1 -1
-1 -1
-1 -1
-1 -1
-1 -1
-1 -1
-1 -1
-1 -1
-1 -1
-1 -1
-1 -1
-1 -1
-1 -1
-1 -1
-1 -1
-1 -1
-1 -1
-1 -1
-1 -1
-1 -1
-1 -1
-1 -1
-1 -1
-1 -1
-1 -1
-1 -1
-1 -1
-1 -1
-1 -1
-1 -1
-1 -1
-1 -1
-1 -1
-1 -1
-1 -1
-1 -1
-1 -1
-1 -1
-1 -1
-1 -1
-1 -1
-1 -1
-1 -1
-1 -1
-1 -1
-1 -1
-1 -1
-1 -1
-1 -1
-1 -1
-1 -1
-1 -1
-1 -1
-1 -1
-1 -1
-1 -1
-1 -1
-1 -1
-1 -1
-1 -1
-1 -1
-1 -1
-1 -1
-1 -1
-1 -1
-1 -1
-1 -1
-1 -1
-1 -1
-1 -1
-1 -1
-1 -1
-1 -1
-1 -1
-1 -1
-1 -1
-1 -1
-1 -1
-1 -1
-1 -1
-1 -1
-1 -1
-1 -1
-1 -1
-1 -1
-1 -1
-1 -1
-1 -1
-1 -1
-1 -1
-1 -1
-1 -1
-1 -1
-1 -1
-1 -1
-1 -1
-1 -1
-1 -1
-1 -1
-1 -1
-1 -1
-1 -1
-1 -1
-1 -1
-1 -1
-1 -1
-1 -1
-1 -1
-1 -1
-1 -1
-1 -1
-1 -1
-1 -1
-1 -1
-1 -1
-1 -1
-1 -1
-1 -1
-1 -1
-1 -1
-1 -1
-1 -1
-1 -1
-1 -1
-1 -1
-1 -1
-1 -1
-1 -1
-1 -1
-1 -1
-1 -1
-1 -1
-1 -1
-1 -1
-1 -1
-1 -1
-1 -1
-1 -1
-1 -1
-1 -1
-1 -1
-1 -1
-1 -1
-1 -1
-1 -1
-1 -1
-1 -1
-1 -1
-1 -1
-1 -1
-1 -1
-1 -1
-1 -1
-1 -1
-1 -1
-1 -1
-1 -1
-1 -1
-1 -1
-1 -1
-1 -1
-1 -1
-1 -1
-1 -1
-1 -1
-1 -1
-1 -1
-1 -1
-1 -1
-1 -1
-1 -1
-1 -1
-1 -1
-1 -1
-1 -1
-1 -1
-1 -1
-1 -1
-1 -1
-1 -1
-1 -1
-1 -1
-1 -1
-1 -1
-1 -1
-1 -1
-1 -1
-1 -1
-1 -1
-1 -1
-1 -1
-1 -1
-1 -1
-1 -1
-1 -1
-1 -1
-1 -1
-1 -1
-1 -1
-1 -1
-1 -1
-1 -1
-1 -1
-1 -1
-1 -1
-1 -1
-1 -1
-1 -1
-1 -1
-1 -1
-1 -1
-1 -1
-1 -1
-1 -1
-1 -1
-1 -1
-1 -1
-1 -1
-1 -1
-1 -1
-1 -1
-1 -1
-1 -1
-1 -1
-1 -1
-1 -1
-1 -1
-1 -1
-1 -1
-1 -1
-1 -1
-1 -1
-1 -1
-1 -1
-1 -1
-1 -1
-1 -1
-1 -1
-1 -1
-1 -1
-1 -1
-1 -1
-1 -1
-1 -1
-1 -1
-1 -1
-1 -1
-1 -1
-1 -1
-1 -1
-1 -1
-1 -1
-1 -1
-1 -1
-1 -1
-1 -1
-1 -1
-1 -1
-1 -1
-1 -1
-1 -1
-1 -1
-1 -1
-1 -1
-1 -1
-1 -1
-1 -1
-1 -1
-1 -1
-1 -1
-1 -1
-1 -1
-1 -1
-1 -1
-1 -1
-1 -1
-1 -1
-1 -1
-1 -1
-1 -1
-1 -1
-1 -1
-1 -1
-1 -1
-1 -1
-1 -1
-1 -1
-1 -1
-1 -1
-1 -1
-1 -1
-1 -1
-1 -1
-1 -1
-1 -1
-1 -1
-1 -1
-1 -1
-1 -1
-1 -1
-1 -1
-1 -1
-1 -1
-1 -1
-1 -1
-1 -1
-1 -1
-1 -1
-1 -1
-1 -1
-1 -1
-1 -1
-1 -1
-1 -1
-1 -1
-1 -1
-1 -1
-1 -1
-1 -1
-1 -1
-1 -1
-1 -1
-1 -1
-1 -1
-1 -1
-1 -1
-1 -1
-1 -1
-1 -1
-1 -1
-1 -1
-1 -1
-1 -1
-1 -1
-1 -1
-1 -1
-1 -1
-1 -1
-1 -1
-1 -1
-1 -1
-1 -1
-1 -1
-1 -1
-1 -1
-1 -1
-1 -1
-1 -1
-1 -1
-1 -1
-1 -1
-1 -1
-1 -1
-1 -1
-1 -1
-1 -1
-1 -1
-1 -1
-1 -1
-1 -1
-1 -1
-1 -1
-1 -1
-1 -1
-1 -1
-1 -1
-1 -1
-1 -1
-1 -1
-1 -1
-1 -1
-1 -1
-1 -1
-1 -1
-1 -1
-1 -1
-1 -1
-1 -1
-1 -1
-1 -1
-1 -1
-1 -1
-1 -1
-1 -1
-1 -1
-1 -1
-1 -1
-1 -1
-1 -1
-1 -1
-1 -1
-1 -1
-1 -1
-1 -1
-1 -1
-1 -1
-1 -1
-1 -1
-1 -1
-1 -1
-1 -1
-1 -1
-1 -1
-1 -1
-1 -1
-1 -1
-1 -1
-1 -1
-1 -1
-1 -1
-1 -1
-1 -1
-1 -1
-1 -1
-1 -1
-1 -1
-1 -1
-1 -1
-1 -1
-1 -1
-1 -1
-1 -1
-1 -1
-1 -1
-1 -1
-1 -1
-1 -1
-1 -1
-1 -1
-1 -1
-1 -1
-1 -1
-1 -1
-1 -1
-1 -1
-1 -1
-1 -1
-1 -1
-1 -1
-1 -1
-1 -1
-1 -1
-1 -1
-1 -1
-1 -1
-1 -1
-1 -1
-1 -1
-1 -1
-1 -1
-1 -1
-1 -1
-1 -1
-1 -1
-1 -1
-1 -1
-1 -1
-1 -1
-1 -1
-1 -1
-1 -1
-1 -1
-1 -1
-1 -1
-1 -1
-1 -1
-1 -1
-1 -1
-1 -1
-1 -1
-1 -1
-1 -1
-1 -1
-1 -1
-1 -1
-1 -1
-1 -1
-1 -1
-1 -1
-1 -1
-1 -1
-1 -1
-1 -1
-1 -1
-1 -1
-1 -1
-1 -1
-1 -1
-1 -1
-1 -1
-1 -1
-1 -1
-1 -1
-1 -1
-1 -1
-1 -1
-1 -1
-1 -1
-1 -1
-1 -1
-1 -1
-1 -1
-1 -1
-1 -1
-1 -1
-1 -1
-1 -1
-1 -1
-1 -1
-1 -1
-1 -1
-1 -1
-1 -1
-1 -1
-1 -1
-1 -1
-1 -1
-1 -1
-1 -1
-1 -1
-1 -1
-1 -1
-1 -1
-1 -1
-1 -1
-1 -1
-1 -1
-1 -1
-1 -1
-1 -1
-1 -1
-1 -1
-1 -1
-1 -1
-1 -1
-1 -1
-1 -1
-1 -1
-1 -1
-1 -1
-1 -1
-1 -1
-1 -1
-1 -1
-1 -1
-1 -1
-1 -1
-1 -1
-1 -1
-1 -1
-1 -1
-1 -1
-1 -1
-1 -1
-1 -1
-1 -1
-1 -1
-1 -1
-1 -1
-1 -1
-1 -1
-1 -1
-1 -1
-1 -1
-1 -1
-1 -1
-1 -1
-1 -1
-1 -1
-1 -1
-1 -1
-1 -1
-1 -1
-1 -1
-1 -1
-1 -1
-1 -1
-1 -1
-1 -1
-1 -1
-1 -1
-1 -1
-1 -1
-1 -1
-1 -1
-1 -1
-1 -1
-1 -1
-1 -1
-1 -1
-1 -1
-1 -1
-1 -1
-1 -1
-1 -1
-1 -1
-1 -1
-1 -1
-1 -1
-1 -1
-1 -1
-1 -1
-1 -1
-1 -1
-1 -1
-1 -1
-1 -1
-1 -1
-1 -1
-1 -1
-1 -1
-1 -1
-1 -1
-1 -1
-1 -1
-1 -1
-1 -1
-1 -1
-1 -1
-1 -1
-1 -1
-1 -1
-1 -1
-1 -1
-1 -1
-1 -1
-1 -1
-1 -1
-1 -1
-1 -1
-1 -1
-1 -1
-1 -1
-1 -1
-1 -1
-1 -1
-1 -1
-1 -1
-1 -1
-1 -1
-1 -1
-1 -1
-1 -1
-1 -1
-1 -1
-1 -1
-1 -1
-1 -1
-1 -1
-1 -1
-1 -1
-1 -1
-1 -1
-1 -1
-1 -1
-1 -1
-1 -1
-1 -1
-1 -1
-1 -1
-1 -1
-1 -1
-1 -1
-1 -1
-1 -1
-1 -1
-1 -1
-1 -1
-1 -1
-1 -1
-1 -1
-1 -1
-1 -1
-1 -1
-1 -1
-1 -1
-1 -1
-1 -1
-1 -1
-1 -1
-1 -1
-1 -1
-1 -1
-1 -1
-1 -1
-1 -1
-1 -1
-1 -1
-1 -1
-1 -1
-1 -1
-1 -1
-1 -1
-1 -1
-1 -1
-1 -1
-1 -1
-1 -1
-1 -1
-1 -1
-1 -1
-1 -1
-1 -1
-1 -1
-1 -1
-1 -1
-1 -1
-1 -1
-1 -1
-1 -1
-1 -1
-1 -1
-1 -1
-1 -1
-1 -1
-1 -1
-1 -1
-1 -1
-1 -1
-1 -1
-1 -1
-1 -1
-1 -1
-1 -1
-1 -1
-1 -1
-1 -1
-1 -1
-1 -1
-1 -1
-1 -1
-1 -1
-1 -1
-1 -1
-1 -1
-1 -1
-1 -1
-1 -1
-1 -1
-1 -1
-1 -1
-1 -1
-1 -1
-1 -1
-1 -1
-1 -1
-1 -1
-1 -1
-1 -1
-1 -1
-1 -1
-1 -1
-1 -1
-1 -1
-1 -1
-1 -1
-1 -1
-1 -1
-1 -1
-1 -1
-1 -1
-1 -1
-1 -1
-1 -1
-1 -1
-1 -1
-1 -1
-1 -1
-1 -1
-1 -1
-1 -1
-1 -1
-1 -1
-1 -1
-1 -1
-1 -1
-1 -1
-1 -1
-1 -1
-1 -1
-1 -1
-1 -1
-1 -1
-1 -1
-1 -1
-1 -1
-1 -1
-1 -1
-1 -1
-1 -1
-1 -1
-1 -1
-1 -1
-1 -1
-1 -1
-1 -1
-1 -1
-1 -1
-1 -1
-1 -1
-1 -1
-1 -1
-1 -1
-1 -1
-1 -1
-1 -1
-1 -1
-1 -1
-1 -1
-1 -1
-1 -1
-1 -1
-1 -1
-1 -1
-1 -1
-1 -1
-1 -1
-1 -1
-1 -1
-1 -1
-1 -1
-1 -1
-1 -1
-1 -1
-1 -1
-1 -1
-1 -1
-1 -1
-1 -1
-1 -1
-1 -1
-1 -1
-1 -1
-1 -1
-1 -1
-1 -1
-1 -1
-1 -1
-1 -1
-1 -1
-1 -1
-1 -1
-1 -1
-1 -1
-1 -1
-1 -1
-1 -1
-1 -1
-1 -1
-1 -1
-1 -1
-1 -1
-1 -1
-1 -1
-1 -1
-1 -1
-1 -1
-1 -1
-1 -1
-1 -1
-1 -1
-1 -1
-1 -1
-1 -1
-1 -1
-1 -1
-1 -1
-1 -1
-1 -1
-1 -1
-1 -1
-1 -1
-1 -1
-1 -1
-1 -1
-1 -1
-1 -1
-1 -1
-1 -1
-1 -1
-1 -1
-1 -1
-1 -1
-1 -1
-1 -1
-1 -1
-1 -1
-1 -1
-1 -1
-1 -1
-1 -1
-1 -1
-1 -1
-1 -1
-1 -1
-1 -1
-1 -1
-1 -1
-1 -1
-1 -1
-1 -1
-1 -1
-1 -1
-1 -1
-1 -1
-1 -1
-1 -1
-1 -1
-1 -1
-1 -1
-1 -1
-1 -1
-1 -1
-1 -1
-1 -1
-1 -1
-1 -1
-1 -1
-1 -1
-1 -1
-1 -1
-1 -1
-1 -1
-1 -1
-1 -1
-1 -1
-1 -1
-1 -1
-1 -1
-1 -1
-1 -1
-1 -1
-1 -1
-1 -1
-1 -1
-1 -1
-1 -1
-1 -1
-1 -1
-1 -1
-1 -1
-1 -1
-1 -1
-1 -1
-1 -1
-1 -1
-1 -1
-1 -1
-1 -1
-1 -1
-1 -1
-1 -1
-1 -1
-1 -1
-1 -1
-1 -1
-1 -1
-1 -1
-1 -1
-1 -1
-1 -1
-1 -1
-1 -1
-1 -1
-1 -1
-1 -1
-1 -1
-1 -1
-1 -1
-1 -1
-1 -1
-1 -1
-1 -1
-1 -1
-1 -1
-1 -1
-1 -1
-1 -1
-1 -1
-1 -1
-1 -1
-1 -1
-1 -1
-1 -1
-1 -1
-1 -1
-1 -1
-1 -1
-1 -1
-1 -1
-1 -1
-1 -1
-1 -1
-1 -1
-1 -1
-1 -1
-1 -1
-1 -1
-1 -1
-1 -1
-1 -1
-1 -1
-1 -1
-1 -1
-1 -1
-1 -1
-1 -1
-1 -1
-1 -1
-1 -1
-1 -1
-1 -1
-1 -1
-1 -1
-1 -1
-1 -1
-1 -1
-1 -1
-1 -1
-1 -1
-1 -1
-1 -1
-1 -1
-1 -1
-1 -1
-1 -1
-1 -1
-1 -1
-1 -1
-1 -1
-1 -1
-1 -1
-1 -1
-1 -1
-1 -1
-1 -1
-1 -1
-1 -1
-1 -1
-1 -1
-1 -1
-1 -1
-1 -1
-1 -1
-1 -1
-1 -1
-1 -1
-1 -1
-1 -1
-1 -1
-1 -1
-1 -1
-1 -1
-1 -1
-1 -1
-1 -1
-1 -1
-1 -1
-1 -1
-1 -1
-1 -1
-1 -1
-1 -1
-1 -1
-1 -1
-1 -1
-1 -1
-1 -1
-1 -1
-1 -1
-1 -1
-1 -1
-1 -1
-1 -1
-1 -1
-1 -1
-1 -1
-1 -1
-1 -1
-1 -1
-1 -1
-1 -1
-1 -1
-1 -1
-1 -1
-1 -1
-1 -1
-1 -1
-1 -1
-1 -1
-1 -1
-1 -1
-1 -1
-1 -1
-1 -1
-1 -1
-1 -1
-1 -1
-1 -1
-1 -1
-1 -1
-1 -1
-1 -1
-1 -1
-1 -1
-1 -1
-1 -1
-1 -1
-1 -1
-1 -1
-1 -1
-1 -1
-1 -1
-1 -1
-1 -1
-1 -1
-1 -1
-1 -1
-1 -1
-1 -1
-1 -1
-1 -1
-1 -1
-1 -1
-1 -1
-1 -1
-1 -1
-1 -1
-1 -1
-1 -1
-1 -1
-1 -1
-1 -1
-1 -1
-1 -1
-1 -1
-1 -1
-1 -1
-1 -1
-1 -1
-1 -1
-1 -1
-1 -1
-1 -1
-1 -1
-1 -1
-1 -1
-1 -1
-1 -1
-1 -1
-1 -1
-1 -1
-1 -1
-1 -1
-1 -1
-1 -1
-1 -1
-1 -1
-1 -1
-1 -1
-1 -1
-1 -1
-1 -1
-1 -1
-1 -1
-1 -1
-1 -1
-1 -1
-1 -1
-1 -1
-1 -1
-1 -1
-1 -1
-1 -1
-1 -1
-1 -1
-1 -1
-1 -1
-1 -1
-1 -1
-1 -1
-1 -1
-1 -1
-1 -1
-1 -1
-1 -1
-1 -1
-1 -1
-1 -1
-1 -1
-1 -1
-1 -1
-1 -1
-1 -1
-1 -1
-1 -1
-1 -1
-1 -1
-1 -1
-1 -1
-1 -1
-1 -1
-1 -1
-1 -1
-1 -1
-1 -1
-1 -1
-1 -1
-1 -1
-1 -1
-1 -1
-1 -1
-1 -1
-1 -1
-1 -1
-1 -1
-1 -1
-1 -1
-1 -1
-1 -1
-1 -1
-1 -1
-1 -1
-1 -1
-1 -1
-1 -1
-1 -1
-1 -1
-1 -1
-1 -1
-1 -1
-1 -1
-1 -1
-1 -1
-1 -1
-1 -1
-1 -1
-1 -1
-1 -1
-1 -1
-1 -1
-1 -1
-1 -1
-1 -1
-1 -1
-1 -1
-1 -1
-1 -1
-1 -1
-1 -1
-1 -1
-1 -1
-1 -1
-1 -1
-1 -1
-1 -1
-1 -1
-1 -1
-1 -1
-1 -1
-1 -1
-1 -1
-1 -1
-1 -1
-1 -1
-1 -1
-1 -1
-1 -1
-1 -1
-1 -1
-1 -1
-1 -1
-1 -1
-1 -1
-1 -1
-1 -1
-1 -1
-1 -1
-1 -1
-1 -1
-1 -1
-1 -1
-1 -1
-1 -1
-1 -1
-1 -1
-1 -1
-1 -1
-1 -1
-1 -1
-1 -1
-1 -1
-1 -1
-1 -1
-1 -1
-1 -1
-1 -1
-1 -1
-1 -1
-1 -1
-1 -1
-1 -1
-1 -1
-1 -1
-1 -1
-1 -1
-1 -1
-1 -1
-1 -1
-1 -1
-1 -1
-1 -1
-1 -1
-1 -1
-1 -1
-1 -1
-1 -1
-1 -1
-1 -1
-1 -1
-1 -1
-1 -1
-1 -1
-1 -1
-1 -1
-1 -1
-1 -1
-1 -1
-1 -1
-1 -1
-1 -1
-1 -1
-1 -1
-1 -1
-1 -1
-1 -1
-1 -1
-1 -1
-1 -1
-1 -1
-1 -1
-1 -1
-1 -1
-1 -1
-1 -1
-1 -1
-1 -1
-1 -1
-1 -1
-1 -1
-1 -1
-1 -1
-1 -1
-1 -1
-1 -1
-1 -1
-1 -1
-1 -1
-1 -1
-1 -1
-1 -1
-1 -1
-1 -1
-1 -1
-1 -1
-1 -1
-1 -1
-1 -1
-1 -1
-1 -1
-1 -1
-1 -1
-1 -1
-1 -1
-1 -1
-1 -1
-1 -1
-1 -1
-1 -1
-1 -1
-1 -1
-1 -1
-1 -1
-1 -1
-1 -1
-1 -1
-1 -1
-1 -1
-1 -1
-1 -1
-1 -1
-1 -1
-1 -1
-1 -1
-1 -1
-1 -1
-1 -1
-1 -1
-1 -1
-1 -1
-1 -1
-1 -1
-1 -1
-1 -1
-1 -1
-1 -1
-1 -1
-1 -1
-1 -1
-1 -1
-1 -1
-1 -1
-1 -1
-1 -1
-1 -1
-1 -1
-1 -1
-1 -1
-1 -1
-1 -1
-1 -1
-1 -1
-1 -1
-1 -1
-1 -1
-1 -1
-1 -1
-1 -1
-1 -1
-1 -1
-1 -1
-1 -1
-1 -1
-1 -1
-1 -1
-1 -1
-1 -1
-1 -1
-1 -1
-1 -1
-1 -1
-1 -1
-1 -1
-1 -1
-1 -1
-1 -1
-1 -1
-1 -1
-1 -1
-1 -1
-1 -1
-1 -1
-1 -1
-1 -1
-1 -1
-1 -1
-1 -1
-1 -1
-1 -1
-1 -1
-1 -1
-1 -1
-1 -1
-1 -1
-1 -1
-1 -1
-1 -1
-1 -1
-1 -1
-1 -1
-1 -1
-1 -1
-1 -1
-1 -1
-1 -1
-1 -1
-1 -1
-1 -1
-1 -1
-1 -1
-1 -1
-1 -1
-1 -1
-1 -1
-1 -1
-1 -1
-1 -1
-1 -1
-1 -1
-1 -1
-1 -1
-1 -1
-1 -1
-1 -1
-1 -1
-1 -1
-1 -1
-1 -1
-1 -1
-1 -1
-1 -1
-1 -1
-1 -1
-1 -1
-1 -1
-1 -1
-1 -1
-1 -1
-1 -1
-1 -1
-1 -1
-1 -1
-1 -1
-1 -1
-1 -1
-1 -1
-1 -1
-1 -1
-1 -1
-1 -1
-1 -1
-1 -1
-1 -1
-1 -1
-1 -1
-1 -1
-1 -1
-1 -1
-1 -1
-1 -1
-1 -1
-1 -1
-1 -1
-1 -1
-1 -1
-1 -1
-1 -1
-1 -1
-1 -1
-1 -1
-1 -1
-1 -1
-1 -1
-1 -1
-1 -1
-1 -1
-1 -1
-1 -1
-1 -1
-1 -1
-1 -1
-1 -1
-1 -1
-1 -1
-1 -1
-1 -1
-1 -1
-1 -1
-1 -1
-1 -1
-1 -1
-1 -1
-1 -1
-1 -1
-1 -1
-1 -1
-1 -1
-1 -1
-1 -1
-1 -1
-1 -1
-1 -1
-1 -1
-1 -1
-1 -1
-1 -1
-1 -1
-1 -1
-1 -1
-1 -1
-1 -1
-1 -1
-1 -1
-1 -1
-1 -1
-1 -1
-1 -1
-1 -1
-1 -1
-1 -1
-1 -1
-1 -1
-1 -1
-1 -1
-1 -1
-1 -1
-1 -1
-1 -1
-1 -1
-1 -1
-1 -1
-1 -1
-1 -1
-1 -1
-1 -1
-1 -1
-1 -1
-1 -1
-1 -1
-1 -1
-1 -1
-1 -1
-1 -1
-1 -1
-1 -1
-1 -1
-1 -1
-1 -1
-1 -1
-1 -1
-1 -1
-1 -1
-1 -1
-1 -1
-1 -1
-1 -1
-1 -1
-1 -1
-1 -1
-1 -1
-1 -1
-1 -1
-1 -1
-1 -1
-1 -1
-1 -1
-1 -1
-1 -1
-1 -1
-1 -1
-1 -1
-1 -1
-1 -1
-1 -1
-1 -1
-1 -1
-1 -1
-1 -1
-1 -1
-1 -1
-1 -1
-1 -1
-1 -1
-1 -1
-1 -1
-1 -1
-1 -1
-1 -1
-1 -1
-1 -1
-1 -1
-1 -1
-1 -1
-1 -1
-1 -1
-1 -1
-1 -1
-1 -1
-1 -1
-1 -1
-1 -1
-1 -1
-1 -1
-1 -1
-1 -1
-1 -1
-1 -1
-1 -1
-1 -1
-1 -1
-1 -1
-1 -1
-1 -1
-1 -1
-1 -1
-1 -1
-1 -1
-1 -1
-1 -1
-1 -1
-1 -1
-1 -1
-1 -1
-1 -1
-1 -1
-1 -1
-1 -1
-1 -1
-1 -1
-1 -1
-1 -1
-1 -1
-1 -1
-1 -1
-1 -1
-1 -1
-1 -1
-1 -1
-1 -1
-1 -1
-1 -1
-1 -1
-1 -1
-1 -1
-1 -1
-1 -1
-1 -1
-1 -1
-1 -1
-1 -1
-1 -1
-1 -1
-1 -1
-1 -1
-1 -1
-1 -1
-1 -1
-1 -1
-1 -1
-1 -1
-1 -1
-1 -1
-1 -1
-1 -1
-1 -1
-1 -1
-1 -1
-1 -1
-1 -1
-1 -1
-1 -1
-1 -1
-1 -1
-1 -1
-1 -1
-1 -1
-1 -1
-1 -1
-1 -1
-1 -1
-1 -1
-1 -1
-1 -1
-1 -1
-1 -1
-1 -1
-1 -1
-1 -1
-1 -1
-1 -1
-1 -1
-1 -1
-1 -1
-1 -1
-1 -1
-1 -1
-1 -1
-1 -1
-1 -1
-1 -1
-1 -1
-1 -1
-1 -1
-1 -1
-1 -1
-1 -1
-1 -1
-1 -1
-1 -1
-1 -1
-1 -1
-1 -1
-1 -1
-1 -1
-1 -1
-1 -1
-1 -1
-1 -1
-1 -1
-1 -1
-1 -1
-1 -1
-1 -1
-1 -1
-1 -1
-1 -1
-1 -1
-1 -1
-1 -1
-1 -1
-1 -1
-1 -1
-1 -1
-1 -1
-1 -1
-1 -1
-1 -1
-1 -1
-1 -1
-1 -1
-1 -1
-1 -1
-1 -1
-1 -1
-1 -1
-1 -1
-1 -1
-1 -1
-1 -1
-1 -1
-1 -1
-1 -1
-1 -1
-1 -1
-1 -1
-1 -1
-1 -1
-1 -1
-1 -1
-1 -1
-1 -1
-1 -1
-1 -1
-1 -1
-1 -1
-1 -1
-1 -1
-1 -1
-1 -1
-1 -1
-1 -1
-1 -1
-1 -1
-1 -1
-1 -1
-1 -1
-1 -1
-1 -1
-1 -1
-1 -1
-1 -1
-1 -1
-1 -1
-1 -1
-1 -1
-1 -1
-1 -1
-1 -1
-1 -1
-1 -1
-1 -1
-1 -1
-1 -1
-1 -1
-1 -1
-1 -1
-1 -1
-1 -1
-1 -1
-1 -1
-1 -1
-1 -1
-1 -1
-1 -1
-1 -1
-1 -1
-1 -1
-1 -1
-1 -1
-1 -1
-1 -1
-1 -1
-1 -1
-1 -1
-1 -1
-1 -1
-1 -1
-1 -1
-1 -1
-1 -1
-1 -1
-1 -1
-1 -1
-1 -1
-1 -1
-1 -1
-1 -1
-1 -1
-1 -1
-1 -1
-1 -1
-1 -1
-1 -1
-1 -1
-1 -1
-1 -1
-1 -1
-1 -1
-1 -1
-1 -1
-1 -1
-1 -1
-1 -1
-1 -1
-1 -1
-1 -1
-1 -1
-1 -1
-1 -1
-1 -1
-1 -1
-1 -1
-1 -1
-1 -1
-1 -1
-1 -1
-1 -1
-1 -1
-1 -1
-1 -1
-1 -1
-1 -1
-1 -1
-1 -1
-1 -1
-1 -1
-1 -1
-1 -1
-1 -1
-1 -1
-1 -1
-1 -1
-1 -1
-1 -1
-1 -1
-1 -1
-1 -1
-1 -1
-1 -1
-1 -1
-1 -1
-1 -1
-1 -1
-1 -1
-1 -1
-1 -1
-1 -1
-1 -1
-1 -1
-1 -1
-1 -1
-1 -1
-1 -1
-1 -1
-1 -1
-1 -1
-1 -1
-1 -1
-1 -1
-1 -1
-1 -1
-1 -1
-1 -1
-1 -1
-1 -1
-1 -1
-1 -1
-1 -1
-1 -1
-1 -1
-1 -1
-1 -1
-1 -1
-1 -1
-1 -1
-1 -1
-1 -1
-1 -1
-1 -1
-1 -1
-1 -1
-1 -1
-1 -1
-1 -1
-1 -1
-1 -1
-1 -1
-1 -1
-1 -1
-1 -1
-1 -1
-1 -1
-1 -1
-1 -1
-1 -1
-1 -1
-1 -1
-1 -1
-1 -1
-1 -1
-1 -1
-1 -1
-1 -1
-1 -1
-1 -1
-1 -1
-1 -1
-1 -1
-1 -1
-1 -1
-1 -1
-1 -1
-1 -1
-1 -1
-1 -1
-1 -1
-1 -1
-1 -1
-1 -1
-1 -1
-1 -1
-1 -1
-1 -1
-1 -1
-1 -1
-1 -1
-1 -1
-1 -1
-1 -1
-1 -1
-1 -1
-1 -1
-1 -1
-1 -1
-1 -1
-1 -1
-1 -1
-1 -1
-1 -1
-1 -1
-1 -1
-1 -1
-1 -1
-1 -1
-1 -1
-1 -1
-1 -1
-1 -1
-1 -1
-1 -1
-1 -1
-1 -1
-1 -1
-1 -1
-1 -1
-1 -1
-1 -1
-1 -1
-1 -1
-1 -1
-1 -1
-1 -1
-1 -1
-1 -1
-1 -1
-1 -1
-1 -1
-1 -1
-1 -1
-1 -1
-1 -1
-1 -1
-1 -1
-1 -1
-1 -1
-1 -1
-1 -1
-1 -1
-1 -1
-1 -1
-1 -1
-1 -1
-1 -1
-1 -1
-1 -1
-1 -1
-1 -1
-1 -1
-1 -1
-1 -1
-1 -1
-1 -1
-1 -1
-1 -1
-1 -1
-1 -1
-1 -1
-1 -1
-1 -1
-1 -1
-1 -1
-1 -1
-1 -1
-1 -1
-1 -1
-1 -1
-1 -1
-1 -1
-1 -1
-1 -1
-1 -1
-1 -1
-1 -1
-1 -1
-1 -1
-1 -1
-1 -1
-1 -1
-1 -1
-1 -1
-1 -1
-1 -1
-1 -1
-1 -1
-1 -1
-1 -1
-1 -1
-1 -1
-1 -1
-1 -1
-1 -1
-1 -1
-1 -1
-1 -1
-1 -1
-1 -1
-1 -1
-1 -1
-1 -1
-1 -1
-1 -1
-1 -1
-1 -1
-1 -1
-1 -1
-1 -1
-1 -1
-1 -1
-1 -1
-1 -1
-1 -1
-1 -1
-1 -1
-1 -1
-1 -1
-1 -1
-1 -1
-1 -1
-1 -1
-1 -1
-1 -1
-1 -1
-1 -1
-1 -1
-1 -1
-1 -1
-1 -1
-1 -1
-1 -1
-1 -1
-1 -1
-1 -1
-1 -1
-1 -1
-1 -1
-1 -1
-1 -1
-1 -1
-1 -1
-1 -1
-1 -1
-1 -1
-1 -1
-1 -1
-1 -1
-1 -1
-1 -1
-1 -1
-1 -1
-1 -1
-1 -1
-1 -1
-1 -1
-1 -1
-1 -1
-1 -1
-1 -1
-1 -1
-1 -1
-1 -1
-1 -1
-1 -1
-1 -1
-1 -1
-1 -1
-1 -1
-1 -1
-1 -1
-1 -1
-1 -1
-1 -1
-1 -1
-1 -1
-1 -1
-1 -1
-1 -1
-1 -1
-1 -1
-1 -1
-1 -1
-1 -1
-1 -1
-1 -1
-1 -1
-1 -1
-1 -1
-1 -1
-1 -1
-1 -1
-1 -1
-1 -1
-1 -1
-1 -1
-1 -1
-1 -1
-1 -1
-1 -1
-1 -1
-1 -1
-1 -1
-1 -1
-1 -1
-1 -1
-1 -1
-1 -1
-1 -1
-1 -1
-1 -1
-1 -1
-1 -1
-1 -1
-1 -1
-1 -1
-1 -1
-1 -1
-1 -1
-1 -1
-1 -1
-1 -1
-1 -1
-1 -1
-1 -1
-1 -1
-1 -1
-1 -1
-1 -1
-1 -1
-1 -1
-1 -1
-1 -1
-1 -1
-1 -1
-1 -1
-1 -1
-1 -1
-1 -1
-1 -1
-1 -1
-1 -1
-1 -1
-1 -1
-1 -1
-1 -1
-1 -1
-1 -1
-1 -1
-1 -1
-1 -1
-1 -1
-1 -1
-1 -1
-1 -1
-1 -1
-1 -1
-1 -1
-1 -1
-1 -1
-1 -1
-1 -1
-1 -1
-1 -1
-1 -1
-1 -1
-1 -1
-1 -1
-1 -1
-1 -1
-1 -1
-1 -1
-1 -1
-1 -1
-1 -1
-1 -1
-1 -1
-1 -1
-1 -1
-1 -1
-1 -1
-1 -1
-1 -1
-1 -1
-1 -1
-1 -1
-1 -1
-1 -1
-1 -1
-1 -1
-1 -1
-1 -1
-1 -1
-1 -1
-1 -1
-1 -1
-1 -1
-1 -1
-1 -1
-1 -1
-1 -1
-1 -1
-1 -1
-1 -1
-1 -1
-1 -1
-1 -1
-1 -1
-1 -1
-1 -1
-1 -1
-1 -1
-1 -1
-1 -1
-1 -1
-1 -1
-1 -1
-1 -1
-1 -1
-1 -1
-1 -1
-1 -1
-1 -1
-1 -1
-1 -1
-1 -1
-1 -1
-1 -1
-1 -1
-1 -1
-1 -1
-1 -1
-1 -1
-1 -1
-1 -1
-1 -1
-1 -1
-1 -1
-1 -1
-1 -1
-1 -1
-1 -1
-1 -1
-1 -1
-1 -1
-1 -1
-1 -1
-1 -1
-1 -1
-1 -1
-1 -1
-1 -1
-1 -1
-1 -1
-1 -1
-1 -1
-1 -1
-1 -1
-1 -1
-1 -1
-1 -1
-1 -1
-1 -1
-1 -1
-1 -1
-1 -1
-1 -1
-1 -1
-1 -1
-1 -1
-1 -1
-1 -1
-1 -1
-1 -1
-1 -1
-1 -1
-1 -1
-1 -1
-1 -1
-1 -1
-1 -1
-1 -1
-1 -1
-1 -1
-1 -1
-1 -1
-1 -1
-1 -1
-1 -1
-1 -1
-1 -1
-1 -1
-1 -1
-1 -1
-1 -1
-1 -1
-1 -1
-1 -1
-1 -1
-1 -1
-1 -1
-1 -1
-1 -1
-1 -1
-1 -1
-1 -1
-1 -1
-1 -1
-1 -1
-1 -1
-1 -1
-1 -1
-1 -1
-1 -1
-1 -1
-1 -1
-1 -1
-1 -1
-1 -1
-1 -1
-1 -1
-1 -1
-1 -1
-1 -1
-1 -1
-1 -1
-1 -1
-1 -1
-1 -1
-1 -1
-1 -1
-1 -1
-1 -1
-1 -1
-1 -1
-1 -1
-1 -1
-1 -1
-1 -1
-1 -1
-1 -1
-1 -1
-1 -1
-1 -1
-1 -1
-1 -1
-1 -1
-1 -1
-1 -1
-1 -1
-1 -1
-1 -1
-1 -1
-1 -1
-1 -1
-1 -1
-1 -1
-1 -1
-1 -1
-1 -1
-1 -1
-1 -1
-1 -1
-1 -1
-1 -1
-1 -1
-1 -1
-1 -1
-1 -1
-1 -1
-1 -1
-1 -1
-1 -1
-1 -1
-1 -1
-1 -1
-1 -1
-1 -1
-1 -1
-1 -1
-1 -1
-1 -1
-1 -1
-1 -1
-1 -1
-1 -1
-1 -1
-1 -1
-1 -1
-1 -1
-1 -1
-1 -1
-1 -1
-1 -1
-1 -1
-1 -1
-1 -1
-1 -1
-1 -1
-1 -1
-1 -1
-1 -1
-1 -1
-1 -1
-1 -1
-1 -1
-1 -1
-1 -1
-1 -1
-1 -1
-1 -1
-1 -1
-1 -1
-1 -1
-1 -1
-1 -1
-1 -1
-1 -1
-1 -1
-1 -1
-1 -1
-1 -1
-1 -1
-1 -1
-1 -1
-1 -1
-1 -1
-1 -1
-1 -1
-1 -1
-1 -1
-1 -1
-1 -1
-1 -1
-1 -1
-1 -1
-1 -1
-1 -1
-1 -1
-1 -1
-1 -1
-1 -1
-1 -1
-1 -1
-1 -1
-1 -1
-1 -1
-1 -1
-1 -1
-1 -1
-1 -1
-1 -1
-1 -1
-1 -1
-1 -1
-1 -1
-1 -1
-1 -1
-1 -1
-1 -1
-1 -1
-1 -1
-1 -1
-1 -1
-1 -1
-1 -1
-1 -1
-1 -1
-1 -1
-1 -1
-1 -1
-1 -1
-1 -1
-1 -1
-1 -1
-1 -1
-1 -1
-1 -1
-1 -1
-1 -1
-1 -1
-1 -1
-1 -1
-1 -1
-1 -1
-1 -1
-1 -1
-1 -1
-1 -1
-1 -1
-1 -1
-1 -1
-1 -1
-1 -1
-1 -1
-1 -1
-1 -1
-1 -1
-1 -1
-1 -1
-1 -1
-1 -1
-1 -1
-1 -1
-1 -1
-1 -1
-1 -1
-1 -1
-1 -1
-1 -1
-1 -1
-1 -1
-1 -1
-1 -1
-1 -1
-1 -1
-1 -1
-1 -1
-1 -1
-1 -1
-1 -1
-1 -1
-1 -1
-1 -1
-1 -1
-1 -1
-1 -1
-1 -1
-1 -1
-1 -1
-1 -1
-1 -1
-1 -1
-1 -1
-1 -1
-1 -1
-1 -1
-1 -1
-1 -1
-1 -1
-1 -1
-1 -1
-1 -1
-1 -1
-1 -1
-1 -1
-1 -1
-1 -1
-1 -1
-1 -1
-1 -1
-1 -1
-1 -1
-1 -1
-1 -1
-1 -1
-1 -1
-1 -1
-1 -1
-1 -1
-1 -1
-1 -1
-1 -1
-1 -1
-1 -1
-1 -1
-1 -1
-1 -1
-1 -1
-1 -1
-1 -1
-1 -1
-1 -1
-1 -1
-1 -1
-1 -1
-1 -1
-1 -1
-1 -1
-1 -1
-1 -1
-1 -1
-1 -1
-1 -1
-1 -1
-1 -1
-1 -1
-1 -1
-1 -1
-1 -1
-1 -1
-1 -1
-1 -1
-1 -1
-1 -1
-1 -1
-1 -1
-1 -1
-1 -1
-1 -1
-1 -1
-1 -1
-1 -1
-1 -1
-1 -1
-1 -1
-1 -1
-1 -1
-1 -1
-1 -1
-1 -1
-1 -1
-1 -1
-1 -1
-1 -1
-1 -1
-1 -1
-1 -1
-1 -1
-1 -1
-1 -1
-1 -1
-1 -1
-1 -1
-1 -1
-1 -1
-1 -1
-1 -1
-1 -1
-1 -1
-1 -1
-1 -1
-1 -1
-1 -1
-1 -1
-1 -1
-1 -1
-1 -1
-1 -1
-1 -1
-1 -1
-1 -1
-1 -1
-1 -1
-1 -1
-1 -1
-1 -1
-1 -1
-1 -1
-1 -1
-1 -1
-1 -1
-1 -1
-1 -1
-1 -1
-1 -1
-1 -1
-1 -1
-1 -1
-1 -1
-1 -1
-1 -1
-1 -1
-1 -1
-1 -1
-1 -1
-1 -1
-1 -1
-1 -1
-1 -1
-1 -1
-1 -1
-1 -1
-1 -1
-1 -1
-1 -1
-1 -1
-1 -1
-1 -1
-1 -1
-1 -1
-1 -1
-1 -1
-1 -1
-1 -1
-1 -1
-1 -1
-1 -1
-1 -1
-1 -1
-1 -1
-1 -1
-1 -1
-1 -1
-1 -1
-1 -1
-1 -1
-1 -1
-1 -1
-1 -1
-1 -1
-1 -1
-1 -1
-1 -1
-1 -1
-1 -1
-1 -1
-1 -1
-1 -1
-1 -1
-1 -1
-1 -1
-1 -1
-1 -1
-1 -1
-1 -1
-1 -1
-1 -1
-1 -1
-1 -1
-1 -1
-1 -1
-1 -1
-1 -1
-1 -1
-1 -1
-1 -1
-1 -1
-1 -1
-1 -1
-1 -1
-1 -1
-1 -1
-1 -1
-1 -1
-1 -1
-1 -1
-1 -1
-1 -1
-1 -1
-1 -1
-1 -1
-1 -1
-1 -1
-1 -1
-1 -1
-1 -1
-1 -1
-1 -1
-1 -1
-1 -1
-1 -1
-1 -1
-1 -1
-1 -1
-1 -1
-1 -1
-1 -1
-1 -1
-1 -1
-1 -1
-1 -1
-1 -1
-1 -1
-1 -1
-1 -1
-1 -1
-1 -1
-1 -1
-1 -1
-1 -1
-1 -1
-1 -1
-1 -1
-1 -1
-1 -1
-1 -1
-1 -1
-1 -1
-1 -1
-1 -1
-1 -1
-1 -1
-1 -1
-1 -1
-1 -1
-1 -1
-1 -1
-1 -1
-1 -1
-1 -1
-1 -1
-1 -1
-1 -1
-1 -1
-1 -1
-1 -1
-1 -1
-1 -1
-1 -1
-1 -1
-1 -1
-1 -1
-1 -1
-1 -1
-1 -1
-1 -1
-1 -1
-1 -1
-1 -1
-1 -1
-1 -1
-1 -1
-1 -1
-1 -1
-1 -1
-1 -1
-1 -1
-1 -1
-1 -1
-1 -1
-1 -1
-1 -1
-1 -1
-1 -1
-1 -1
-1 -1
-1 -1
-1 -1
-1 -1
-1 -1
-1 -1
-1 -1
-1 -1
-1 -1
-1 -1
-1 -1
-1 -1
-1 -1
-1 -1
-1 -1
-1 -1
-1 -1
-1 -1
-1 -1
-1 -1
-1 -1
-1 -1
-1 -1
-1 -1
-1 -1
-1 -1
-1 -1
-1 -1
-1 -1
-1 -1
-1 -1
-1 -1
-1 -1
-1 -1
-1 -1
-1 -1
-1 -1
-1 -1
-1 -1
-1 -1
-1 -1
-1 -1
-1 -1
-1 -1
-1 -1
-1 -1
-1 -1
-1 -1
-1 -1
-1 -1
-1 -1
-1 -1
-1 -1
-1 -1
-1 -1
-1 -1
-1 -1
-1 -1
-1 -1
-1 -1
-1 -1
-1 -1
-1 -1
-1 -1
-1 -1
-1 -1
-1 -1
-1 -1
-1 -1
-1 -1
-1 -1
-1 -1
-1 -1
-1 -1
-1 -1
-1 -1
-1 -1
-1 -1
-1 -1
-1 -1
-1 -1
-1 -1
-1 -1
-1 -1
-1 -1
-1 -1
-1 -1
-1 -1
-1 -1
-1 -1
-1 -1
-1 -1
-1 -1
-1 -1
-1 -1
-1 -1
-1 -1
-1 -1
-1 -1
-1 -1
-1 -1
-1 -1
-1 -1
-1 -1
-1 -1
-1 -1
-1 -1
-1 -1
-1 -1
-1 -1
-1 -1
-1 -1
-1 -1
-1 -1
-1 -1
-1 -1
-1 -1
-1 -1
-1 -1
-1 -1
-1 -1
-1 -1
-1 -1
-1 -1
-1 -1
-1 -1
-1 -1
-1 -1
-1 -1
-1 -1
-1 -1
-1 -1
-1 -1
-1 -1
-1 -1
-1 -1
-1 -1
-1 -1
-1 -1
-1 -1
-1 -1
-1 -1
-1 -1
-1 -1
-1 -1
-1 -1
-1 -1
-1 -1
-1 -1
-1 -1
-1 -1
-1 -1
-1 -1
-1 -1
-1 -1
-1 -1
-1 -1
-1 -1
-1 -1
-1 -1
-1 -1
-1 -1
-1 -1
-1 -1
-1 -1
-1 -1
-1 -1
-1 -1
-1 -1
-1 -1
-1 -1
-1 -1
-1 -1
-1 -1
-1 -1
-1 -1
-1 -1
-1 -1
-1 -1
-1 -1
-1 -1
-1 -1
-1 -1
-1 -1
-1 -1
-1 -1
-1 -1
-1 -1
-1 -1
-1 -1
-1 -1
-1 -1
-1 -1
-1 -1
-1 -1
-1 -1
-1 -1
-1 -1
-1 -1
-1 -1
-1 -1
-1 -1
-1 -1
-1 -1
-1 -1
-1 -1
-1 -1
-1 -1
-1 -1
-1 -1
-1 -1
-1 -1
-1 -1
-1 -1
-1 -1
-1 -1
-1 -1
-1 -1
-1 -1
-1 -1
-1 -1
-1 -1
-1 -1
-1 -1
-1 -1
-1 -1
-1 -1
-1 -1
-1 -1
-1 -1
-1 -1
-1 -1
-1 -1
-1 -1
-1 -1
-1 -1
-1 -1
-1 -1
-1 -1
-1 -1
-1 -1
-1 -1
-1 -1
-1 -1
-1 -1
-1 -1
-1 -1
-1 -1
-1 -1
-1 -1
-1 -1
-1 -1
-1 -1
-1 -1
-1 -1
-1 -1
-1 -1
-1 -1
-1 -1
-1 -1
-1 -1
-1 -1
-1 -1
-1 -1
-1 -1
-1 -1
-1 -1
-1 -1
-1 -1
-1 -1
-1 -1
-1 -1
-1 -1
-1 -1
-1 -1
-1 -1
-1 -1
-1 -1
-1 -1
-1 -1
-1 -1
-1 -1
-1 -1
-1 -1
-1 -1
-1 -1
-1 -1
-1 -1
-1 -1
-1 -1
-1 -1
-1 -1
-1 -1
-1 -1
-1 -1
-1 -1
-1 -1
-1 -1
-1 -1
-1 -1
-1 -1
-1 -1
-1 -1
-1 -1
-1 -1
-1 -1
-1 -1
-1 -1
-1 -1
-1 -1
-1 -1
-1 -1
-1 -1
-1 -1
-1 -1
-1 -1
-1 -1
-1 -1
-1 -1
-1 -1
-1 -1
-1 -1
-1 -1
-1 -1
-1 -1
-1 -1
-1 -1
-1 -1
-1 -1
-1 -1
-1 -1
-1 -1
-1 -1
-1 -1
-1 -1
-1 -1
-1 -1
-1 -1
-1 -1
-1 -1
-1 -1
-1 -1
-1 -1
-1 -1
-1 -1
-1 -1
-1 -1
-1 -1
-1 -1
-1 -1
-1 -1
-1 -1
-1 -1
-1 -1
-1 -1
-1 -1
-1 -1
-1 -1
-1 -1
-1 -1
-1 -1
-1 -1
-1 -1
-1 -1
-1 -1
-1 -1
-1 -1
-1 -1
-1 -1
-1 -1
-1 -1
-1 -1
-1 -1
-1 -1
-1 -1
-1 -1
-1 -1
-1 -1
-1 -1
-1 -1
-1 -1
-1 -1
-1 -1
-1 -1
-1 -1
-1 -1
-1 -1
-1 -1
-1 -1
-1 -1
-1 -1
-1 -1
-1 -1
-1 -1
-1 -1
-1 -1
-1 -1
-1 -1
-1 -1
-1 -1
-1 -1
-1 -1
-1 -1
-1 -1
-1 -1
-1 -1
-1 -1
-1 -1
-1 -1
-1 -1
-1 -1
-1 -1
-1 -1
-1 -1
-1 -1
-1 -1
-1 -1
-1 -1
-1 -1
-1 -1
-1 -1
-1 -1
-1 -1
-1 -1
-1 -1
-1 -1
-1 -1
-1 -1
-1 -1
-1 -1
-1 -1
-1 -1
-1 -1
-1 -1
-1 -1
-1 -1
-1 -1
-1 -1
-1 -1
-1 -1
-1 -1
-1 -1
-1 -1
-1 -1
-1 -1
-1 -1
-1 -1
-1 -1
-1 -1
-1 -1
-1 -1
-1 -1
-1 -1
-1 -1
-1 -1
-1 -1
-1 -1
-1 -1
-1 -1
-1 -1
-1 -1
-1 -1
-1 -1
-1 -1
-1 -1
-1 -1
-1 -1
-1 -1
-1 -1
-1 -1
-1 -1
-1 -1
-1 -1
-1 -1
-1 -1
-1 -1
-1 -1
-1 -1
-1 -1
-1 -1
-1 -1
-1 -1
-1 -1
-1 -1
-1 -1
-1 -1
-1 -1
-1 -1
-1 -1
-1 -1
-1 -1
-1 -1
-1 -1
-1 -1
-1 -1
-1 -1
-1 -1
-1 -1
-1 -1
-1 -1
-1 -1
-1 -1
-1 -1
-1 -1
-1 -1
-1 -1
-1 -1
-1 -1
-1 -1
-1 -1
-1 -1
-1 -1
-1 -1
-1 -1
-1 -1
-1 -1
-1 -1
-1 -1
-1 -1
-1 -1
-1 -1
-1 -1
-1 -1
-1 -1
-1 -1
-1 -1
-1 -1
-1 -1
-1 -1
-1 -1
-1 -1
-1 -1
-1 -1
-1 -1
-1 -1
-1 -1
-1 -1
-1 -1
-1 -1
-1 -1
-1 -1
-1 -1
-1 -1
-1 -1
-1 -1
-1 -1
-1 -1
-1 -1
-1 -1
-1 -1
-1 -1
-1 -1
-1 -1
-1 -1
-1 -1
-1 -1
-1 -1
-1 -1
-1 -1
-1 -1
-1 -1
-1 -1
-1 -1
-1 -1
-1 -1
-1 -1
-1 -1
-1 -1
-1 -1
-1 -1
-1 -1
-1 -1
-1 -1
-1 -1
-1 -1
-1 -1
-1 -1
-1 -1
-1 -1
-1 -1
-1 -1
-1 -1
-1 -1
-1 -1
-1 -1
-1 -1
-1 -1
-1 -1
-1 -1
-1 -1
-1 -1
-1 -1
-1 -1
-1 -1
-1 -1
-1 -1
-1 -1
-1 -1
-1 -1
-1 -1
-1 -1
-1 -1
-1 -1
-1 -1
-1 -1
-1 -1
-1 -1
-1 -1
-1 -1
-1 -1
-1 -1
-1 -1
-1 -1
-1 -1
-1 -1
-1 -1
-1 -1
-1 -1
-1 -1
-1 -1
-1 -1
-1 -1
-1 -1
-1 -1
-1 -1
-1 -1
-1 -1
-1 -1
-1 -1
-1 -1
-1 -1
-1 -1
-1 -1
-1 -1
-1 -1
-1 -1
-1 -1
-1 -1
-1 -1
-1 -1
-1 -1
-1 -1
-1 -1
-1 -1
-1 -1
-1 -1
-1 -1
-1 -1
-1 -1
-1 -1
-1 -1
-1 -1
-1 -1
-1 -1
-1 -1
-1 -1
-1 -1
-1 -1
-1 -1
-1 -1
-1 -1
-1 -1
-1 -1
-1 -1
-1 -1
-1 -1
-1 -1
-1 -1
-1 -1
-1 -1
-1 -1
-1 -1
-1 -1
-1 -1
-1 -1
-1 -1
-1 -1
-1 -1
-1 -1
-1 -1
-1 -1
-1 -1
-1 -1
-1 -1
-1 -1
-1 -1
-1 -1
-1 -1
-1 -1
-1 -1
-1 -1
-1 -1
-1 -1
-1 -1
-1 -1
-1 -1
-1 -1
-1 -1
-1 -1
-1 -1
-1 -1
-1 -1
-1 -1
-1 -1
-1 -1
-1 -1
-1 -1
-1 -1
-1 -1
-1 -1
-1 -1
-1 -1
-1 -1
-1 -1
-1 -1
-1 -1
-1 -1
-1 -1
-1 -1
-1 -1
-1 -1
-1 -1
-1 -1
-1 -1
-1 -1
-1 -1
-1 -1
-1 -1
-1 -1
-1 -1
-1 -1
-1 -1
-1 -1
-1 -1
-1 -1
-1 -1
-1 -1
-1 -1
-1 -1
-1 -1
-1 -1
-1 -1
-1 -1
-1 -1
-1 -1
-1 -1
-1 -1
-1 -1
-1 -1
-1 -1
-1 -1
-1 -1
-1 -1
-1 -1
-1 -1
-1 -1
-1 -1
-1 -1
-1 -1
-1 -1
-1 -1
-1 -1
-1 -1
-1 -1
-1 -1
-1 -1
-1 -1
-1 -1
-1 -1
-1 -1
-1 -1
-1 -1
-1 -1
-1 -1
-1 -1
-1 -1
-1 -1
-1 -1
-1 -1
-1 -1
-1 -1
-1 -1
-1 -1
-1 -1
-1 -1
-1 -1
-1 -1
-1 -1
-1 -1
-1 -1
-1 -1
-1 -1
-1 -1
-1 -1
-1 -1
-1 -1
-1 -1
-1 -1
-1 -1
-1 -1
-1 -1
-1 -1
-1 -1
-1 -1
-1 -1
-1 -1
-1 -1
-1 -1
-1 -1
-1 -1
-1 -1
-1 -1
-1 -1
-1 -1
-1 -1
-1 -1
-1 -1
-1 -1
-1 -1
-1 -1
-1 -1
-1 -1
-1 -1
-1 -1
-1 -1
-1 -1
-1 -1
-1 -1
-1 -1
-1 -1
-1 -1
-1 -1
-1 -1
-1 -1
-1 -1
-1 -1
-1 -1
-1 -1
-1 -1
-1 -1
-1 -1
-1 -1
-1 -1
-1 -1
-1 -1
-1 -1
-1 -1
-1 -1
-1 -1
-1 -1
-1 -1
-1 -1
-1 -1
-1 -1
-1 -1
-1 -1
-1 -1
-1 -1
-1 -1
-1 -1
-1 -1
-1 -1
-1 -1
-1 -1
-1 -1
-1 -1
-1 -1
-1 -1
-1 -1
-1 -1
-1 -1
-1 -1
-1 -1
-1 -1
-1 -1
-1 -1
-1 -1
-1 -1
-1 -1
-1 -1
-1 -1
-1 -1
-1 -1
-1 -1
-1 -1
-1 -1
-1 -1
-1 -1
-1 -1
-1 -1
-1 -1
-1 -1
-1 -1
-1 -1
-1 -1
-1 -1
-1 -1
-1 -1
-1 -1
-1 -1
-1 -1
-1 -1
-1 -1
-1 -1
-1 -1
-1 -1
-1 -1
-1 -1
-1 -1
-1 -1
-1 -1
-1 -1
-1 -1
-1 -1
-1 -1
-1 -1
-1 -1
-1 -1
-1 -1
-1 -1
-1 -1
-1 -1
-1 -1
-1 -1
-1 -1
-1 -1
-1 -1
-1 -1
-1 -1
-1 -1
-1 -1
-1 -1
-1 -1
-1 -1
-1 -1
-1 -1
-1 -1
-1 -1
-1 -1
-1 -1
-1 -1
-1 -1
-1 -1
-1 -1
-1 -1
-1 -1
-1 -1
-1 -1
-1 -1
-1 -1
-1 -1
-1 -1
-1 -1
-1 -1
-1 -1
-1 -1
-1 -1
-1 -1
-1 -1
-1 -1
-1 -1
-1 -1
-1 -1
-1 -1
-1 -1
-1 -1
-1 -1
-1 -1
-1 -1
-1 -1
-1 -1
-1 -1
-1 -1
-1 -1
-1 -1
-1 -1
-1 -1
-1 -1
-1 -1
-1 -1
-1 -1
-1 -1
-1 -1
-1 -1
-1 -1
-1 -1
-1 -1
-1 -1
-1 -1
-1 -1
-1 -1
-1 -1
-1 -1
-1 -1
-1 -1
-1 -1
-1 -1
-1 -1
-1 -1
-1 -1
-1 -1
-1 -1
-1 -1
-1 -1
-1 -1
-1 -1
-1 -1
-1 -1
-1 -1
-1 -1
-1 -1
-1 -1
-1 -1
-1 -1
-1 -1
-1 -1
-1 -1
-1 -1
-1 -1
-1 -1
-1 -1
-1 -1
-1 -1
-1 -1
-1 -1
-1 -1
-1 -1
-1 -1
-1 -1
-1 -1
-1 -1
-1 -1
-1 -1
-1 -1
-1 -1
-1 -1
-1 -1
-1 -1
-1 -1
-1 -1
-1 -1
-1 -1
-1 -1
-1 -1
-1 -1
-1 -1
-1 -1
-1 -1
-1 -1
-1 -1
-1 -1
-1 -1
-1 -1
-1 -1
-1 -1
-1 -1
-1 -1
-1 -1
-1 -1
-1 -1
-1 -1
-1 -1
-1 -1
-1 -1
-1 -1
-1 -1
-1 -1
-1 -1
-1 -1
-1 -1
-1 -1
-1 -1
-1 -1
-1 -1
-1 -1
-1 -1
-1 -1
-1 -1
-1 -1
-1 -1
-1 -1
-1 -1
-1 -1
-1 -1
-1 -1
-1 -1
-1 -1
-1 -1
-1 -1
-1 -1
-1 -1
-1 -1
-1 -1
-1 -1
-1 -1
-1 -1
-1 -1
-1 -1
-1 -1
-1 -1
-1 -1
-1 -1
-1 -1
-1 -1
-1 -1
-1 -1
-1 -1
-1 -1
-1 -1
-1 -1
-1 -1
-1 -1
-1 -1
-1 -1
-1 -1
-1 -1
-1 -1
-1 -1
-1 -1
-1 -1
-1 -1
-1 -1
-1 -1
-1 -1
-1 -1
-1 -1
-1 -1
-1 -1
-1 -1
-1 -1
-1 -1
-1 -1
-1 -1
-1 -1
-1 -1
-1 -1
-1 -1
-1 -1
-1 -1
-1 -1
-1 -1
-1 -1
-1 -1
-1 -1
-1 -1
-1 -1
-1 -1
-1 -1
-1 -1
-1 -1
-1 -1
-1 -1
-1 -1
-1 -1
-1 -1
-1 -1
-1 -1
-1 -1
-1 -1
-1 -1
-1 -1
-1 -1
-1 -1
-1 -1
-1 -1
-1 -1
-1 -1
-1 -1
-1 -1
-1 -1
-1 -1
-1 -1
-1 -1
-1 -1
-1 -1
-1 -1
-1 -1
-1 -1
-1 -1
-1 -1
-1 -1
-1 -1
-1 -1
-1 -1
-1 -1
-1 -1
-1 -1
-1 -1
-1 -1
-1 -1
-1 -1
-1 -1
-1 -1
-1 -1
-1 -1
-1 -1
-1 -1
-1 -1
-1 -1
-1 -1
-1 -1
-1 -1
-1 -1
-1 -1
-1 -1
-1 -1
-1 -1
-1 -1
-1 -1
-1 -1
-1 -1
-1 -1
-1 -1
-1 -1
-1 -1
-1 -1
-1 -1
-1 -1
-1 -1
-1 -1
-1 -1
-1 -1
-1 -1
-1 -1
-1 -1
-1 -1
-1 -1
-1 -1
-1 -1
-1 -1
-1 -1
-1 -1
-1 -1
-1 -1
-1 -1
-1 -1
-1 -1
-1 -1
-1 -1
-1 -1
-1 -1
-1 -1
-1 -1
-1 -1
-1 -1
-1 -1
-1 -1
-1 -1
-1 -1
-1 -1
-1 -1
-1 -1
-1 -1
-1 -1
-1 -1
-1 -1
-1 -1
-1 -1
-1 -1
-1 -1
-1 -1
-1 -1
-1 -1
-1 -1
-1 -1
-1 -1
-1 -1
-1 -1
-1 -1
-1 -1
-1 -1
-1 -1
-1 -1
-1 -1
-1 -1
-1 -1
-1 -1
-1 -1
-1 -1
-1 -1
-1 -1
-1 -1
-1 -1
-1 -1
-1 -1
-1 -1
-1 -1
-1 -1
-1 -1
-1 -1
-1 -1
-1 -1
-1 -1
-1 -1
-1 -1
-1 -1
-1 -1
-1 -1
-1 -1
-1 -1
-1 -1
-1 -1
-1 -1
-1 -1
-1 -1
-1 -1
-1 -1
-1 -1
-1 -1
-1 -1
-1 -1
-1 -1
-1 -1
-1 -1
-1 -1
-1 -1
-1 -1
-1 -1
-1 -1
-1 -1
-1 -1
-1 -1
-1 -1
-1 -1
-1 -1
-1 -1
-1 -1
-1 -1
-1 -1
-1 -1
-1 -1
-1 -1
-1 -1
-1 -1
-1 -1
-1 -1
-1 -1
-1 -1
-1 -1
-1 -1
-1 -1
-1 -1
-1 -1
-1 -1
-1 -1
-1 -1
-1 -1
-1 -1
-1 -1
-1 -1
-1 -1
-1 -1
-1 -1
-1 -1
-1 -1
-1 -1
-1 -1
-1 -1
-1 -1
-1 -1
-1 -1
-1 -1
-1 -1
-1 -1
-1 -1
-1 -1
-1 -1
-1 -1
-1 -1
-1 -1
-1 -1
-1 -1
-1 -1
-1 -1
-1 -1
-1 -1
-1 -1
-1 -1
-1 -1
-1 -1
-1 -1
-1 -1
-1 -1
-1 -1
-1 -1
-1 -1
-1 -1
-1 -1
-1 -1
-1 -1
-1 -1
-1 -1
-1 -1
-1 -1
-1 -1
-1 -1
-1 -1
-1 -1
-1 -1
-1 -1
-1 -1
-1 -1
-1 -1
-1 -1
-1 -1
-1 -1
-1 -1
-1 -1
-1 -1
-1 -1
-1 -1
-1 -1
-1 -1
-1 -1
-1 -1
-1 -1
-1 -1
-1 -1
-1 -1
-1 -1
-1 -1
-1 -1
-1 -1
-1 -1
-1 -1
-1 -1
-1 -1
-1 -1
-1 -1
-1 -1
-1 -1
-1 -1
-1 -1
-1 -1
-1 -1
-1 -1
-1 -1
-1 -1
-1 -1
-1 -1
-1 -1
-1 -1
-1 -1
-1 -1
-1 -1
-1 -1
-1 -1
-1 -1
-1 -1
-1 -1
-1 -1
-1 -1
-1 -1
-1 -1
-1 -1
-1 -1
-1 -1
-1 -1
-1 -1
-1 -1
-1 -1
-1 -1
-1 -1
-1 -1
-1 -1
-1 -1
-1 -1
-1 -1
-1 -1
-1 -1
-1 -1
-1 -1
-1 -1
-1 -1
-1 -1
-1 -1
-1 -1
-1 -1
-1 -1
-1 -1
-1 -1
-1 -1
-1 -1
-1 -1
-1 -1
-1 -1
-1 -1
-1 -1
-1 -1
-1 -1
-1 -1
-1 -1
-1 -1
-1 -1
-1 -1
-1 -1
-1 -1
-1 -1
-1 -1
-1 -1
-1 -1
-1 -1
-1 -1
-1 -1
-1 -1
-1 -1
-1 -1
-1 -1
-1 -1
-1 -1
-1 -1
-1 -1
-1 -1
-1 -1
-1 -1
-1 -1
-1 -1
-1 -1
-1 -1
-1 -1
-1 -1
-1 -1
-1 -1
-1 -1
-1 -1
-1 -1
-1 -1
-1 -1
-1 -1
-1 -1
-1 -1
-1 -1
-1 -1
-1 -1
-1 -1
-1 -1
-1 -1
-1 -1
-1 -1
-1 -1
-1 -1
-1 -1
-1 -1
-1 -1
-1 -1
-1 -1
-1 -1
-1 -1
-1 -1
-1 -1
-1 -1
-1 -1
-1 -1
-1 -1
-1 -1
-1 -1
-1 -1
-1 -1
-1 -1
-1 -1
-1 -1
-1 -1
-1 -1
-1 -1
-1 -1
-1 -1
-1 -1
-1 -1
-1 -1
-1 -1
-1 -1
-1 -1
-1 -1
-1 -1
-1 -1
-1 -1
-1 -1
-1 -1
-1 -1
-1 -1
-1 -1
-1 -1
-1 -1
-1 -1
-1 -1
-1 -1
-1 -1
-1 -1
-1 -1
-1 -1
-1 -1
-1 -1
-1 -1
-1 -1
-1 -1
-1 -1
-1 -1
-1 -1
-1 -1
-1 -1
-1 -1
-1 -1
-1 -1
-1 -1
-1 -1
-1 -1
-1 -1
-1 -1
-1 -1
-1 -1
-1 -1
-1 -1
-1 -1
-1 -1
-1 -1
-1 -1
-1 -1
-1 -1
-1 -1
-1 -1
-1 -1
-1 -1
-1 -1
-1 -1
-1 -1
-1 -1
-1 -1
-1 -1
-1 -1
-1 -1
-1 -1
-1 -1
-1 -1
-1 -1
-1 -1
-1 -1
-1 -1
-1 -1
-1 -1
-1 -1
-1 -1
-1 -1
-1 -1
-1 -1
-1 -1
-1 -1
-1 -1
-1 -1
-1 -1
-1 -1
-1 -1
-1 -1
-1 -1
-1 -1
-1 -1
-1 -1
-1 -1
-1 -1
-1 -1
-1 -1
-1 -1
-1 -1
-1 -1
-1 -1
-1 -1
-1 -1
-1 -1
-1 -1
-1 -1
-1 -1
-1 -1
-1 -1
-1 -1
-1 -1
-1 -1
-1 -1
-1 -1
-1 -1
-1 -1
-1 -1
-1 -1
-1 -1
-1 -1
-1 -1
-1 -1
-1 -1
-1 -1
-1 -1
-1 -1
-1 -1
-1 -1
-1 -1
-1 -1
-1 -1
-1 -1
-1 -1
-1 -1
-1 -1
-1 -1
-1 -1
-1 -1
-1 -1
-1 -1
-1 -1
-1 -1
-1 -1
-1 -1
-1 -1
-1 -1
-1 -1
-1 -1
-1 -1
-1 -1
-1 -1
-1 -1
-1 -1
-1 -1
-1 -1
-1 -1
-1 -1
-1 -1
-1 -1
-1 -1
-1 -1
-1 -1
-1 -1
-1 -1
-1 -1
-1 -1
-1 -1
-1 -1
-1 -1
-1 -1
-1 -1
-1 -1
-1 -1
-1 -1
-1 -1
-1 -1
-1 -1
-1 -1
-1 -1
-1 -1
-1 -1
-1 -1
-1 -1
-1 -1
-1 -1
-1 -1
-1 -1
-1 -1
-1 -1
-1 -1
-1 -1
-1 -1
-1 -1
-1 -1
-1 -1
-1 -1
-1 -1
-1 -1
-1 -1
-1 -1
-1 -1
-1 -1
-1 -1
-1 -1
-1 -1
-1 -1
-1 -1
-1 -1
-1 -1
-1 -1
-1 -1
-1 -1
-1 -1
-1 -1
-1 -1
-1 -1
-1 -1
-1 -1
-1 -1
-1 -1
-1 -1
-1 -1
-1 -1
-1 -1
-1 -1
-1 -1
-1 -1
-1 -1
-1 -1
-1 -1
-1 -1
-1 -1
-1 -1
-1 -1
-1 -1
-1 -1
-1 -1
-1 -1
-1 -1
-1 -1
-1 -1
-1 -1
-1 -1
-1 -1
-1 -1
-1 -1
-1 -1
-1 -1
-1 -1
-1 -1
-1 -1
-1 -1
-1 -1
-1 -1
-1 -1
-1 -1
-1 -1
-1 -1
-1 -1
-1 -1
-1 -1
-1 -1
-1 -1
-1 -1
-1 -1
-1 -1
-1 -1
-1 -1
-1 -1
-1 -1
-1 -1
-1 -1
-1 -1
-1 -1
-1 -1
-1 -1
-1 -1
-1 -1
-1 -1
-1 -1
-1 -1
-1 -1
-1 -1
-1 -1
-1 -1
-1 -1
-1 -1
-1 -1
-1 -1
-1 -1
-1 -1
-1 -1
-1 -1
-1 -1
-1 -1
-1 -1
-1 -1
-1 -1
-1 -1
-1 -1
-1 -1
-1 -1
-1 -1
-1 -1
-1 -1
-1 -1
-1 -1
-1 -1
-1 -1
-1 -1
-1 -1
-1 -1
-1 -1
-1 -1
-1 -1
-1 -1
-1 -1
-1 -1
-1 -1
-1 -1
-1 -1
-1 -1
-1 -1
-1 -1
-1 -1
-1 -1
-1 -1
-1 -1
-1 -1
-1 -1
-1 -1
-1 -1
-1 -1
-1 -1
-1 -1
-1 -1
-1 -1
-1 -1
-1 -1
-1 -1
-1 -1
-1 -1
-1 -1
-1 -1
-1 -1
-1 -1
-1 -1
-1 -1
-1 -1
-1 -1
-1 -1
-1 -1
-1 -1
-1 -1
-1 -1
-1 -1
-1 -1
-1 -1
-1 -1
-1 -1
-1 -1
-1 -1
-1 -1
-1 -1
-1 -1
-1 -1
-1 -1
-1 -1
-1 -1
-1 -1
-1 -1
-1 -1
-1 -1
-1 -1
-1 -1
-1 -1
-1 -1
-1 -1
-1 -1
-1 -1
-1 -1
-1 -1
-1 -1
-1 -1
-1 -1
-1 -1
-1 -1
-1 -1
-1 -1
-1 -1
-1 -1
-1 -1
-1 -1
-1 -1
-1 -1
-1 -1
-1 -1
-1 -1
-1 -1
-1 -1
-1 -1
-1 -1
-1 -1
-1 -1
-1 -1
-1 -1
-1 -1
-1 -1
-1 -1
-1 -1
-1 -1
-1 -1
-1 -1
-1 -1
-1 -1
-1 -1
-1 -1
-1 -1
-1 -1
-1 -1
-1 -1
-1 -1
-1 -1
-1 -1
-1 -1
-1 -1
-1 -1
-1 -1
-1 -1
-1 -1
-1 -1
-1 -1
-1 -1
-1 -1
-1 -1
-1 -1
-1 -1
-1 -1
-1 -1
-1 -1
-1 -1
-1 -1
-1 -1
-1 -1
-1 -1
-1 -1
-1 -1
-1 -1
-1 -1
-1 -1
-1 -1
-1 -1
-1 -1
-1 -1
-1 -1
-1 -1
-1 -1
-1 -1
-1 -1
-1 -1
-1 -1
-1 -1
-1 -1
-1 -1
-1 -1
-1 -1
-1 -1
-1 -1
-1 -1
-1 -1
-1 -1
-1 -1
-1 -1
-1 -1
-1 -1
-1 -1
-1 -1
-1 -1
-1 -1
-1 -1
-1 -1
-1 -1
-1 -1
-1 -1
-1 -1
-1 -1
-1 -1
-1 -1
-1 -1
-1 -1
-1 -1
-1 -1
-1 -1
-1 -1
-1 -1
-1 -1
-1 -1
-1 -1
-1 -1
-1 -1
-1 -1
-1 -1
-1 -1
-1 -1
-1 -1
-1 -1
-1 -1
-1 -1
-1 -1
-1 -1
-1 -1
-1 -1
-1 -1
-1 -1
-1 -1
-1 -1
-1 -1
-1 -1
-1 -1
-1 -1
-1 -1
-1 -1
-1 -1
-1 -1
-1 -1
-1 -1
-1 -1
-1 -1
-1 -1
-1 -1
-1 -1
-1 -1
-1 -1
-1 -1
-1 -1
-1 -1
-1 -1
-1 -1
-1 -1
-1 -1
-1 -1
-1 -1
-1 -1
-1 -1
-1 -1
-1 -1
-1 -1
-1 -1
-1 -1
-1 -1
-1 -1
-1 -1
-1 -1
-1 -1
-1 -1
-1 -1
-1 -1
-1 -1
-1 -1
-1 -1
-1 -1
-1 -1
-1 -1
-1 -1
-1 -1
-1 -1
-1 -1
-1 -1
-1 -1
-1 -1
-1 -1
-1 -1
-1 -1
-1 -1
-1 -1
-1 -1
-1 -1
-1 -1
-1 -1
-1 -1
-1 -1
-1 -1
-1 -1
-1 -1
-1 -1
-1 -1
-1 -1
-1 -1
-1 -1
-1 -1
-1 -1
-1 -1
-1 -1
-1 -1
-1 -1
-1 -1
-1 -1
-1 -1
-1 -1
-1 -1
-1 -1
-1 -1
-1 -1
-1 -1
-1 -1
-1 -1
-1 -1
-1 -1
-1 -1
-1 -1
-1 -1
-1 -1
-1 -1
-1 -1
-1 -1
-1 -1
-1 -1
-1 -1
-1 -1
-1 -1
-1 -1
-1 -1
-1 -1
-1 -1
-1 -1
-1 -1
-1 -1
-1 -1
-1 -1
-1 -1
-1 -1
-1 -1
-1 -1
-1 -1
-1 -1
-1 -1
-1 -1
-1 -1
-1 -1
-1 -1
-1 -1
-1 -1
-1 -1
-1 -1
-1 -1
-1 -1
-1 -1
-1 -1
-1 -1
-1 -1
-1 -1
-1 -1
-1 -1
-1 -1
-1 -1
-1 -1
-1 -1
-1 -1
-1 -1
-1 -1
-1 -1
-1 -1
-1 -1
-1 -1
-1 -1
-1 -1
-1 -1
-1 -1
-1 -1
-1 -1
-1 -1
-1 -1
-1 -1
-1 -1
-1 -1
-1 -1
-1 -1
-1 -1
-1 -1
-1 -1
-1 -1
-1 -1
-1 -1
-1 -1
-1 -1
-1 -1
-1 -1
-1 -1
-1 -1
-1 -1
-1 -1
-1 -1
-1 -1
-1 -1
-1 -1
-1 -1
-1 -1
-1 -1
-1 -1
-1 -1
-1 -1
-1 -1
-1 -1
-1 -1
-1 -1
-1 -1
-1 -1
-1 -1
-1 -1
-1 -1
-1 -1
-1 -1
-1 -1
-1 -1
-1 -1
-1 -1
-1 -1
-1 -1
-1 -1
-1 -1
-1 -1
-1 -1
-1 -1
-1 -1
-1 -1
-1 -1
-1 -1
-1 -1
-1 -1
-1 -1
-1 -1
-1 -1
-1 -1
-1 -1
-1 -1
-1 -1
-1 -1
-1 -1
-1 -1
-1 -1
-1 -1
-1 -1
-1 -1
-1 -1
-1 -1
-1 -1
-1 -1
-1 -1
-1 -1
-1 -1
-1 -1
-1 -1
-1 -1
-1 -1
-1 -1
-1 -1
-1 -1
-1 -1
-1 -1
-1 -1
-1 -1
-1 -1
-1 -1
-1 -1
-1 -1
-1 -1
-1 -1
-1 -1
-1 -1
-1 -1
-1 -1
-1 -1
-1 -1
-1 -1
-1 -1
-1 -1
-1 -1
-1 -1
-1 -1
-1 -1
-1 -1
-1 -1
-1 -1
-1 -1
-1 -1
-1 -1
-1 -1
-1 -1
-1 -1
-1 -1
-1 -1
-1 -1
-1 -1
-1 -1
-1 -1
-1 -1
-1 -1
-1 -1
-1 -1
-1 -1
-1 -1
-1 -1
-1 -1
-1 -1
-1 -1
-1 -1
-1 -1
-1 -1
-1 -1
-1 -1
-1 -1
-1 -1
-1 -1
-1 -1
-1 -1
-1 -1
-1 -1
-1 -1
-1 -1
-1 -1
-1 -1
-1 -1
-1 -1
-1 -1
-1 -1
-1 -1
-1 -1
-1 -1
-1 -1
-1 -1
-1 -1
-1 -1
-1 -1
-1 -1
-1 -1
-1 -1
-1 -1
-1 -1
-1 -1
-1 -1
-1 -1
-1 -1
-1 -1
-1 -1
-1 -1
-1 -1
-1 -1
-1 -1
-1 -1
-1 -1
-1 -1
-1 -1
-1 -1
-1 -1
-1 -1
-1 -1
-1 -1
-1 -1
-1 -1
-1 -1
-1 -1
-1 -1
-1 -1
-1 -1
-1 -1
-1 -1
-1 -1
-1 -1
-1 -1
-1 -1
-1 -1
-1 -1
-1 -1
-1 -1
-1 -1
-1 -1
-1 -1
-1 -1
-1 -1
-1 -1
-1 -1
-1 -1
-1 -1
-1 -1
-1 -1
-1 -1
-1 -1
-1 -1
-1 -1
-1 -1
-1 -1
-1 -1
-1 -1
-1 -1
-1 -1
-1 -1
-1 -1
-1 -1
-1 -1
-1 -1
-1 -1
-1 -1
-1 -1
-1 -1
-1 -1
-1 -1
-1 -1
-1 -1
-1 -1
-1 -1
-1 -1
-1 -1
-1 -1
-1 -1
-1 -1
-1 -1
-1 -1
-1 -1
-1 -1
-1 -1
-1 -1
-1 -1
-1 -1
-1 -1
-1 -1
-1 -1
-1 -1
-1 -1
-1 -1
-1 -1
-1 -1
-1 -1
-1 -1
-1 -1
-1 -1
-1 -1
-1 -1
-1 -1
-1 -1
-1 -1
-1 -1
-1 -1
-1 -1
-1 -1
-1 -1
-1 -1
-1 -1
-1 -1
-1 -1
-1 -1
-1 -1
-1 -1
-1 -1
-1 -1
-1 -1
-1 -1
-1 -1
-1 -1
-1 -1
-1 -1
-1 -1
-1 -1
-1 -1
-1 -1
-1 -1
-1 -1
-1 -1
-1 -1
-1 -1
-1 -1
-1 -1
-1 -1
-1 -1
-1 -1
-1 -1
-1 -1
-1 -1
-1 -1
-1 -1
-1 -1
-1 -1
-1 -1
-1 -1
-1 -1
-1 -1
-1 -1
-1 -1
-1 -1
-1 -1
-1 -1
-1 -1
-1 -1
-1 -1
-1 -1
-1 -1
-1 -1
-1 -1
-1 -1
-1 -1
-1 -1
-1 -1
-1 -1
-1 -1
-1 -1
-1 -1
-1 -1
-1 -1
-1 -1
-1 -1
-1 -1
-1 -1
-1 -1
-1 -1
-1 -1
-1 -1
-1 -1
-1 -1
-1 -1
-1 -1
-1 -1
-1 -1
-1 -1
-1 -1
-1 -1
-1 -1
-1 -1
-1 -1
-1 -1
-1 -1
-1 -1
-1 -1
-1 -1
-1 -1
-1 -1
-1 -1
-1 -1
-1 -1
-1 -1
-1 -1
-1 -1
-1 -1
-1 -1
-1 -1
-1 -1
-1 -1
-1 -1
-1 -1
-1 -1
-1 -1
-1 -1
-1 -1
-1 -1
-1 -1
-1 -1
-1 -1
-1 -1
-1 -1
-1 -1
-1 -1
-1 -1
-1 -1
-1 -1
-1 -1
-1 -1
-1 -1
-1 -1
-1 -1
-1 -1
-1 -1
-1 -1
-1 -1
-1 -1
-1 -1
-1 -1
-1 -1
-1 -1
-1 -1
-1 -1
-1 -1
-1 -1
-1 -1
-1 -1
-1 -1
-1 -1
-1 -1
-1 -1
-1 -1
-1 -1
-1 -1
-1 -1
-1 -1
-1 -1
-1 -1
-1 -1
-1 -1
-1 -1
-1 -1
-1 -1
-1 -1
-1 -1
-1 -1
-1 -1
-1 -1
-1 -1
-1 -1
-1 -1
-1 -1
-1 -1
-1 -1
-1 -1
-1 -1
-1 -1
-1 -1
-1 -1
-1 -1
-1 -1
-1 -1
-1 -1
-1 -1
-1 -1
-1 -1
-1 -1
-1 -1
-1 -1
-1 -1
-1 -1
-1 -1
-1 -1
-1 -1
-1 -1
-1 -1
-1 -1
-1 -1
-1 -1
-1 -1
-1 -1
-1 -1
-1 -1
-1 -1
-1 -1
-1 -1
-1 -1
-1 -1
-1 -1
-1 -1
-1 -1
-1 -1
-1 -1
-1 -1
-1 -1
-1 -1
-1 -1
-1 -1
-1 -1
-1 -1
-1 -1
-1 -1
-1 -1
-1 -1
-1 -1
-1 -1
-1 -1
-1 -1
-1 -1
-1 -1
-1 -1
-1 -1
-1 -1
-1 -1
-1 -1
-1 -1
-1 -1
-1 -1
-1 -1
-1 -1
-1 -1
-1 -1
-1 -1
-1 -1
-1 -1
-1 -1
-1 -1
-1 -1
-1 -1
-1 -1
-1 -1
-1 -1
-1 -1
-1 -1
-1 -1
-1 -1
-1 -1
-1 -1
-1 -1
-1 -1
-1 -1
-1 -1
-1 -1
-1 -1
-1 -1
-1 -1
-1 -1
-1 -1
-1 -1
-1 -1
-1 -1
-1 -1
-1 -1
-1 -1
-1 -1
-1 -1
-1 -1
-1 -1
-1 -1
-1 -1
-1 -1
-1 -1
-1 -1
-1 -1
-1 -1
-1 -1
-1 -1
-1 -1
-1 -1
-1 -1
-1 -1
-1 -1
-1 -1
-1 -1
-1 -1
-1 -1
-1 -1
-1 -1
-1 -1
-1 -1
-1 -1
-1 -1
-1 -1
-1 -1
-1 -1
-1 -1
-1 -1
-1 -1
-1 -1
-1 -1
-1 -1
-1 -1
-1 -1
-1 -1
-1 -1
-1 -1
-1 -1
-1 -1
-1 -1
-1 -1
-1 -1
-1 -1
-1 -1
-1 -1
-1 -1
-1 -1
-1 -1
-1 -1
-1 -1
-1 -1
-1 -1
-1 -1
-1 -1
-1 -1
-1 -1
-1 -1
-1 -1
-1 -1
-1 -1
-1 -1
-1 -1
-1 -1
-1 -1
-1 -1
-1 -1
-1 -1
-1 -1
-1 -1
-1 -1
-1 -1
-1 -1
-1 -1
-1 -1
-1 -1
-1 -1
-1 -1
-1 -1
