-1 -1
-1 -1
1381 1382
2850 2850
-1 -1
3075 3075
-1 -1
6866 6866
-1 -1
-1 -1
-1 -1
-1 -1
-1 -1
-1 -1
7246 7246
-1 -1
6996 6996
6581 6581
-1 -1
3343 3343
3596 3596
-1 -1
-1 -1
-1 -1
6612 6612
-1 -1
-1 -1
-1 -1
-1 -1
-1 -1
2984 2984
-1 -1
-1 -1
-1 -1
5785 5785
1933 1933
-1 -1
-1 -1
6524 6525
5388 5388
380 380
-1 -1
-1 -1
-1 -1
-1 -1
-1 -1
-1 -1
-1 -1
-1 -1
-1 -1
5748 5748
-1 -1
-1 -1
-1 -1
-1 -1
-1 -1
-1 -1
3971 3971
6599 6599
-1 -1
5094 5094
-1 -1
-1 -1
-1 -1
-1 -1
-1 -1
3706 3707
5101 5101
-1 -1
-1 -1
-1 -1
-1 -1
-1 -1
118 118
-1 -1
764 764
-1 -1
-1 -1
-1 -1
-1 -1
-1 -1
-1 -1
-1 -1
-1 -1
6331 6331
556 556
-1 -1
-1 -1
-1 -1
-1 -1
4843 4843
6152 6153
-1 -1
3966 3966
3969 3969
-1 -1
691 691
-1 -1
-1 -1
85 85
5520 5520
-1 -1
6419 6419
954 955
-1 -1
-1 -1
1411 1411
-1 -1
-1 -1
-1 -1
-1 -1
-1 -1
4220 4220
-1 -1
3143 3143
-1 -1
-1 -1
6072 6072
-1 -1
-1 -1
-1 -1
-1 -1
-1 -1
-1 -1
7265 7265
-1 -1
7456 7456
599 599
4694 4694
-1 -1
2580 2580
-1 -1
-1 -1
-1 -1
1376 1376
4521 4521
6252 6252
-1 -1
-1 -1
-1 -1
-1 -1
-1 -1
-1 -1
-1 -1
-1 -1
-1 -1
4473 4474
4618 4618
-1 -1
-1 -1
198 198
-1 -1
-1 -1
6569 6569
-1 -1
-1 -1
-1 -1
2921 2922
4463 4463
-1 -1
-1 -1
-1 -1
-1 -1
-1 -1
6970 6971
-1 -1
-1 -1
-1 -1
-1 -1
-1 -1
1233 1235
-1 -1
-1 -1
-1 -1
-1 -1
-1 -1
-1 -1
-1 -1
-1 -1
3744 3744
-1 -1
3084 3084
-1 -1
856 856
-1 -1
412 412
-1 -1
-1 -1
-1 -1
4851 4852
-1 -1
-1 -1
7533 7533
-1 -1
-1 -1
-1 -1
-1 -1
90 91
-1 -1
-1 -1
-1 -1
7131 7131
-1 -1
3955 3955
-1 -1
-1 -1
-1 -1
4256 4256
-1 -1
-1 -1
2429 2429
-1 -1
-1 -1
-1 -1
6171 6171
-1 -1
-1 -1
-1 -1
7166 7166
-1 -1
-1 -1
-1 -1
-1 -1
-1 -1
4486 4487
-1 -1
-1 -1
-1 -1
-1 -1
-1 -1
-1 -1
-1 -1
7412 7412
-1 -1
-1 -1
-1 -1
-1 -1
-1 -1
-1 -1
1226 1226
-1 -1
-1 -1
-1 -1
-1 -1
-1 -1
2659 2659
7054 7055
5911 5911
-1 -1
5279 5280
748 749
-1 -1
-1 -1
-1 -1
4041 4041
-1 -1
1839 1840
3355 3355
3682 3682
-1 -1
-1 -1
-1 -1
-1 -1
7387 7388
1625 1625
-1 -1
7273 7273
-1 -1
3530 3530
-1 -1
3595 3595
-1 -1
-1 -1
-1 -1
-1 -1
6007 6007
1893 1894
-1 -1
-1 -1
3037 3039
-1 -1
-1 -1
5006 5006
1615 1615
-1 -1
4215 4215
-1 -1
-1 -1
-1 -1
-1 -1
-1 -1
-1 -1
-1 -1
1938 1938
6285 6285
-1 -1
-1 -1
-1 -1
4014 4014
-1 -1
3008 3009
-1 -1
-1 -1
7232 7232
-1 -1
1813 1813
-1 -1
-1 -1
-1 -1
1654 1655
1153 1154
7483 7483
7381 7383
-1 -1
3547 3547
-1 -1
-1 -1
7612 7612
4485 4485
-1 -1
105 106
-1 -1
-1 -1
-1 -1
1111 1112
-1 -1
-1 -1
-1 -1
-1 -1
2840 2841
-1 -1
3475 3475
-1 -1
5337 5337
507 509
-1 -1
-1 -1
1121 1122
-1 -1
2777 2777
-1 -1
6023 6023
4481 4481
-1 -1
-1 -1
-1 -1
2560 2560
6881 6882
-1 -1
6145 6146
-1 -1
5680 5680
-1 -1
-1 -1
-1 -1
5325 5325
-1 -1
-1 -1
-1 -1
7523 7523
3081 3081
-1 -1
-1 -1
-1 -1
34 34
4990 4990
39 39
5259 5261
-1 -1
-1 -1
-1 -1
-1 -1
1876 1876
-1 -1
-1 -1
-1 -1
-1 -1
482 482
6893 6893
-1 -1
2850 2850
-1 -1
5523 5523
-1 -1
-1 -1
-1 -1
4178 4178
-1 -1
-1 -1
-1 -1
-1 -1
-1 -1
3307 3307
-1 -1
-1 -1
-1 -1
1947 1947
-1 -1
1773 1773
-1 -1
-1 -1
-1 -1
-1 -1
-1 -1
2047 2047
-1 -1
-1 -1
-1 -1
-1 -1
-1 -1
5734 5734
-1 -1
-1 -1
4031 4031
6903 6903
-1 -1
2274 2275
5119 5119
-1 -1
7569 7569
-1 -1
5325 5325
3409 3410
-1 -1
-1 -1
-1 -1
-1 -1
-1 -1
4993 4993
-1 -1
1819 1819
-1 -1
7036 7036
-1 -1
-1 -1
5524 5525
7550 7550
-1 -1
-1 -1
1852 1852
5313 5313
1935 1935
-1 -1
7447 7447
7112 7112
-1 -1
-1 -1
-1 -1
-1 -1
7452 7452
-1 -1
-1 -1
1471 1471
-1 -1
-1 -1
-1 -1
6328 6328
5624 5624
877 877
259 259
-1 -1
-1 -1
-1 -1
-1 -1
43 43
-1 -1
3683 3683
5104 5105
6238 6238
-1 -1
-1 -1
-1 -1
-1 -1
-1 -1
-1 -1
100 100
2759 2759
3278 3278
-1 -1
-1 -1
5865 5865
3427 3427
-1 -1
-1 -1
-1 -1
-1 -1
-1 -1
-1 -1
6136 6136
-1 -1
-1 -1
-1 -1
2246 2246
-1 -1
1462 1462
-1 -1
-1 -1
-1 -1
-1 -1
-1 -1
-1 -1
-1 -1
-1 -1
1359 1359
-1 -1
-1 -1
1867 1867
-1 -1
820 821
1208 1209
1123 1124
5060 5060
4148 4149
4682 4682
-1 -1
-1 -1
-1 -1
3444 3444
-1 -1
-1 -1
4059 4059
-1 -1
1473 1473
-1 -1
-1 -1
5418 5418
1542 1542
-1 -1
-1 -1
-1 -1
-1 -1
6416 6416
-1 -1
-1 -1
-1 -1
524 524
345 345
-1 -1
-1 -1
-1 -1
3076 3076
2173 2173
3614 3614
-1 -1
2354 2354
6999 6999
-1 -1
-1 -1
-1 -1
-1 -1
814 814
3773 3773
4369 4369
5487 5487
1849 1850
7267 7267
-1 -1
-1 -1
-1 -1
-1 -1
5934 5934
5710 5710
1742 1742
-1 -1
-1 -1
-1 -1
-1 -1
4860 4860
2548 2548
-1 -1
-1 -1
-1 -1
-1 -1
2174 2174
-1 -1
-1 -1
-1 -1
-1 -1
-1 -1
7650 7650
-1 -1
7438 7439
-1 -1
-1 -1
-1 -1
-1 -1
-1 -1
-1 -1
-1 -1
-1 -1
3652 3652
-1 -1
-1 -1
-1 -1
-1 -1
-1 -1
7192 7192
-1 -1
-1 -1
6051 6051
7621 7621
-1 -1
-1 -1
-1 -1
-1 -1
-1 -1
-1 -1
5320 5320
-1 -1
4395 4395
3028 3028
-1 -1
-1 -1
-1 -1
-1 -1
-1 -1
-1 -1
-1 -1
487 488
-1 -1
-1 -1
1966 1968
6265 6266
-1 -1
7633 7633
6685 6685
-1 -1
-1 -1
7 8
1886 1886
-1 -1
-1 -1
-1 -1
-1 -1
4878 4878
7600 7602
-1 -1
-1 -1
4083 4083
-1 -1
-1 -1
-1 -1
-1 -1
-1 -1
641 641
-1 -1
529 529
2189 2189
-1 -1
-1 -1
-1 -1
-1 -1
-1 -1
-1 -1
-1 -1
-1 -1
7327 7327
5980 5980
-1 -1
-1 -1
-1 -1
2610 2611
-1 -1
429 430
-1 -1
-1 -1
5294 5294
-1 -1
-1 -1
-1 -1
-1 -1
4751 4751
-1 -1
-1 -1
-1 -1
7526 7526
2404 2404
-1 -1
5129 5129
-1 -1
-1 -1
-1 -1
6204 6204
-1 -1
5308 5309
-1 -1
-1 -1
-1 -1
1230 1230
224 224
-1 -1
-1 -1
1980 1980
-1 -1
-1 -1
6856 6856
-1 -1
-1 -1
2752 2752
-1 -1
-1 -1
1909 1909
-1 -1
-1 -1
-1 -1
-1 -1
547 547
-1 -1
489 489
-1 -1
2771 2771
-1 -1
-1 -1
6611 6611
-1 -1
7666 7666
711 711
6157 6157
-1 -1
-1 -1
-1 -1
4298 4299
4814 4815
-1 -1
7190 7190
-1 -1
3550 3553
5843 5843
-1 -1
-1 -1
-1 -1
7245 7245
-1 -1
-1 -1
-1 -1
-1 -1
-1 -1
-1 -1
-1 -1
-1 -1
-1 -1
-1 -1
-1 -1
-1 -1
-1 -1
-1 -1
-1 -1
4093 4093
-1 -1
-1 -1
-1 -1
-1 -1
-1 -1
-1 -1
128 128
2142 2143
-1 -1
3444 3444
-1 -1
-1 -1
848 848
-1 -1
-1 -1
-1 -1
7228 7228
-1 -1
-1 -1
-1 -1
-1 -1
6191 6191
-1 -1
-1 -1
3472 3472
606 606
-1 -1
-1 -1
-1 -1
-1 -1
-1 -1
-1 -1
-1 -1
1633 1633
-1 -1
-1 -1
-1 -1
605 605
-1 -1
6389 6389
-1 -1
-1 -1
2363 2363
2755 2755
-1 -1
-1 -1
5015 5015
-1 -1
-1 -1
255 256
1855 1855
3768 3768
7159 7159
1633 1633
-1 -1
-1 -1
770 771
-1 -1
-1 -1
-1 -1
716 716
-1 -1
-1 -1
4801 4801
-1 -1
-1 -1
7287 7287
-1 -1
6405 6405
-1 -1
-1 -1
-1 -1
697 698
5377 5377
1212 1212
-1 -1
291 291
-1 -1
-1 -1
-1 -1
-1 -1
-1 -1
-1 -1
-1 -1
-1 -1
-1 -1
2011 2011
-1 -1
1366 1366
-1 -1
-1 -1
-1 -1
-1 -1
-1 -1
7365 7366
-1 -1
-1 -1
-1 -1
6941 6941
-1 -1
-1 -1
-1 -1
-1 -1
-1 -1
-1 -1
-1 -1
-1 -1
-1 -1
-1 -1
-1 -1
1705 1705
-1 -1
-1 -1
-1 -1
-1 -1
-1 -1
-1 -1
-1 -1
1731 1731
-1 -1
-1 -1
-1 -1
-1 -1
-1 -1
-1 -1
-1 -1
-1 -1
-1 -1
6213 6213
6138 6138
-1 -1
70 70
-1 -1
-1 -1
-1 -1
-1 -1
3937 3937
-1 -1
7473 7473
-1 -1
1441 1442
-1 -1
3160 3160
-1 -1
-1 -1
-1 -1
4646 4646
-1 -1
-1 -1
-1 -1
1831 1832
-1 -1
-1 -1
-1 -1
6953 6953
5408 5408
1081 1081
4706 4706
-1 -1
-1 -1
-1 -1
-1 -1
-1 -1
4135 4135
4871 4872
-1 -1
-1 -1
1454 1454
-1 -1
-1 -1
-1 -1
5802 5802
-1 -1
-1 -1
-1 -1
-1 -1
4053 4053
-1 -1
-1 -1
-1 -1
5705 5705
-1 -1
-1 -1
-1 -1
-1 -1
906 907
7102 7102
-1 -1
-1 -1
-1 -1
6605 6605
-1 -1
-1 -1
-1 -1
6242 6242
-1 -1
-1 -1
1979 1979
4647 4647
3093 3093
-1 -1
-1 -1
-1 -1
-1 -1
-1 -1
-1 -1
4353 4353
-1 -1
-1 -1
5820 5821
-1 -1
-1 -1
-1 -1
99 99
4253 4253
6887 6887
-1 -1
498 499
-1 -1
-1 -1
-1 -1
6923 6923
-1 -1
-1 -1
-1 -1
-1 -1
-1 -1
-1 -1
-1 -1
-1 -1
2594 2594
-1 -1
6405 6405
2995 2995
7621 7621
3028 3028
1065 1065
4261 4261
-1 -1
-1 -1
-1 -1
-1 -1
-1 -1
-1 -1
-1 -1
978 978
1925 1925
6264 6264
-1 -1
-1 -1
-1 -1
1782 1782
-1 -1
-1 -1
-1 -1
-1 -1
-1 -1
3853 3853
-1 -1
2695 2695
7536 7536
7010 7010
-1 -1
3796 3796
-1 -1
3868 3869
-1 -1
-1 -1
7282 7282
-1 -1
1897 1897
-1 -1
477 477
-1 -1
1301 1301
-1 -1
-1 -1
-1 -1
2874 2874
3981 3981
-1 -1
-1 -1
7323 7323
-1 -1
-1 -1
-1 -1
-1 -1
-1 -1
-1 -1
-1 -1
6241 6241
1835 1836
4508 4509
-1 -1
-1 -1
-1 -1
260 260
-1 -1
4747 4747
5297 5297
-1 -1
1871 1871
7520 7520
963 963
-1 -1
-1 -1
-1 -1
-1 -1
-1 -1
5470 5470
-1 -1
4338 4338
-1 -1
-1 -1
2053 2053
-1 -1
324 324
-1 -1
4658 4658
7238 7239
2859 2859
-1 -1
-1 -1
-1 -1
452 453
-1 -1
1458 1458
-1 -1
-1 -1
-1 -1
-1 -1
-1 -1
-1 -1
-1 -1
2904 2904
-1 -1
2028 2028
-1 -1
-1 -1
-1 -1
4706 4706
-1 -1
-1 -1
6805 6805
1028 1028
-1 -1
-1 -1
-1 -1
-1 -1
-1 -1
-1 -1
-1 -1
-1 -1
5962 5963
818 818
-1 -1
1259 1260
-1 -1
6682 6682
-1 -1
-1 -1
6998 6998
-1 -1
6780 6780
1666 1667
-1 -1
-1 -1
6640 6640
428 428
-1 -1
778 778
121 121
-1 -1
5416 5416
6459 6459
-1 -1
-1 -1
-1 -1
909 909
-1 -1
-1 -1
-1 -1
-1 -1
-1 -1
4505 4505
-1 -1
-1 -1
3753 3754
7511 7511
-1 -1
695 696
3682 3682
-1 -1
3171 3171
-1 -1
959 960
-1 -1
-1 -1
-1 -1
-1 -1
-1 -1
4628 4628
4613 4614
-1 -1
-1 -1
6166 6166
-1 -1
2519 2519
2336 2338
-1 -1
1336 1336
-1 -1
-1 -1
581 581
-1 -1
-1 -1
349 349
-1 -1
-1 -1
-1 -1
4075 4076
-1 -1
-1 -1
226 226
6758 6758
3096 3096
-1 -1
6912 6912
-1 -1
1171 1171
-1 -1
-1 -1
-1 -1
-1 -1
2211 2211
206 206
-1 -1
-1 -1
6669 6669
-1 -1
1822 1822
-1 -1
-1 -1
-1 -1
-1 -1
-1 -1
1566 1566
-1 -1
-1 -1
-1 -1
7600 7602
2783 2783
-1 -1
7075 7075
4751 4751
-1 -1
-1 -1
5786 5786
4138 4138
-1 -1
-1 -1
-1 -1
-1 -1
-1 -1
-1 -1
-1 -1
-1 -1
-1 -1
5660 5660
-1 -1
-1 -1
130 130
-1 -1
4817 4817
-1 -1
-1 -1
2759 2759
-1 -1
4472 4472
-1 -1
2083 2084
-1 -1
-1 -1
5499 5500
-1 -1
-1 -1
-1 -1
-1 -1
2817 2817
-1 -1
6962 6963
2935 2935
-1 -1
-1 -1
-1 -1
3071 3072
-1 -1
12 12
3627 3628
5699 5699
506 506
-1 -1
-1 -1
5331 5331
3576 3576
-1 -1
-1 -1
-1 -1
-1 -1
-1 -1
-1 -1
-1 -1
1856 1856
-1 -1
4283 4283
-1 -1
-1 -1
6502 6502
-1 -1
-1 -1
-1 -1
-1 -1
1612 1612
1608 1609
-1 -1
1858 1858
-1 -1
4388 4388
-1 -1
6482 6482
-1 -1
-1 -1
-1 -1
1858 1858
6388 6388
-1 -1
-1 -1
4538 4538
-1 -1
4157 4157
-1 -1
-1 -1
-1 -1
346 346
-1 -1
-1 -1
5355 5355
-1 -1
-1 -1
-1 -1
-1 -1
7266 7266
3439 3439
2128 2128
-1 -1
5372 5372
-1 -1
-1 -1
-1 -1
-1 -1
-1 -1
-1 -1
-1 -1
-1 -1
-1 -1
-1 -1
1908 1908
-1 -1
-1 -1
-1 -1
2545 2545
-1 -1
2284 2284
-1 -1
-1 -1
-1 -1
2989 2990
-1 -1
-1 -1
7561 7561
-1 -1
-1 -1
1343 1343
75 75
-1 -1
-1 -1
-1 -1
-1 -1
-1 -1
-1 -1
-1 -1
6222 6222
-1 -1
-1 -1
-1 -1
-1 -1
-1 -1
5483 5483
-1 -1
5221 5221
-1 -1
4971 4971
5694 5694
-1 -1
-1 -1
368 368
-1 -1
239 239
-1 -1
-1 -1
-1 -1
-1 -1
-1 -1
-1 -1
-1 -1
7252 7252
-1 -1
3417 3417
-1 -1
-1 -1
-1 -1
-1 -1
-1 -1
6784 6784
-1 -1
-1 -1
5712 5712
3743 3743
-1 -1
5102 5102
-1 -1
6967 6967
-1 -1
-1 -1
-1 -1
5722 5722
4117 4117
-1 -1
6569 6569
-1 -1
-1 -1
4150 4150
-1 -1
1040 1040
618 618
-1 -1
-1 -1
-1 -1
2018 2018
-1 -1
1097 1097
-1 -1
-1 -1
3839 3839
-1 -1
-1 -1
6811 6812
-1 -1
-1 -1
-1 -1
3053 3053
-1 -1
-1 -1
-1 -1
-1 -1
3915 3915
3758 3758
-1 -1
-1 -1
-1 -1
-1 -1
6605 6605
-1 -1
-1 -1
5059 5059
3099 3099
1570 1570
799 799
-1 -1
-1 -1
5892 5892
-1 -1
-1 -1
-1 -1
584 584
-1 -1
-1 -1
-1 -1
1794 1794
-1 -1
-1 -1
5831 5831
-1 -1
5082 5082
1092 1092
-1 -1
-1 -1
-1 -1
-1 -1
-1 -1
6829 6830
3234 3234
-1 -1
-1 -1
2970 2970
-1 -1
6471 6471
-1 -1
1139 1140
-1 -1
-1 -1
-1 -1
5880 5880
1157 1157
2328 2328
-1 -1
-1 -1
-1 -1
-1 -1
1648 1648
-1 -1
-1 -1
4530 4530
-1 -1
-1 -1
-1 -1
6972 6972
-1 -1
-1 -1
-1 -1
-1 -1
-1 -1
2840 2841
-1 -1
-1 -1
-1 -1
-1 -1
2031 2031
77 77
-1 -1
2641 2641
5165 5165
7623 7623
1741 1741
-1 -1
-1 -1
-1 -1
-1 -1
-1 -1
-1 -1
-1 -1
-1 -1
4857 4857
-1 -1
5637 5637
18 19
3599 3599
-1 -1
-1 -1
-1 -1
6596 6596
7561 7561
-1 -1
-1 -1
-1 -1
719 719
-1 -1
5048 5048
-1 -1
6279 6279
-1 -1
1163 1163
-1 -1
6823 6823
4886 4886
-1 -1
6988 6988
-1 -1
-1 -1
3667 3668
2260 2260
3572 3572
-1 -1
-1 -1
-1 -1
1217 1217
-1 -1
-1 -1
-1 -1
4235 4236
2183 2183
1869 1870
-1 -1
-1 -1
-1 -1
-1 -1
-1 -1
-1 -1
-1 -1
-1 -1
132 133
-1 -1
4456 4456
-1 -1
-1 -1
5496 5496
6808 6808
-1 -1
-1 -1
-1 -1
4890 4890
-1 -1
-1 -1
-1 -1
1563 1563
3044 3044
6825 6825
-1 -1
7103 7104
1275 1275
6752 6752
-1 -1
-1 -1
-1 -1
-1 -1
7113 7113
-1 -1
-1 -1
-1 -1
-1 -1
-1 -1
-1 -1
-1 -1
-1 -1
-1 -1
-1 -1
-1 -1
1556 1556
-1 -1
-1 -1
4228 4228
2201 2201
1010 1010
-1 -1
-1 -1
-1 -1
-1 -1
-1 -1
-1 -1
-1 -1
-1 -1
475 475
-1 -1
7636 7636
2988 2988
-1 -1
1793 1793
6379 6380
-1 -1
-1 -1
7026 7027
-1 -1
-1 -1
4731 4731
-1 -1
-1 -1
-1 -1
-1 -1
-1 -1
-1 -1
-1 -1
-1 -1
-1 -1
-1 -1
-1 -1
-1 -1
-1 -1
-1 -1
288 288
-1 -1
-1 -1
-1 -1
-1 -1
-1 -1
-1 -1
-1 -1
-1 -1
-1 -1
-1 -1
597 597
7595 7595
-1 -1
-1 -1
-1 -1
-1 -1
-1 -1
5592 5592
6392 6392
-1 -1
1723 1723
-1 -1
-1 -1
-1 -1
-1 -1
-1 -1
-1 -1
1796 1796
-1 -1
-1 -1
-1 -1
-1 -1
-1 -1
4483 4483
-1 -1
-1 -1
-1 -1
-1 -1
1928 1928
-1 -1
-1 -1
-1 -1
-1 -1
-1 -1
-1 -1
2042 2042
-1 -1
2096 2096
-1 -1
-1 -1
-1 -1
-1 -1
-1 -1
-1 -1
2012 2012
-1 -1
-1 -1
-1 -1
-1 -1
-1 -1
-1 -1
-1 -1
4334 4334
665 665
-1 -1
-1 -1
2329 2329
-1 -1
3662 3662
-1 -1
-1 -1
-1 -1
-1 -1
-1 -1
-1 -1
-1 -1
4944 4944
481 481
-1 -1
-1 -1
-1 -1
-1 -1
-1 -1
4866 4866
-1 -1
-1 -1
3279 3279
-1 -1
7158 7158
-1 -1
-1 -1
4320 4320
-1 -1
-1 -1
-1 -1
-1 -1
-1 -1
5003 5003
-1 -1
-1 -1
-1 -1
-1 -1
-1 -1
-1 -1
-1 -1
-1 -1
6159 6159
-1 -1
-1 -1
-1 -1
-1 -1
3727 3727
-1 -1
-1 -1
-1 -1
395 395
3417 3417
-1 -1
-1 -1
-1 -1
-1 -1
-1 -1
4212 4213
1871 1871
-1 -1
-1 -1
-1 -1
-1 -1
-1 -1
-1 -1
1892 1892
7455 7455
-1 -1
-1 -1
-1 -1
-1 -1
68 68
-1 -1
1090 1091
-1 -1
-1 -1
-1 -1
5166 5167
-1 -1
-1 -1
-1 -1
-1 -1
-1 -1
1318 1318
-1 -1
-1 -1
-1 -1
227 227
7336 7336
-1 -1
-1 -1
565 567
2034 2034
-1 -1
-1 -1
-1 -1
-1 -1
-1 -1
-1 -1
-1 -1
-1 -1
-1 -1
1381 1382
-1 -1
-1 -1
5271 5272
3934 3934
3398 3398
-1 -1
853 854
-1 -1
-1 -1
-1 -1
-1 -1
776 777
-1 -1
-1 -1
-1 -1
6758 6758
-1 -1
-1 -1
-1 -1
-1 -1
-1 -1
5860 5860
-1 -1
1172 1172
-1 -1
-1 -1
-1 -1
-1 -1
4720 4720
-1 -1
-1 -1
-1 -1
6940 6940
-1 -1
-1 -1
-1 -1
-1 -1
-1 -1
3560 3560
2709 2709
1038 1038
-1 -1
-1 -1
-1 -1
644 644
6865 6865
-1 -1
-1 -1
5321 5321
-1 -1
4048 4048
579 579
7000 7000
-1 -1
-1 -1
-1 -1
-1 -1
-1 -1
-1 -1
-1 -1
-1 -1
-1 -1
7046 7046
-1 -1
1876 1876
-1 -1
-1 -1
5554 5554
-1 -1
7362 7362
6717 6717
-1 -1
6052 6052
-1 -1
-1 -1
-1 -1
-1 -1
-1 -1
-1 -1
1222 1223
-1 -1
-1 -1
4880 4880
-1 -1
5006 5006
3742 3742
-1 -1
4144 4144
7045 7045
1481 1481
-1 -1
6945 6945
4505 4505
1329 1329
5236 5236
-1 -1
-1 -1
-1 -1
-1 -1
-1 -1
4317 4317
-1 -1
-1 -1
2475 2475
5815 5815
-1 -1
3023 3023
2831 2831
-1 -1
-1 -1
1710 1710
-1 -1
-1 -1
-1 -1
6982 6982
-1 -1
5490 5491
-1 -1
-1 -1
-1 -1
1268 1268
-1 -1
-1 -1
-1 -1
1345 1346
2600 2600
-1 -1
-1 -1
-1 -1
-1 -1
262 263
4533 4533
2964 2964
-1 -1
-1 -1
-1 -1
-1 -1
-1 -1
-1 -1
-1 -1
-1 -1
-1 -1
3097 3097
-1 -1
1117 1117
4106 4106
-1 -1
-1 -1
-1 -1
-1 -1
-1 -1
2816 2816
7305 7305
1716 1717
2797 2798
-1 -1
-1 -1
2044 2044
4218 4218
4523 4525
6168 6168
3894 3895
-1 -1
-1 -1
5120 5120
5358 5358
-1 -1
-1 -1
982 983
1825 1825
-1 -1
-1 -1
-1 -1
4725 4725
-1 -1
6709 6709
-1 -1
-1 -1
-1 -1
-1 -1
-1 -1
-1 -1
-1 -1
-1 -1
6724 6724
-1 -1
-1 -1
-1 -1
3166 3166
7028 7028
7251 7251
7585 7585
-1 -1
-1 -1
-1 -1
-1 -1
2398 2398
-1 -1
-1 -1
-1 -1
448 448
-1 -1
-1 -1
-1 -1
-1 -1
-1 -1
-1 -1
-1 -1
-1 -1
-1 -1
1102 1103
-1 -1
-1 -1
-1 -1
-1 -1
331 331
6588 6588
1966 1968
-1 -1
4772 4772
-1 -1
259 259
965 966
383 383
5866 5866
1947 1947
-1 -1
-1 -1
6533 6533
867 867
-1 -1
-1 -1
-1 -1
2031 2031
6009 6009
-1 -1
1719 1719
1133 1133
5741 5743
2264 2264
-1 -1
5267 5267
5857 5857
-1 -1
-1 -1
-1 -1
-1 -1
677 677
-1 -1
-1 -1
-1 -1
-1 -1
601 601
-1 -1
-1 -1
-1 -1
1728 1728
-1 -1
5913 5914
3759 3759
-1 -1
-1 -1
-1 -1
-1 -1
-1 -1
6302 6302
-1 -1
-1 -1
2623 2624
-1 -1
-1 -1
4975 4975
1814 1814
-1 -1
-1 -1
908 908
-1 -1
-1 -1
-1 -1
-1 -1
-1 -1
-1 -1
-1 -1
-1 -1
796 796
-1 -1
3327 3328
2618 2619
-1 -1
-1 -1
-1 -1
-1 -1
-1 -1
5640 5640
6077 6077
-1 -1
-1 -1
-1 -1
-1 -1
-1 -1
-1 -1
779 779
-1 -1
-1 -1
-1 -1
-1 -1
-1 -1
7002 7002
-1 -1
1573 1573
-1 -1
3014 3014
7374 7374
6684 6684
-1 -1
-1 -1
-1 -1
1389 1389
-1 -1
-1 -1
3106 3106
-1 -1
-1 -1
-1 -1
-1 -1
6258 6258
-1 -1
205 205
6817 6818
-1 -1
-1 -1
4810 4810
2284 2284
-1 -1
-1 -1
-1 -1
3020 3020
2271 2271
-1 -1
1714 1714
4465 4465
595 595
-1 -1
977 977
7021 7022
1745 1745
1938 1938
-1 -1
-1 -1
-1 -1
2598 2598
-1 -1
-1 -1
-1 -1
2259 2259
6872 6872
255 256
2568 2568
-1 -1
586 586
6985 6985
-1 -1
-1 -1
7284 7285
-1 -1
7464 7464
4642 4642
-1 -1
-1 -1
3890 3890
149 149
-1 -1
-1 -1
695 696
-1 -1
-1 -1
-1 -1
-1 -1
-1 -1
-1 -1
3728 3729
-1 -1
-1 -1
2771 2771
-1 -1
3829 3830
-1 -1
-1 -1
-1 -1
-1 -1
670 670
-1 -1
-1 -1
4379 4379
3004 3005
-1 -1
6867 6868
-1 -1
-1 -1
-1 -1
7318 7318
5503 5503
-1 -1
-1 -1
-1 -1
3557 3557
999 1000
3906 3906
5943 5943
3098 3098
7163 7163
-1 -1
-1 -1
-1 -1
-1 -1
-1 -1
-1 -1
-1 -1
2354 2354
5801 5801
3705 3705
-1 -1
-1 -1
2934 2934
-1 -1
-1 -1
-1 -1
6842 6842
-1 -1
160 160
3650 3650
-1 -1
3655 3655
-1 -1
-1 -1
436 436
-1 -1
-1 -1
-1 -1
5717 5717
-1 -1
-1 -1
6123 6123
-1 -1
-1 -1
-1 -1
-1 -1
-1 -1
-1 -1
901 901
2991 2991
-1 -1
-1 -1
-1 -1
-1 -1
-1 -1
-1 -1
-1 -1
5355 5355
-1 -1
-1 -1
-1 -1
7425 7425
-1 -1
4893 4893
-1 -1
1692 1692
-1 -1
-1 -1
-1 -1
469 470
6692 6693
-1 -1
1426 1426
90 91
2236 2236
-1 -1
3824 3824
-1 -1
-1 -1
658 658
-1 -1
496 496
-1 -1
-1 -1
-1 -1
6336 6336
-1 -1
-1 -1
7004 7005
4028 4028
-1 -1
4115 4115
-1 -1
-1 -1
-1 -1
-1 -1
-1 -1
-1 -1
1239 1239
-1 -1
1499 1499
-1 -1
-1 -1
-1 -1
7246 7246
3363 3363
-1 -1
-1 -1
-1 -1
-1 -1
-1 -1
751 751
-1 -1
-1 -1
6006 6006
4374 4374
2348 2348
-1 -1
-1 -1
-1 -1
-1 -1
-1 -1
404 405
-1 -1
1454 1454
-1 -1
-1 -1
-1 -1
-1 -1
-1 -1
-1 -1
-1 -1
6133 6134
373 373
5063 5064
5665 5665
-1 -1
-1 -1
3848 3848
3000 3000
5893 5893
-1 -1
-1 -1
-1 -1
-1 -1
-1 -1
3871 3871
-1 -1
-1 -1
-1 -1
-1 -1
-1 -1
-1 -1
-1 -1
-1 -1
-1 -1
-1 -1
-1 -1
-1 -1
-1 -1
-1 -1
-1 -1
-1 -1
-1 -1
-1 -1
-1 -1
-1 -1
466 468
-1 -1
-1 -1
-1 -1
-1 -1
1366 1366
-1 -1
3473 3473
-1 -1
-1 -1
5860 5860
-1 -1
3839 3839
-1 -1
-1 -1
6132 6132
-1 -1
5162 5162
-1 -1
4531 4531
-1 -1
-1 -1
-1 -1
2125 2125
-1 -1
-1 -1
-1 -1
6539 6539
-1 -1
6681 6681
-1 -1
-1 -1
772 772
5183 5183
2875 2878
-1 -1
-1 -1
-1 -1
-1 -1
-1 -1
6414 6414
-1 -1
-1 -1
3676 3678
-1 -1
-1 -1
3958 3959
-1 -1
4423 4423
-1 -1
2383 2384
-1 -1
-1 -1
549 549
-1 -1
-1 -1
-1 -1
-1 -1
4059 4059
-1 -1
-1 -1
-1 -1
-1 -1
-1 -1
7204 7204
-1 -1
5455 5455
-1 -1
-1 -1
5536 5536
7644 7644
-1 -1
-1 -1
-1 -1
-1 -1
167 167
4544 4544
-1 -1
-1 -1
-1 -1
-1 -1
-1 -1
2558 2558
-1 -1
-1 -1
-1 -1
828 828
-1 -1
-1 -1
6943 6944
-1 -1
-1 -1
1920 1920
5841 5841
-1 -1
-1 -1
-1 -1
3691 3692
466 468
3137 3137
-1 -1
-1 -1
4055 4055
-1 -1
-1 -1
-1 -1
3761 3761
-1 -1
-1 -1
2733 2733
-1 -1
-1 -1
-1 -1
4667 4667
-1 -1
-1 -1
-1 -1
-1 -1
6527 6527
-1 -1
-1 -1
-1 -1
-1 -1
-1 -1
2618 2619
-1 -1
-1 -1
4667 4667
457 457
-1 -1
1841 1841
4136 4136
7231 7231
2799 2799
-1 -1
240 241
4439 4439
246 246
-1 -1
-1 -1
-1 -1
2677 2677
824 824
-1 -1
-1 -1
4384 4384
-1 -1
-1 -1
-1 -1
-1 -1
-1 -1
-1 -1
-1 -1
-1 -1
-1 -1
-1 -1
574 574
-1 -1
-1 -1
-1 -1
-1 -1
-1 -1
5044 5044
1874 1874
-1 -1
-1 -1
858 858
-1 -1
-1 -1
-1 -1
-1 -1
4501 4501
7150 7150
-1 -1
-1 -1
7498 7498
-1 -1
-1 -1
-1 -1
2829 2829
-1 -1
-1 -1
-1 -1
-1 -1
-1 -1
-1 -1
-1 -1
-1 -1
-1 -1
2123 2124
6283 6283
-1 -1
-1 -1
-1 -1
-1 -1
5210 5210
-1 -1
-1 -1
1118 1118
-1 -1
76 76
-1 -1
4858 4859
-1 -1
-1 -1
-1 -1
4665 4665
-1 -1
-1 -1
-1 -1
7387 7388
-1 -1
4854 4855
988 989
-1 -1
-1 -1
-1 -1
-1 -1
-1 -1
-1 -1
709 709
-1 -1
3021 3022
-1 -1
524 524
-1 -1
-1 -1
3051 3051
-1 -1
-1 -1
6954 6954
-1 -1
-1 -1
-1 -1
4134 4134
-1 -1
-1 -1
-1 -1
-1 -1
1146 1146
2110 2111
3188 3188
1171 1171
7651 7651
-1 -1
-1 -1
-1 -1
6718 6718
4338 4338
-1 -1
4218 4218
-1 -1
157 157
-1 -1
6597 6597
-1 -1
-1 -1
-1 -1
1711 1711
2498 2498
3364 3365
-1 -1
-1 -1
-1 -1
-1 -1
-1 -1
-1 -1
-1 -1
681 681
2300 2300
-1 -1
5827 5827
-1 -1
1300 1300
-1 -1
-1 -1
-1 -1
-1 -1
-1 -1
-1 -1
-1 -1
-1 -1
-1 -1
-1 -1
-1 -1
-1 -1
-1 -1
6595 6595
-1 -1
-1 -1
-1 -1
-1 -1
-1 -1
-1 -1
-1 -1
-1 -1
-1 -1
-1 -1
2279 2279
-1 -1
-1 -1
-1 -1
-1 -1
-1 -1
3942 3942
2016 2016
-1 -1
60 60
671 671
3631 3631
-1 -1
-1 -1
-1 -1
-1 -1
-1 -1
-1 -1
-1 -1
-1 -1
-1 -1
-1 -1
-1 -1
-1 -1
-1 -1
-1 -1
-1 -1
-1 -1
4199 4199
4507 4507
-1 -1
-1 -1
-1 -1
-1 -1
2154 2154
-1 -1
-1 -1
-1 -1
-1 -1
-1 -1
-1 -1
-1 -1
-1 -1
4567 4567
1528 1528
1581 1581
-1 -1
1926 1926
-1 -1
1818 1818
279 279
-1 -1
3131 3132
-1 -1
-1 -1
-1 -1
-1 -1
3936 3936
-1 -1
-1 -1
-1 -1
-1 -1
1141 1144
-1 -1
-1 -1
-1 -1
89 89
-1 -1
-1 -1
889 889
-1 -1
3990 3990
6570 6570
2571 2571
4782 4782
-1 -1
-1 -1
-1 -1
-1 -1
4260 4260
-1 -1
-1 -1
-1 -1
-1 -1
-1 -1
-1 -1
-1 -1
-1 -1
-1 -1
-1 -1
-1 -1
-1 -1
-1 -1
-1 -1
-1 -1
10 11
5405 5405
5166 5167
1048 1048
-1 -1
-1 -1
-1 -1
-1 -1
666 666
-1 -1
-1 -1
-1 -1
-1 -1
5507 5507
-1 -1
5991 5991
-1 -1
-1 -1
5979 5979
4166 4166
-1 -1
-1 -1
560 560
-1 -1
6419 6419
4214 4214
-1 -1
4994 4996
7053 7053
-1 -1
-1 -1
-1 -1
603 604
-1 -1
-1 -1
-1 -1
-1 -1
-1 -1
-1 -1
1514 1516
1689 1690
-1 -1
-1 -1
-1 -1
-1 -1
-1 -1
6752 6752
3375 3375
2499 2499
5060 5060
5419 5419
3912 3912
-1 -1
-1 -1
5380 5380
-1 -1
2323 2323
-1 -1
-1 -1
-1 -1
-1 -1
-1 -1
-1 -1
62 62
-1 -1
-1 -1
4039 4039
-1 -1
6936 6936
6519 6519
5468 5468
-1 -1
-1 -1
642 642
-1 -1
-1 -1
6164 6164
-1 -1
-1 -1
3046 3046
-1 -1
4107 4107
-1 -1
-1 -1
-1 -1
-1 -1
3929 3929
-1 -1
-1 -1
-1 -1
7300 7301
-1 -1
5882 5882
3369 3369
325 325
-1 -1
3807 3807
-1 -1
-1 -1
1467 1468
-1 -1
-1 -1
4765 4766
-1 -1
-1 -1
-1 -1
-1 -1
-1 -1
-1 -1
-1 -1
-1 -1
-1 -1
-1 -1
128 128
1732 1733
-1 -1
-1 -1
-1 -1
-1 -1
-1 -1
-1 -1
-1 -1
3586 3587
2885 2885
-1 -1
-1 -1
-1 -1
-1 -1
-1 -1
-1 -1
-1 -1
1982 1982
-1 -1
-1 -1
-1 -1
390 390
5776 5776
-1 -1
1427 1427
3045 3045
3876 3877
4412 4412
-1 -1
-1 -1
3603 3604
2078 2078
-1 -1
-1 -1
-1 -1
-1 -1
-1 -1
3712 3712
3706 3707
-1 -1
-1 -1
-1 -1
2427 2427
-1 -1
-1 -1
-1 -1
-1 -1
-1 -1
5127 5127
-1 -1
-1 -1
7361 7361
3095 3095
7398 7398
5067 5067
-1 -1
-1 -1
3366 3366
-1 -1
-1 -1
2776 2776
-1 -1
3026 3026
-1 -1
-1 -1
-1 -1
1183 1183
3637 3637
-1 -1
-1 -1
-1 -1
-1 -1
-1 -1
-1 -1
-1 -1
-1 -1
-1 -1
-1 -1
-1 -1
2688 2689
-1 -1
-1 -1
5952 5952
5013 5014
-1 -1
466 468
-1 -1
-1 -1
-1 -1
7171 7171
-1 -1
-1 -1
-1 -1
-1 -1
-1 -1
3443 3443
-1 -1
3457 3457
-1 -1
-1 -1
-1 -1
1494 1494
-1 -1
-1 -1
-1 -1
4443 4443
-1 -1
4666 4666
4136 4136
-1 -1
-1 -1
-1 -1
-1 -1
2479 2479
-1 -1
-1 -1
7396 7396
-1 -1
-1 -1
-1 -1
3077 3078
4107 4107
-1 -1
-1 -1
-1 -1
7407 7407
-1 -1
-1 -1
2160 2160
7611 7611
-1 -1
-1 -1
4594 4594
128 128
4554 4554
-1 -1
-1 -1
5772 5772
5636 5636
-1 -1
-1 -1
-1 -1
-1 -1
-1 -1
-1 -1
-1 -1
-1 -1
-1 -1
6010 6010
-1 -1
1284 1284
1839 1840
-1 -1
-1 -1
-1 -1
7156 7157
-1 -1
-1 -1
-1 -1
4530 4530
-1 -1
-1 -1
-1 -1
-1 -1
5888 5888
-1 -1
1037 1037
-1 -1
1969 1969
-1 -1
-1 -1
-1 -1
7375 7375
-1 -1
3077 3078
-1 -1
-1 -1
6776 6777
-1 -1
1979 1979
2929 2929
1463 1463
-1 -1
-1 -1
-1 -1
-1 -1
-1 -1
5215 5215
-1 -1
-1 -1
3106 3106
-1 -1
-1 -1
-1 -1
-1 -1
-1 -1
2580 2580
-1 -1
4687 4687
4543 4543
-1 -1
6904 6905
-1 -1
7073 7073
1206 1206
-1 -1
-1 -1
-1 -1
595 595
-1 -1
-1 -1
181 181
-1 -1
-1 -1
-1 -1
-1 -1
-1 -1
-1 -1
-1 -1
1130 1130
-1 -1
5355 5355
2458 2460
4581 4581
-1 -1
-1 -1
-1 -1
-1 -1
-1 -1
-1 -1
-1 -1
-1 -1
5962 5963
-1 -1
-1 -1
-1 -1
1561 1561
-1 -1
4734 4734
-1 -1
315 316
5485 5485
-1 -1
-1 -1
724 724
2949 2949
-1 -1
-1 -1
-1 -1
246 246
563 563
-1 -1
-1 -1
3428 3428
-1 -1
-1 -1
-1 -1
2442 2442
-1 -1
-1 -1
-1 -1
-1 -1
3106 3106
122 124
2127 2127
3401 3401
-1 -1
4742 4742
3114 3115
-1 -1
-1 -1
-1 -1
3112 3112
-1 -1
-1 -1
3046 3046
2622 2622
-1 -1
-1 -1
-1 -1
-1 -1
-1 -1
6099 6099
-1 -1
-1 -1
-1 -1
609 609
3773 3773
-1 -1
868 868
2749 2750
-1 -1
-1 -1
-1 -1
-1 -1
-1 -1
-1 -1
5345 5345
-1 -1
-1 -1
972 973
-1 -1
6166 6166
-1 -1
-1 -1
6862 6862
547 547
-1 -1
1067 1067
-1 -1
-1 -1
-1 -1
-1 -1
-1 -1
-1 -1
667 668
113 113
-1 -1
7077 7078
4687 4687
-1 -1
691 691
815 815
1471 1471
-1 -1
-1 -1
-1 -1
-1 -1
4690 4690
-1 -1
-1 -1
5934 5934
5347 5347
-1 -1
-1 -1
-1 -1
2852 2852
-1 -1
-1 -1
-1 -1
5854 5854
6706 6706
-1 -1
-1 -1
5750 5750
-1 -1
373 373
-1 -1
-1 -1
-1 -1
7349 7349
-1 -1
-1 -1
787 787
4071 4071
-1 -1
-1 -1
-1 -1
-1 -1
1484 1484
-1 -1
390 390
-1 -1
-1 -1
-1 -1
-1 -1
-1 -1
-1 -1
4656 4656
707 707
-1 -1
-1 -1
-1 -1
6947 6947
-1 -1
-1 -1
-1 -1
5042 5043
-1 -1
3282 3282
5895 5896
6490 6490
-1 -1
-1 -1
1398 1398
-1 -1
6744 6744
-1 -1
3274 3274
-1 -1
5139 5140
-1 -1
-1 -1
4727 4727
-1 -1
-1 -1
-1 -1
-1 -1
589 589
4064 4064
-1 -1
3416 3416
-1 -1
-1 -1
-1 -1
-1 -1
-1 -1
-1 -1
6241 6241
-1 -1
-1 -1
-1 -1
4596 4596
774 775
-1 -1
-1 -1
-1 -1
-1 -1
-1 -1
6002 6002
3779 3779
-1 -1
-1 -1
-1 -1
6622 6622
-1 -1
6457 6457
-1 -1
-1 -1
-1 -1
6454 6454
-1 -1
712 713
-1 -1
-1 -1
-1 -1
6911 6911
4473 4474
-1 -1
-1 -1
3650 3650
2532 2532
-1 -1
-1 -1
3924 3926
3378 3378
-1 -1
564 564
-1 -1
-1 -1
-1 -1
-1 -1
-1 -1
-1 -1
4820 4820
-1 -1
3244 3244
-1 -1
-1 -1
6803 6803
2871 2871
-1 -1
5729 5729
-1 -1
7473 7473
6810 6810
5293 5293
-1 -1
-1 -1
2279 2279
7068 7068
-1 -1
5739 5739
5294 5294
-1 -1
1061 1061
4643 4643
-1 -1
-1 -1
-1 -1
-1 -1
-1 -1
-1 -1
-1 -1
-1 -1
7270 7270
6735 6735
-1 -1
665 665
-1 -1
-1 -1
-1 -1
2935 2935
2317 2317
-1 -1
-1 -1
-1 -1
-1 -1
-1 -1
6336 6336
1792 1792
-1 -1
223 223
1245 1245
-1 -1
-1 -1
2211 2211
6683 6683
3149 3149
-1 -1
-1 -1
-1 -1
-1 -1
5322 5322
6861 6861
-1 -1
-1 -1
2924 2924
-1 -1
2113 2113
-1 -1
3611 3611
4863 4863
7252 7252
3333 3334
-1 -1
-1 -1
-1 -1
-1 -1
6023 6023
-1 -1
-1 -1
-1 -1
-1 -1
-1 -1
-1 -1
-1 -1
-1 -1
-1 -1
6674 6674
-1 -1
-1 -1
4062 4062
-1 -1
2649 2649
-1 -1
-1 -1
-1 -1
-1 -1
-1 -1
-1 -1
-1 -1
-1 -1
-1 -1
-1 -1
3577 3578
-1 -1
7315 7315
-1 -1
6928 6929
-1 -1
2525 2525
3809 3809
-1 -1
2781 2781
6940 6940
6453 6453
-1 -1
7554 7555
-1 -1
-1 -1
2386 2386
-1 -1
-1 -1
-1 -1
-1 -1
6509 6509
-1 -1
525 525
-1 -1
711 711
-1 -1
-1 -1
3457 3457
-1 -1
-1 -1
-1 -1
6341 6342
-1 -1
-1 -1
-1 -1
3807 3807
-1 -1
-1 -1
-1 -1
3006 3006
6546 6546
-1 -1
-1 -1
-1 -1
-1 -1
-1 -1
-1 -1
-1 -1
3960 3962
-1 -1
-1 -1
3471 3471
2948 2948
-1 -1
-1 -1
-1 -1
-1 -1
7307 7307
5001 5001
-1 -1
-1 -1
-1 -1
-1 -1
5948 5948
1475 1475
7100 7100
6920 6920
-1 -1
-1 -1
-1 -1
1788 1788
-1 -1
-1 -1
4095 4095
-1 -1
-1 -1
-1 -1
963 963
5433 5433
-1 -1
1916 1916
-1 -1
-1 -1
-1 -1
-1 -1
6613 6613
-1 -1
1087 1087
-1 -1
-1 -1
-1 -1
-1 -1
-1 -1
-1 -1
7372 7372
-1 -1
3437 3437
-1 -1
5357 5357
-1 -1
-1 -1
-1 -1
-1 -1
4116 4116
-1 -1
-1 -1
-1 -1
7596 7596
-1 -1
-1 -1
-1 -1
-1 -1
-1 -1
2308 2308
-1 -1
-1 -1
-1 -1
-1 -1
-1 -1
-1 -1
-1 -1
3768 3768
-1 -1
2796 2796
7256 7256
-1 -1
-1 -1
-1 -1
6955 6955
-1 -1
3073 3073
-1 -1
-1 -1
1561 1561
3227 3227
-1 -1
-1 -1
-1 -1
7233 7233
3853 3853
-1 -1
-1 -1
-1 -1
-1 -1
3264 3264
-1 -1
6604 6604
1975 1975
-1 -1
-1 -1
-1 -1
5067 5067
-1 -1
3222 3222
-1 -1
-1 -1
-1 -1
-1 -1
-1 -1
-1 -1
-1 -1
-1 -1
-1 -1
-1 -1
-1 -1
828 828
-1 -1
-1 -1
-1 -1
6457 6457
-1 -1
-1 -1
351 351
-1 -1
-1 -1
1804 1804
1858 1858
-1 -1
-1 -1
-1 -1
-1 -1
-1 -1
1192 1192
2612 2612
-1 -1
-1 -1
1280 1280
-1 -1
-1 -1
-1 -1
-1 -1
3927 3927
-1 -1
-1 -1
-1 -1
3390 3391
-1 -1
-1 -1
3767 3767
-1 -1
6276 6276
-1 -1
4327 4327
-1 -1
-1 -1
-1 -1
-1 -1
-1 -1
-1 -1
-1 -1
-1 -1
-1 -1
-1 -1
2719 2719
-1 -1
-1 -1
481 481
-1 -1
4511 4511
1304 1304
4835 4836
-1 -1
-1 -1
6235 6236
-1 -1
-1 -1
-1 -1
730 730
-1 -1
-1 -1
-1 -1
5902 5902
-1 -1
-1 -1
2489 2490
-1 -1
-1 -1
1801 1801
3991 3991
-1 -1
-1 -1
-1 -1
-1 -1
-1 -1
-1 -1
-1 -1
-1 -1
-1 -1
-1 -1
-1 -1
6947 6947
-1 -1
-1 -1
-1 -1
-1 -1
7169 7170
-1 -1
4626 4626
-1 -1
-1 -1
3103 3103
5873 5875
-1 -1
-1 -1
6640 6640
-1 -1
-1 -1
-1 -1
5737 5737
-1 -1
4060 4061
-1 -1
3542 3542
-1 -1
-1 -1
-1 -1
-1 -1
113 113
-1 -1
-1 -1
-1 -1
-1 -1
-1 -1
-1 -1
-1 -1
-1 -1
-1 -1
-1 -1
-1 -1
-1 -1
-1 -1
5131 5131
-1 -1
-1 -1
2595 2595
-1 -1
-1 -1
-1 -1
-1 -1
-1 -1
634 634
-1 -1
2920 2920
3253 3253
-1 -1
-1 -1
-1 -1
-1 -1
-1 -1
3849 3849
-1 -1
-1 -1
-1 -1
2818 2818
-1 -1
-1 -1
3474 3474
-1 -1
-1 -1
2248 2248
4482 4482
-1 -1
3067 3067
-1 -1
5187 5187
-1 -1
-1 -1
-1 -1
-1 -1
178 178
7297 7298
-1 -1
-1 -1
-1 -1
5889 5890
-1 -1
-1 -1
4085 4085
-1 -1
-1 -1
5225 5226
-1 -1
-1 -1
6846 6847
-1 -1
-1 -1
-1 -1
-1 -1
-1 -1
346 346
-1 -1
2010 2010
-1 -1
-1 -1
-1 -1
-1 -1
-1 -1
-1 -1
2789 2789
-1 -1
597 597
-1 -1
-1 -1
-1 -1
-1 -1
7652 7653
-1 -1
-1 -1
7197 7197
2577 2578
4750 4750
-1 -1
-1 -1
-1 -1
-1 -1
-1 -1
6696 6697
7138 7138
6163 6163
-1 -1
3238 3240
1918 1918
-1 -1
6743 6743
-1 -1
-1 -1
-1 -1
3403 3403
-1 -1
-1 -1
-1 -1
-1 -1
1329 1329
-1 -1
-1 -1
-1 -1
5487 5487
-1 -1
1697 1697
2812 2812
-1 -1
25 26
-1 -1
7506 7506
-1 -1
-1 -1
-1 -1
-1 -1
6089 6089
-1 -1
1927 1927
-1 -1
4357 4357
-1 -1
-1 -1
-1 -1
-1 -1
5399 5399
-1 -1
-1 -1
-1 -1
-1 -1
-1 -1
-1 -1
-1 -1
-1 -1
-1 -1
7181 7181
7249 7249
-1 -1
6948 6949
-1 -1
-1 -1
-1 -1
-1 -1
-1 -1
-1 -1
-1 -1
-1 -1
-1 -1
-1 -1
4583 4583
-1 -1
-1 -1
-1 -1
-1 -1
7507 7507
4440 4440
-1 -1
-1 -1
-1 -1
-1 -1
-1 -1
2336 2338
-1 -1
-1 -1
-1 -1
-1 -1
-1 -1
-1 -1
137 137
1039 1039
-1 -1
-1 -1
-1 -1
-1 -1
6402 6402
-1 -1
-1 -1
-1 -1
-1 -1
4444 4444
1497 1497
485 485
-1 -1
7015 7015
-1 -1
-1 -1
2643 2643
-1 -1
-1 -1
-1 -1
-1 -1
-1 -1
3472 3472
-1 -1
7109 7109
4039 4039
-1 -1
4744 4744
-1 -1
5645 5645
-1 -1
4449 4449
-1 -1
-1 -1
-1 -1
2571 2571
-1 -1
-1 -1
-1 -1
-1 -1
-1 -1
5329 5330
-1 -1
-1 -1
-1 -1
7614 7614
-1 -1
5809 5809
-1 -1
-1 -1
7019 7019
-1 -1
-1 -1
7236 7236
6787 6787
5099 5099
-1 -1
6447 6447
-1 -1
7449 7450
-1 -1
-1 -1
-1 -1
7019 7019
-1 -1
-1 -1
-1 -1
2172 2172
-1 -1
-1 -1
-1 -1
-1 -1
-1 -1
-1 -1
-1 -1
-1 -1
5243 5243
986 986
-1 -1
-1 -1
-1 -1
-1 -1
-1 -1
-1 -1
-1 -1
-1 -1
1250 1250
-1 -1
5333 5333
-1 -1
-1 -1
-1 -1
-1 -1
-1 -1
5015 5015
1531 1531
-1 -1
-1 -1
-1 -1
-1 -1
-1 -1
2522 2523
-1 -1
-1 -1
4122 4122
7261 7261
4691 4692
-1 -1
3761 3761
-1 -1
-1 -1
-1 -1
-1 -1
-1 -1
1654 1655
-1 -1
2003 2005
6579 6580
-1 -1
-1 -1
398 398
-1 -1
-1 -1
-1 -1
-1 -1
-1 -1
6679 6679
1377 1378
-1 -1
-1 -1
-1 -1
-1 -1
-1 -1
5715 5716
7209 7209
-1 -1
-1 -1
-1 -1
-1 -1
3943 3943
-1 -1
-1 -1
6026 6026
-1 -1
147 148
-1 -1
-1 -1
-1 -1
-1 -1
-1 -1
7436 7436
-1 -1
5782 5782
-1 -1
-1 -1
-1 -1
1629 1629
7051 7051
-1 -1
-1 -1
-1 -1
4215 4215
-1 -1
-1 -1
5785 5785
2728 2728
3568 3568
5315 5315
-1 -1
5107 5107
-1 -1
1269 1269
-1 -1
-1 -1
3322 3323
3722 3722
4238 4239
1816 1816
-1 -1
-1 -1
-1 -1
6640 6640
3878 3878
-1 -1
-1 -1
2407 2407
-1 -1
-1 -1
7417 7417
4937 4937
-1 -1
-1 -1
3251 3251
-1 -1
-1 -1
4812 4812
-1 -1
927 927
-1 -1
-1 -1
-1 -1
4280 4280
-1 -1
-1 -1
-1 -1
-1 -1
-1 -1
1162 1162
-1 -1
5033 5033
6522 6522
-1 -1
-1 -1
-1 -1
-1 -1
2046 2046
6343 6344
-1 -1
-1 -1
1978 1978
-1 -1
-1 -1
-1 -1
3785 3787
-1 -1
5015 5015
6855 6855
2801 2801
-1 -1
3350 3350
2127 2127
3238 3240
-1 -1
-1 -1
4158 4158
-1 -1
-1 -1
5441 5441
4800 4800
5824 5826
5497 5497
-1 -1
-1 -1
900 900
-1 -1
-1 -1
-1 -1
5341 5341
-1 -1
-1 -1
1046 1046
6733 6733
4350 4350
-1 -1
-1 -1
7312 7312
-1 -1
2645 2645
-1 -1
2628 2628
-1 -1
-1 -1
-1 -1
3890 3890
2159 2159
-1 -1
-1 -1
-1 -1
-1 -1
-1 -1
-1 -1
6794 6794
268 268
851 851
3575 3575
-1 -1
-1 -1
-1 -1
-1 -1
3359 3359
-1 -1
7588 7588
-1 -1
-1 -1
2428 2428
-1 -1
-1 -1
-1 -1
4219 4219
-1 -1
-1 -1
-1 -1
-1 -1
-1 -1
5794 5794
-1 -1
-1 -1
-1 -1
-1 -1
-1 -1
-1 -1
4976 4976
-1 -1
-1 -1
-1 -1
-1 -1
-1 -1
2168 2170
6524 6525
-1 -1
1373 1373
-1 -1
-1 -1
-1 -1
-1 -1
-1 -1
444 444
7472 7472
4300 4300
-1 -1
-1 -1
6449 6449
-1 -1
-1 -1
-1 -1
-1 -1
-1 -1
-1 -1
2043 2043
-1 -1
-1 -1
-1 -1
-1 -1
3464 3465
-1 -1
2226 2228
-1 -1
4731 4731
1987 1987
-1 -1
-1 -1
-1 -1
-1 -1
-1 -1
-1 -1
-1 -1
-1 -1
3637 3637
-1 -1
2070 2070
1114 1114
-1 -1
-1 -1
2492 2492
-1 -1
-1 -1
-1 -1
-1 -1
-1 -1
4545 4545
2792 2792
-1 -1
-1 -1
-1 -1
-1 -1
-1 -1
-1 -1
-1 -1
76 76
-1 -1
1743 1743
-1 -1
-1 -1
-1 -1
-1 -1
860 861
-1 -1
-1 -1
-1 -1
-1 -1
7286 7286
-1 -1
-1 -1
4426 4426
-1 -1
-1 -1
-1 -1
3488 3488
3763 3763
-1 -1
2716 2716
6682 6682
-1 -1
-1 -1
-1 -1
2726 2727
2903 2903
6566 6566
3167 3167
439 439
-1 -1
579 579
-1 -1
6657 6658
-1 -1
6625 6626
339 339
-1 -1
-1 -1
-1 -1
-1 -1
-1 -1
7046 7046
515 516
-1 -1
-1 -1
-1 -1
-1 -1
-1 -1
6259 6260
-1 -1
3650 3650
-1 -1
7454 7454
-1 -1
-1 -1
-1 -1
1551 1551
-1 -1
1077 1077
-1 -1
4577 4578
7660 7660
-1 -1
2780 2780
-1 -1
-1 -1
-1 -1
4780 4780
4042 4042
5003 5003
-1 -1
-1 -1
4274 4274
-1 -1
-1 -1
4431 4431
5846 5847
-1 -1
-1 -1
-1 -1
7044 7044
-1 -1
-1 -1
-1 -1
-1 -1
6855 6855
-1 -1
-1 -1
-1 -1
-1 -1
-1 -1
-1 -1
7134 7135
6718 6718
-1 -1
-1 -1
-1 -1
-1 -1
7348 7348
5978 5978
-1 -1
2711 2711
-1 -1
-1 -1
2670 2670
-1 -1
6018 6019
-1 -1
-1 -1
5174 5174
-1 -1
134 134
-1 -1
1593 1593
-1 -1
-1 -1
-1 -1
4603 4603
-1 -1
-1 -1
-1 -1
-1 -1
-1 -1
917 917
-1 -1
-1 -1
-1 -1
5751 5751
4269 4269
-1 -1
-1 -1
46 46
-1 -1
-1 -1
-1 -1
-1 -1
-1 -1
4212 4213
-1 -1
1794 1794
6014 6014
4600 4600
-1 -1
-1 -1
-1 -1
-1 -1
-1 -1
-1 -1
6175 6175
-1 -1
895 895
5287 5287
7355 7356
152 153
151 151
-1 -1
-1 -1
-1 -1
-1 -1
-1 -1
-1 -1
3957 3957
2406 2406
-1 -1
5021 5021
-1 -1
-1 -1
68 68
-1 -1
-1 -1
-1 -1
3624 3624
5243 5243
44 44
-1 -1
-1 -1
734 734
-1 -1
-1 -1
3380 3380
-1 -1
2037 2037
-1 -1
-1 -1
7112 7112
-1 -1
-1 -1
2987 2987
6043 6043
-1 -1
1709 1709
235 236
6357 6357
-1 -1
-1 -1
-1 -1
-1 -1
-1 -1
-1 -1
48 48
1413 1413
1741 1741
-1 -1
2370 2372
-1 -1
-1 -1
-1 -1
-1 -1
4032 4033
682 682
-1 -1
-1 -1
-1 -1
-1 -1
7332 7332
-1 -1
3441 3441
-1 -1
5368 5368
-1 -1
-1 -1
-1 -1
3931 3931
-1 -1
-1 -1
-1 -1
-1 -1
6656 6656
-1 -1
177 177
-1 -1
-1 -1
-1 -1
-1 -1
-1 -1
-1 -1
-1 -1
4544 4544
383 383
-1 -1
3987 3987
-1 -1
-1 -1
-1 -1
-1 -1
-1 -1
4131 4132
-1 -1
-1 -1
-1 -1
-1 -1
-1 -1
-1 -1
-1 -1
867 867
688 688
-1 -1
-1 -1
-1 -1
1605 1606
-1 -1
-1 -1
1823 1823
-1 -1
-1 -1
5365 5365
-1 -1
-1 -1
-1 -1
-1 -1
-1 -1
-1 -1
-1 -1
-1 -1
4982 4982
-1 -1
-1 -1
-1 -1
-1 -1
3449 3450
-1 -1
-1 -1
2964 2964
-1 -1
-1 -1
-1 -1
-1 -1
-1 -1
-1 -1
7034 7034
1148 1148
-1 -1
-1 -1
5995 5996
-1 -1
-1 -1
-1 -1
-1 -1
-1 -1
-1 -1
-1 -1
-1 -1
-1 -1
-1 -1
3371 3371
-1 -1
2686 2686
-1 -1
-1 -1
-1 -1
-1 -1
-1 -1
6724 6724
-1 -1
-1 -1
6843 6843
-1 -1
-1 -1
-1 -1
-1 -1
-1 -1
-1 -1
-1 -1
2299 2299
-1 -1
-1 -1
-1 -1
-1 -1
-1 -1
-1 -1
-1 -1
-1 -1
3938 3938
-1 -1
-1 -1
-1 -1
76 76
-1 -1
5621 5621
-1 -1
1003 1003
-1 -1
946 946
-1 -1
7081 7081
7185 7185
3985 3985
5183 5183
-1 -1
7381 7383
-1 -1
3724 3724
-1 -1
5411 5411
-1 -1
-1 -1
-1 -1
-1 -1
-1 -1
5024 5024
6014 6014
-1 -1
-1 -1
-1 -1
-1 -1
-1 -1
-1 -1
-1 -1
-1 -1
-1 -1
-1 -1
1886 1886
-1 -1
-1 -1
-1 -1
-1 -1
-1 -1
1397 1397
-1 -1
-1 -1
-1 -1
-1 -1
-1 -1
-1 -1
-1 -1
3089 3089
-1 -1
-1 -1
-1 -1
6740 6740
-1 -1
-1 -1
-1 -1
-1 -1
-1 -1
4035 4036
6913 6914
3129 3129
-1 -1
2992 2992
-1 -1
-1 -1
-1 -1
-1 -1
1032 1034
-1 -1
-1 -1
3375 3375
6191 6191
2435 2435
6084 6085
-1 -1
-1 -1
-1 -1
5860 5860
3015 3015
-1 -1
7315 7315
-1 -1
-1 -1
-1 -1
-1 -1
-1 -1
-1 -1
5685 5685
-1 -1
-1 -1
-1 -1
5899 5899
-1 -1
-1 -1
3057 3057
6816 6816
-1 -1
-1 -1
-1 -1
235 236
6220 6221
-1 -1
-1 -1
-1 -1
6222 6222
6313 6313
-1 -1
-1 -1
874 874
6398 6398
1863 1863
-1 -1
5363 5363
-1 -1
-1 -1
2838 2839
-1 -1
-1 -1
-1 -1
-1 -1
-1 -1
-1 -1
1043 1044
-1 -1
1663 1663
-1 -1
297 297
-1 -1
-1 -1
-1 -1
-1 -1
-1 -1
-1 -1
383 383
-1 -1
-1 -1
1296 1296
7331 7331
-1 -1
5163 5164
-1 -1
-1 -1
-1 -1
-1 -1
-1 -1
-1 -1
-1 -1
6296 6296
-1 -1
5273 5273
-1 -1
-1 -1
7034 7034
1560 1560
-1 -1
-1 -1
-1 -1
-1 -1
-1 -1
-1 -1
-1 -1
6060 6061
3374 3374
3187 3187
233 233
39 39
-1 -1
-1 -1
-1 -1
-1 -1
2194 2194
-1 -1
-1 -1
-1 -1
6464 6464
-1 -1
-1 -1
3631 3631
6042 6042
-1 -1
7384 7385
2129 2129
-1 -1
-1 -1
4618 4618
-1 -1
-1 -1
-1 -1
-1 -1
1424 1424
-1 -1
1208 1209
-1 -1
-1 -1
-1 -1
2099 2100
-1 -1
-1 -1
-1 -1
-1 -1
4724 4724
-1 -1
-1 -1
4516 4516
-1 -1
6487 6487
232 232
1833 1834
-1 -1
-1 -1
-1 -1
-1 -1
323 323
6093 6094
6098 6098
-1 -1
-1 -1
-1 -1
-1 -1
-1 -1
2927 2927
-1 -1
-1 -1
-1 -1
-1 -1
-1 -1
-1 -1
-1 -1
-1 -1
-1 -1
-1 -1
6212 6212
-1 -1
-1 -1
5072 5072
2499 2499
2726 2727
-1 -1
-1 -1
-1 -1
6478 6479
-1 -1
-1 -1
-1 -1
-1 -1
-1 -1
-1 -1
-1 -1
4199 4199
3429 3430
-1 -1
4800 4800
-1 -1
-1 -1
-1 -1
-1 -1
-1 -1
-1 -1
-1 -1
-1 -1
-1 -1
-1 -1
2403 2403
847 847
-1 -1
-1 -1
3178 3180
-1 -1
-1 -1
-1 -1
-1 -1
-1 -1
-1 -1
-1 -1
6119 6120
-1 -1
-1 -1
-1 -1
-1 -1
-1 -1
1252 1252
6491 6491
3929 3929
6946 6946
1837 1837
-1 -1
-1 -1
6632 6632
-1 -1
-1 -1
-1 -1
-1 -1
-1 -1
-1 -1
2837 2837
-1 -1
-1 -1
-1 -1
-1 -1
-1 -1
-1 -1
223 223
589 589
-1 -1
227 227
-1 -1
-1 -1
66 66
-1 -1
-1 -1
-1 -1
6811 6812
-1 -1
-1 -1
-1 -1
-1 -1
-1 -1
5494 5494
-1 -1
5904 5904
3046 3046
-1 -1
3109 3109
-1 -1
-1 -1
-1 -1
-1 -1
-1 -1
-1 -1
5818 5818
-1 -1
-1 -1
-1 -1
4868 4870
-1 -1
-1 -1
-1 -1
4994 4996
4960 4960
1476 1476
-1 -1
3487 3487
1420 1420
-1 -1
-1 -1
244 244
5012 5012
-1 -1
-1 -1
-1 -1
-1 -1
1808 1808
5087 5087
-1 -1
-1 -1
-1 -1
-1 -1
-1 -1
1990 1990
1080 1080
-1 -1
-1 -1
3858 3858
-1 -1
-1 -1
-1 -1
4082 4082
-1 -1
-1 -1
-1 -1
-1 -1
-1 -1
4875 4875
-1 -1
-1 -1
3392 3393
1684 1684
-1 -1
-1 -1
-1 -1
5193 5193
6458 6458
-1 -1
-1 -1
746 747
-1 -1
5269 5269
2162 2162
7521 7521
3601 3601
-1 -1
-1 -1
1081 1081
-1 -1
2330 2332
-1 -1
4841 4842
-1 -1
-1 -1
-1 -1
-1 -1
1571 1571
-1 -1
-1 -1
-1 -1
3510 3510
-1 -1
-1 -1
-1 -1
5756 5757
-1 -1
-1 -1
-1 -1
-1 -1
-1 -1
-1 -1
6602 6602
3644 3644
2733 2733
-1 -1
-1 -1
-1 -1
7219 7219
6943 6944
-1 -1
2775 2775
-1 -1
-1 -1
-1 -1
-1 -1
3439 3439
-1 -1
-1 -1
-1 -1
-1 -1
7611 7611
4082 4082
-1 -1
-1 -1
6328 6328
-1 -1
-1 -1
-1 -1
6263 6263
-1 -1
-1 -1
-1 -1
-1 -1
6261 6261
-1 -1
4851 4852
4862 4862
-1 -1
7512 7512
4564 4564
-1 -1
-1 -1
6248 6248
-1 -1
-1 -1
-1 -1
-1 -1
-1 -1
-1 -1
-1 -1
-1 -1
2930 2930
4345 4346
455 455
-1 -1
-1 -1
-1 -1
-1 -1
-1 -1
3595 3595
-1 -1
-1 -1
-1 -1
-1 -1
-1 -1
-1 -1
-1 -1
-1 -1
-1 -1
-1 -1
-1 -1
6728 6728
-1 -1
-1 -1
-1 -1
-1 -1
1910 1910
3679 3680
3876 3877
448 448
3136 3136
-1 -1
6557 6557
-1 -1
-1 -1
-1 -1
-1 -1
2540 2541
4776 4777
2488 2488
-1 -1
-1 -1
-1 -1
1520 1520
-1 -1
7079 7080
-1 -1
-1 -1
4114 4114
-1 -1
-1 -1
-1 -1
-1 -1
-1 -1
4598 4599
