118386
37861
62848
5317
15791
152879
235957
300727
140921
78414
207667
128688
140783
54469
55446
308102
468921
88434
122451
282448
201565
96894
93779
112175
20042
423896
105316
375425
208620
92216
18440
346927
102804
173065
160677
126511
78013
65563
9799
22752
372850
188303
220550
10560
153412
148712
49418
2961
88031
341867
114192
134064
172028
7740
60511
508850
282407
8675
1130
195252
65522
27032
119493
15263
189826
263471
56351
73849
154133
289431
139423
198919
48953
371060
25806
153500
317232
95983
128348
248537
144294
68796
62289
162440
113757
385671
165765
35212
3213
460812
202286
198659
28575
36323
2544
41183
30613
534333
154827
69628
39135
95643
690
9218
460476
13215
102055
40388
137671
271376
94789
35271
107407
140595
287272
187990
494628
128319
315202
128269
88314
76299
237257
78577
208536
3102
246442
14833
124624
25102
65463
276013
20498
150847
391730
132036
484109
118536
3490
94963
126471
107396
74933
254090
45039
81829
437305
214731
139934
9023
158623
297063
235415
79723
29781
356358
49233
334866
69487
914
327853
419301
523
221485
120430
141545
6980
183139
387777
1269
106370
124407
254893
113521
369155
171848
36636
127165
250443
525555
400657
354747
49924
16554
394848
331207
115518
31802
169902
236253
86988
283465
15970
50078
239350
124649
24880
463873
61089
195776
180925
98550
215007
77656
445809
310061
204480
161019
313593
59135
99825
141174
41337
77960
23756
8731
88985
9382
72000
307579
34225
351152
64389
28819
103169
36441
53575
98982
98474
28831
80563
403210
208079
286400
1732
156164
80328
29644
24612
6149
239882
153414
1324
93118
58287
35726
1732
249076
18429
8590
131479
52927
22379
65155
18513
184415
133101
9471
445943
295112
75581
15903
164162
180078
123322
349381
65408
233794
366245
345219
132280
429482
288561
9349
286335
29897
394093
242580
284542
179601
156571
320854
203635
265390
185347
102104
111565
500416
8549
11333
198720
261997
27109
233660
8992
88272
13206
392954
38864
398682
365781
253579
132719
356720
10226
77785
127573
125107
23520
12740
2809
5338
55975
26372
121311
89721
272555
80225
53218
81613
123519
119020
120956
95890
67977
50146
56634
97837
29935
303359
90140
27206
4806
259533
100177
3895
282375
27704
215267
526890
27064
118734
6698
38203
13491
336702
105584
368871
167456
422332
232458
342770
13207
150655
1686
28855
248610
33950
111794
101843
187944
40040
510086
79856
199
112678
58067
161068
82039
215519
55362
138037
387382
135517
71137
172049
7180
4276
245086
202460
5860
52171
474349
57774
209630
319630
362792
4986
572578
3784
89610
67809
313511
268066
350258
10177
248910
109749
418192
194670
427053
91116
445294
207163
77936
131426
99401
477029
381070
164832
229616
70600
294793
296336
1568
50336
132311
205446
47945
2876
329336
203746
57844
336891
161312
282323
44680
103550
49281
39695
149462
128404
39633
196117
73234
39210
245686
164475
50400
373689
67068
45521
44384
308034
7211
356336
274632
562131
351936
284924
72846
9879
820
444921
6161
95326
164136
382746
138871
223054
31373
17098
188377
6186
240895
67098
149283
33579
125776
95249
55649
47127
183946
45352
52627
296166
76333
29693
144828
434751
11235
92547
49300
18030
250919
72229
250995
57098
118854
226807
141291
8964
17769
9538
189724
205665
235254
2813
187029
110920
105283
37972
10212
49722
236617
263832
162152
77904
437617
220972
328704
107179
131918
239198
8941
259247
138096
49687
90579
342203
348854
141089
117949
40151
473744
3238
253904
296965
91129
78270
169050
62979
179021
48430
140577
35751
150251
229349
9643
210981
14473
108784
286014
