3955506
6423572
20338885
14911547
6597436
11956928
165790
3805105
3115496
249779
10332134
9772483
24142910
20479500
4413875
27329770
13879647
20939551
29955754
414534
7608557
9640540
3995799
10341830
13221585
15061789
1001346
8371129
12301647
16073728
6000811
20834080
13851787
7614932
10073506
387721
2269808
5795922
4710583
7618101
3184329
3878217
31332205
13508086
2043889
2183726
30958886
6680359
4527932
2548947
13402773
1356119
915523
11548297
6591013
1715121
6672344
16360298
19762988
9173250
4410003
20716201
7509262
8657031
959477
9698676
2580558
7445773
4853898
4830779
2246875
14156598
1996429
14277102
8614577
2065181
9049522
1343916
663784
19082043
17007529
12524912
3639926
6331193
1492795
18671334
10830144
5357278
981908
23809739
26932170
12641211
940060
2074358
2143059
16523241
12369589
639730
4932121
2134493
23480758
15013518
13565358
10235667
8849627
9842479
1362648
2319024
13358304
5157839
340724
31412163
5712807
1339839
6649266
6889458
11718367
21389627
6253557
2485844
2640571
8303861
32423248
6738040
1888344
15535805
17078330
2399495
4330115
837663
18229955
19431224
2340962
7995695
6649324
8572749
5660513
3918557
12633423
6206281
14226170
3798467
1553342
260612
42944
19834747
6220087
10279816
10153661
9555611
20928365
4802428
1007042
6331366
1085354
6253610
18875053
2999279
17466456
11964384
978328
4433100
9872461
622393
18775083
396417
13785489
17543341
9222575
1699856
1786330
2322238
4341351
29694961
19314605
13903499
735158
6349943
8203247
1033745
13394032
677299
14932934
10973689
13289506
144583
138362
8986766
1320392
6392909
4887181
10446843
317688
21651004
25554852
2645486
10630547
2151441
7704913
5357621
12408713
5836285
21873697
8632431
6609027
11135734
3050387
1201245
22633344
5781417
1242553
728089
2481092
774027
3664392
25026892
1398290
13746813
655785
40042
9980322
238475
1596759
4061925
5814784
13103853
9412491
3835664
1176857
122083
1129779
13094356
4962478
4448969
10079219
11777413
65679
3268577
872410
12806998
9657611
781954
12565148
5104496
5846758
16245916
1675189
13317359
1517973
22251248
5981655
18236729
6539583
777690
3385181
7380514
15940598
1663680
11445070
610085
3662574
792966
18837964
91296
5829903
705366
14087904
7751870
25334837
597139
22180035
3208978
5373458
24807607
24082624
18496878
11361242
21022851
6635160
6254426
15877200
15545975
12717
2192978
3005438
3836913
1250338
400811
4492837
1334730
18009812
7499042
18680071
539228
777702
20728493
549193
1458039
537238
3249371
5639474
12922766
10271706
1620424
4738206
6356645
5925452
4704176
5862485
1813958
7475024
2730533
12418983
27440600
20221812
14875893
7314343
5101613
11356482
9032607
31701829
3795014
460223
1667055
13387493
14373014
14119852
23589766
7258364
22284750
1027761
4003659
662470
3109119
20411690
11330896
9568361
232449
8439786
6407994
5914256
28618223
1169077
20545117
19332071
7234996
8949589
6380415
2401707
372873
31807127
5082344
30894616
1478971
1412096
20900748
8593009
21644914
5204599
2676833
21626894
243811
23104161
636533
5398639
9905765
16897571
17578324
12893480
10977596
4046747
15115714
10921817
958440
3905048
2023511
10306691
3760269
17707393
8952765
11804632
28704882
27887837
20166307
11268111
2514742
11949720
13448466
5247001
1491519
2375918
16692016
1217037
6081311
1459484
10701890
617769
9738777
17226781
20348368
1615736
88467
14930094
15167489
295486
12978518
13831828
4590489
905739
319925
249947
903352
592529
13058351
11091936
17699073
3777217
23523186
27158901
12699744
8032518
6666440
28666697
17767171
4091342
21908719
6592852
4232971
888129
1186078
3690272
442644
