43953307
5484991
20408177
73812643
36450035
59614520
11058971
31196031
65369492
52079184
43461586
5829174
57717729
134090353
27886745
29696186
195969772
45538865
56680178
886567
18794827
33280530
45830194
97712463
30445950
44911763
2339697
127390963
3993625
41420592
110232103
28794077
70663175
44830976
34852134
118163672
70599160
70421617
122886002
2500087
139133974
162403731
27999129
48993580
413166
60247478
3791998
78127109
168114700
16038840
5501068
15094875
151884596
34659615
6346582
10809023
56000124
47810561
1342532
566548
31224484
25161986
26572381
40768194
78472296
81419802
101188200
1957867
2253969
3228254
174785
124379894
27857678
42264307
11613789
94400380
91829003
18045559
3505043
86496571
76061819
15518118
64858979
18006658
13648979
146021115
109459283
8457264
65005330
49554162
88930518
99532343
17698087
45255643
34857740
153301879
12028448
56801601
123726113
33393137
1731987
77080402
11104459
47915006
18278545
51878432
53543061
37627300
106257
30868809
59636196
50796515
32141419
9762986
37591246
65759033
8329185
90110712
101190480
4235149
55605872
68498745
7409729
60463422
16705376
1432014
22684216
22888305
23072296
4328671
15051825
58669093
12542525
56063468
55272574
1689561
27767578
102838550
33008692
39840
30761829
177615279
129643214
151300576
5381177
74074106
104922947
859089
24614695
8747904
34701746
7362429
113076183
6576784
91609410
14705365
13209506
33858571
11788409
12273946
116327167
104219520
42567101
41979702
4529178
51973927
52525028
32356750
39859833
35792236
45498093
5327672
28549582
777593
50125936
25955596
17327419
466405
30721626
37311478
2855547
142827234
15046218
24778074
49175144
5250272
116974829
114846115
48771047
62658319
15205396
133529743
60544923
31882037
66166583
18384728
17004229
124634670
65883701
2550865
1838558
151562442
41715
4076831
2478555
114477998
128490227
107625462
9451595
77194858
35717886
113420928
31642040
132233304
27638212
393764
1218048
1349611
4432897
34094732
20775020
17270472
36530813
1452811
71907425
5818981
965193
2644021
4931949
12785320
32610237
838342
21178509
80402313
56055905
73611160
99628263
22411837
8714980
57193892
99125436
67717685
118142416
2335883
49157773
119946261
27637484
63952779
15871887
178057235
50727158
17894313
29087515
9096554
138885781
37642961
172395556
15001260
42004172
86844761
10475553
106965673
35374473
113214643
166397781
155157980
182898888
116211807
31006411
44360057
67167694
35531986
3446033
68775560
68873286
87126508
54550127
26413073
10930296
4943812
29675885
30526043
90692710
131227664
106092734
32827745
149908062
37346473
65396489
24467628
12460394
21534205
7815283
3618958
16091231
20081147
64112990
24172153
13452381
20657124
12054645
8285950
740384
188461377
27196855
201178920
4502667
59325271
22550871
1598170
45002319
994507
6895762
191579
130310957
910118
97417129
66739075
11047054
95702518
26067110
1029659
34974150
63114107
11362164
91276579
39004770
16080802
1787423
27203054
53003869
14374601
31361339
68009552
83659543
35152862
22995369
4724315
126913230
89231386
74035202
9664333
3979082
107351341
7180972
44805235
140789289
115423807
12545487
2148108
87837705
58531206
2382785
7093777
27630160
12022734
51008364
7951122
75421550
122472627
962877
1939114
990219
169202250
167622328
44710141
23174794
104868565
140572443
2971145
676551
29405378
34511308
67074844
80438827
13960293
23355765
8825691
138529261
24109859
198261140
13680916
100697291
64168581
131853445
88901171
40616637
77369138
21525252
5133847
27633922
37516580
3219771
50749927
123700112
53527963
12701183
1979795
59706250
40321562
35717620
12770334
41974986
142122853
39191919
20689703
209237562
128597542
173084294
67562157
49008729
103421998
48942564
142255018
23780644
71199649
89331910
8346808
37934771
1348741
8815341
172565654
3136874
3815500
113520177
112715112
29385790
115932739
99617891
68921366
142772333
147832511
5223437
22071352
20055350
59306331
50993107
32747285
17836209
37184802
3529813
99092826
30068735
158387216
72227082
36639697
5455296
4511303
5168943
166788811
123441000
4094183
20159415
116194679
133196891
474190
59459297
39218931
16215997
7043780
11644510
85662321
56749748
10821822
45283022
718424
18369705
583698
38923214
3515650
21256864
101520669
15423222
26163552
2658173
8059161
46771266
965166
1270445
193978987
15593703
39733343
33445016
69209499
75552265
71677001
6156483
97600434
7343426
19443343
29662649
14252416
30081700
98635918
11469249
16065255
56279146
185048322
49555419
9723089
118803743
87953054
19590693
6381453
30707240
2146547
39424279
766427
78418910
10290110
29182892
30503720
65877854
1283236
7028799
15468026
18356632
17404082
86481963
111250978
91668822
22265623
129776090
64595649
88177840
21319394
47178321
54378425
70855795
28563247
11792715
7122828
4190633
21068024
49610899
135171925
101327622
513210
164414708
10991082
3625554
17877628
47805430
64602656
47335856
29854262
669990
9501914
103094052
1238339
9747894
52396246
98279124
78638897
12928175
12943871
107427682
78848251
10491792
125531945
92911844
3210866
166712336
13673039
28090212
112116914
83431236
126655305
1120480
23641151
61153065
18747155
29909337
4463227
116701080
10838059
177321322
103885663
76627086
7267558
4391719
27953711
44993798
81349659
9437090
10287702
78436073
76909839
24016777
50629860
165754062
106522334
130651966
55298311
131472076
128223012
19473828
18308539
95544519
4198073
95583730
108931163
5464542
9030442
26777820
30685224
112768059
42418404
30420132
39733279
142854756
4002472
23196079
19120387
27812315
55442492
43701288
78364584
838571
59544105
5359431
145046726
152823473
9650192
4134410
21090781
5371884
96412964
183035144
77985935
38802487
64783227
35019285
7711309
5940265
8621681
143463224
3207242
37894926
223719
13436684
7888964
186787999
998493
97752117
120997319
6432272
35178514
114070976
26740857
3790958
173006215
1840227
70339056
35734857
45625927
38654344
34236185
45253469
48028108
29887615
74531946
94228084
57079046
8195731
104825003
10562072
55669373
15157779
36011947
60707807
10339977
71351492
104549280
26299160
143169035
26509145
49985607
71640643
24196888
136216890
1544317
30573750
31839489
95622051
67061931
104182210
119156369
106845643
2126770
1230786
27301037
35762098
101823765
32588541
130560086
30651821
76291842
148422183
46516280
49584856
84485179
94421511
45946589
11021809
7579615
9493563
39496105
30645060
13658618
72219646
47054209
67877513
54792335
103002258
3543584
11292473
88499567
93941060
63079115
3915742
102092366
117360
341929
12861862
35564527
7164204
30982188
34183012
21935949
57835047
7743721
86797709
69803005
45367533
159774529
135734436
30705554
149345736
9206090
13127417
58506483
66957935
24424690
54607673
7624468
1704780
13531691
6717762
58967939
169752878
22689498
106171409
7354186
178407090
15368887
66810677
709845
44305280
15653461
84163741
98067556
9162785
86525801
5491341
66180258
7507612
22964324
107688032
3050499
12033787
32405096
68526424
165606769
54362112
1242079
80985558
160504667
78527485
165911349
7964639
77086321
14284856
56499592
58809861
10712822
97870500
25100117
141543079
72902212
197486
2318278
22568866
15570994
8873060
76687054
23537150
39836750
119771397
57444722
150273148
24350000
71185520
43866112
96967435
52502646
75403710
4298404
14136930
673296
46578963
1729970
12977926
98213469
18136436
115267557
26124602
4377478
95427671
41480383
69478096
7084648
40761878
5944281
89493901
11669752
67214078
206927376
12299050
43150125
12509570
82655219
3929754
142401689
53497417
47581064
614754
68219316
72122597
47950932
57788306
26492306
107312685
15094991
20918228
25940825
90694042
996567
16437631
50668431
39981195
32593055
93686184
45071812
15039255
119293061
16659912
175943000
23867261
36995171
67726594
117244584
56260280
16825777
36683630
90188092
198951878
80066673
46485892
144211943
23962744
117758764
99119242
31342748
68948129
902644
38462145
88367311
76970117
59513783
27460108
113720955
26361374
24957687
56874767
9722697
83377357
143528726
79181074
12411656
14966089
83571166
118454604
3001596
2605973
114792153
3505316
20602125
40856300
39176407
2200512
35513565
94387212
3111780
59860077
24673332
105167381
57631588
35442992
81983696
17437383
63550027
49107891
2445943
29130621
84796770
64362994
90104956
1062415
1794637
2796243
94463140
74667207
85323774
145549801
55080062
96385416
17845998
125227363
59454742
55317246
84660072
72821920
2048103
79760796
2230890
40763959
13077403
261711
55027866
74063570
73583079
25159423
25296285
3588824
48468604
27279362
90027135
39449612
77736742
104910398
45986108
80941449
79077977
38551324
33748433
15086862
47300855
41725396
135436296
81363945
2658769
47886790
4674912
12877781
63664954
7508530
16571572
150444340
215863
10326698
103432962
108931107
44699389
11764526
34006478
157280206
38016856
113703161
25517088
127697053
114977858
50788614
108218485
54029131
52571205
27946912
44711304
67627995
41599512
6147952
48545920
75992034
7856904
105515209
77494189
53502514
151497726
2495259
3738317
27023287
49203464
56566799
94551878
111835506
63881029
6420938
986733
7107515
73499852
20223950
21406126
9606917
13775197
5397376
11263186
35634642
159011567
19801032
14516411
64746152
143846952
23215568
3081772
32995961
880533
37461063
1597021
36359370
96731439
130386331
996348
8207373
40726922
41551793
7692211
1815375
20282597
55139713
65387265
38754454
64382035
21685807
9981823
12959986
57500255
8690562
145396962
29839135
145256372
8831680
300335
28888344
155802137
30747943
42738105
96327365
145774493
21224920
19735237
67973643
180581547
57873456
10322851
10994127
56301600
112702734
35342984
31619287
89486639
55169268
13809289
107705291
81373477
30782385
6189790
2869425
180311
89837525
41509061
8239616
130154040
63454212
27454138
43781977
787103
81570840
49976815
130313613
31102990
23627636
1426846
143914175
136042411
89130472
26849886
10245596
3297787
10244145
46347693
31719503
161164893
62111807
101695119
4790924
4814148
112906773
104484916
21436839
9494717
94504289
79929264
134954874
84738099
56918055
16756344
85225924
120215499
165274132
68585206
16586354
44609529
61327289
43209236
