ttttttttttttttttttttttttttttttttttttttt
 ttttttttttttttttttttttttttttttttttttt
  ttttttttttttttttttttttttttttttttttt
   ttttttttttttttttttttttttttttttttt
    ttttttttttttttttttttttttttttttt
     ttttttttttttttttttttttttttttt
      ttttttttttttttttttttttttttt
       ttttttttttttttttttttttttt
        ttttttttttttttttttttttt
         ttttttttttttttttttttt
          ttttttttttttttttttt
           ttttttttttttttttt
            ttttttttttttttt
             ttttttttttttt
              ttttttttttt
               ttttttttt
                ttttttt
                 ttttt
                  ttt
                   t
                  ttt
                 ttttt
                ttttttt
               ttttttttt
              ttttttttttt
             ttttttttttttt
            ttttttttttttttt
           ttttttttttttttttt
          ttttttttttttttttttt
         ttttttttttttttttttttt
        ttttttttttttttttttttttt
       ttttttttttttttttttttttttt
      ttttttttttttttttttttttttttt
     ttttttttttttttttttttttttttttt
    ttttttttttttttttttttttttttttttt
   ttttttttttttttttttttttttttttttttt
  ttttttttttttttttttttttttttttttttttt
 ttttttttttttttttttttttttttttttttttttt
ttttttttttttttttttttttttttttttttttttttt
16
