zzzzzzzzzzzzzzzzzzzzzzzzzzzzzzzzzzzzzzzzzzz
 zzzzzzzzzzzzzzzzzzzzzzzzzzzzzzzzzzzzzzzzz
  zzzzzzzzzzzzzzzzzzzzzzzzzzzzzzzzzzzzzzz
   zzzzzzzzzzzzzzzzzzzzzzzzzzzzzzzzzzzzz
    zzzzzzzzzzzzzzzzzzzzzzzzzzzzzzzzzzz
     zzzzzzzzzzzzzzzzzzzzzzzzzzzzzzzzz
      zzzzzzzzzzzzzzzzzzzzzzzzzzzzzzz
       zzzzzzzzzzzzzzzzzzzzzzzzzzzzz
        zzzzzzzzzzzzzzzzzzzzzzzzzzz
         zzzzzzzzzzzzzzzzzzzzzzzzz
          zzzzzzzzzzzzzzzzzzzzzzz
           zzzzzzzzzzzzzzzzzzzzz
            zzzzzzzzzzzzzzzzzzz
             zzzzzzzzzzzzzzzzz
              zzzzzzzzzzzzzzz
               zzzzzzzzzzzzz
                zzzzzzzzzzz
                 zzzzzzzzz
                  zzzzzzz
                   zzzzz
                    zzz
                     z
                    zzz
                   zzzzz
                  zzzzzzz
                 zzzzzzzzz
                zzzzzzzzzzz
               zzzzzzzzzzzzz
              zzzzzzzzzzzzzzz
             zzzzzzzzzzzzzzzzz
            zzzzzzzzzzzzzzzzzzz
           zzzzzzzzzzzzzzzzzzzzz
          zzzzzzzzzzzzzzzzzzzzzzz
         zzzzzzzzzzzzzzzzzzzzzzzzz
        zzzzzzzzzzzzzzzzzzzzzzzzzzz
       zzzzzzzzzzzzzzzzzzzzzzzzzzzzz
      zzzzzzzzzzzzzzzzzzzzzzzzzzzzzzz
     zzzzzzzzzzzzzzzzzzzzzzzzzzzzzzzzz
    zzzzzzzzzzzzzzzzzzzzzzzzzzzzzzzzzzz
   zzzzzzzzzzzzzzzzzzzzzzzzzzzzzzzzzzzzz
  zzzzzzzzzzzzzzzzzzzzzzzzzzzzzzzzzzzzzzz
 zzzzzzzzzzzzzzzzzzzzzzzzzzzzzzzzzzzzzzzzz
zzzzzzzzzzzzzzzzzzzzzzzzzzzzzzzzzzzzzzzzzzz
26
